-0.5614548452182402
-0.3769576159660648
0.4365900831901872
-0.5508670348271856
-0.39273077575233817
0.0856152279839224
0.11301855676153849
-0.2677794443445276
1.278025376462595
0.4635453485882548
0.881986303895294
0.44345310774407576
0.19735763838736087
0.9395318265271138
1.2886366581294706
1.2222248556312925
0.44906234153835567
0.6466394964783573
-1.091521630167969
-0.8261102449874649
0.12657740932884698
0.6509853021971235
0.36556338071381245
0.600246224543988
-1.2664184655458994
-1.0286986726950373
-1.1735507123594568
-0.1013631871635523
0.1480562463402585
0.4802459125683929
0.5360758978429984
0.7586938170263751
-0.042214571308445414
0.6857157386773968
0.9148569491203886
1.086281716510157
0.984055233769807
1.383952970708705
0.8164188557499397
0.6625595241702271
0.7557389048234511
-0.0037271705297512447
0.1881269835893915
0.07644611384194056
0.062123775164326434
-0.12836441017542088
-0.33543217493632094
-0.328791905842464
-0.9628535974831784
-0.7069573601668606
-1.0072181898085577
0.4457486022489434
1.8975262453258672
0.9930891353744881
1.070257851614785
1.171454250792111
0.7920652940018931
1.290253482347892
0.821593548011275
1.2440136816251393
-1.2043006278505528
0.16314137496271064
-0.1995081020885212
-0.00561610743203822
-0.4337439770935565
0.5564816251058737
0.2789180686748268
-1.2587785787715302
0.5787258421659819
0.9157856218271664
0.8053709082310434
0.7116947999131165
1.1232378234079894
1.1933130651884005
0.7724745690049958
1.1337889481156334
0.665913817701612
0.560634399470562
0.17691778272734615
0.544645613027112
0.6235310118148127
0.39478924325395615
-1.0414185355433943
0.569919471477397
-0.2254419491448192
0.09678633650024493
-0.3087243721109991
0.9749751842295191
0.1742353357829194
-0.6448833274852248
-0.2969327500557144
-0.5367231613573984
-0.8960989844026532
-0.7503384064359357
0.5615572995517233
0.6396644835320785
0.9890563463090353
1.404406514188322
0.6919139866603063
-0.21661937123308772
-0.5602923316646151
-0.11055814849093593
-0.5571603171135187
-0.14376390635764014
-0.6123531807312768
0.47698754666356047
-0.29915324793574305
-0.4099080728082962
0.5193064154187172
0.9175323291923012
1.3164468817043322
-0.1249383148976615
-1.0001432384935023
-0.9999263889756418
-1.0003665098622858
-0.6847911909804119
-0.5233824412047807
-0.6062981541716228
1.0472707532138532
1.100614114396995
0.0197801565069482
-0.05023312085030063
0.9970849476282613
1.305436371511093
0.4137631566626738
1.743170399150743
-1.7954790423963929
-0.2556108239187611
-1.0234509499106443
-0.43003885362138883
-0.9412816918894689
-0.7192258701159733
0.8671669187569919
0.2977342539912893
1.3978242812900064
0.8328924636022415
-1.0927110166001324
-1.000373038676313
-1.000007787115698
-0.9299285414381164
-1.0000131063510223
-0.39559650773474275
1.6141219375485194
1.4266113732216128
1.0759038668235903
1.22585935467725
1.800172663878925
0.7352239631077591
-0.8928439403349286
-1.0409118672189832
1.1225764459754592
0.6764905613678258
1.1518878742308214
0.6195425000118953
1.1952162157123443
1.187137552887534
1.1187336040085074
1.4375379882986374
1.527094744269409
1.2445850346058929
1.2740455409463254
1.0910566298529605
1.0975332743480526
1.407970778312124
1.8224091266131976
1.4820204319692731
1.432111859262666
-0.9637694914686779
0.3523791393678912
-0.7425330599393571
0.8656861071681647
1.5730069505984199
0.5067931439637761
0.4120395473825187
0.8344530935092747
1.559730366971737
0.6444386853095299
-1.0002153842328716
1.2499475483660651
1.348630776502519
-1.000155599087761
0.6403596867128877
0.2801387762772881
0.4439477626117099
1.0365568104957554
1.3882214367784
0.9743184754129208
0.4410200675273068
1.3756648311378108
0.24352966252937613
1.4601235487227668
-0.6293691070156762
-0.5558691184454871
0.1406414814674044
1.4589475724541356
1.0442187522694555
-0.14185045544640063
-1.0675293630954004
0.5194112979961722
0.7879898262908087
1.0664518092653685
1.2980189627213932
1.5442891203289033
0.39128518733829676
0.03983447068928214
-0.07646751017740261
0.5114022013380887
1.0169110388236746
1.638050863003122
0.13799392004054356
0.7631366946959839
1.53951358169849
1.0263721474151986
0.9739225064035288
0.4477387020484448
0.2004009567253855
-0.7537537796022886
0.29660495046622004
0.3760238298786587
0.02049426009477129
0.6033425399916443
1.3846885341707105
0.7849755314435238
-1.0002135726835935
-0.969716121482556
-1.0464392059567205
-0.9380284983407945
-0.487925274540173
1.3112209111813509
0.4413711927785269
0.8708602822479663
1.4120262244100472
1.239593384481307
0.17506540825668893
-1.000224432524405
-1.2571629821721864
0.8243954222625358
1.0683285722104583
0.26347220888281364
1.4125208196452668
0.3809313358808053
0.5764573573153007
1.2335076329646792
0.7808979799246356
0.9262148809686339
0.4123517460190844
0.93924932599387
1.3811429447429713
-0.10926388765339357
0.4282453941247525
0.45497682522127636
0.2290239342640651
0.038176976528409234
0.659831896926292
1.1019614247676035
1.4326877307633585
1.2620856086075063
1.1618806516882056
0.8929697917147181
0.42045089914470823
0.7211402258872172
-0.6176688140584776
-0.7676042150434672
-0.23160474935742936
0.3606619837628313
0.8386200287778541
0.8634799754099081
0.6178132118254732
0.6628409108032988
0.31945125975990196
1.3389963633237119
1.0760780461582569
0.6174702947122994
0.8769771326928654
0.6227960514896482
0.47469974572045626
1.5018896062415044
0.8744449763957098
0.9335864448085556
0.8738782140255399
1.2778741265060738
0.6517649609253992
0.7991206308715031
1.226455438106263
-0.007149385297418487
-0.35341809050364303
-0.47040901592134876
1.0022899833836343
-0.3381935488829184
0.7134177811794513
0.7149539026817571
0.1679155055654875
-0.724647300821706
0.6083048861616622
0.8267618639685854
0.944459761786107
-0.5991288156498276
-1.1917273533424106
0.5912208496552689
1.403481574169699
0.9324341734308401
0.8218963141850847
0.8623051062344622
1.3018907363976884
1.0160804978629234
1.097840695235482
0.8431880919202942
0.9027295156933537
1.1496083843525746
1.120819461515547
1.2962228563668774
-1.0927063105847732
0.28446586847281463
0.5678782736899775
-1.1178438048557897
-0.9653761692333993
-0.4231526366775311
0.9484542651906633
0.727404011547968
-0.9985105401291938
0.660917989210184
0.8448253292145289
0.0882784243955016
-1.0522942870783036
0.3288996830293204
0.015608907487684842
-0.4893621937795902
0.8091317181670685
0.6088013746973471
1.2525212128551866
0.03234706247751262
-0.0767006226065099
-0.8806651695835672
0.20996828699949943
1.1564324955030267
-0.9721908150564347
1.2620830793414892
1.4562462793864388
0.7185278881459626
1.361802769073021
0.36508856238083154
-0.41861503611190853
-0.5904703526782447
-0.7962534229141676
0.443658654447439
-0.6998137621994156
-0.9683417675027624
-1.0757471180751117
-1.2875695466035726
0.02691970818285938
0.8658937874211666
1.4541100694226856
0.955298365723219
-0.1121090593734908
-0.2058854866839539
0.6467363096146234
-0.9513061714726381
-0.06902850150824702
0.6767023835427312
-0.4274565366588825
0.11189336769808533
-0.40677052268240255
0.6920438873981993
1.4060349325015955
0.812063941468713
0.9011870239619992
0.3780368294192502
0.9358931621576724
0.10131616751739925
-0.6527468873012001
-0.3942709399805375
-0.8040497752403302
-0.3700196229809145
-0.33890158287937755
-0.41840065446348884
-0.5715143529499946
-0.11663905185711165
0.31570569921582947
-0.0909905714148822
0.17594303584116433
-0.20901455946894654
-0.4236353277662761
0.3035233669031068
-1.1678588750512797
-0.717781727892262
-0.2970554696486618
-0.11941781676355712
-0.2935674892271283
0.328024230334246
-0.9873465685231197
-0.14441621865011123
1.6259818648786484
-0.41028948239661567
0.5714716689374533
0.17833011949616484
-0.136624649476486
-0.18987911243428912
-0.9147889218209877
0.9669676535217697
1.6326102876384831
1.1330947505446811
0.7003131017975733
1.1179335957533962
0.970114469523379
0.9877707515495711
1.3221200806952158
0.8491797274166938
1.4450553739711425
0.27720723942613146
0.9544156116779562
0.5622005379336911
0.8511175803606397
1.0967923594162348
0.9253059366959411
0.02925718859312121
1.5295855734468833
0.532088627665588
0.5688383228406304
1.1220420467534975
0.7085052465508226
0.09150361439395704
0.5758933165079474
1.0751187840537408
-0.42639636431940664
0.12754897625524564
0.6695416651613726
0.09303702137753045
0.5113592447293176
0.5006014920623849
-0.45138162152446903
0.8120453410034809
-0.2992580451140685
-0.08895686634557975
-0.5428924137627473
-0.23794183748185027
0.8859098305594069
0.9601327733039304
-0.13807387329059662
0.2662108549835298
-0.1425076949449644
0.25881291184549626
0.8425244923754094
0.655225882886209
0.8969562288281899
0.13555768505704546
0.052098779306659626
-0.999675143940292
-0.22135445411246968
1.6019096188804296
0.039673066267086554
0.19420085336863213
0.560174849777203
-0.32565888797862663
0.22963419180442224
1.4399884017320563
0.31902009592479397
0.3044056868160496
1.3603153417726828
1.3115939112576391
0.576889012958876
1.1410884237088914
0.4303573895037842
0.5468055833944772
0.06030713568390911
0.7288808186305311
1.7101670163025469
0.8487512423375834
0.06040607867921155
1.5022773288081832
0.0895702711226607
0.3424691653792262
0.7840627513586613
0.0399806040118571
-0.4446151530423117
-0.1433567784729557
-0.32852849035966836
0.2659216949900205
1.2419539831795956
0.15626061780583433
1.388809398394475
-0.02774164417982483
1.3858680289858007
1.4467596105319274
1.178159528882295
1.5433638276528883
1.269642964788383
1.3013637590361942
0.9316738727097766
1.0807739078637981
1.467439281668533
1.5100069271994268
1.8519496639635684
-1.1969192286837806
-0.5204234453205978
0.5590345941680389
0.3292558647854126
0.9267432803676754
0.6038314757382648
1.1630048317729247
-0.27398057913474316
1.2819773807349844
0.033318861672258615
0.9598329279334503
0.7655173462338828
0.037993303575783344
0.9028974208664028
0.7476159976895081
0.4528938636640282
0.3767451179375991
0.5093511951487795
0.9369866537336411
-0.29310439482205863
0.6452265043157108
0.24251139257704446
0.08873845456300211
-0.615970975462163
0.6804352017374791
1.385669745110793
0.7729389788321794
1.0282281344557624
0.27159352141920623
0.20583412546753488
1.0394959755804292
1.193057386763845
0.7782506221186047
0.6927857812580172
0.1916366370190089
0.9705355377631272
1.0847787529694581
0.6105544047290586
0.8710041611933601
0.10146141563564537
1.0904888784985636
-0.08400926848023182
0.055666613180190394
0.8785037230747887
0.6428825234079785
0.8129131866766499
0.3334574022449408
0.6762782365637132
0.3046117300429242
0.02655572184321664
0.394641941308727
-0.381398912383746
-0.434070693024283
0.021011424900228448
0.22685276441340152
0.6739247710711134
0.7312534770369415
0.6842199018062389
0.4303647313390574
0.827134590541709
0.6701820161797664
0.6973004146546596
1.6039316288830026
0.6885285443984928
0.8613936637769136
0.32754924741260616
0.9858056624625176
1.6112373704221474
0.7835144472252745
1.132128164789941
0.5212871931417783
0.9158512301883668
0.9188116147231908
0.7565060214988064
0.7437002490823803
0.9057266923083112
0.7663136583379451
0.624167386025266
1.3257672821059325
1.0729949131158545
1.0926593357921877
0.4265135267340747
0.6566214528556555
0.7976440507278173
0.2715180039501395
0.34228902162620467
0.5227823383342005
0.8988507406236742
1.1720168916892741
0.37821678351112453
1.1242181813548981
0.8471332254766313
0.657437780973996
0.9642823379955268
0.7127320611483269
1.2981008326418069
0.7602096475432338
0.8210706096356764
1.053804483770691
0.6232343859309935
1.2780306870102294
0.9026049626572166
-0.0824313986264007
0.9390064044615488
1.2390005928606285
1.4821190972417122
0.9212974605587538
1.5191449599239641
0.7612370517972062
0.7800641185764788
0.7531982426601265
0.049069355162167705
0.8522551381728534
1.1404969199094288
0.7592855432050318
1.3363829084265668
0.7184848734712608
1.1863740726734595
0.877610961512
1.0917484887396536
0.9616819126811842
0.7619025268494677
0.6929891392371279
0.6237451569109922
1.1524287312668764
-0.19672614259959387
0.38099248040503964
0.9313718809090438
1.6834413053541741
0.8950063501654304
0.8728826975945619
0.7450659760125489
1.4341224416934033
0.38949076035495434
1.607310882790681
0.05326759058960939
0.8191269663108449
0.7928022981986755
1.1513363927766287
0.9230943584893707
1.2761138141063633
1.0168262934051315
0.8104410080725798
1.2383685545423055
1.0096591967651896
1.060193494730139
0.977200155881875
1.2609597976525608
0.6591939069541682
0.7351481575933669
0.5119896796146421
0.8106390516760295
0.8028105538369625
0.9337302344722276
1.3056282606038172
0.7705776941737349
0.9207863821864433
1.2411053134472083
0.40052250330309946
1.0568284209037433
1.4166831589491844
0.19801487903623194
0.7667708166530176
1.0702443824915011
1.047800064471626
1.1172809497372658
1.4409298540951991
0.6559470726068344
0.9443336915295301
1.04852596291954
0.8440067947709302
0.47942086474347234
0.820765886363328
1.136048046428722
-0.09693170576240062
0.5216441582335793
1.0937325078316333
1.6045898515471353
1.3173363411017271
0.7802684435015328
0.6588507679635529
0.7194101153602376
0.18758885698293704
1.4538970043965835
0.37842154218877644
0.6124523276129236
1.1329517706039824
1.111152938244848
0.26642816555615334
0.9804397656390351
0.21782632829468374
1.5634209379958546
1.346332293892771
0.5080347631533547
0.75406725131603
0.08147298606014497
1.3545272299600144
1.1187081446955478
0.4442939538147105
1.0416218002546838
-0.4910353929583531
0.3397449062730653
-0.30195614694565664
0.1322709229563146
0.6421403220811419
0.7438704387361486
-0.08457185821334434
0.7791050532231747
0.5402138415750029
0.8830696108601757
1.1543470921193995
1.3392385906669708
0.830897092920847
0.4741974322729222
0.8323611280933956
0.7976302303921917
0.722251551912359
0.7051875296013702
0.5524997762970447
0.7871273834044922
0.3372238705690854
0.3083267246151016
1.3598329213722722
0.49419354124217874
0.7611293274304154
1.594485163764675
1.2497380489324839
1.0099881003005475
1.0076279039248943
0.7864380169062473
1.0670199078132687
0.6503334738494965
0.6740457249860627
0.9136110350746736
1.1315821197886682
0.865521231107149
1.6231792373370857
1.3105166619712203
0.4832565249599885
0.6872407103658758
0.3568605596296379
1.260176348901119
0.3337929533886088
-0.32545922229362123
-0.2753383076913041
-0.1518395214156043
0.03199661876680149
-0.8970793895038738
0.1706400067119861
-0.19466409634893544
0.055227585108226895
-0.29339954131968904
-0.813662002465726
-0.7917592232412725
-0.30983522356749393
-0.9276130123522472
-0.8897423348663904
-0.47304001665366346
-1.1967487448188843
-1.288624583208838
-0.705469843452061
-0.09830906773032422
-0.6733687790472382
0.6215762592002909
1.4698707486722153
1.6988063037203198
1.0811269546533795
1.0474191101235861
1.538979313241049
0.46244896496646914
0.5202591057485833
1.1796969056258257
0.946403787121719
0.5157147772603612
0.6998035992326679
1.0742028112950457
1.3267185353062612
1.140826528375543
1.5977286400784343
0.9355577031225806
-0.7763172753898713
0.9512810356503959
0.42918339168332253
0.9210259515809549
0.9408525828055011
1.2556738424668592
1.5113770091822452
1.1304834975693638
0.2674232641221139
1.5049535425490848
1.1014371476590863
1.2782996661946542
0.8156385765324485
0.9646338201438975
1.0652135602002535
0.7411382110540033
1.140586930837356
0.785422107394288
0.3883624807088155
1.1783088319678912
1.3159279464134654
0.994757042789191
1.5687972840916364
0.9767330019440286
0.9333212167113303
1.4780719998537621
0.889405340417229
1.1789099874263076
0.9792270089690671
0.9911906539130187
0.09924883339266122
0.5805614615606595
1.00193967068086
1.2131660785654612
0.8812921360899445
0.38917262593270086
0.32342936989387583
0.6009654896611609
1.3881953168013745
0.05918537570983817
1.0739709963131079
1.0243970496626975
1.349092092465963
0.24079749046901688
1.1776310770816751
0.8194076412501345
0.4771564248179079
0.17087129736082862
0.15072073168469746
1.3962192975372019
1.3081682069476521
0.932603326672305
-0.002050083580123374
1.6959833783209672
1.107734574859443
1.16466310057808
1.4037415106732478
0.824462717521909
1.1526342817955837
0.650469371797564
1.4687805770606381
1.5440474401419952
0.8105153767300867
1.3448573480485566
0.4790562430704902
0.5936205084048969
1.0318304015808901
0.997418139687797
0.5104367205676787
-0.8900852951502278
-0.6071400196338108
-1.0301846312477787
-0.980362199576915
1.1424514423627197
1.0939752896448587
1.0777073622962696
1.2291575462754332
0.297628201768273
0.9009817443347774
1.2241048380786705
0.6849546672102698
0.9256498140621889
1.2449687418270563
0.9800975130278521
1.0454191248507714
-0.3921351348322488
0.3098015724700943
0.32835745576749287
0.6166186123019852
0.795587206305588
0.4614338650429508
0.7951949642221753
0.6909735082342409
0.3090054543001193
-0.5933892964544922
-0.682780315241023
0.6011972938878747
0.1404942321090017
0.7012115977342797
0.17080640037688
0.7241237132722982
1.4197812415102666
1.5216988272013032
0.7994386830714164
1.0278549826753571
0.3823055289555416
1.5214352738018142
0.3838134759495372
1.0185207990095382
0.26291800572751367
0.5775531530286615
-0.7948021289679552
-0.33573373218419356
-0.732982026073004
0.2923452265008398
0.3255849075360544
0.8439290189950976
1.3000862607977668
1.5498063426115811
1.1677756005276143
-0.32257541528828915
0.8121743056262618
0.3834793941678809
0.7266528525491458
0.022488520410247403
-0.5534122354058422
0.12346040720841289
1.1855832738052592
0.40461093060955533
0.6211679538584862
-0.3812851559699031
-0.6825864092059848
1.1655734566342977
0.5467205396736259
-0.9344074528079855
-0.5447489662642859
0.8665738893267093
1.6328863160876685
1.3341840789124493
0.8916269817037201
-0.3530757397276385
1.1875492223548674
0.6629164487609743
0.19628899236883424
-0.14014269399042245
1.107310976682661
0.7168160262302796
1.1365743544118547
0.9490587226029816
-0.441658559707907
1.1317215124111937
0.9844127420601929
0.6667298218958322
0.8455302847617517
1.5165239399614538
0.5891163236001065
1.3761174080275922
1.1166438671532444
1.5163824508672525
1.2681487862082372
0.06454258312430428
0.290463841787188
0.7458829831710208
0.14994476276961177
0.26785950914325274
0.41900714746519174
0.8926401651623137
-0.2098444172923264
-0.7314204361253731
-0.12192811912137302
-0.3969858899977603
-0.5340266066930379
-0.15177903670381965
-1.0555728203545383
-0.8542107249773288
0.27826457889801304
0.6723829389014693
0.02726703477842074
0.31379426111855113
1.0113287055608846
1.0059453251571935
0.672613393387054
1.0584528006954759
0.09437642582219308
1.0181547809804747
1.2872589661867375
1.1194146133166156
0.1435332579559172
-0.347066166638363
0.791167907674976
1.3453790476040286
1.2400657252827114
1.26961385950362
1.071348729477242
1.1005432935006367
1.4122328200221803
0.11231916879108061
0.3509209560819957
1.4991701558593378
0.9137892906636501
0.6930449826220273
1.2807555720683164
0.2113493015949185
0.7456965921788566
1.2327924629733729
0.9967026300770251
0.5647125336278974
1.1262100408293154
1.3130604339937944
1.4271662330056334
1.0960106439656054
0.9017627352299433
0.5543740192508748
1.0671129077016315
1.2304126080613669
1.3401918350184332
0.526593570592389
0.690763754775321
0.5742967763724551
1.2900428765671201
0.7731071811066599
1.1804667334128456
1.0283203472602356
0.41163205561836236
0.9837394851050248
0.39195623343227615
0.6399500244966585
0.684031113034458
0.004695507921086417
0.23159837628578228
0.7203837946625462
0.4194347233268916
1.001178321154887
0.7302884628884326
0.9356321757786181
0.8601710632635102
0.681282830362657
0.5907894971036967
0.4343794413425852
0.9129618483412594
0.9907769379444333
1.22898456446201
1.0269108353560439
0.741943030835402
0.8500852993700024
1.098427460141259
0.8080790289105837
0.016921281212287198
0.7481972265357835
0.2875392617514325
0.0696608977789539
0.624990087201778
-0.5277027082208181
0.5962044784475236
-0.553377441676131
1.1308457595392591
1.011987089552426
1.4425824327813754
1.4129797948924274
1.5756131560226287
0.868920071673452
1.4022809767663196
1.3390044081838133
1.2139895614304224
1.2296986937080931
0.9743152081176747
1.2260500027347938
0.8801743791239536
0.7362172004389942
0.6958772690247603
1.1316551837569429
0.4888254548547958
0.9850508285062556
1.3923027286064322
1.6584037464053527
0.8457031253552442
0.9543919677148125
0.5912828423208036
1.1208362184628577
1.124512583644987
1.0853158759590347
0.985999516792992
0.34313479518215506
1.5222207035087167
0.8776195049296589
0.8781187877222689
1.081085257791385
0.966956645930062
0.2641536676146956
0.8785433972316428
0.8624837187459278
0.8367824637592681
1.2463346330202036
1.2480475292650224
1.6757731939005946
1.22267597544881
0.7647036319593133
1.4398901654147445
1.0848025899314881
0.5440075761966006
0.9903095975725988
0.7352902820113925
1.0465777766676303
0.6230766162491898
1.0106813557799987
0.7976566736290891
0.857439179181523
0.598181908175684
1.2874255226900915
0.12148766387963805
1.2434132333414334
0.30871387149935325
1.4260337462262485
1.062535669028689
1.2962588402761126
1.006128380578001
1.2923224449492927
0.30036683126080965
0.5054632329240756
0.821945230018873
1.0730037216952204
0.9203866218056831
0.8775276599021249
1.1779884731095913
0.9823272503042603
0.37467863070570684
0.5464517332463541
0.9340132245748465
0.7180134556957452
0.5645965980655415
1.130963020908799
0.9657221810211047
0.6752629661138503
0.9681219786106733
1.015688530120935
0.9294100298497987
0.9963632331208605
1.0426874090716527
0.7416400197440247
0.796875206904563
0.9566485108360554
0.5755095477752494
1.211257685296386
0.9098407893616225
0.4545782064391761
0.8590675871518878
0.3379541807936002
0.7589109841509487
0.9518277321291065
0.5688555939869724
0.8965930375887683
0.7714607044169519
1.7645827164925039
1.2259711698143085
1.5140414573995442
1.0267416655308077
0.7856060138199735
0.8596242529513775
0.6706904296470293
1.2926282741559352
1.3674395635285943
0.4956350165175579
0.8331090842988418
0.40829657299937994
0.9039087926113694
0.9410122915110466
1.205853614010721
1.2985653635904502
1.054356205292868
1.5321232638334488
0.9534361133984297
1.1689567904646407
0.8240608628330706
0.8341229380582855
1.0805386035446904
0.9241289713580099
1.4192494294042541
0.8611064039589851
1.1314062440044972
1.3406347805788001
0.7392263135842101
0.6294761926623732
0.33029841506322943
1.2373580047115067
1.0534619145650468
1.2215344760172353
1.3009529474384245
1.289692245247785
1.362249127346037
1.570277173275008
1.1836068724623532
0.7938185966423068
0.7694833105215786
0.9961028783420911
1.2725888044100935
1.1458505616968213
0.7401088256670045
1.0528503185042413
0.8547371625053634
0.9512305784588382
0.8238906032977844
0.805904590114552
1.4151621192324717
1.2561432793963894
1.2700497283378573
0.2388798664525631
1.5522791424221734
1.1132131976150683
-0.3088517547633014
1.614282692473619
1.1012858231775846
1.339298768291426
0.8260148995699723
1.0253850658087935
1.3824984229890758
1.3385972376041917
1.0188329979893174
0.47037175245256946
1.3714885267597032
0.9672923177632289
1.0385372240184734
0.9053908959884268
1.1388552834534336
0.8452332991200752
0.6756600920840694
-0.3981444243806638
0.5259601248665573
1.536176289914246
1.033290356829123
0.9631359595572275
1.237519565479731
1.1604859630587054
0.8672616235722217
1.2969766009154704
1.3884378257864107
0.40383995756418223
0.17608933275887917
0.2770597084663271
0.23481958063455255
0.9077560500086564
1.1747922725067825
0.840575203086115
0.5549533072676793
-0.2339579647988015
0.10329340234594508
-0.15282820136221242
0.15174136659690896
-0.3356733592835688
-0.718510719628112
1.15717244622905
0.69883874891347
0.3825988302630732
-0.7384790517657192
-0.8796125009250495
-0.37592623551805193
-0.06189815775881957
0.24535289161933993
1.2414571942516954
0.9842249775278623
0.9819440272794966
0.39049732093763867
0.998362988407026
1.000719198047559
1.4358334738362495
1.1240916690081981
0.7539646556282654
0.719220327298673
1.2189402029708867
0.7379005276101565
1.4969025826578606
0.8925161957650062
1.293929939243217
1.0483336659103781
0.0016815779556034194
0.9172941299574151
0.6565508091712217
-0.01703004378155537
0.7730647331012053
1.2108742302126374
1.3683829560823006
1.171981586423113
1.6651398409838212
0.4804327443033902
0.795655997471574
1.8087456119302003
1.0560278023989071
1.2154259818161444
1.0114975643568347
1.0984630442644214
0.7744762026332839
0.8612875425444826
0.6940402920122873
1.448277770668763
0.5159464410799102
0.970489974499027
1.390276081867543
1.5930451901725005
0.35129266215058674
0.7170452710751118
0.48140212692009077
0.9130735723762402
0.7264609655924106
0.5351048883095364
1.3204735972002117
0.7624615426545123
0.870475215514466
0.9287894203485358
0.8835488621034254
1.011418989139671
0.493226568595277
0.8557529408899046
0.6094919728980025
1.4003598635041952
0.9252472946076564
1.600473395581108
0.775009329159594
1.1563952755046463
1.4504950780015045
0.5467334773467316
0.7016905579382184
0.33820726110929067
1.216992926943239
1.3926202448027463
0.7032523808117479
0.7363779972134183
1.2013234751427135
0.20213945404262157
1.0141827198205264
0.4228962947236783
0.9349907097730061
0.8672658545457063
1.315819696169028
0.9577039044232674
0.8112251733426769
1.2889951890032327
1.232433612911572
1.0611884269124183
0.9930090459257845
1.0430149421268915
0.9808818445019595
0.6885212330273451
0.17418421177771748
0.295076894502438
0.9855321039477238
-0.10076308663006861
0.8184686111867996
1.5222575733751558
0.23437543415826956
0.2636583515504579
0.9549558810956917
0.9694091103311611
0.12287224234930216
1.3325865136577075
0.9167773008663984
1.090417430202051
1.2543235117975584
1.2164971479047169
1.6831541186913102
0.7162870575459532
1.0013609722459789
0.9330986029014838
0.6329838145004169
1.0720692145974704
1.0130625399667317
0.6329103165260039
0.6577115624174046
0.5714595303225463
-0.15307343812411123
-0.7980803642865304
-0.013404082510833693
1.6064994118656712
1.056088316320991
0.21477022191607165
0.5870671674568263
0.20211639270899728
0.8978509367347989
1.126772909436413
0.6097278809987159
0.25787055721514474
1.1715241414596576
1.149109726855102
0.6996482207732801
0.15426730755578233
0.6167598841315662
0.4219113287242816
0.9041004063018333
1.3523986376825299
1.3814926909603336
1.5860214131680999
1.1731935769224298
1.4373445715850024
1.5014962953939113
1.4341814516423321
1.3237421777767058
1.767414145699988
1.2511668446198931
1.336584088779152
0.9929067534041776
0.17062150106240281
1.1168612412479872
0.6280952273934751
1.3667194760421513
1.2469931001744863
0.5996929052761664
1.2867324500021347
0.3101136974517802
1.061894413582872
-0.28662090201331836
0.6920033235074519
0.8337526604897094
1.5334951683517621
0.9840568847907034
1.4980441672173168
1.1728977889424115
1.61467157658676
0.7066381351784672
1.2278217171847794
0.5341673678914756
0.4841557204170308
1.066990988369048
0.9572477881593788
-0.6688560000550121
0.5200521852969036
1.3255366914064357
0.968534893339712
0.7690868645072809
1.5036223396657955
1.3573632345565207
0.7085039566749858
1.3863105323164513
1.471986913828974
0.7152632777578224
1.6701137211004535
1.1295917351833595
1.1488087784124905
1.3063157978470719
1.2038145447930528
1.2792563005354782
1.170483778555397
0.856806043460121
0.7889206164274
-0.09600252128376896
0.957123085690684
1.1764523810914334
1.6019682526848498
1.008775050979482
0.8031863297143946
0.15237021280664398
0.7720160104404976
0.3922537302525102
1.22152077882475
1.1927658091304456
1.2978779543716996
1.0264372035156422
1.3645724985890249
1.6656434282174106
1.4298599151996498
0.6500934177325495
1.1387833655288044
0.9415732995371131
1.7472110762169784
0.9786456378788569
1.2659149596186077
1.1524420675126852
0.851194997141224
1.4609004645674133
0.6060683085792884
1.1607513125327276
0.7777588638360837
0.7257695975307077
0.39752329588560287
1.1226370675132094
1.2315656309338192
0.35973435879842985
0.9668024906277879
1.267400903735547
1.4154735360321475
-0.037742425916367006
0.8126188814612281
0.594577296916899
0.20391787897461833
0.8286609259179408
0.6609457251983222
1.1936805079497868
0.6978460726667475
0.9228679137238545
1.3445863879823594
0.2035953068881291
1.27895511085066
1.1588031290161789
1.0145242136783463
1.1203016796847418
0.9068872713012917
1.253824011702165
0.5849404767777651
0.8641857101070041
0.1760634641795924
1.1696942957259353
-0.11498688936052526
1.2337810963666278
0.07682407983734629
0.908885180896716
0.7243223543542765
-0.013078166353868603
0.38212584605926514
0.7587077523793613
0.676080968828569
1.3355679492126693
0.7401240888971456
1.1297703179481593
0.5658371502706036
0.9705480864771743
0.9635980738808088
1.0356275933274657
0.8117433094536115
0.7654864205764793
1.368191118587903
1.043819641701448
0.8042244112683077
1.2472720205879
0.49053312409342453
1.5165860095129389
0.6323738424678454
0.9296575047380546
0.7964055211974286
1.3468416756866042
0.1614557202697613
0.2832509907452001
-0.3367122595164953
0.501001193851802
0.49210382696609845
0.4757615787845749
0.4818210985545959
0.5165490723743269
0.74238424597778
1.246119489956011
1.104713518454977
0.4580952431702331
0.8466560680317181
0.7595301333374005
1.045011812058116
1.0247748235679097
1.0717285005507569
1.3980820759716965
0.6308826583688294
0.339008589206521
-0.0673999124765059
1.4383034681936255
1.6275259646002433
0.9865062621126468
1.7921019626249717
1.8431277023250994
1.1527532228592081
0.9196247159464299
0.5360302399184675
0.8263415582833391
0.4394279839427385
1.1143122777558934
0.9011385302317063
0.612531308404135
0.30178855779581737
0.9468257105692544
0.7929736429918739
1.1237226691398725
0.7534484093587712
0.35194314924803327
0.18163661098994255
0.6258745861351875
0.32820362949759896
0.7626359597646715
-0.3862021034364367
0.6878173020434042
0.8976257343858123
1.5800680698528646
1.340166890782759
1.0985720476343313
0.9897785372844062
0.5189949202170752
0.8659299361289832
0.750128007833238
1.3641723248163233
1.3330444856665489
1.1705318732157892
1.6061451192179574
1.1851079953428558
1.3591021589058778
0.9801972754325279
0.8380819252631763
1.1089191538369834
1.1274570644192798
0.797096500304169
1.0433915989663722
0.1336233917405596
-0.019881117381674196
0.32469945852990933
1.394991382929893
0.47202985904881367
1.155384788158374
0.8992324156681971
1.1021859912142455
0.5975134618275448
0.839040157869682
0.4985390023317877
0.22522413048022116
1.5338830210731094
1.097882790315689
0.27929139242169276
0.9722999395898514
1.0002728970385262
1.461384522870546
1.249271710334168
0.7136128252187515
0.3754748437457829
-0.1981769793262429
0.5733830766299532
0.3992704855352118
1.3666914905424903
0.6232580182689826
1.0116097303174967
0.3042619703004531
0.641377531063875
0.6503251952359703
1.0229439000715663
1.561168046964077
0.7755726757973864
0.631575827108314
1.2298390945331428
0.8853383586484979
1.4210107645174395
0.6993740462334853
0.5325045220820783
1.1427481856238817
1.3583158888179523
0.6762268378433289
0.7914663466219831
0.8440870248248038
1.001383012006713
1.1811434853048357
1.0066404141416276
1.0008877203096096
1.0525511043400197
0.48287813924750955
0.7739710450598785
1.4894933830628798
0.9839310443007844
0.8517738036676132
-0.16205260469226168
1.5784078449801213
1.1412465458447136
1.5876427031710043
1.0743303507803599
0.6186486355606462
1.3629909571796233
0.4763501064285742
0.27818526701320323
0.48651773460825054
0.777165391485882
1.205324695571895
0.9568836817874591
0.469384532161778
0.7878502732836865
0.6240735080111918
0.8981875560430608
0.35658368180182065
0.9981437576710916
1.1415952819053077
0.36917892219703785
0.865530448401459
1.3097456874395546
1.129114068116201
0.07430893203986244
1.3778128083251835
0.7715903056378912
1.5840549875425893
1.5492003027857808
1.2735980008526997
1.3006087495502614
-0.4032232918719796
-0.4053139655419604
1.0528542118118667
0.48603307631587533
1.215392926578708
1.3244916067508186
0.6442912114614876
1.2343683976733975
1.1427435475032215
1.1095939297391721
-0.19670602073244448
1.0290236837276803
0.726630133767739
0.9113777221981381
1.2085288323458823
1.171475507670427
1.2379358163602816
1.0893304805609785
0.9404884647825911
0.8505469785240298
0.5161225351731523
-0.021899473610171416
-0.22487669844167324
0.9863567000446063
1.2444940139683767
0.4223852240437156
1.3561761284202356
0.6773426001062384
1.1979151615824326
0.8887327397175282
-0.1059738926250775
0.9919450098442757
0.4881735094194599
0.6293913832585691
0.795118543516277
0.6750782905482993
0.538981756548065
0.9569407936188947
0.4976538426853502
0.5070465258978483
0.26024717382030627
0.671554209361026
0.7124413728890344
0.46452474736004357
0.5532156434946167
0.7780896130862079
0.016180627514696733
0.05383788570904424
-0.0695288506361802
0.11292178075848724
