-0.08486551397965232
0.05495122099914462
0.5953816845522883
-0.06733023473714754
0.042607102505136885
0.3757794357789593
0.3908240207888844
0.09618323101065152
1.128458876123007
0.6117508101619545
0.9079153157632817
0.6262481930653143
0.4320829849376482
0.9083248234417058
1.184414339219267
1.1210608574653629
0.588958863042351
0.727880929164494
-0.4396250511065585
-0.2600325583098141
0.38201329713893717
0.7477380786653228
0.5654192817608538
0.6776564460110164
-0.5698161334632831
-0.39371355819061865
-0.5012101621874496
0.23183338633255948
0.4062794895315774
0.6108353568668529
0.6769611117018363
0.7809271210299714
0.267872239244365
0.7362083040784159
0.9307926444784315
1.0331080266529098
0.9412969062552982
1.255694571720647
0.8480110659480387
0.7224643283490838
0.7964397876257627
0.2798679371990809
0.41883338125511765
0.36994420096522446
0.3340737412616573
0.24040519062931018
0.07786943651054772
0.08531951139083349
-0.3455072460480643
-0.17430996411795385
-0.3783632402039809
0.5870431001282479
1.5434735663883983
0.9578448880374534
1.040582134722051
1.0801078334871008
0.8304169319315321
1.1682559230839715
0.8562639197893954
1.1485133597572867
-0.5331421446819244
0.4280357968244428
0.1718417026176443
0.3089796153281765
0.014521324656549131
0.6667047052137703
0.5055041315755057
-0.5527091548061545
0.6795014515118288
0.9363708780948654
0.828819903057826
0.7665837917291412
1.058031386732575
1.0843068488361556
0.820062146214435
1.0525162802594645
0.7645061088128484
0.6789606057541544
0.4339809124988034
0.6310366460199996
0.7088011012200356
0.5412469045093841
-0.4006715553255602
0.650365381672069
0.1247257151609938
0.34670416077147986
0.11225715980560202
0.9447035099491506
0.4158510134733749
-0.14482764616980892
0.112303988282206
-0.040037168795416
-0.28230807943626635
-0.20078290828402534
0.6849515679027959
0.738603306992634
0.9635864784802634
1.2367986080050977
0.7585018790780031
0.17578185311481506
-0.05328686975541056
0.24370191201140845
-0.0764633089529105
0.19742105218616848
-0.11797539475160786
0.6202357057355911
0.09727147107002954
0.015597641007029575
0.6538659991950643
0.9049820552434534
1.1719031147267935
0.20885218933795371
-0.4119611875133697
-0.374910906870945
-0.3951561531414726
-0.17288905995148937
-0.06867514406701462
-0.127951945453723
1.0079568959702276
1.034449817507059
0.3278026884599955
0.2550209356525169
0.9500530126710341
1.1680548619891795
0.5794506842609382
1.448657393148704
-0.9135794964858389
0.11341109733975097
-0.4154383974787246
-0.0023838290835439535
-0.33541009425970153
-0.2099834585212084
0.8555243296682372
0.5136786461785151
1.2404630953574296
0.8474926952984448
-0.4608304176671954
-0.3949351839720932
-0.3936592065671776
-0.34433313889000366
-0.3946894268323063
0.011399265496792413
1.3670200922035507
1.2579050494335997
1.0145330430428596
1.1206637338631278
1.4962696458032987
0.7614743594131701
-0.32108421005979054
-0.4082389621981279
1.0419684064715693
0.7432134260722636
1.0499056469834072
0.7080714415596878
1.1157760453253343
1.0912519618210677
1.0473039204344887
1.2579827944282862
1.3015258201215048
1.1434475151139838
1.1402949945716436
1.0092772544269113
1.0264241626335677
1.2434922726774875
1.533735859792212
1.2881582843999926
1.235506224110007
-0.3256509139720986
0.526312963856196
-0.23742452145498558
0.8586763978286954
1.3430296114454086
0.6460515549822367
0.5730609072359035
0.84439715823525
1.327113145441722
0.7375093592815977
-0.38254238651190936
1.1242054061246296
1.2120724643043372
-0.394623097634536
0.7135897488568284
0.5160483274456024
0.6164932215162411
0.9841678269822633
1.251983815783025
0.94142898760041
0.5876783825953781
1.215739799730822
0.4573733238461309
1.2949248927008619
-0.13879813232479465
-0.052341095979679876
0.3989544785223444
1.268328116248149
0.9873833650219771
0.21974647468088895
-0.4400224746542758
0.6267849482294965
0.8251905494418796
1.0104754984631503
1.1608595256911565
1.3125161833614547
0.5585537015155587
0.35008229050947176
0.23174282758333112
0.6338275004149218
0.9709378338901736
1.3992271980426818
0.38769436373983474
0.7976474554361713
1.336545796454599
0.9714641315490814
0.9511642734046114
0.5892748163203443
0.42033391327421915
-0.19540315341353176
0.5060850727971075
0.548380007747494
0.32038973220503314
0.721214399887245
1.2145712768792407
0.8332925103699312
-0.37592355388652865
-0.35484963805685105
-0.4179804804763232
-0.36083482786301685
-0.03624063046415519
1.1618239546797642
0.5966979550761025
0.8954663632362259
1.261596432691111
1.1592504604033536
0.4330171025073665
-0.38218196808391963
-0.5253317239765524
0.8509811745592047
1.0020785132119674
0.47594974001865403
1.2279326833255084
0.5422186645268122
0.6730023579373244
1.1416628566988203
0.805719243390366
0.9258510276199236
0.5836178721935247
0.9075716833528503
1.242951446697399
0.23440403200166152
0.5743187927112462
0.5993902305021664
0.47845057799843255
0.32668533098866526
0.7473120127759434
1.0263116473216112
1.2751413671221643
1.1271130426245708
1.0720038963234673
0.8839909538281451
0.5982048539716117
0.7846277923676249
-0.10591384482690296
-0.23963953756231396
0.13830760886476837
0.5367992200658892
0.8712350140161994
0.8704995960472571
0.7279705508512779
0.7494744787347338
0.49714352137014445
1.200562167979927
1.024935147384969
0.7219114090884452
0.9109723548785968
0.7270642564910412
0.648778208653018
1.3158673517311437
0.883752093494986
0.9352061321334588
0.8769558362606854
1.1554340488451897
0.7430237532446734
0.843055520480457
1.1314493011003377
0.29499845828347376
0.0424580868853743
-0.01612150775588354
0.9673801917202715
0.08142073177524389
0.7901811735263186
0.7735166177453325
0.4003647866527953
-0.1855305117983681
0.7000514175806943
0.8629224675458552
0.9173123891916379
-0.09794881196067606
-0.5056548109441081
0.7005570329070433
1.2288830894423406
0.9152321218971684
0.8556392992832618
0.871090558293368
1.1852482934198127
0.9760087251788766
1.0224064245213282
0.8611347338980945
0.8870273431240512
1.050423909422797
1.030726834083378
1.1701585553865883
-0.41888107398620766
0.4930064593962369
0.691404711597872
-0.438987500771794
-0.35253238850962315
0.016514789259146328
0.9297162940190091
0.7719871466783402
-0.3431840395432418
0.736476505233834
0.8755496492723317
0.34558222257680526
-0.4090178695364713
0.523871221984618
0.3086585070506785
-0.034056720430648
0.8612085674157633
0.7127908753610007
1.1278321525362536
0.35031787213689
0.2796905696831626
-0.2906647677426406
0.4415010651452805
1.0987189006169
-0.3613655874312658
1.1712240086754864
1.2563681619756695
0.762910726165933
1.2206273271252857
0.5595653966398567
0.01805093855413172
-0.09839461517723107
-0.22543703029788512
0.6058034228751744
-0.16449319051409406
-0.33133558965595744
-0.40791663617629553
-0.5662828008688586
0.3313587323383769
0.8711488501919175
1.266786484585099
0.946693006145542
0.228344872081184
0.17988054308948698
0.7413134528505885
-0.33371131112904506
0.24630288710838852
0.7719113297017802
0.0189326732155272
0.36649296215770993
0.035582201462653305
0.762581795016799
1.2469044547182022
0.8300383578070071
0.8977242756643337
0.5555490302039513
0.9420137525170773
0.37870571359608435
-0.18578630012450556
0.04440746388624325
-0.24242721374678797
0.06285337697934897
0.08362971291107564
0.03291001594422727
-0.06919193910114822
0.2574486876005591
0.5036792025997627
0.2429716526354484
0.42235733733814174
0.15756597222889138
0.02113846123845875
0.5071987723873664
-0.49174316030067505
-0.16762479910119762
0.09564312230109177
0.2406514523994661
0.10811224432310255
0.5121227874872541
-0.35328463800642695
0.2116721259473948
1.3722464747220426
0.03722092612871527
0.6854721127584872
0.41500991047648544
0.19750142564246734
0.16421756299057358
-0.301985739396123
0.9312310571435489
1.4010646935383348
1.0764031875392053
0.7676789514794263
1.0617764529671239
0.9708974458321203
0.9686168413413828
1.1793660361334088
0.8584561186650802
1.290346328925923
0.4958891189117753
0.9392807291542185
0.6878815796922688
0.8727497069123465
1.0351266019652197
0.9148138445606658
0.305659466146119
1.3359984591066485
0.6446379771393892
0.6916453854549603
1.045541864893292
0.7645373545578121
0.3760266401253318
0.662763119884762
1.0133430858668264
0.019431671194228617
0.37350293365458603
0.7535422630802447
0.3750857789040169
0.6656532626711739
0.6450151513694683
0.014700058462696619
0.8607040208457469
0.11679388590793312
0.2690151243224405
-0.0371731490431737
0.14546736138512742
0.8957877066706672
0.9342817571618602
0.21218193990594705
0.4700274075655444
0.20573488083304572
0.4906269198132287
0.8974439157689856
0.7320365052681564
0.8891772636727526
0.40062738042895324
0.36362392469430754
-0.35551653089761537
0.13005267427925718
1.3613157491942751
0.331400181478193
0.44762126759749804
0.6865017538943983
0.08468415254020463
0.47794015515115
1.2553196787125651
0.5254135839153352
0.5120094123921654
1.2177296004709621
1.1557229729885499
0.710617238175418
1.069109047831011
0.6026062794307807
0.661284762936225
0.3445700591966758
0.7790664195062281
1.4338195056509015
0.8671206146113201
0.3455368049808755
1.317815906327606
0.37568359512872834
0.5393589019498816
0.8424147755458229
0.3380872889248046
-0.022610041539392684
0.22088083404798195
0.08146942839863958
0.4790709508579465
1.1204637122337295
0.41864377475586195
1.242258495290774
0.27366819659561936
1.2285463931615628
1.2691630089547254
1.0638640370384709
1.3358763275081065
1.1509599078710402
1.172140122364832
0.9433765889937723
1.046210387180117
1.2660487533130904
1.3272182583734264
1.536403134575573
-0.502135294568645
-0.04185547620832334
0.6725000021027441
0.5399469114304218
0.9327729832309405
0.6934584453877637
1.0947152563048936
0.11323686114695013
1.1634630020740835
0.3071801712885299
0.9333354870437006
0.8314029108659614
0.3350055111249491
0.906601737863566
0.793486884186509
0.5960744212537591
0.5577116561331567
0.633452420855796
0.9279434485769525
0.09265705324759761
0.7255848259227804
0.4703492533051987
0.34416650529661513
-0.11781330745916414
0.7690743417541114
1.2308981626918836
0.8160617931912918
0.9826802550169097
0.485302899883631
0.45681856555279704
0.9875219512679324
1.1046888492211335
0.8095260980485138
0.7500021629267829
0.41618943720940244
0.9395404988522896
1.03897441319665
0.7166207980009068
0.8809340123931562
0.3854447368610452
1.0308771668053038
0.26335771074115305
0.3525639058704599
0.8700161953222779
0.7425677554625406
0.8377341664383557
0.5332291345729241
0.7319223167322725
0.5061033121970038
0.3032277146740093
0.5783567350053856
0.05956588033973165
0.024294107742561615
0.32377076413179784
0.44585250660990267
0.7650245138053299
0.8051794319212133
0.7637151801622708
0.5848899401336088
0.8545696517461355
0.7337483646773756
0.7737163824537623
1.3602875103643877
0.741724271884474
0.8616343411595575
0.5279622126582169
0.97272824603108
1.3823137403897168
0.7979364098082343
1.0358682725245114
0.6490141763398295
0.9244964933060512
0.9179537471007055
0.7848028788331471
0.7617332675676459
0.8811594250295118
0.8204558244999326
0.7201462294063582
1.1997268161391448
1.0337221594257988
1.024880854284416
0.5801573412822946
0.7347390523719208
0.8217723433472646
0.48533835076686366
0.5283937792109495
0.6462678648079435
0.9177690167168856
1.0689990815609094
0.5564610147364585
1.0461071441354264
0.852655674096186
0.7415563780214448
0.9339505431136047
0.7753784985153537
1.148171543928463
0.829548532834585
0.8681422418111868
0.9921845272364377
0.7309842659417768
1.1740904786397814
0.898808679197864
0.27226242385512395
0.9322154666313908
1.1469336434906887
1.2560158171826377
0.9105132955210689
1.2928303096430052
0.8036850191941255
0.8188075066109013
0.8280157897299175
0.33930409881424534
0.8694033276818631
1.0659895965924304
0.8020605983085916
1.2051465017642358
0.7958426790277638
1.0950883778775713
0.8859487605086017
1.032512029020468
0.921677897893531
0.8364011004570561
0.7508512174946936
0.7066690951770563
1.0749745659970344
0.17368805311975258
0.560888287970458
0.9207922095162105
1.4283609938617634
0.9141936022417047
0.8920203652911513
0.786404818998915
1.2228673423967706
0.579820650314688
1.3913832933631713
0.3170860268824243
0.83609155413366
0.8127201242552046
1.0392312771928889
0.937381303338
1.1649078638151313
0.9883057388592285
0.8574501336848797
1.1276637846128639
0.9700236867009354
1.018179268643325
0.9389954960199246
1.137630836518553
0.7571232766394048
0.78292716905424
0.6440814645720737
0.847811730763372
0.8330040723716564
0.915156302162977
1.170059299228829
0.8016042720648421
0.9239291329193081
1.1262109555611948
0.5656857404659699
1.0026608105632926
1.2532460896141622
0.43936227893256125
0.8093178457362843
1.0131231757453953
1.0092323272773518
1.0362585133489646
1.25295239038676
0.7533500544020404
0.9216187576111613
0.9880772180378399
0.8833258036804285
0.6174656400864792
0.8707546274595616
1.054626102561887
0.23049447935866896
0.6371556394811303
1.0445806802429742
1.3683515214807933
1.164639752256458
0.8254060727498596
0.7328581645564194
0.7697538636779515
0.4236306299259576
1.2715576530032158
0.54935508026122
0.7068830695581445
1.0804478850391404
1.0382419015163507
0.48566104128318677
0.9326735259583293
0.4311252363920921
1.3307095119800858
1.1970353189041847
0.6357893169680615
0.8104089564306349
0.3519374968375016
1.2000219710996989
1.0352734822695802
0.6062770252301212
1.0135967507973085
-0.023315861599716214
0.5312336622438637
0.11012861869746671
0.40971349604634194
0.7370017013471849
0.8074687088736693
0.2588711201856068
0.8150626995843958
0.6469690838482286
0.8959060225890368
1.0833409674832313
1.1886413669121987
0.8740002380606114
0.6131281430418828
0.8456174750161773
0.8391641927033388
0.7959550829463048
0.8007842295695302
0.6521077157391156
0.8259689460549966
0.5122379488792254
0.510757076954617
1.193447306820903
0.6250673950294151
0.8074508479455087
1.3718175359972629
1.1332867712670402
0.9680704474194748
0.9604156863090944
0.8370799526246832
1.0101665102044164
0.7300594053545223
0.7393378878920588
0.9327818332359247
1.076902287404485
0.8914873987017865
1.3865654636295297
1.1676454007585542
0.6225051669745826
0.7293978059794011
0.5528961438532568
1.1582192407031398
0.5073333883323313
0.0803056983282417
0.14502410446847333
0.19710241808528084
0.33805494739800745
-0.30884105779081816
0.4427730837228654
0.16531284027121682
0.36642200481320014
0.11541510153935974
-0.24977717164347232
-0.2320264430578134
0.09890263929774283
-0.30804718721933044
-0.2969606161622088
-0.018025218899482425
-0.49611713518608386
-0.5510141225074076
-0.16997245941866793
0.22022011073300565
-0.16040152844141378
0.7082955011808831
1.2978178618006098
1.4323711280075362
1.0196615650543235
1.0126180867488097
1.3296289575861406
0.6107218273401228
0.6699113108664898
1.0804511871244415
0.9262253979567817
0.6566102247646488
0.7844957639926404
1.016326612177354
1.2015562124249823
1.064659354753308
1.3775857134691887
0.9295155226247825
-0.21860189040503922
0.9176026878108695
0.6006724899828962
0.8981398342324501
0.9270221933267334
1.1283334330693857
1.3097438740127945
1.0313323494538595
0.47178431357974665
1.3005243071187103
1.0276170498209733
1.1629271723965466
0.8366804986770265
0.9390774703774077
1.002693877615983
0.7873053158777686
1.0442603373802966
0.8284392006303346
0.5618809046077903
1.0920036622833849
1.171685573875961
0.961870304978724
1.3581511232170522
0.9511485592017547
0.9365005964547617
1.2978328339812268
0.9001437568732316
1.0835613724721975
0.9635220304597292
0.9590580187931993
0.38807298653871314
0.6775697434723567
0.9803749797253632
1.1067602073114502
0.8885958410170068
0.5578747175820113
0.5297872860610672
0.7170084023492165
1.2074336249868638
0.34764829225992155
1.0237031032388213
0.9836750427437023
1.2006074571333676
0.4619366163282182
1.0979846242677258
0.864805215545945
0.621171702801671
0.4323953641073117
0.3996591569935782
1.1967057722279255
1.16874478905954
0.9210923720552433
0.30436126631996924
1.427876561729585
1.0434614399234776
1.0682702012314693
1.2432895631958134
0.8423610550779045
1.0750410144389764
0.7601454908779578
1.2899902750132524
1.3640439713726202
0.833016362911231
1.187366857645291
0.6065951269898434
0.6925290530159575
0.9705446381070608
0.9489623463904827
0.641684626320194
-0.2987231528367578
-0.10053976668130216
-0.41126441546161824
-0.3620046619297601
1.0809746186046312
1.0109863862424808
1.0022708217336023
1.1231099416381012
0.5083735164934836
0.9208919303565297
1.0948103649538528
0.7786208289310793
0.9167592065446396
1.1292229198423485
0.9544484482315546
1.0120520713012964
0.0226533369971893
0.4915656034912166
0.5464521635870765
0.7055187483296539
0.8164834971155065
0.6012262703884119
0.8312493969835403
0.7499500204548063
0.5123316737014125
-0.09314180318056375
-0.15981000729137163
0.7048217479377842
0.41259931261879207
0.7848104766306827
0.4208012794273941
0.7871724249901478
1.2597035157369663
1.3038881512671519
0.8383975992808267
0.9869322512076262
0.5561531408521678
1.308239284082166
0.5714732513886136
0.9780714264189369
0.48206266979758094
0.6684364332611189
-0.2386609803405941
0.07084854591621452
-0.17427151607943994
0.4911246346483124
0.5048525990210188
0.8592918267685206
1.1550055572979179
1.338295642380362
1.0830156866923772
0.07729715056832198
0.8727506626081536
0.5613184270350237
0.7595551215585706
0.30448305556080973
-0.05586911940908009
0.3905232385853372
1.0725579706830486
0.5428942805617363
0.720202032695687
0.04291784096755288
-0.12495717269119806
1.0858792374183646
0.694242823746455
-0.34331793873673117
-0.060620746493868984
0.8706090858672363
1.4044572643566255
1.1747475141870092
0.8976083158994621
0.07132346928866162
1.092562366856538
0.7368531202468063
0.43446132988575054
0.2181670239446647
1.0586079345656174
0.8000662376980898
1.0621837581463491
0.9548697117203865
-0.015404425359760943
1.0468751130990857
0.9494040512874525
0.7401767006540027
0.8661576309506166
1.2874585267547036
0.699799749034323
1.2143579713430848
1.0138749658861241
1.3135415377695392
1.1520053277817748
0.3506733061114568
0.5042772972669365
0.786907512237543
0.37947965842450987
0.4704512241685231
0.5766182206706828
0.9150904259774048
0.18207476567895867
-0.19063291838609406
0.22328331368328846
0.05578837853411426
-0.045680377636004445
0.19094428782618345
-0.3972007858327002
-0.2625435394190134
0.4910718992603183
0.7353927782115037
0.3374302528913873
0.488989886275293
0.9701253682301013
0.9658965409111525
0.7257996655913651
1.0007036875715911
0.35737326009848297
0.9861582755993439
1.1732780113777956
1.0443110197046248
0.4032965718135942
0.07157524096866912
0.8107408411321272
1.2116665876301724
1.1441952702059792
1.1193145882988271
1.032349851588383
1.031617335652691
1.2353959393890883
0.364790184848835
0.5365235263460365
1.2929370230074602
0.8961822661875173
0.7810225675103789
1.1795178732187643
0.4210897585030282
0.8163948615303744
1.1401709567415799
0.9821576882558815
0.6679648593704544
1.048945991923726
1.1555958977770089
1.265000887384782
1.0346956088204264
0.8893154711770235
0.6662080067084547
0.9865253988768936
1.1271734184395028
1.1972218924257125
0.6422036418322526
0.768823223450168
0.7106785633491998
1.142677542234446
0.7978652745600394
1.0886669165092655
0.9987082769288284
0.556618216556675
0.9522883954582225
0.5639652360014683
0.7287206986262283
0.7571735543443235
0.308417468731727
0.45670630311199073
0.7958707219484434
0.5738045764142833
0.9765226709744611
0.7892582200263912
0.9093263775070128
0.8755116023934839
0.760093283894235
0.6851211985114506
0.5784085251327303
0.9253855319602495
0.9717109386313304
1.1103827996439584
0.9971324484155675
0.8051305188830303
0.8581542733365098
1.0351057727249593
0.8278774407447992
0.3278418416196637
0.8149074978321096
0.48192086546032775
0.34064994690408196
0.7269472345962326
-0.057370087538929325
0.7081230846641479
-0.06410476348164322
1.0654575232602268
0.972456252806832
1.2576701946655744
1.2657694594653115
1.3584993344099956
0.9060038251515383
1.25849046026393
1.1939278202961772
1.119601317678243
1.1341974107829598
0.9458110523763631
1.1351147506352566
0.8783314968519423
0.7878806228757975
0.769528183243426
1.0516347822997127
0.6117235431153275
0.9318200626207539
1.2255218753009485
1.404502094942323
0.8720077870426222
0.9609047047917284
0.6939965905832061
1.0508390462105055
1.0350691217753765
1.0089760146387838
0.9416325485829143
0.5500125040786105
1.3180139659870214
0.8976206621857097
0.8871031598307227
1.0451186089265638
0.9638368052536671
0.4684654729014867
0.8748851717399714
0.8830346094851794
0.8617729662026453
1.1221716996278541
1.1429554085982838
1.4171499115138306
1.1371515154108802
0.8050964463896486
1.2700712149435895
1.0279210263168437
0.6800940780633007
0.9720384503495003
0.7842483886656755
1.0006254311007015
0.7210673142413695
0.9608337725054833
0.8347181977635357
0.8619282272774487
0.6972126877075809
1.1868692855756562
0.38633043111241383
1.1456897018845333
0.5176975413131873
1.2470508479426865
1.00602796874941
1.1633042755214957
0.9874055601816304
1.153843714455187
0.4853583494224479
0.6414113392941817
0.8559322492407585
1.0305768674349003
0.9394060139786039
0.9014924141756157
1.1005579519700734
0.9874840179133245
0.5522703507930004
0.6728933629047411
0.928942962765051
0.7738745001039162
0.6802613119247973
1.0372695907637937
0.9463979564938342
0.7447529231633379
0.9536202270480505
0.9889018829771349
0.9153467904354589
0.962947466464891
0.9895918169876815
0.8061121536478714
0.8306838529941659
0.9496317530375856
0.6668332453388263
1.0903057876794207
0.9018946144458436
0.6072043757105795
0.8880097446571474
0.5342576591321597
0.8144007472899775
0.9389690310945874
0.6858385606837302
0.9107619099233798
0.8315816633347023
1.483419112420254
1.1332764457566518
1.3135229632088226
0.9779961534093826
0.834773558666083
0.8674358990801493
0.7430883145563684
1.17678611720614
1.2113274970762171
0.6357498664435283
0.8507605256987931
0.5862884930882163
0.8895356972166505
0.9204065212990656
1.101244868000084
1.1667930490299632
1.0087591712652397
1.314123848529763
0.9480496712880185
1.0753486672191828
0.8309040333045618
0.8862756125128829
1.0150453264425217
0.9285428698743322
1.2521843389340506
0.8706547489024654
1.0614594743327312
1.1979523893603377
0.7859479053167616
0.7296822469581042
0.5256786113478885
1.1130928136756018
1.0117067882079147
1.1045077808164472
1.1616987613238543
1.1662298280472394
1.2223450760266763
1.3426714825539061
1.0671079617764363
0.8559261994471928
0.8132078223699581
0.9642660289442153
1.1658964020181963
1.0770075005146087
0.7822087808599939
0.9940608240932315
0.860174702959494
0.9493564229247923
0.8422231174840995
0.8268423734440278
1.2446440613593517
1.1528886522022572
1.1634013787042552
0.4878497046939552
1.3455300295820292
1.0395838837338454
0.10686411023537508
1.3923460041064655
1.0293047389934118
1.1918852366713064
0.8297973770063095
0.9852959538309704
1.2276436387162695
1.2065577686918523
0.9524087113735474
0.5941958318292014
1.198463442733621
0.9499558042231656
0.9854720174520647
0.9006939258003831
1.0473037100845348
0.8920695974759799
0.7497428442056173
0.022107976908140887
0.6588109132260928
1.3104405906324799
0.999300824406269
0.9321586590068168
1.1259346120128348
1.0998274901997191
0.9071487170630652
1.1911108188183912
1.2285761837370268
0.559789427636504
0.4189618212462835
0.4718029378106812
0.4528618402624352
0.9059915450159973
1.0891052777732357
0.8658963582179556
0.6584287078188383
0.13468409507524204
0.3627366233003641
0.16857989478233013
0.3859274396479524
0.07252835534450071
-0.1818255711599794
1.0692178053425865
0.734592707693265
0.570698413981854
-0.22064905002789514
-0.29191257118898256
0.027674650709702136
0.26037309276430737
0.46757520030672456
1.1387560391972469
0.9857452829513362
0.9697233605703891
0.5496301388452179
0.965283684277845
0.9701147719252804
1.2728618080976073
1.0369838106252567
0.7926559743538927
0.7762426729472942
1.1186656942699809
0.7938433319858484
1.2846120110108246
0.8975399772806578
1.175385594612646
1.006376742425496
0.2969475368286648
0.8928274039344727
0.758469634178024
0.2935769605623693
0.8187144533884793
1.1169752911315203
1.2302009974257802
1.106569159860835
1.4233651671677154
0.6073293698748535
0.8144143889028562
1.4838244169696762
0.9983883217291688
1.1152335879868607
0.9869359703743182
1.0456457838128894
0.8254872833840713
0.8726025933510121
0.7388152623496627
1.2761881329762896
0.6397893155218597
0.9671122025129563
1.2362155206877221
1.375439666297141
0.5201713945344789
0.7989716903458296
0.6064528958267241
0.9254102062743484
0.7936889784741948
0.6665285731367688
1.1747335174992362
0.8166556990716961
0.8791454270654501
0.9085077107660798
0.8887484189711724
1.0004601697469842
0.6135163115214453
0.852910086332553
0.7005784493157551
1.2339980882543464
0.8900512823998211
1.3524365224416617
0.799239120794777
1.0755887097933936
1.2893370613646258
0.6710947408172075
0.7642192384926161
0.5201160915856451
1.1284819408922853
1.2355054133181131
0.7698148677421011
0.7876927258218996
1.1296279546650012
0.45903548565867697
0.9700201659882781
0.5678386791162454
0.9297007233975441
0.8567851400128426
1.1952225047823142
0.9184482793412356
0.8430541054974428
1.1632713072014613
1.1196197698545969
1.021886792754223
0.9683526801134329
0.9981012510378663
0.9638487333614276
0.7573710092070051
0.4399796426430728
0.4973686918465403
0.9819489286746602
0.22101045197754135
0.8618439541965414
1.3166490046582089
0.45791924918040183
0.47470288926629145
0.9380877559082886
0.954176243760294
0.3830701261599138
1.18026420096007
0.9124626792618074
1.0306481665810054
1.1379801942082144
1.1071522636889097
1.4264618347833302
0.7741415220726419
0.9788967515957361
0.93400759679812
0.7188713945678052
1.0207486535432861
0.9553401801532463
0.7127897357429842
0.74156548055017
0.7083750013409622
0.20447980312381964
-0.24766946006728863
0.29462787745507246
1.3629869390807479
1.0169158433669765
0.43830291777621794
0.7104837169666465
0.460053733363563
0.8944392564125517
1.0768926534695185
0.7153959308218726
0.4895147673119147
1.0629455261881453
1.0631397201688622
0.7763761235293399
0.38449535625891307
0.7274706708956978
0.5824771265739854
0.9027311660542328
1.202440697302217
1.2074818130313292
1.3653612362371899
1.0794323040309728
1.2579300090337984
1.2947382864806336
1.2559046128648097
1.2014822488073198
1.4719746743541107
1.1321879720395869
1.1965386755761334
0.9654556509584192
0.41746593918342606
1.0558202681886926
0.716614532799758
1.204595239942691
1.1406887444767373
0.7194610593685825
1.1809036882564259
0.4864662177261523
1.0004158285504545
0.09977537018913558
0.7598103342553877
0.8375632095776794
1.3243516012341956
0.9571569208874751
1.3129046715368036
1.078631858607231
1.3990628040588478
0.7661712875910096
1.1134963241812714
0.6709461919172698
0.5973238455310262
1.019005704818955
0.911278605285477
-0.1649291188677602
0.6548813449176937
1.1816561313468605
0.9750251139504548
0.8045508529077492
1.2794835551110193
1.231888686309074
0.7786224800860935
1.2376516164886335
1.295306160436698
0.7678805711383775
1.424749822021852
1.0658093203942667
1.054589342390621
1.1485545527882268
1.0788603319114023
1.1518295934507705
1.073400538428572
0.8608302785828208
0.8391347704836427
0.25723197590447716
0.9439927842567958
1.0764403664159061
1.3877508531662233
0.9590317290360083
0.824829562264961
0.41982400944353954
0.8429007940088192
0.5506421367433084
1.1237156596983169
1.0880034941474463
1.1690977363402844
0.9433876403680806
1.211565067275135
1.4088417829475925
1.2591047856287572
0.7265706864946303
1.04899158154156
0.9139540795512064
1.4779643791317791
0.9476112459390914
1.1399169690381175
1.0630359629599981
0.8525893560549491
1.2823704264028386
0.7056447071521962
1.0666688771522144
0.8351991004981626
0.7884823258165592
0.5729775997075012
1.063433472612079
1.1221223460512595
0.5532156011667438
0.9241064900528014
1.1505679537260372
1.2371890522666211
0.26366867420968854
0.8333833401558945
0.6949690578702633
0.42478765658528433
0.8556649978495313
0.7597439219369919
1.08374812005837
0.7566142939780202
0.9108237392970916
1.2279383988609283
0.44101149124060446
1.143590047490977
1.0659808617402324
0.9784795039485492
1.0613284358443908
0.9182699117135563
1.1156195919761327
0.6783509711380793
0.8568460267501369
0.3947265538951994
1.0760784731362578
0.21468333482699972
1.1012635624242104
0.3415288534397489
0.8996322795840103
0.7881282553511598
0.3038290720257462
0.5415467797033533
0.8059481866406895
0.7722835699356927
1.1885551238372252
0.776006600270561
1.0470230825314166
0.6610893008606705
0.9123608801963451
0.9358043470430336
0.9705566242970828
0.826402748829041
0.8030580009833924
1.2174981573357158
0.9907155992640573
0.8445827018336445
1.1270654897154957
0.639528722597628
1.3332523303389234
0.7031341526079808
0.924361040168764
0.8222236251293854
1.1998132960276733
0.40879327284702843
0.4948174626303437
0.08015875063323878
0.6332814505293282
0.6254429673094909
0.612832195416884
0.6206912159065255
0.665682666723065
0.7842014228669982
1.1216380286309346
1.0334885618163787
0.6367834693809241
0.8597291330910517
0.8223055098112635
0.9924985804903003
0.9963952906336481
1.009403609680156
1.219539717416716
0.7557280034000479
0.5307339743219179
0.2539201491179214
1.2752590467970846
1.3993096229958104
0.96671035376996
1.500251460176771
1.521588287502225
1.0468062814169625
0.9193485613469702
0.6609114710783967
0.856098184280464
0.5969924879324058
1.0650370095861479
0.9221147674955162
0.7023703537645675
0.4879184226339122
0.9453301587462869
0.8217513639582267
1.0675070438690806
0.8128054290324718
0.5678348583667653
0.4267598495862375
0.7483772723959164
0.5137624333291472
0.8285682846456769
0.0481669269613482
0.7539135685703865
0.8943729990810686
1.3672497062990334
1.1875107003990657
1.0227781918187995
0.9882815203720973
0.6361282663981775
0.8754590060582909
0.8153630003339586
1.1996362033039007
1.1677221383033598
1.0748391801939698
1.3692950550098815
1.089608949542125
1.2009904516003076
0.9606083588751839
0.8517834062058777
1.0481197363736048
1.0544685610434412
0.831804815152913
0.9801676105359479
0.4204626711778732
0.2799674307716863
0.5113254461150784
1.2475750756694177
0.5939060074410639
1.0877671572395702
0.903637295320252
1.0425387916554865
0.6833035785265071
0.8469093251527369
0.6556407740215637
0.476667571729463
1.3225400836238088
1.039813729691213
0.4925608873242349
0.9464510340678376
0.9720405723053123
1.2800314419820609
1.158452435186162
0.7750551770730622
0.5485775016968499
0.19675635528849666
0.6951941501232426
0.5993296949429586
1.1833244771337679
0.7066002407502218
0.9847613808849328
0.5299678460316697
0.7055257831183872
0.732420646679716
0.9954095381402545
1.3454564329040382
0.7944320076229197
0.733655973069547
1.1126879396308051
0.8884391452154432
1.2401315274297116
0.7449378794735578
0.6741054340092384
1.0715584538747465
1.2032788671202481
0.7335250841883679
0.8117670999105094
0.855272583467871
0.9512594439593687
1.0815727179606978
0.9672635647509772
0.9658136020839793
1.0175011806366865
0.6326679200949168
0.8032196432974149
1.2828451495285005
0.9632040007208204
0.8639111058215315
0.19471895419246313
1.3618203035192675
1.0604587567431905
1.3700784466815146
1.0051433728203705
0.7088162250738302
1.2008998536581357
0.6200207164730359
0.4828438217751347
0.6182233994812807
0.8223986641652153
1.0860103437033344
0.9457398946463407
0.6089634615981998
0.8305298254413644
0.7108788266225381
0.917626073029783
0.5481786032423648
0.9794743168103439
1.0571601788375904
0.5326505575035483
0.906750269015578
1.191608019312852
1.0690517325112472
0.34109414170502356
1.2159732232499973
0.8033807999342281
1.3408682907692437
1.3600045168537191
1.1534121868906693
1.1873239096804313
0.03842842244205095
0.020866261694602744
1.0135110983491311
0.6040571964173457
1.1221214719275994
1.1935391803644475
0.75501346860153
1.1247364275885607
1.0634199966063864
1.0473785262656194
0.1795433095617394
1.0037724269117605
0.7774362091257769
0.8980073595962006
1.1208260065317475
1.0860941949173266
1.1389589501598556
1.0463110200986274
0.9501074753738434
0.854099284104997
0.6381027158528966
0.29412313465452156
0.17978379358381857
0.9535042630587981
1.1279992678504753
0.5680942933077021
1.238535716519175
0.7123326037420458
1.0902915557612933
0.8801022487700195
0.23089837411513245
0.9650279782605512
0.6313378033880317
0.7291857603209589
0.83643676991551
0.7360418958898682
0.6565952248079346
0.9362435994194209
0.6395443414403429
0.6311611085698784
0.4725145050881315
0.7450042948747656
0.7969409315593032
0.5996728173816539
0.6900656187299811
0.8110820907966038
0.2864414348449383
0.3334637046509907
0.26866305122536677
0.3824300269094388
