0.1534291516396416
0.27090563948174934
0.6747774852333389
0.17443816530787148
0.2602760416338744
0.5208615396764777
0.5297267528025573
0.2781645686882411
1.0536756259532127
0.6858535409488044
0.9208798216972756
0.7176457357259336
0.5494456582127918
0.8927213218990019
1.132303179764165
1.070478858382398
0.6589071237943487
0.7685016455075622
-0.11367676157585316
0.02300628502901131
0.5097312410439823
0.7961144668994227
0.6653472322843745
0.7163615567445305
-0.22151496742197485
-0.07622100093840933
-0.16503988710144596
0.3984316730806154
0.5353911111272369
0.6761300790160829
0.7474037186312553
0.7920437730317694
0.4229156445207702
0.7614545867789255
0.938760492157453
1.0065211817242863
0.9199177424980436
1.191565372226618
0.863807171047088
0.7524167304385122
0.8167902290269186
0.42166549106349693
0.5341865800879807
0.5166932445268664
0.47004872431032274
0.4247899910316757
0.28452024223398203
0.29237522000748223
-0.03683407033050723
0.09201373390649953
-0.06393576540169243
0.6576903490679001
1.366447226919664
0.940222764368936
1.025744276275684
1.0344346248345957
0.8495927508963518
1.1072571434520113
0.8735991056784556
1.1007631988233604
-0.19756290309761027
0.5604830077553089
0.35751660497072707
0.4662774767082839
0.23865397553160195
0.7218162452677187
0.6187971630258451
-0.19967444282346658
0.7298892561847523
0.946663506228715
0.8405444004712173
0.7940282876371535
1.0254281683948678
1.0298037406600329
0.8438559348191547
1.0118799463313803
0.8138022543684665
0.7381237088959507
0.562512477384532
0.6742321625164435
0.7514361459226471
0.614475735137098
-0.08029806521664323
0.690588336769405
0.2998095473139003
0.4716630729070973
0.3227479257639026
0.9295676728089666
0.5366588523186027
0.10520019448789902
0.3169223574511662
0.2083058274855752
0.024587373046927097
0.07399484079192986
0.7466487020783322
0.7880727187229118
0.9508515445658775
1.1529946549134855
0.7917958252868517
0.37198246528876644
0.2002158611991917
0.42083194226258064
0.16388519512739358
0.3680135314580728
0.1292134982382266
0.6918597852716064
0.29548383057291583
0.22835049791469247
0.7211457910832377
0.8987069182690297
1.099631231238024
0.37574744145576133
-0.1178701620233033
-0.06240316581859667
-0.09255097478106594
0.08306200556297189
0.15867850450186843
0.11122115890522694
0.988299967348415
1.0013676690620912
0.48181395443651914
0.4076479639039256
0.9265370451924206
1.099364107228223
0.6622944480600703
1.3014008901476846
-0.4726297235305618
0.297922057969007
-0.11143212126276475
0.21144368318537848
-0.03247429544481789
0.044637747276174033
0.8497030351238599
0.6216508422721281
1.1617825023911412
0.8547928111465466
-0.144890118200727
-0.09221625661998334
-0.09048491629291744
-0.051535437615947255
-0.09202758707294828
0.21489715211256
1.2434691695310662
1.1735518875395934
0.9838476311524943
1.0680659234560665
1.3443181367654855
0.7745995575658757
-0.03520434492222152
-0.09190250968770025
1.0016643867196242
0.7765748584244825
0.9989145333596999
0.7523359123335841
1.0760559601318294
1.0433091662878344
1.0115890786474795
1.1682051974931105
1.1887413580475528
1.0928787553680295
1.0734197213843029
0.9683875667138866
0.9908696067763255
1.1612530198601694
1.3893992263817192
1.1912272106153523
1.1372034065336776
-0.006591625223808961
0.6132798761003484
0.01512974778720022
0.8551715431589608
1.228040941868903
0.7156807604914669
0.6535715871625959
0.8493691905982377
1.2108045346767145
0.7840446962676316
-0.07370588765142827
1.061334335003912
1.1437933082052465
-0.0918568469079235
0.7502047799287987
0.6340031030297595
0.7027659509685067
0.9579733352255172
1.1838650052853374
0.9249842436941547
0.6610075401294137
1.1357772840273275
0.5642951545045083
1.2123255646899094
0.1064873550206461
0.19942291525322375
0.5281109770498144
1.1730183881451555
0.958965671398238
0.40054493974453376
-0.1262690304337135
0.6804717733461586
0.8437909110174151
0.9824873430620411
1.0922798071760382
1.1966297148777305
0.6421879586041896
0.5052062004195665
0.385847996463698
0.6950401499533383
0.9479512314234233
1.279815365562462
0.5125445855894804
0.8149028358062651
1.2350619038326536
0.9440101236160229
0.9397851569051527
0.6600428734562941
0.530300391548636
0.08377215968084667
0.6108251339625512
0.6345580966819117
0.47033746826016404
0.7801503298350454
1.1295126482335058
0.8574509998331349
-0.06377854448799625
-0.047416396343998524
-0.10375111773612455
-0.072237992624128
0.1896016915738537
1.0871254764289708
0.6743613362248903
0.9077694037303558
1.1863815368316428
1.119078998364377
0.5619929496327053
-0.073160735863677
-0.15941609487873531
0.864274050707539
0.9689534837127219
0.5821885055865742
1.1356386151656293
0.6228623288498156
0.7212748582483363
1.0957404685658907
0.8181298751232312
0.9256691009455684
0.6692509352807448
0.8917328620323406
1.173855697674613
0.40623799182918907
0.647355492004493
0.6715969331426115
0.6031638998656162
0.47093950821879327
0.7910520707007691
0.988486758598615
1.196368185301567
1.059626759633103
1.0270655186410982
0.8795015348848585
0.6870818313850635
0.8163715756078289
0.14996363978888438
0.024342801178262652
0.32326378797586725
0.6248678382174182
0.8875425066353722
0.8740094063659318
0.7830492203641802
0.7927912627004513
0.5859896521752657
1.1313450703080346
0.9993636979983249
0.774131966276518
0.9279699659714626
0.7791983589917377
0.735817440119299
1.2228562244759633
0.888405652044624
0.9360159757959106
0.8784946473782582
1.0942140100147477
0.7886531494043105
0.8650229652849339
1.0839462325973752
0.4460723800739199
0.24039617557988296
0.21102224632684907
0.94992529588859
0.29122787210432505
0.8285628696997522
0.8027979752771203
0.5165894271964492
0.08402788271330086
0.7459246832902104
0.8810027693344903
0.9037387028944034
0.15264118988389969
-0.16261853974495682
0.7552251245329306
1.1415838470786612
0.9066310961303325
0.8725107918323503
0.8754832843228209
1.126927071930875
0.9559728388368532
0.9846892891642511
0.8701080548869946
0.8791762568393999
1.0008316719579082
0.9856805203672934
1.107126404896444
-0.08196845568692485
0.5972767548579481
0.7531679305518192
-0.0995593487297961
-0.046110498147735046
0.23634850222748505
0.9203473084331821
0.7942787142435264
-0.015520789250265843
0.774255763245659
0.8909118093012329
0.47423412166745704
-0.08737966076555514
0.6213569914622668
0.4551833068321753
0.1935960162438231
0.8872469920401109
0.7647856256928276
1.065487622376787
0.5093032769665786
0.45788616582799885
0.004335433177822701
0.557267454218171
1.0698621031738367
-0.055952973618681345
1.125794473342485
1.156429103270285
0.7851021451759183
1.1500396061514182
0.6568038137693692
0.23638392588715185
0.14764325357327573
0.059971166010256094
0.6868758070890422
0.10316709532856672
-0.012832500732554986
-0.07400139522688737
-0.2056394280015017
0.48357824441613567
0.8737763815772928
1.1731246921663057
0.9423903263567033
0.3985718378085214
0.3727635579762074
0.788602024468571
-0.024913880957248558
0.4039685814167063
0.8195158027813048
0.24212727815273205
0.4937927593875222
0.25675856353518123
0.7978507488260989
1.1673392158265057
0.8390255659761541
0.8959929015155007
0.6443051305963018
0.9450740476967798
0.5174004866354269
0.04769399346384173
0.26374666581963363
0.038384066999983146
0.2792898769594807
0.29489536080630224
0.2585653511480853
0.181969267823275
0.4444925573293945
0.5976659542917293
0.4099527646606137
0.5455644880866305
0.34085623807781035
0.24352535574082618
0.6090364751294962
-0.15368530292537275
0.10745366529433459
0.29199241827596856
0.4206860869809777
0.30895211109821796
0.6041720660637583
-0.036253672748080557
0.3897162982461478
1.2453787796437397
0.26097613039138073
0.7424723346690041
0.5333498059666457
0.364564463201944
0.34126590070300494
0.00441585181630938
0.9133627589544386
1.2852918964882605
1.0480574060364671
0.8013618763203527
1.0336978815739877
0.971288933986491
0.9590398862372889
1.1079890138525053
0.8630943142892733
1.2129918064033132
0.6052300586545971
0.9317132878923495
0.7507221005715576
0.8835657701881999
1.0042937232397122
0.909567798493028
0.4438606049226179
1.239204901936531
0.7009126518762898
0.7530489167621255
1.0072917739631893
0.7925534085613068
0.5182881529910192
0.7061980215731694
0.9824552367733692
0.24234568895104625
0.49647991235425615
0.795542562039681
0.5161101576672601
0.7428002716421019
0.71722198102301
0.24774089845627945
0.8850333607668799
0.32481985141893394
0.4480011196564507
0.2156864833166131
0.3371719608186163
0.9007266447262975
0.9213562490908251
0.3873098465042189
0.5719356838565517
0.3798561687220508
0.6065339237970949
0.9249036274657739
0.7704418164591301
0.8852877810950339
0.5331622281149071
0.5193864973881315
-0.03343722437627705
0.3057562384751206
1.2410188143511978
0.4772637390837462
0.574331474711931
0.7496652059529958
0.28985567279962027
0.6020931368245139
1.1629853172028195
0.6286103279106059
0.6158112751802232
1.1464367298201017
1.0777875038540052
0.777481350783689
1.0331193598920707
0.688730724394279
0.7185243527070988
0.4867015209530592
0.8041592199440766
1.295645750325079
0.8763053007481885
0.4881021681317075
1.2255851950873176
0.5187402571317622
0.6378037702352092
0.8715907876394038
0.4871406313812784
0.18839251421206682
0.40299964030845076
0.28646838777779354
0.5856455787919095
1.0597185767607964
0.5498353532308757
1.1689830437389237
0.42437311698334146
1.1498855752494437
1.1803647081661244
1.006716291116559
1.2321325774357155
1.0916183794123688
1.107528304029151
0.9492279471357701
1.0289286268382762
1.1653534891353692
1.2358239239604263
1.3786298698815758
-0.15474332751107722
0.1974285083478139
0.7292327060700967
0.6452924347529265
0.935787834662573
0.7382719302125131
1.060570468570878
0.30684558128779676
1.1042058127436332
0.4441108260966656
0.9200867665988257
0.8643456931820006
0.48351161489953204
0.9084538963621476
0.8164223274350095
0.6676647000486244
0.6481949252309355
0.6955030337093042
0.9234218459986083
0.28553777728242574
0.7657639867263153
0.5842681836692758
0.4718805306634216
0.13126552654233525
0.8133939117624276
1.1535123714824287
0.837623200370848
0.9599063152974835
0.5921575891158434
0.5823107855954281
0.9615349391116839
1.0605045804497777
0.8251638360134684
0.7786103537611657
0.5284658373045993
0.9240429793968707
1.016072243310246
0.7696539946368309
0.8858989379930542
0.527436397473745
1.0010713109586737
0.43704120035184546
0.5010125522155946
0.8657724314460225
0.7924103714898216
0.8501446563192085
0.6331150007369157
0.7597443568165522
0.6068491032740435
0.44156371108940556
0.6702141318537149
0.2800482767014705
0.25347650812598393
0.47515043374758253
0.5553523777081533
0.8105743851724382
0.8421424093633492
0.8034628193402867
0.6621525445308847
0.8682871823483488
0.7655315389261802
0.8119243663533136
1.23846545110508
0.7683221356274644
0.8617546798508795
0.6281686952810223
0.9661895378153613
1.2678519253735017
0.8051473910997142
0.9877383263917966
0.7128776679388551
0.9288191248648936
0.9175248132894628
0.7989513075003175
0.7707497768102788
0.8688757913901122
0.8475269075809262
0.7681356510969044
1.136706583155751
1.014085782580771
0.9909916135305304
0.6569792485564045
0.7737978521300535
0.8338364896569882
0.5922485241752258
0.6214461580033219
0.7080106280448151
0.9272281547634913
1.017490176496727
0.6455831303491255
1.0070516255256905
0.8554168984059636
0.7836156765451693
0.9187846456726438
0.8067017171988671
1.0732068995717912
0.8642179754802606
0.8916780578989421
0.9613745489693111
0.7848592059471684
1.1221203744545574
0.8969105374681877
0.44960933509588624
0.9288199977163119
1.100900168805719
1.1429641771531005
0.9051212130022264
1.1796729845025256
0.824909002892585
0.8381792006281126
0.865424563264813
0.4844214706402841
0.8779774224363679
1.0287359349339313
0.8234481258603714
1.1395282984330701
0.8345215818060154
1.0494455304796273
0.8901176600069025
1.002893799160875
0.9016758904997045
0.8736503872608503
0.7797822566234764
0.7481310643100885
1.0362474833621134
0.3588951509794258
0.6508361917531671
0.9155023738197938
1.3008208381155584
0.9237872282798418
0.9015891991394459
0.8070742404920981
1.1172397927484545
0.6749855952945547
1.2834194986494163
0.44899524502883176
0.8445738480450675
0.8226790372834691
0.9831787194010189
0.9445247757623145
1.1093048886695154
0.9740454615862768
0.8809546964910296
1.072311399648143
0.9502059316688083
0.9971721555999182
0.9198931660889493
1.075966355951549
0.8060879614820231
0.8068166747846766
0.7101273570507896
0.8663980703070433
0.8481008316390034
0.9058693360083518
1.102274818541335
0.8171175610103958
0.9255005082857404
1.068763776618188
0.6482673590474051
0.9755770053930672
1.171527554946651
0.5600359788807259
0.8305913602779176
0.9845625723723425
0.9899484586802147
0.9957472951548141
1.1589636585325407
0.8020515452996434
0.9102612906519769
0.9578528455969897
0.9029853081351775
0.6864880277579826
0.8957489980076784
1.0139151306284697
0.39420757191920375
0.6949113801049058
1.0200047664486447
1.250232356447622
1.0882914578338232
0.847974887374023
0.7698618628528526
0.7949257378368084
0.541651516397468
1.1803879773065318
0.6348218492974418
0.7540984405307549
1.0541959422567195
1.001786383152102
0.5952774791467035
0.9087904061179766
0.5377746904407963
1.2143537989722013
1.1223868314098917
0.6996665938754149
0.8385798089879373
0.48716975222617986
1.1227693416695412
0.9935561510565966
0.6872685609378266
0.999584226068621
0.21054390407960222
0.626978040229263
0.3161710015190284
0.5484347825913556
0.7844323909802063
0.8392678439424297
0.43059260938508237
0.8330415227650063
0.7003467049848414
0.9023242284534674
1.0478379051651472
1.1133427550348127
0.8955518106304936
0.682593498426363
0.8522456484775682
0.8599311738589122
0.8328068484632778
0.8485825795536102
0.701911685460151
0.8453897273802489
0.5997449880342953
0.6119722531243748
1.1102544995452184
0.6905043219230333
0.8306116082030552
1.260483722113557
1.0750611324343184
0.9471116209789383
0.9368095775011944
0.862400920483901
0.9817398113999902
0.7699223711070353
0.7719839693450568
0.9423672323165504
1.0495623712123934
0.9044704824991052
1.2682585767757517
1.096209770152221
0.6921294879818797
0.7504763537861636
0.6509139359650663
1.10724068660415
0.5941036058041925
0.2831881586391732
0.355205310548362
0.3715733878357234
0.49108411171361044
-0.014721891934290354
0.578839622228305
0.34530130858129293
0.5220192146656868
0.31982242296888413
0.032165243767654506
0.04783994703391614
0.3032715707303612
0.0017357253471279588
-0.000569756810118005
0.2094821799776081
-0.14580133036968368
-0.18220889215669234
0.09777623259802859
0.3794846999646706
0.09608209686149843
0.7516551221711791
1.2117914183648069
1.2991535401511443
0.9889288702547956
0.9952175750614216
1.2249537797586865
0.6848582585269496
0.744737413425443
1.0308283278737496
0.916136203374313
0.7270579485167926
0.8268418463726268
0.9873885126185081
1.1389750509843428
1.0265757679421907
1.2675142501645658
0.9264944323758837
0.0602558020873768
0.9007635138911063
0.6864170391326831
0.8866967755581976
0.9201069985873496
1.064663228370649
1.208927306428069
0.9817567753961074
0.573964838308563
1.198309689403523
0.990707000901917
1.1052409254974929
0.8472014597493156
0.9262992954941627
0.9714340363238476
0.8103888682896512
0.9960970406517669
0.8499477472483579
0.6486401165572777
1.0488510774411317
1.099564387607209
0.9454269360734906
1.2528280427797602
0.9383563378306179
0.9380902863264774
1.207713251044959
0.9055129651012328
1.0358870649951426
0.9556695412050601
0.9429917012332897
0.532485063111739
0.7260738844282052
0.9695926342476148
1.0535572716844446
0.892247693480538
0.6422257634066666
0.6329662441446628
0.7750298586932443
1.1170527790796085
0.4918797505349632
0.998569156701678
0.9633140392842049
1.1263651394670697
0.5725061792578189
1.0581613978607511
0.8875040026938502
0.6931793417935526
0.5631573974805533
0.5241283696480186
1.0969490095732874
1.099033080115484
0.9153368947467124
0.4575669412700155
1.2938231534338938
1.0113248724554948
1.020073751558164
1.1630635894570962
0.8513102238559023
1.0362443807606727
0.8149835504181546
1.2005951239895596
1.274042236987933
0.8442668560018032
1.108621612443658
0.6703645689495199
0.7419833253214878
0.9399017563701462
0.9247344497418255
0.7073085791964515
-0.0030420816800228456
0.15276035979495217
-0.10180430756853803
-0.052825893106182686
1.0502362067255868
0.9694919345412918
0.9645525514522686
1.0700861393194352
0.613746173856089
0.9308470233674058
1.0301631283914439
0.825453909791484
0.9123139027858651
1.0713500088499945
0.9416239158334059
0.9953685445265591
0.23004757291190836
0.5824476190017778
0.6554995174968683
0.7499688163434881
0.8269316425204658
0.6711224730611425
0.8492766133642227
0.7794382765650889
0.6139947834020592
0.15698194345640049
0.10167514668345407
0.756633974962739
0.5486518528736872
0.8266099160788842
0.5457987189526512
0.8186967808490726
1.179664652850316
1.1949828133000762
0.8578770573855319
0.9664708854737607
0.643076946800481
1.2016412892223418
0.6653031391081518
0.957846740123636
0.5916350018326146
0.7138780733773477
0.039409593973086465
0.27413968496641855
0.10508373891734207
0.5905143387220486
0.594486444763501
0.866973230655232
1.0824652055479933
1.2325402922647528
1.0406357297747588
0.27723343349662755
0.9030388410990995
0.650237943468595
0.776006256063283
0.4454803231360909
0.19290243858930095
0.5240546542737994
1.0160453191219432
0.6120359555378267
0.7697190721142875
0.25501933943628086
0.1538574455661953
1.046032127810398
0.7680039657828694
-0.047773181701104006
0.18144336339133948
0.8726266841374997
1.2902427384911044
1.095029231824289
0.9005989829973331
0.2835230737968117
1.0450689391073733
0.7738214559897223
0.5535474986442087
0.39732188291220827
1.0342564135070957
0.841691343431995
1.0249884600135961
0.9577752062790887
0.1977226418143121
1.0044519134430316
0.9318997059010823
0.7769001400330879
0.8764713040450491
1.1729258201513284
0.7551414617514312
1.133478253000831
0.962490515252564
1.2121210812206826
1.0939335985685434
0.49373866760503304
0.6111840250068107
0.807419776770804
0.4942471062519589
0.5717470816811583
0.6554237572734283
0.9263155563849503
0.3780343571646012
0.07976084048354548
0.3958890300856192
0.28217551280005154
0.1984927368925123
0.362305950091185
-0.06801476857178107
0.033290053360144234
0.597475559441471
0.766897697866521
0.4925118619478705
0.5765876988536639
0.9495236995647096
0.945872148788132
0.7523928016935206
0.9718291310096487
0.4888716772366279
0.9701600229087786
1.116287533973325
1.0067592228986293
0.5331782287424327
0.28089594477218516
0.8205273078607029
1.1448103576432445
1.0962600426676132
1.0441649526964307
1.012850412643954
0.9971543567287182
1.1469774990725423
0.4910256928777122
0.629324811478057
1.1898204565815214
0.8873787539494509
0.8250113599545547
1.1288990237939884
0.525959986957083
0.8517439962061334
1.0938602036256835
0.9748852173453095
0.7195910222417328
1.0103139674709314
1.0768636296686163
1.1839182145743563
1.004038091247837
0.8830918391505637
0.7221250004372446
0.9462316444645246
1.0755538236285707
1.1257369211293522
0.7000086774521845
0.8078529577875914
0.778869456837572
1.068994875068109
0.8102443212867292
1.0427670080574756
0.9839022417631248
0.6291112970258312
0.9365628506348215
0.6499697372860643
0.7731060356910131
0.7937447749992563
0.4602784491370473
0.569260266525095
0.8336141855913921
0.6509895029579792
0.9641948458842482
0.8187430985953705
0.8961734783712102
0.8831818719584709
0.799498510660024
0.7322870492153276
0.6504230670278028
0.9315973737697446
0.9621779389747791
1.0510819172349326
0.9822432549453292
0.8367242629068443
0.8621887603197637
1.0034449290168095
0.837776646661907
0.4833021218233519
0.8482626334802725
0.5791116673147754
0.47614447146664596
0.7779258082934598
0.17779622280201507
0.7640823877724601
0.18053157561560068
1.0327634051207109
0.952690834434035
1.1652140756076739
1.1921642917517534
1.2499424236036791
0.9245457018905814
1.1865952020127353
1.1213895263523592
1.072407195802153
1.0864467693203932
0.9315589745057072
1.089647124585488
0.8774100557159366
0.8137123340941993
0.8063536403527587
1.0116245815710978
0.6731725872455934
0.905204679678003
1.1421314486482066
1.2775512692108082
0.8851601178863112
0.9641610733301864
0.7453534647144071
1.0158404600843294
0.9903473908405711
0.9708060839786583
0.9194490644778754
0.6534513585268382
1.2159105972261735
0.9076212408137351
0.8915953458849497
1.0271352844941533
0.9622768849154697
0.5706213755448822
0.8730560589941356
0.8933100548548051
0.874268217424334
1.0600902329316793
1.0904093482649146
1.2878382703204485
1.0943892853919155
0.8252928536048163
1.1851617397080119
0.9994802445095214
0.7481373289966508
0.962902876737951
0.808727441992817
0.9776492583172369
0.7700626632374594
0.9359099808682255
0.853248959830759
0.8641727513254115
0.7467280774735294
1.1365911670184385
0.5187518147288017
1.096827936156083
0.6221893762201045
1.1575593988009056
0.9777741186097705
1.0968269931441872
0.978044149983445
1.084604349208134
0.577854108503267
0.7093853924792348
0.8729257588517012
1.0093634403047402
0.9489157100650643
0.913474791312361
1.0618426914003143
0.9900624017178568
0.6410662108366472
0.7361141777339346
0.9264078318601533
0.8018050223080018
0.7380936688544253
0.990422875691291
0.936735844230199
0.7794979016880816
0.946369351266739
0.975508559405235
0.9083151707282888
0.9462395831369064
0.963044020945696
0.8383482205997947
0.8475881760389674
0.9461233741383508
0.7124950941206147
1.029829838870938
0.8979215269879544
0.6835174603462811
0.9024808234097772
0.6324093983014395
0.842145628859492
0.9325396805773278
0.7443300440321091
0.9178463460906855
0.8616421427935774
1.342837310384129
1.0869290837278234
1.2132637161134616
0.9536233973486701
0.8593573310891378
0.8713417221445352
0.779287257011038
1.1188650387312427
1.1332714638500283
0.7058072914065134
0.8595862463987687
0.6752844531326345
0.882349149519291
0.9101036361930751
1.0489404949947656
1.1009068917497196
0.9859606542514256
1.20512414087792
0.9453564502328128
1.0285446055964538
0.8343256185403074
0.9123519497401815
0.9822986878914373
0.9307498191324932
1.168651793698949
0.8754289213742055
1.0264860894968482
1.1266111937511063
0.8093087011830373
0.7797852741059698
0.623368709490218
1.0509602181576492
0.9908292250293487
1.0459944332160531
1.0920716682665694
1.1044986194469666
1.152393050366996
1.2288686371933553
1.0088585064334779
0.8869800008496358
0.8350700782941479
0.9483476042452774
1.1125502008222476
1.0425859699235025
0.8032587584564888
0.9646660768877264
0.8628934731865594
0.9484193451577694
0.8513893745772569
0.8373112651087657
1.159385032422792
1.101261338605191
1.110077203887454
0.6123346238146513
1.242155473161957
1.0027692267932338
0.3147220427347133
1.2813776599228888
0.9933141969013253
1.1181784708612466
0.831688615724478
0.9652513978420587
1.1502162465798662
1.1405380342356826
0.9191965680656624
0.6561078715175174
1.1119509007205797
0.941287547453134
0.9589394141688603
0.8983454407063612
1.0015279234000856
0.9154877466539322
0.7867842202663913
0.23223417755254322
0.7252363074058604
1.197572740991597
0.9823060581948421
0.9166700087316114
1.0701421352793865
1.069498253770226
0.9270922638084869
1.1381779277698518
1.148645362712335
0.6377641626726648
0.5403980654899856
0.5691745524828583
0.5618829700763766
0.9051092925196677
1.0462617804064622
0.8785569357838761
0.7101664080944179
0.3190051250122638
0.4924582337775736
0.3292839428546014
0.5030204761734741
0.27662921265853546
0.08651700307408688
1.0252404848993546
0.7524696870831626
0.6647482058412444
0.03826595084101686
0.0019373936790508806
0.22947509382357917
0.42150871802587087
0.5786863546504168
1.0874054616700224
0.9865054356630731
0.9636130272158352
0.6291965477990076
0.9487440322132545
0.9548125588641413
1.1913759752282862
0.9934298814337861
0.8120016337167064
0.8047538457716048
1.068528439919528
0.8218147341736945
1.1784667251873064
0.9000518680384837
1.1161134222973605
0.985398280683055
0.4445805162651955
0.8805940409230015
0.8094290466814251
0.44888046273433163
0.8415393135321163
1.0700258215909617
1.1611100180975198
1.0738629465796958
1.3024778302596627
0.6707776826605851
0.8237935846184974
1.3213638194894144
0.9695685813942996
1.0651373910722186
0.97465517338306
1.0192371535871234
0.8509928237594651
0.878260118754277
0.7612027475183503
1.190143314130053
0.7017107527428345
0.965423316519921
1.1591852400978115
1.2666369043594614
0.604610760726425
0.8399348999811884
0.6689782802800408
0.9315785232234026
0.827302984915087
0.732240415550385
1.1018634776487484
0.8437527772802882
0.8834805328409421
0.8983668559748518
0.8913481974050458
0.9949807600506406
0.6736611829845294
0.8514886590538772
0.7461216875246315
1.1508172006294222
0.8724532762959034
1.228418085871939
0.8113540166123686
1.0351854269377674
1.2087580530461863
0.7332753725524455
0.7954835787698149
0.6110705068238224
1.0842264478668084
1.1569479975757968
0.8030961112072776
0.8133500901261401
1.0937801944261452
0.5874835014667047
0.947938889072154
0.640309871312529
0.927055730209813
0.8515447827464107
1.1349239090889571
0.8988204668002198
0.8589685715748256
1.1004093663005756
1.0632128483261092
1.0022359756751253
0.9560244972072571
0.9756444054933537
0.9553321777911616
0.7917958972968351
0.5728773580757505
0.5985145905185915
0.9801573410381285
0.38189722128134634
0.8835316257014123
1.2138447202997353
0.569691156691468
0.5802251581242082
0.9296536933145869
0.9465598104748604
0.5131690680652196
1.104103044611251
0.9103053684595119
1.0007635347704826
1.0798085354135425
1.052479821581006
1.2981156928293403
0.8030687543359862
0.9676646412706147
0.9344620937464378
0.7618151846014994
0.9950883730161938
0.9264790002465036
0.7527294453514743
0.7834924396165528
0.7768327368501701
0.38325642374778507
0.027535992042332258
0.44864385743802554
1.2412307026882865
0.9973296068899691
0.5500692657062911
0.7721919917215565
0.5890224036908458
0.8927334162514281
1.051952525486071
0.768229955733451
0.6053368723602996
1.008656218552389
1.020154716825742
0.8147400749073697
0.49960938061047844
0.7828260642777635
0.6627600254988373
0.9020465459304324
1.1274617271120606
1.120476374066827
1.2550311477717346
1.0325516675852442
1.1682227277581965
1.1913592820239947
1.1667661934760485
1.1403522843226268
1.3242549386811722
1.0726985357494336
1.1265159689746242
0.9517300997355401
0.5408881582439377
1.0252997816590455
0.7608741855028993
1.1235331218929607
1.087536566627863
0.7793451364147908
1.1279893073835714
0.5746424778633383
0.9696765360342458
0.29297350629036256
0.7937138396293556
0.8394684841216642
1.2197798176754122
0.9437069389358608
1.220334923696547
1.0314988934396405
1.2912584177948916
0.7959378637972807
1.0563336276795172
0.7393356039301667
0.6539079080880239
0.9950130630439082
0.888294013848526
0.08703432172586573
0.7222959247280888
1.1097158513170728
0.9782702242558261
0.8222828471079833
1.1674141628336312
1.1691514121853508
0.8136817417916473
1.1633221585747247
1.2069657837405598
0.7941892178286551
1.3020678724825512
1.0339181129997204
1.0074796243796864
1.0696739302588045
1.016383225470577
1.0881162399084165
1.0248589183651597
0.8628423961441707
0.8642418475117641
0.4338492244986002
0.9374276335398517
1.0264343590781426
1.2806421534069097
0.9341600680642714
0.8356511785402441
0.5535509077619873
0.87834318579298
0.6298363399887076
1.0748131001351002
1.0356223366559467
1.1047076273245766
0.9018628587942998
1.13506135161819
1.2804409603126832
1.173727220843311
0.7648093208756707
1.0040956895479378
0.9001444695582531
1.3433410305891795
0.9320940499692085
1.0769179737478722
1.0183329106836547
0.8532865355118116
1.1931054073205511
0.75543290643865
1.0196276594619578
0.863919218829202
0.819838689959485
0.6607047516184503
1.033831675161514
1.0674007036099795
0.6499562223509008
0.9027584897653083
1.092151478721282
1.148046810383858
0.4143742242727163
0.8437655695032278
0.7451649383469454
0.5352225453906173
0.8691670338153266
0.8091430203063268
1.0287819261126616
0.7859984046336566
0.9048016520837101
1.1696144043002126
0.5597195834168421
1.0759075158111355
1.019569728102259
0.9604571490836507
1.0318418139242154
0.9239612319196888
1.0465173821131164
0.7250562183182363
0.8531761850717035
0.5040580987530029
1.0292705618414189
0.3795184469207622
1.0350047954530015
0.47388124024095024
0.8950058289276575
0.8200312058496014
0.4622826912155536
0.6212572465253974
0.8295684037713535
0.8203848704892546
1.1150487111495033
0.7939478559572688
1.0056494648230454
0.7087153761557039
0.8832672770559304
0.9219074836241461
0.9380211397818914
0.8337324685167558
0.821843791186849
1.1421516767096223
0.9641635780453619
0.8647618471163128
1.0669622242792935
0.7140265218497298
1.2415854907519157
0.7385143076780486
0.9217128078841185
0.835132677095364
1.126299106198208
0.532462049135662
0.6006006985729155
0.2885942557081058
0.6994215788680913
0.6921125374811872
0.6813675037330387
0.6901262745824904
0.740249463897434
0.8051100113116074
1.0593972979683963
0.9978760834970798
0.7261275824862695
0.8662656656207185
0.8536931980481951
0.9662419647063926
0.9822055241665173
0.9782411642448555
1.1302685381392257
0.8181506759156572
0.6265966668796163
0.414580179915135
1.193736836098814
1.285201452193594
0.9568123995986166
1.3543262089526706
1.360818580090788
0.9938328106958398
0.9192104840472404
0.7233520866583613
0.8709764972790266
0.6757747399272394
1.0403993755012753
0.9326028861274214
0.7472898764447835
0.5809833550529597
0.944582382834803
0.8361402244414031
1.0393992312336846
0.8424839388693219
0.6757807129261313
0.549321468884385
0.8096286155262808
0.6065418352449212
0.8615344470861795
0.26535144216024065
0.7869617018338776
0.8927466314286967
1.260840524522118
1.111182605207219
0.9848812639110335
0.9875330119159429
0.6946949394887287
0.8802235410229446
0.8479804965843188
1.1173681425476893
1.0850609646217653
1.0269928336830603
1.2508700229058436
1.0418594266417598
1.1219345979475226
0.9508139005965119
0.8586341466772284
1.0177200276419154
1.017974309355522
0.849158972577285
0.9485556163207358
0.5638823108965301
0.42989170484836653
0.6046384399076628
1.1738669220391802
0.654844081637189
1.0539583417801683
0.9058397351462795
1.0127151918761068
0.7261986368759883
0.8508439087942643
0.7341916598664517
0.6023892923540839
1.2168686148991585
1.0107791993789754
0.5991956347755061
0.9335265813068307
0.9579244099387052
1.1893549015378182
1.113042797612159
0.8057763530002175
0.6351288306723835
0.39422302259586645
0.7560996868698874
0.6993592996468321
1.0916409704294066
0.7482713519908412
0.9713372061686509
0.6428207838972779
0.7375999091456433
0.7734683724015889
0.9816423571745985
1.2376006258740186
0.8038616735356864
0.7846960460501635
1.0541123621796364
0.8899895384989158
1.1496919088858475
0.7677197960935942
0.7449058899728185
1.035963588000179
1.125760356271396
0.7621742073608874
0.8219174765547725
0.8608653627894045
0.9261976599356965
1.0317873342886288
0.9475751400556521
0.948276542971164
0.9999762187850199
0.7075628105186204
0.8178439424161832
1.1795210327613108
0.9528404789308382
0.8699797568984907
0.37310473363482555
1.2535265327888405
1.0200648621924289
1.2612963184367698
0.9705498838403758
0.7539000198304222
1.1198543018973919
0.6918560214952667
0.5851730991561004
0.6840762319177958
0.8450153005048818
1.026353167769054
0.9401680010757815
0.6787529263164107
0.8518696015202034
0.7542814859282112
0.9273453315231444
0.6439760639626368
0.9701395963799702
1.0149426273037316
0.6143863751568035
0.9273601793226375
1.1325391852495006
1.0390205647087702
0.4744867465376042
1.1350534307124045
0.8192760470823965
1.219274942382571
1.2654066238876884
1.0933192799096538
1.1306814897455164
0.2592542795990662
0.23395637531288432
0.9938395416177634
0.6630692564680809
1.075485744602045
1.128062967171262
0.810374597171551
1.0699204425461426
1.023758221157969
1.016270824528843
0.36766797470883134
0.9911467985038007
0.802839246804796
0.891322178295232
1.07697459362468
1.0434035385407765
1.0894705170596426
1.024801289867452
0.9549169806694697
0.8558754368954805
0.6990928061927688
0.45213443878686804
0.3821140395965645
0.9370780445658939
1.0697518947915248
0.6409488279396953
1.1797155105686445
0.7298276055599495
1.0364797528507235
0.8757870032962651
0.3993345074852374
0.9515694624686888
0.7029199503723176
0.779082948852154
0.8570958831151265
0.7665236985606527
0.7154019589378694
0.9258950023196841
0.7104895908178392
0.6932183999058934
0.5786481707220441
0.7817293376316352
0.8391907108944376
0.6672468523924591
0.7584906063476632
0.8275783296518016
0.4215718385100591
0.47327661412196387
0.4377590021561402
0.5171841499849146
