-1.2905042641475493
-1.154834195254437
-0.47497424886106887
-1.598755542795735
-1.2692489427018996
-0.9420445572548768
-0.8792065101741555
-0.9328203965216117
-0.8824476314007936
-0.5947048727336359
-1.1329883487017274
-0.7164085112492049
-0.34353072714472677
-0.8811724107815115
-1.752759112352601
-1.3028359319303926
-1.3583642481432678
-1.1280068355532606
-1.369106312135678
-1.4015940570165653
-1.3247964338445242
-1.2503671995886732
-1.407849735855461
-1.1073192787422619
-1.3845775059935448
-1.3693026703987756
-1.1701451536743275
-1.1552241493853324
-1.0361135608374357
-0.9007778531417763
-1.1936131718905114
-1.4993690886429853
-1.042352019042008
-1.1037087566921955
-1.0402479479103632
-1.3723875959914065
-1.0837871454552885
-1.2663635548328702
-1.7613060952052424
-0.8586000751480973
-0.5080058539283623
0.24646457681953904
0.0674816638603104
0.23332501937854722
-0.07108358477455101
0.31874749515659073
-1.2595911933958919
-1.6936140483536126
-1.0523044579392369
-1.4390081176448206
-1.391085895375867
-1.4406096331653153
-1.391930797669276
-1.1756719191731053
-1.2346632614298623
-1.2958344753205637
-1.134205583349982
-1.398425473554292
-1.0986759889820024
-1.302001773129225
1.2653551683735629
-0.038675645269800496
0.6381071994490382
0.4301009869680661
0.5873817961566272
-1.1043957226854542
-0.006805541770616541
0.9118161700954766
-1.032427605951906
-1.8595103405490214
-1.309306889734607
-0.5619398242594624
-1.1336437317541936
-1.141347615161289
-1.150976400408038
-0.8281100586367549
-0.9808801104500622
-1.277750975328104
-1.315384822927687
-0.8129448859066921
-1.016020730496184
-0.99160313630548
-1.464762647808121
-1.4261793485864092
-1.154529405044548
-0.7578615214447033
0.6300030416417097
-2.0366563814212606
0.3502899330589264
0.8186978051265499
0.16133335517296943
0.5820308647667229
0.8217353032109929
0.7664773519440928
-0.5797437249413873
-0.6354573246171176
-1.2778276616019582
-0.8543592617076701
-1.1326497324848706
-1.1618607143793336
0.9293076088025864
0.549795544284519
0.9752752403776033
0.2965734412298062
1.0712567246313236
-0.6478761506217989
-0.14493382208891004
-0.835947047031061
-0.7610347109366884
-1.2941168699023706
-1.1886144686785587
-1.4415856690501505
-1.2144688681936808
-0.8212114517773295
-1.526872501566978
-1.3989289166431556
-1.4717537460279317
-1.430041255492972
-1.3334932419592829
-1.8715909538686575
-0.24565630288360718
-0.7496259046501963
-1.4034430677935779
-1.5520023819534996
-1.3266377693899785
-1.5582038548240178
-0.8050267516006404
-0.5718896046652098
-1.0004331974668623
-1.3626990915564694
-1.0804127477995669
-0.9991990983828287
-1.1825526746094652
-1.311826934491396
-1.5232413350156861
-1.915372958681606
-0.7980866769137076
-1.0000035319819334
-0.8390227156813681
-0.8758763600973809
-1.1972633634746275
-1.3198833854332117
-1.7278569074297045
-1.3648300021864104
-0.8798257255503195
-1.3800004658118843
-1.9510293253057347
-1.7568897743141239
-1.1020951946987856
-1.5028152955644936
-1.5052037254784996
-0.4322088869028067
-1.5156896956084422
-1.0645163972709926
-1.631375094548807
-1.9655443567022741
-2.033556445492966
-1.8679846317377569
-1.621288279246434
-1.7257937323465937
-1.511208988456038
-1.0336102316455278
-1.4623339880062767
-1.6999576892641948
-1.9505445398549408
-1.6022235031483298
-1.6009547509793147
-0.9801586999537883
-0.06980487092258225
-1.7794210293213328
-1.155392779615913
-1.4591917829271537
-0.992952540767275
-0.8796517985763204
-1.2671106910809729
-1.7202430155213897
-1.4675094541777451
1.0000239466200476
-1.6373482213676434
-1.16445147732671
1.0001180502413922
-1.553153509136237
-1.0884140600180474
-0.5600671204564642
-0.9893205139136867
-1.3090052198320483
-1.8601609766171887
-1.5878740506420665
-1.7404821443491378
-1.9402193384839983
-1.7141820962035823
-0.9496195385668502
-1.4137143426066985
-1.4450091706824255
-1.5024568838923422
-1.3153282106189723
-1.6935559812631118
1.3222704695446292
-0.2781226912773074
-0.6398234227187845
-1.0232240638339702
-1.3480485883207514
-1.7442674090323058
0.1441558142752355
-0.3020993354408892
0.42544444755455024
-0.10650299140433295
-1.5315235744301583
-1.5008339098724564
-0.4683779347943673
-1.4828229257364793
-1.3204429768966908
-0.7918444216125129
-1.2492245641088269
-0.45343750947598305
-0.17830779616368742
0.6818967516258401
0.0034038672843752504
-0.40619716408396456
-0.35572017310940107
-0.45036843742938326
-1.5680182032230607
-0.7080854173977598
1.0001748493939944
-1.2018211872266737
-1.2336153803956569
-0.930013373719248
-1.2079445242386748
-1.1823580645663958
-1.4905191052770925
-1.5355069003441055
-1.334800953071208
-2.089739902040523
-1.6249104422902236
-1.1852471685541166
-1.2379042552156128
-1.4018824034503672
-1.041905124297773
-0.8646416604719367
-1.427007409717454
-1.1864560354277434
-0.6062174000398335
-1.181608568560628
-1.0318070620423458
-0.8205607593873039
-1.3017954774269371
-1.3698196449701363
-1.1336949867983177
-0.8657011953781579
-1.4793546750491584
-1.4151868985215519
-1.077947977782791
-1.6456387109093014
-1.044985897951548
-1.8462642052354574
-1.6250632577925097
-1.7478989311051427
-1.5572991468877204
-1.1171885610952097
-1.2944207411187716
-0.7950198465330927
-1.3395820957015816
-0.9838878145945411
-1.6074535831710473
-1.1936335682650043
-0.8851228007974157
-1.0307837390513248
-0.8598137039643305
-0.8425537208432778
-1.1464595472144634
-1.1298544142642266
-1.0968341387686327
-0.5780848593742831
-0.8564028427581658
-1.3120712519809163
-1.6450348561559796
-1.207079547973265
-1.1884189018081133
-1.3201146220658495
-1.4393188547817715
-1.1009761754547325
-0.9066769077952859
-1.2052631011355908
-1.221728550487511
-1.2460537410192318
-1.3189129126015333
-1.487116528869347
-1.1331704845872623
-1.6950997306341502
-1.7093599148944179
-1.4510144677404184
-1.4861812059927793
-1.1481665880179108
-0.9240776799998034
-1.5409986467801515
-1.44389390549267
-1.2100615500938685
-1.4716420316723455
-1.2513240149868918
-1.6999377684941759
-1.2382525549187287
-0.7003884450334652
-0.41692374209953287
-1.290361498844722
-1.072864997048616
-0.9607606071335757
-1.6452871343706887
-1.5878008832761255
-1.3065803133009941
-1.6045272499889303
-1.765813794043414
-0.9742501612131529
-0.5275220128485703
-1.2935759649805323
-1.3480597141944795
-1.176668362696138
-1.478186064145705
-0.9310953015885206
-1.5737923253566517
-1.0128537413138383
-1.2288171796041294
-0.8019013715613601
-1.3725707241755483
-1.2941469219313564
-1.6880256514036385
-1.7057708006169723
-1.0883452117606505
-1.3694239949625147
-1.3641718123524231
-1.6796655724165344
-1.7109526205699914
-1.8398205222226498
-1.097934614010603
-1.442385051948288
-1.8301946331263699
-1.1722721511620888
-1.1030135999212047
-1.3976670994318623
-0.9467736778179783
-1.329903842859849
-0.45065192842702406
-1.241170027740908
-1.2319656287147545
-1.3406598544288346
-0.21948482779286382
-0.9662555143271792
-1.2119845046783173
-1.0571532936744104
-1.4279384975354887
-1.4591135374857027
-1.0563200346244008
-0.884942255992957
-1.4406334904237557
-1.1059435925004466
-1.5106410628011975
-1.2296376108286358
-1.7313951409748787
-1.2910010825708025
-1.7385655138729026
-0.6800203962413465
-1.3286172375460994
-0.35018128897629786
-1.0116349401884916
-1.1349776430746814
-0.7741499131329685
-0.972307249799252
-0.3073978302550373
-0.8072522414866292
-1.282930660712548
-1.3701566000965861
-1.5992653260098775
-0.7083526891286402
-1.3197805769750632
-1.2872380251713775
-1.2107094818781132
-1.3308252680933614
-0.7055929252555886
-0.5606413984798404
-1.1784312191974335
-1.2073034264242775
-1.4049790239581232
-0.9161163439212057
-1.350594863287563
-1.1283833748443197
-1.2718748497646286
-1.399648893541437
-1.0350434899724943
0.7288197026801659
-1.574793035730216
-1.114858103416198
-1.0641732762568215
-1.5409793153395903
-1.608370579335679
-0.7603983906528391
-1.6872579482487005
0.26690975678631035
-1.6388934414073468
-1.2864673686780776
-1.6222628331038627
-1.622135217979306
-1.141705083725104
-0.8958981498296341
-1.722235393786616
-0.8440707450003655
-1.0273030109789392
-1.882087169973586
-1.1821327991941277
-1.5134694150710313
-0.5373515574159049
-1.0336404998642201
-0.027958111674096786
-0.5384697673547472
-1.14459199373066
-1.5894685508766158
-1.1583076407197905
-1.2111383785777552
-1.2142909458286304
-1.5197413182349304
-1.3593890023073574
-0.22087769866314821
0.014988811425357573
-1.3254119358311625
-1.0761169314962367
0.5821762787816438
-0.9530990839997455
-1.167359175495119
-1.0091301390420508
-1.3498366620438695
-1.672497977347888
-1.5157552566472374
-1.5781413185871267
-1.0029422781081847
-1.1177337682705117
0.014458942750193549
-0.7333321677111482
-1.0391913646642992
-0.5856293630951461
-0.6909984051194391
-0.7439185837327498
-0.38361087354685375
-0.6506232721738459
-1.2524879153754174
-0.7006056704915962
-1.2380896286762668
-1.0398299911486937
-0.9345646992546632
-1.8227266417245505
-1.6151270599649068
-1.6576019725784186
-1.4146971094778305
-1.271920746834039
-0.72754812602261
-0.9053896216217445
-0.9707746116934552
-1.5725529717896134
-0.7448428523312141
-1.2009234425777413
-1.2801072981467188
-0.8424600293072684
-0.47206148347282695
-1.1419357902337663
-0.671977089902019
-1.2982604552332366
-1.263988209971344
-0.6587550347886737
-1.993456945257167
-1.5888303127157772
-0.9809009786749725
-1.900120175733653
-0.721592539487472
-0.7433950810366403
-1.3161449361034971
-0.9629778821974664
-0.5833947181498191
-1.2171875057590074
-0.8965912991903726
-0.9691279940104403
-1.4247196163876075
-1.2358027148782915
-1.6962775773387067
0.5683039925680331
-1.66133380075073
-1.8486330624176703
-1.4550217946249389
-1.7382203982386721
-1.555985810578828
-0.9515300497420636
-1.1994445678983296
-1.2127043063853111
-1.3097299019080697
-1.6678224537260185
-2.008766773277994
-1.5086530501792808
-1.475014496472445
-1.4122244840680913
-0.6969330073833151
-1.2068355017184158
-1.0071040616534994
-1.4398915584212164
-0.43166264417871214
-1.727561969967794
-0.9360079414908486
-1.3961080036483737
-0.8030693778792022
-0.7481687020170933
-1.4760156249436804
-0.801439499910739
-0.5133831763868832
-0.6937725510701733
-1.1316061923652996
-1.432870789001828
-0.7348147206547486
-1.1051153008701815
-1.7241579923331283
-1.5316296250262058
-1.6356572587366716
-1.0824718706268295
-1.7686500503806613
-1.3315306568892689
-0.8775357066666982
-0.8163570294547562
-1.0675497217596688
-1.3332830855520397
-1.3635556855344617
-1.079468763374637
-1.0625148474200057
-1.7104559408044995
-1.054146790662594
-1.194023608406564
-1.1436020603527959
-1.6789602984106022
-1.1304741456986227
-1.5504391542627658
-1.1448967975194446
-0.6698351285461184
-1.0087012936542357
-0.9847955174251422
-0.4871667421722743
0.013795985347860862
-0.044523532595952764
-0.2000474535907315
-0.00849997719969875
-0.37837334762422103
-0.10896411409216422
-0.011200231347160416
-0.12756404137420208
0.002820092507852978
-0.9600069671139912
-0.9468226848583166
-1.0969124795822711
-0.6372773923464854
-0.9459243547282268
-0.9041014917374264
-1.0089597284156329
-1.563242872654827
-1.293653779241873
-1.4784904293526215
-1.5791105976431588
-0.9530339740086002
-2.1192241403754624
-1.1147296610284438
-1.4710852645089434
-0.8711642875222141
-1.0348509055927753
-1.1085416105179438
-1.6356442448926753
-1.148383217345969
-0.9065991658677512
-0.8703721551276995
-1.009808126469572
-1.3062765329813957
-1.4633801926149823
-1.0622849206106448
-0.6903838880310811
-0.639097213079866
-0.9321831143403718
-0.4731207441422114
-0.4875264983699361
-0.47148803765237246
-0.958185265298346
-1.2394206643534915
-0.17730709759637597
-0.8841067409442191
-1.1011745660925405
-0.6719783163128457
-0.8843632082673374
-0.649526659375306
-1.4882209834656208
-0.9327962846007047
-1.1319438083454265
-1.2048183815513351
-0.9133716630062139
-0.6898978963746927
-0.835503586041731
-0.730626041817392
-0.970694056106914
-1.1085807861898525
-1.1448456480890357
-1.2988063397751175
-1.7673428474994572
-1.4098542924643802
-0.9792084741995326
-1.0377394519000054
-0.993752580231426
-1.6463165372340616
-1.5731014931926286
-1.1198823415595685
-1.8544201118214947
-1.3892017675769155
-1.4362005891584413
-1.601532780317638
-1.7035085791748166
-1.306430484407038
-1.5231172735079028
-0.8666093488746995
-0.9820413366044598
-1.4033077303014878
-1.3476216705821933
-1.1562576711566834
-1.3836925986934545
-1.0886329252200515
-1.100192811538223
-1.2814272507660591
-1.174193559138372
-1.4445734609834806
-0.48098260589490205
-1.8746093500005665
-1.035864034864782
-1.0650975773008444
-0.9859740015140994
-0.9343950130865932
-0.7269589033015131
-1.0741848403483456
-0.7058438830703622
-0.9662138537456093
-0.9127343457589243
-1.024891542620454
-1.0348472773129254
-1.6177287847736574
-0.8709163792389891
-1.0407787722758834
-0.9056575076620559
-1.299749607161494
-0.838952258946444
-1.11300301664316
-1.3183753638377202
-1.545795978825023
-1.1380981047022802
-1.0732745749568815
-1.4525556583825903
-0.7167808129573985
-1.0803438250614688
-1.4481644586805296
-1.2193238364906016
-0.6477982542849625
-1.6894045208088595
-1.1249060834857632
-1.161427644553766
-1.6053688282721168
-0.8023243146220007
-1.1411004624543188
-1.3518048767345692
-1.0706043431411405
-1.569792220771084
-1.4197365349344555
-1.2020929043333257
-1.2194218384562043
-0.32490679419302704
-1.3086592938613053
-1.4919878406604787
-1.229705402916233
-1.0418757454054688
-1.0069685255134166
-1.3645500000577175
-0.3537449346650947
-1.4687317962535091
-1.5847857505044927
-1.388430609450108
-0.9094513027248607
-1.139654559266128
-1.039960352246889
-0.7269733988691007
-0.8144025834886317
-1.3987128599988152
-1.5773925899688226
-1.059541940522392
-1.4377272057691057
-0.8765298099603569
-1.3302646997601533
-0.9810041869560322
-0.7506229086310741
-1.349326044726568
-0.4618983465844704
-1.5552176384143503
-1.5487624705157634
-1.6818422656183716
-1.3340701494721376
-0.5008949667976264
-0.27221037078092114
-0.4705455115845656
-0.2954340638267705
-0.9927416194099743
-1.1810589419256778
-1.130982625250667
-0.6149407198086381
-0.7760344612257983
-0.7480679727313106
-1.051174421814337
-0.667200534853871
-0.5529461470027741
-0.9793676298260039
-1.0182388368917368
-0.4309353403731897
-0.3884760945096353
-1.299765328479953
-0.20290808753444023
-0.6721145685847134
-1.2596759927744257
-0.7651152474507954
-1.1922340709269637
-0.9982259569879728
-0.534788871238326
-1.014426097038202
-0.8345307757050671
-0.6058173612775846
-0.9004090513442862
-1.2381804810435832
-0.8026706595775497
-1.4220852047215555
-1.0345755092493494
-0.68420398143013
-1.2766118864803635
-0.9647916312658957
-1.8027760687106122
-1.2604563126804422
-1.4026314578816683
-1.522899139406246
-1.630303880276003
-1.7859029049406325
-1.1615246695179164
-1.5878902432144837
-1.34526639776565
-1.4128844027634495
-1.349185131621372
-1.3222607343190014
-1.212102863528478
-1.2658638425878805
-0.9107922139677596
-1.2830888351429002
-1.3335591535966584
-1.0274372148226385
-1.5367661780454462
-1.190042827773299
-0.5697290728594158
-0.7732781616427025
-0.7641412723053576
-1.4093212823892711
-1.6141132406569094
-1.0478924092023332
-0.8321440687533632
-1.6707280901230173
-0.638871843019081
-0.5984680394323363
-1.420511395413181
-1.191085320182269
-0.876377848120945
-1.1149841427857197
-1.277949449677209
-1.135509534513585
-1.1791074097430878
-1.6602829503447911
-1.5650781795229955
-0.4989837742014409
-1.0280843143014458
-1.5420706953560692
-0.778993743535388
-1.0713027122951624
-1.5832082142263284
-1.817689739241022
-1.4306899206311325
-1.087852735488868
-1.6023499574253475
-1.4206314405732032
-1.3928479207913445
-1.1618115705497136
-1.098171536560119
-1.2387574850729581
-1.4023061610340648
-1.494226411069964
-0.9070786925186993
-1.1040338374013123
-1.3184056765109389
-1.4503653690550269
-0.878024972824542
-1.7088559880699477
-1.5455295183113023
-1.1020046883067296
-1.4518718471685481
-1.4484843581435067
-1.6499961621743375
-0.9683396686875383
-1.1659164314625505
-0.8994391705564533
-0.8084770868294415
-1.1525028428760768
-1.3460816231994983
-1.2280596051121855
-0.38099979519458516
-0.6124131081669553
-0.752853509991436
-1.1597599728015189
-1.289001106050237
-1.5988221913587115
-1.3614469671470617
-1.4139725826005092
-1.3377389670367446
-1.494422535745897
-1.5316341631455075
-1.6963890722941024
-1.2140227147030427
-1.4893844763782245
-1.5246923288839753
-1.3080430160907193
-1.0512628249307128
-1.3457273979444475
-1.810881244179315
-1.3555176433296656
-1.4506562723360805
-1.7467561372283813
-1.585744945038596
-1.4233145854229525
-1.2455461348006305
-1.7761882865109337
-1.4783319547287215
-0.9354538410219131
-1.425028369863069
-1.4613710793618597
-1.2252260131988126
-1.014323270988634
-1.0032541441334686
-1.683920129150818
-1.2765444414191018
-1.2951656048409073
-1.176907139266065
-1.3597498047101035
-1.2298075673019107
-1.0213508882460418
-1.1392206152611466
-1.1358632817769287
-0.06286690502576664
-1.736054342090511
-1.7438874122873422
-0.7769282246612248
-1.0785615349576652
-1.2763071200514997
-0.942568449201336
-0.8225212452309318
-1.2614682565583333
-0.8233961909935441
-0.01723377815694538
-0.9745499034203411
-0.7730874699139643
-0.33856973310123517
-0.6471847154084072
-1.2264939461232387
-0.2456819956489722
-1.7051726997307204
-1.2789085403303886
-0.492479902170057
-1.258576218695722
-1.7734188318577917
-1.380214317252929
-1.0586835561161305
-1.2661151729776885
-1.6272577530996062
-1.3578714411898403
-0.8074500423577355
-1.4928097073401838
-1.7882094275493612
-0.7130048576443107
-1.6885785421686774
-1.4848448832128873
-1.3374298947847707
-1.4002471945314132
-1.4146893468478023
-1.4855011916407805
-1.1269487918275571
-0.9126408944897373
-1.1303902216533321
-1.0180196276116888
-1.1389152656286805
-1.3968742028186016
-1.404729543858821
-1.3012172634689685
-1.214360614411884
-1.0031883452356045
-1.4011596798930552
-1.2753576406380558
-0.8429179881649234
-1.1213918828572937
-1.2324201081405761
-0.7610971625729921
-1.2901278794211544
-0.6769586919056791
-1.616731410645044
-1.4251764248042014
-1.4214921752634468
-1.1120634838879855
-0.8187742602517234
-1.5321081363457665
-1.1723866707636137
-1.3173710874905942
0.8371218359850376
-0.9519238021262348
-1.1159597912340236
-0.03343717475744712
-1.2050529542763433
-1.2816291974822824
-0.7130819058498219
-1.7435356098395578
-1.0670914225406067
-1.0581845391430147
-1.60106784865196
-1.3941230206698474
-1.4351529728758827
-1.1496669190402582
-1.7513276343810056
-1.383328452406113
-1.545653603347285
-1.2812194006410633
-1.2086573210096436
-1.4803213587986035
-1.5784467666908408
-0.6174754972200207
-1.3020927388410486
-1.3989012675860735
-1.263996013153094
-1.1261782676521037
-1.7526391113353796
-1.5191752173451019
-1.0645445841698822
-1.173045424988424
-1.6078410152091644
-1.0645580654987892
-1.6460633972486705
-1.4148066455496704
-1.2617582309543314
-1.2938763913341174
-0.7190176585140418
-1.2640959923972435
-1.061186545264358
-1.876017261366606
-1.5182172026324474
-0.9921774199041129
-1.6403959111225033
-0.9261837757576699
-1.0798292177019742
-1.7014853325816637
-1.2988459847312146
-1.6366352878592771
-1.6099507082429396
-1.3075255929569864
-1.3756678557479043
-1.7295932386425654
-1.3696789764696018
-1.9573760178890336
-1.1703304613703278
-1.5842263408362387
-0.5633120995655261
-0.45311755616611715
-1.6121431455684394
-0.9830626540380332
-1.0158078657937095
-1.584271046705507
-1.3973874455268513
-1.619801524068902
-1.100336495487322
-1.7846180349586358
-1.1337484808103595
-1.2441691978229488
-1.4933158380615421
-1.527982677055235
-1.1727638715358804
-1.8134545533533075
-1.8919390301712788
-0.7183278807759204
-1.1645053721277907
-1.4300102621931703
-1.2027477411243706
-1.2552669895004398
-1.144733125842598
-1.880892583241499
-0.827316012175338
-1.346093252519512
-0.9206321499509584
-0.6095195239401143
-0.930339704212803
-0.9040234710628046
-0.6343172401230504
-0.7546722960002652
-0.22143023019476105
-0.7288652894754695
-0.9035413213357002
-0.853185073494523
-1.0794473784082934
-0.609913373946761
-1.0848329100315863
-1.5217832601699552
-0.6537639752227105
-0.7637189335926748
-1.0700937034985645
-0.9912492910146866
-1.0608689081911284
-1.4486491205136722
-1.4673047119829687
-1.2355677682033848
-1.308972844024341
-1.6090561388431321
-1.371508141408125
-1.2432924791636168
-0.3969556498883702
-1.4714984291295552
-1.1128340509848595
-0.9302276237690552
-1.3461695514566194
-0.5732558917982462
-1.3205554207397714
-1.431645445199831
-1.3105178738707874
-1.7056663267300272
-1.8456061313924572
-1.5611774195735106
-1.3939171415881073
-1.4779520978993894
-0.9985267250804089
-0.794578783787377
-1.2846536346791442
-1.8116902223994809
-1.2933756826833023
-1.6246550535457203
-1.6920203642206835
-1.1569273600719117
-1.1632132838691887
-0.8061961690302903
-1.8234293644454949
-1.0648090640175114
-1.7226756958102627
-0.8410721812984503
-1.5274938059543535
-1.225045715669111
-1.0695058635182535
-1.5787089214686716
-1.5320833498385296
-1.58310595934779
-0.4131008002814307
-1.4047401466764378
-0.7887699886193789
-0.5911678217156731
-1.088531718444407
-0.5612818672140205
-0.28229630446022846
-0.9936479617611018
-0.421106760492431
-1.242595649071032
-1.5539099047409934
-1.3252853204624608
-1.7403771524433476
-1.2741775776396282
-1.0882309299225954
-1.3670774284309817
-1.276855520683131
-1.8359567170660436
-0.8203576746282384
-1.130740629737599
-0.8673265088344964
-1.0399500973733342
-1.5596708639849417
-0.865387844266307
-1.1887079667691405
-0.8081140685079544
-1.261262972752635
-1.444401471613406
-1.1605515043396288
-0.6154698981736095
-1.0916213943146558
-1.1325055727453182
-1.3101630184574133
-1.2091178109482887
-1.3015057723574366
-0.6415853637542928
-1.4052873127504737
-1.2307253868673043
-0.5321836073494273
-1.447357442005907
-1.0194752433712237
-1.6597750625022878
-1.5084409077001883
-1.0399942327570015
-1.472656653715273
-1.4499487786900331
-1.163743482604178
-0.22138857535219914
-1.444502456522433
-1.0301564302151476
-1.5208757210681656
-1.278617354374174
-1.4316945114701183
-1.1841598349384277
-1.5335041074255147
-1.180767887259748
-1.100999480536341
-0.8793556669035973
-1.4530719615075218
-1.4906164695115838
-1.2330645460314054
-1.1957676713098848
-1.0327029526408131
-0.8751719493283951
-0.9263670274672358
-1.1960854267090129
-1.1857489930967404
-1.352085927871691
-1.6578199932379831
-0.8702039526020646
-1.6393453590018774
-1.241649115045201
-1.383104209697881
-1.1188598097594837
-0.7912108786231082
-1.3623621549056117
-1.253737095526972
-1.2532958528926834
-1.2215923218499174
-1.339219785691655
-0.9401987939456087
-0.8385093312202228
-1.2369716766688412
-1.1493130696579443
-1.0468500172396487
-1.3924930699405944
-1.311968781266707
-1.5005209378449347
-1.5939541480750672
-1.24230099208544
-1.445442007226456
-1.3147927688268115
-0.7973166842851083
-1.0648789213248164
-0.9764118826811037
-1.3770000728014373
-1.37705210017021
-1.4874596274129803
-0.8905386371867932
-0.9367415181619314
-1.1278223652643808
-1.231450083569947
-1.3575342262885661
-1.726885624739601
-1.4503659385077283
-1.525407562277161
-1.3463624779387844
-1.8509814816237757
-1.2200801816382227
-1.228072823346661
-0.5635975665172357
-1.3597737667303431
-1.507559403097188
-1.767372420508768
-1.544312139770444
-1.4715990087377506
-1.4335778319636006
-1.6748572687607262
-1.5567212589326795
-1.6294418170472083
-1.5988716957106421
-1.4399701139990395
-1.6812373829575658
-1.529429400062677
-1.678887810011341
-1.5596600484959577
-1.0775866304546573
-1.6755662152861726
-1.3657492648095924
-1.5967949179342666
-1.2216378824611673
-1.5497697004003659
-1.5073680005567074
-1.0825584675326387
-1.8641559417086808
-1.465597869256012
-1.2088110461436459
-1.4344528316726153
-1.4481317010954349
-1.4867332540999552
-1.7743601620187286
-1.6558114187546134
-1.6202575228998504
-1.488365719197999
-0.9860031412703683
-1.715206698878606
-1.6999681837387512
-0.8894324789990737
-1.534296535267506
-1.3888522725937313
-1.31999790460916
-1.3995508754812638
-1.264397802875192
-1.3438091459159003
-1.4406397630112073
-0.5625931690393966
-0.4534336170059141
-1.647849599708526
-0.9683198849967105
-1.2862858816100975
-0.8052501134726546
-1.5241391532483852
-1.2148448460244918
-1.278894868925246
-1.6892412899798257
-1.558122738645891
-1.4035856772084527
-1.7095464478808935
-1.4690680774836424
-1.0078849110325068
-1.3726207909470658
-0.6163889321693936
-1.0230593952349307
-1.5097886360884123
-1.6005638612802529
-1.2388794978399387
-0.9455769417033266
-0.922420249754847
-0.5231239303992281
-0.5866477693064376
-1.0017821326488467
-1.6811231246256988
-1.1071960550633533
-1.2112936488341075
-0.5485064662120462
-1.3163387185968916
-1.5804910807287136
-1.6715981919177063
-1.1849896539588782
-1.1648879356561357
-1.1989986246770765
-0.2900417863644542
-1.2369384240483943
-1.4544122013763678
-1.0352022601887099
-1.4245747809085898
-1.1323380472161901
-1.6463239915666834
-1.4969974451225305
-1.7663927953657452
-1.4531905306686628
-1.4127921888689394
-1.8156325134699765
-1.1209514588656708
-1.3412978073100026
-1.3646724762393896
-1.1006699048526036
-1.181487652745367
-0.7021516836841946
-1.2940123339285037
-1.282159531642863
-1.1144940058763673
-1.5556773829596573
-1.4429742700442618
-1.3867710092203727
-1.3193626669850824
-0.924675715918746
-1.2429887204939642
-0.5536472323139361
-0.7937127807824902
-1.2152488307617284
-1.1546215155911959
-0.8987340845931324
-0.9090202090105908
-1.2551386976435903
-0.6528130505282983
-0.98005584463514
-0.6444656289171717
-1.6182419455100157
-0.7322711760290181
-1.5023777367229816
-0.9917999161959858
-1.7781407364292192
-1.2029040214621467
-1.031340672190728
-1.4054928267130797
-1.0716386941120908
-1.076885038854843
-1.5298318751340412
-1.7074293662838829
-1.8213489906556324
-1.593916077819847
-1.1950846122559622
-1.1948271434871172
-0.54173036662055
-1.25077063843629
-1.0409470290772556
-0.9357856099834618
-0.9771228494589252
-1.575485821241106
-1.452394039953689
-0.3835672062079192
-1.1625602757007758
-1.3251992012863563
-1.6121989844053364
-1.485751699926628
-1.543526203180036
-1.4510413059941125
-0.8603445348335785
-0.14445250568696166
-0.5079724436795947
-1.3017466869028314
0.00889002989148957
-0.9119105898463589
-1.5545941190676966
-0.4433224635222277
-1.0275251605289915
-1.1852055134363317
-1.0202512503807244
-0.47552196149712267
-1.1400934986980673
-1.5912803658532086
-1.0258165203122018
-1.6264746246314872
-1.6838724224135178
-1.4464683463345909
-0.996554646169294
-1.32310793795473
-1.4152972791982885
-1.0793813973456265
-1.2845209390396028
-1.031124574739261
-1.2569219944661028
-1.0991736418220264
-1.8254086726920027
-1.2062518369905033
-1.477098151217968
-1.164919641341758
-1.3780308433558022
-0.8030701358895687
-0.35520568086564963
-0.9612915145096246
-1.6600480022523676
-1.0593601197289033
-1.3775391434965691
-0.6157730105734351
-0.6915111324792182
-1.6216688081613213
-1.3331892658261946
-0.38522988420968773
-0.18497720991543054
-1.016436347647623
-0.9847376363832516
-1.2338509397927042
-1.4568042460801636
-1.3671000344511046
-1.8975692051970887
-1.4625322186014882
-1.845657447494662
-2.127257428234559
-1.4942397893045072
-1.612347857690562
-1.5632505314781449
-1.4995620070277742
-1.7191609820572855
-1.9915065985119862
-0.8990575929432454
-0.8785422026763612
-1.487978624603399
-1.4806074219970202
-1.3382884669338722
-1.226436999851081
-1.6727349756608627
-1.288366479389514
-1.5852090436711672
-1.0859634560409475
-1.4553615526074022
-1.4721058929919557
-1.5699334418858661
-0.8881166821955004
-1.5118659669304855
-1.5777838645198135
-1.9646489829511407
-0.9927311241858596
-1.1593678841740525
-1.4335211614232948
-1.4942689891226657
-1.6110013787932405
-1.8304612010720291
-1.5337438679531903
-1.334634818675134
-1.2101022970148179
-1.3619650692380418
-1.6955003706047356
-1.639770855055972
-1.4734585429494274
-0.6643303622981793
-1.5989390016748313
-1.6774976554336607
-0.8444364163896567
-1.6353576114100654
-1.4693764717837785
-1.3657586068067682
-1.4341398607323235
-1.354188049182835
-1.5258323347473912
-1.210144662675736
-0.819137947146727
-0.6590771336009007
-0.8361306595407589
-1.1220526291383524
-1.0438485914018367
-1.3939657810164545
-1.3314683391641517
-1.2158109022345263
-0.9390783506296956
-0.7306465246886742
-0.2144416522805639
-1.0732817391877372
-1.3394383423021987
-1.244920097434689
-1.3963848711799163
-1.6571375157839443
-1.7528869606926218
-1.6075431166124894
-0.8911022078943904
-1.448165961656749
-1.2457526710015385
-1.921068310334504
-0.9222896166622327
-1.431786688744735
-1.2516799126295741
-1.2892332802727953
-1.4966029672335266
-0.8566590199671198
-1.2751255577324907
-0.8395112384335037
-0.5658534449023016
-0.7687843994148611
-1.1750412058213817
-1.5489218086028445
-0.7501200726967394
-0.8439092733974383
-1.7603339578707573
-1.4529981076585388
-1.0598175691927232
-1.4347823779133912
-0.9096725513438446
-0.8336772439396956
-1.1250211964331431
-1.5139554575403238
-1.239733900227901
-0.7021189718541743
-1.0519867195847217
-1.6128687830454875
-1.1603696997194228
-1.0004175208359378
-1.370795906992252
-1.6937115381148906
-1.4152298245509727
-1.4980091934053383
-1.4237325773463352
-1.4728076776009502
-1.2113852048332523
-0.9959902215514174
-1.3457380274981994
-1.336556862834562
-1.622459639230004
-1.2372910511334096
-1.27031200104382
-1.1303246680296397
-0.4754820868795806
-1.7055365072413136
-1.5009280113088848
-1.2170618920541256
-1.1531214544558226
-0.46234493549446154
-1.4074825417510521
-1.7591544780942383
-1.051511132967412
-1.5988793545982698
-1.0098872278235993
-1.0543518394619122
-1.4114564595949541
-1.307204742321742
-1.5489545641931894
-1.103569339012979
-1.4217892619768284
-1.5765071454642758
-1.6588763341574422
-1.1814511660255047
-2.1036275310770796
-1.5652722011170164
-1.6527758790950104
-1.0978130187300634
-1.6011037762848803
-1.380180951107813
-1.1351903308850357
-1.7494011785117871
-1.8666758569226138
-1.2393032099119317
-1.4902490289950971
-1.4917296697906595
-1.5413589954092204
-1.1849251958068445
-0.5889518641345057
-1.052973019661663
-0.6544750288468333
-1.483306325227418
-1.1549210998385437
-1.2669669557402383
-1.4692097946772347
-1.410514394622257
-1.1718566619021893
-1.0160765208707068
-1.9291167008773586
-1.8719110048601364
-1.1946918457442355
-1.9275816241846468
-2.0212512038601664
-1.1796216129654666
-0.697834529354292
-1.0342571074433609
-0.914139181407384
-0.9311072293822493
-0.9046041203427977
-1.207244218155114
-1.5489570903051988
-0.02250014222286878
-1.4976179064135786
-1.31066396789918
-1.3708420093159812
-1.3292586380282854
-0.5666263462470214
-0.9191894495605137
-0.3276497046728346
-0.2678511971811528
-0.6748437060508687
-0.3284214899082898
-0.17890914276489833
-1.5914529158244635
-1.7506549767543638
-1.2538656820926042
-1.2945053985352388
-1.2627361078474022
-1.1960286192668785
-0.9442431342459499
-0.8046708791305466
-1.6985232951374625
-1.577099391216292
-1.4019728602636932
-1.7853787280856726
-1.3674203596015049
-1.356757434420701
-0.8601354431026247
-1.288458617442563
-1.3545954418041852
-0.9819243922477778
-1.3102264805886337
-0.8407768065764698
-0.5474335471374656
0.2645262587211159
-1.532546280705492
-1.6248101583129475
-1.469447896679848
-1.3522568475730858
-1.1232668916323154
-1.2967072187899602
-0.9603224021238501
-1.6264783106620218
-1.5016429978816082
-1.1309609307384256
-1.5777455674543852
-1.4275763081456787
-1.6687643326540587
-1.6823217067222622
-1.6274924191239173
-1.4151989243159544
-1.1989629707556209
-1.5735374877546715
-1.4394926382675914
-1.404425962511436
-1.4820323499062267
-0.9443520749262848
-1.6885689523716707
-1.6389024057950035
-1.6663153723976178
-1.5154462816953844
-0.91610230796706
-1.692561555335068
-1.6722176231598833
-1.6873342308997656
-0.9710629997484357
-1.1606265593373053
-1.6324572275889018
-1.5346327018156283
-1.575731019019096
-0.9452364734741672
-1.6980545353600511
-1.7420753542721343
-1.7405799325013647
-1.501631165862668
-1.331683192640847
-1.5198506161806018
-1.3563195319365213
-1.2237430471239568
-1.4801358543852563
-1.2716911496548333
-1.1938217385001633
-1.1627401883739037
-1.2662740720332726
-0.9619209496774956
-1.3297792608914534
-1.5512264919560714
-1.1079007253895095
-1.6518944188411273
-1.5655559343356542
-1.8927873352023041
-1.3177556385453235
-1.480559137734229
-1.3755709981037219
-0.6351246973616302
-0.7333147738518659
-1.2459668525474223
-1.3309869794138198
-1.5288082457844643
-0.7507582640197221
-0.7057963734360879
-1.1166526489605333
-0.7862500917444526
-0.9155026588813058
-1.2944524923588354
-1.5652802061905857
-1.1962777316833242
-0.7654658972884485
-1.6089889558478723
-1.601658214714701
-1.3155251929032092
-0.4239128384060755
-1.4403513342534968
-0.6359652608942536
-1.8399531297562846
-1.6836891139897252
-1.4279560519837353
-1.1291318129453363
0.02279460994832916
-0.11323411474114908
-1.4067901206871871
-1.3441205608765332
-1.471579611373974
-1.5372617116503988
-1.4072434462869226
-1.5343263872340154
-1.4496674888081527
-1.3986667319573798
-1.5858707740739637
-1.6297041509257795
-0.9173977407914962
-1.3848208842434004
-1.6953014522307812
-1.778401609885553
-1.721858446849655
-1.4306645765168413
-1.4330668730008418
-1.4462461537801123
-0.9747011216106276
-0.7266578279423361
-0.8345180864153654
-1.3301443513763263
-1.324885231856068
-0.650277914324487
-1.6736023754142322
-0.47699785422324514
-1.0310817834828334
-1.6187237101410281
-0.9969070473494421
-0.6924352055365801
-0.43972558448857035
-0.8066018102326218
-0.6230270906023339
-0.6766254526779967
-0.7581667052129399
-1.0789973943599713
-0.2532415764187157
-0.9268225036169684
-0.01468544815833428
-0.4921419515143197
-0.5894309694347706
-0.8009222867249839
-0.48231173661737237
-1.3425376815949257
-0.8309869589100811
-1.2737468237677263
-1.1234009524948563
-0.9539816952068143
