-0.7248624936463696
-0.6488653485419562
-0.10589302958833809
-0.9094544472290437
-0.6779271907294184
-0.4535067111161318
-0.4138516766741154
-0.41394790732998604
-0.3729800338789953
-0.2284384381855701
-0.6076989603445663
-0.3161216048953604
-0.023155161762746863
-0.3793746844254515
-0.9934160910859934
-0.6645768387648942
-0.6702003833599459
-0.5966567249563298
-0.7037318243034072
-0.7393051657454265
-0.664428130446875
-0.6572410195829882
-0.7690051794372442
-0.5079446856087521
-0.7676655401959934
-0.7905430826109653
-0.6622292526673694
-0.639627290500352
-0.5190248491587316
-0.43423449887806
-0.6320572693198508
-0.7786775957733255
-0.4662348256930566
-0.5132983209621889
-0.5026440220750396
-0.6955287890976809
-0.44228931124196086
-0.6741096151433453
-0.9956317955208002
-0.34116374916805436
-0.1294526893419695
0.38662248930388415
0.26830621809527194
0.30665770178414875
0.14974447422836681
0.34766847321130717
-0.623266041058837
-0.9233435765636792
-0.5620429781912112
-0.736198327574655
-0.726195774401193
-0.7162664122736926
-0.689884166630717
-0.5358733728468021
-0.6722883639940331
-0.6859914853860497
-0.5336820916154056
-0.7403878654188926
-0.5283158351437774
-0.694762418311352
1.1300241127762016
0.14954289771539706
0.6039785876590014
0.44790973180770544
0.5950218278212768
-0.5261328324223541
0.1452852645325598
0.8435410555567406
-0.4606367791996315
-1.0910574374053625
-0.6310763195124546
-0.18891309227427722
-0.5546444545264719
-0.5745409522608206
-0.533501425503799
-0.3169565115445833
-0.5046758260659864
-0.6329500063219838
-0.735786095130711
-0.3349099311995396
-0.4476976322688493
-0.45344212124770755
-0.8517754346116231
-0.7028236889333517
-0.5349116292410233
-0.2720351872310722
0.587942936038076
-1.1756827990611696
0.43975470788945636
0.7489664601607569
0.29816970187725933
0.5723091492097879
0.7540846336750698
0.7450702564668829
-0.17734844507610079
-0.23031255249131063
-0.6179103629410162
-0.33005160540968165
-0.5976183959277497
-0.5690897785279315
0.7850163184198898
0.5154465597204035
0.8691267888722818
0.45019926259800963
0.9707659209567586
-0.20340284787985388
0.15562041773009772
-0.41127234016460973
-0.27265690120374636
-0.6462881222658947
-0.5503167728802757
-0.7521227331342523
-0.6015934412532646
-0.38389353340485405
-0.8446924054135062
-0.7465369001486938
-0.8220052227775723
-0.7824475478309685
-0.6848836650369631
-1.0144559058352627
0.027361836534184485
-0.2901870959138932
-0.7738888657430273
-0.8836312145887755
-0.6987372014874849
-0.8012785250868154
-0.3859851713927664
-0.1583925173121564
-0.4582386717171772
-0.7007154706226529
-0.5882760124344332
-0.46387297685825524
-0.5563644336724124
-0.73731103705276
-0.8163644364550248
-1.1273451991358725
-0.32550647584573383
-0.45854276045737313
-0.3699449851386756
-0.3889493210159069
-0.612604466252394
-0.6623233106114641
-0.9050516044657311
-0.7225965209477051
-0.3409572282277191
-0.6929572907911611
-1.0496826104002501
-0.9365981553943147
-0.5814714619408204
-0.7860091230111615
-0.780443384400266
-0.057419554171472674
-0.7867814618841917
-0.5292643651131362
-0.8950170394599398
-1.0893570116111295
-1.1234302443095576
-1.0300813409751735
-0.8566044295585306
-1.010456285099516
-0.7568885020312189
-0.46433189351788146
-0.7739222076265557
-0.9305755788599939
-1.13558675562661
-0.8775406903757063
-0.84039445124486
-0.4611851152691933
0.14738564953216637
-0.9771633024097813
-0.5493552503445491
-0.7197591458706599
-0.4751846580811639
-0.365017800905479
-0.6556498622125735
-0.9251457729691266
-0.7746145514714886
0.9298815729499003
-0.8665741983871079
-0.6268419274614747
0.9222494207993858
-0.7988681558668059
-0.5636740309926023
-0.19501907585161038
-0.5129693854620464
-0.7403397267101836
-1.0114588611731843
-0.9210837117567466
-0.9561972060527083
-1.0649164857227207
-0.9694210912906328
-0.448871250610082
-0.7272380806611153
-0.774307521424214
-0.7823063956309323
-0.6491625789246479
-0.9196274505174117
1.1891024000539578
0.06614052285999228
-0.21889654482736684
-0.5067610298674691
-0.6697692117706268
-0.9465629439937281
0.2596507766756439
-0.04604449955639713
0.49431489515519594
0.0839984305713223
-0.7891747368538672
-0.7899712718113454
-0.08147120859504302
-0.7589441194061705
-0.7172638221813111
-0.2900889317655518
-0.6040769385237207
-0.061956079336436064
0.08228691633995422
0.6277060650103257
0.17452775868914316
-0.0701451636407308
-0.057448078019997295
-0.07774315984233238
-0.9047990365793925
-0.2575476632411933
0.9257563558048906
-0.6405367042473166
-0.651630314571421
-0.44550136589169836
-0.5947274999143117
-0.5914377925354927
-0.8370879625504873
-0.8572625373693962
-0.7373727179231068
-1.239705314821632
-0.9041895331002374
-0.5804575892378974
-0.6900696488123351
-0.7237934541540749
-0.43745592888856594
-0.3506865997562541
-0.734577232009079
-0.565392161969062
-0.15609184247032895
-0.6437125401038873
-0.5022577236144415
-0.3776757760570455
-0.6488781415099659
-0.7304692843815438
-0.560773698031117
-0.3773213846927867
-0.7287008719965282
-0.7256653495956952
-0.5405083335574393
-0.938289796122568
-0.4746432336574706
-0.977844028683001
-0.9311614066626298
-0.9364984349959089
-0.8496865520847381
-0.5392069594070856
-0.6828674274494476
-0.35132679235984593
-0.665471111054537
-0.43322385495872234
-0.8643986000875689
-0.5439906572358978
-0.40420667222133955
-0.4402149093379977
-0.3814483235746255
-0.39007997911936426
-0.5290122131030369
-0.5468073563704363
-0.532496927648571
-0.18277685712466765
-0.4044036309585508
-0.7668179573518984
-0.9406405796382543
-0.6723282872188842
-0.5358710278231099
-0.6983702171342475
-0.7776990358035762
-0.526698408195185
-0.37764397068441125
-0.6587876849014169
-0.6284672795186824
-0.6078303467390118
-0.6413616978160965
-0.7616879859865824
-0.519991234589347
-0.9926553041259721
-0.9731302460342803
-0.7942462911529707
-0.7807883873903908
-0.5477660612865861
-0.35637280665166515
-0.840172493042718
-0.7476211216567282
-0.6536170451692372
-0.7865434036210189
-0.6304088342271499
-0.921397994398618
-0.6320397793706981
-0.23911979574297434
-0.06427183743962399
-0.6580976503965125
-0.523381242948567
-0.41658586416944804
-0.861530579870465
-0.8195357406844375
-0.6416197758918043
-0.8450632210550557
-0.9480378888908133
-0.43887770730408476
-0.18640558191377385
-0.6553426620419572
-0.7150542026298613
-0.5766759673972496
-0.8230871843884634
-0.4159379618856993
-0.8032352091245573
-0.49506004497374484
-0.6163774135492959
-0.33786604645690255
-0.7035112430053045
-0.6650619971035245
-0.9452598223980155
-0.930431998896279
-0.5726947405201986
-0.7542126038444744
-0.7062047292365253
-0.8884904051785639
-0.9950013587483889
-1.058647868839529
-0.5316291898531645
-0.7818908587215043
-1.0517417365209758
-0.536891968327832
-0.5842095553342157
-0.7575034366815773
-0.400113375959593
-0.7142688481421597
-0.1653368379837368
-0.5809855770212305
-0.5768725368686866
-0.7547964422195271
-0.007150815041266782
-0.44313153344795925
-0.5898414088259337
-0.5121726660211748
-0.792157371792646
-0.7938209779878793
-0.47491576957501686
-0.41152611888606266
-0.7720333289198775
-0.5573883351745387
-0.8244929900183932
-0.6708072829176549
-0.9913647102103068
-0.6411855966971476
-0.9729759136289463
-0.26645869163259034
-0.6289012374782962
-0.04808495015780504
-0.5138748195498065
-0.5921179789053675
-0.3157954845942084
-0.44560260089159454
0.011738641435199945
-0.36058083481958064
-0.6261062907029223
-0.7282919698805955
-0.9048213561300628
-0.2940119106319941
-0.7201532211498952
-0.6637404190052189
-0.6275999716111328
-0.7000878146165306
-0.3285199943766233
-0.11968820994639429
-0.6412011693929631
-0.613653424469651
-0.7206900509526658
-0.4369316052430896
-0.7220164425953826
-0.4972335335886575
-0.6451396871632648
-0.7426867993393982
-0.5393340372260066
0.6626434250824114
-0.8495713972836073
-0.5716164798597522
-0.49442198209657967
-0.8450189482929874
-0.8721127231835931
-0.32597658145662334
-0.9245060518917306
0.4186476061763116
-0.8924776453014566
-0.7071770083247143
-0.8676429616329987
-0.9027680669524152
-0.6005162427669052
-0.4165094532805212
-0.9650630052093797
-0.3694722678921463
-0.5149619802564657
-1.106945591022711
-0.5976797515862501
-0.8447335487732225
-0.15177836373523243
-0.47320303604919256
0.1693122326497536
-0.167932422978513
-0.6135735635429035
-0.8370982047902572
-0.5635933157862472
-0.6584640280112303
-0.6153590353647271
-0.8335841920234298
-0.7335555068182229
0.02988320583210376
0.14669533452411684
-0.6824468712882265
-0.49677694962427404
0.5916958319956291
-0.40034644533165564
-0.5860482577139902
-0.47006101456150745
-0.6843840872369317
-0.929983812295359
-0.8535513994515721
-0.889975936828848
-0.5152466160364787
-0.5993012378668859
0.1851026685122256
-0.2529257271492686
-0.5200320431928949
-0.24614472086825034
-0.3238947478982277
-0.2600711304649371
-0.05211836395064403
-0.2839183262089752
-0.6806219706786143
-0.31517320760716355
-0.6542169489833088
-0.5021578500539875
-0.44404426055538077
-1.0661300654149066
-0.8473778385205426
-0.8535021693626911
-0.7274294903302344
-0.7195513531746558
-0.31282789210440565
-0.43981718527796637
-0.4951873614373356
-0.7908375306816925
-0.3489426471007043
-0.6207099571988752
-0.6458384970494789
-0.30789050130011986
-0.13615378396105263
-0.5483527765355506
-0.30341992089953523
-0.6314885230411612
-0.647326450923419
-0.2778190107805499
-1.1024408655109836
-0.8846429996981611
-0.4352472516042471
-1.0858983904745345
-0.3555599722672205
-0.306235899360296
-0.6906602969751748
-0.41923704141310564
-0.15395712577516543
-0.6381627296745511
-0.43870858244115934
-0.4348134700248046
-0.7359704822070204
-0.6201054859282508
-0.9872848224472192
0.5450365589384634
-0.8954276475766889
-1.0018294088039719
-0.7253605948718933
-0.9286242441751368
-0.8919519704795519
-0.4773067900451722
-0.6711107798029433
-0.6613551325728564
-0.7322525120169358
-0.9356576754929241
-1.1945830486500013
-0.8443679548540702
-0.8023277406864207
-0.7175669189119164
-0.2860743354537311
-0.6399971198243611
-0.4524160923899289
-0.8134111235535585
-0.05399728504106845
-0.9655101282114931
-0.36139208342905804
-0.6985749343644718
-0.3791370414328626
-0.31621833717044523
-0.7994801269457067
-0.3157408758111939
-0.10787274207181723
-0.29477680024896125
-0.5817077927776909
-0.74372604795389
-0.2850754667688997
-0.4940668583290122
-1.0138412862111899
-0.7932920912713026
-0.8488842476305211
-0.5391653315879535
-0.9708698590462651
-0.6658203252318116
-0.3778415836953479
-0.370303249789866
-0.5441070759209253
-0.6413574243305014
-0.6922946516806192
-0.46057475689200306
-0.5170405571143387
-0.8837973804222005
-0.44691512904837194
-0.6246613315833592
-0.5505441817990077
-0.8897224710613241
-0.5690901959179403
-0.8074892498167122
-0.5481781413692804
-0.27813219534273476
-0.45094471460914193
-0.4852314567711542
-0.07249175026710704
0.21320123330432547
0.13558725984047895
0.043319853154803356
0.25729601450467415
-0.09476661281242064
0.1498551236905754
0.1995082280706535
0.09485664481552554
0.25391365490119616
-0.4642549194007311
-0.42303053384080447
-0.5181655100696483
-0.22645391933594117
-0.4373751581815799
-0.3475093713985484
-0.4933943546631974
-0.7736875839618058
-0.6712491581347949
-0.7943983318828618
-0.8422630368973655
-0.4703133283252065
-1.2455309270954036
-0.5050724756393448
-0.8019863711727456
-0.3669397293053503
-0.5013329079417664
-0.5402095908483526
-0.8528747496646526
-0.5289983550506181
-0.37531345532171856
-0.39819399077313516
-0.5087993543960004
-0.6815696743356717
-0.7985127680015962
-0.46411787953964007
-0.23944410679133532
-0.2669675539592759
-0.4433432396606936
-0.12966597898673707
-0.07494865286670849
-0.12226478568112105
-0.4473057654493282
-0.5552511282701074
0.12214460369859981
-0.3351580362951085
-0.5820888219754681
-0.3194059953996801
-0.33826192102637936
-0.22199267754555962
-0.7671622286469905
-0.464674563406531
-0.5861308622576871
-0.598992866419838
-0.4313283621676296
-0.3025796493357247
-0.32348728267988364
-0.2838031604489117
-0.46025450996881107
-0.5785591253779122
-0.54403655978246
-0.6626280347724428
-0.9548227456054942
-0.731191291567475
-0.5022116832140917
-0.5567807250882427
-0.46065312304784417
-0.8845696171648602
-0.8838374042059289
-0.5803002544541219
-1.0916440429928078
-0.773594246313514
-0.7445330666110627
-0.8790368618483285
-0.9406952270888812
-0.653119731274784
-0.8730027449208263
-0.3896095142826843
-0.4950291582520816
-0.7605823653059925
-0.7504443668024917
-0.5831189120135493
-0.6952101298675822
-0.6069176343468078
-0.5918924235180787
-0.6587124081343273
-0.5295936483827914
-0.746893331584662
-0.16015664610092725
-1.1119072547980704
-0.4543271458919398
-0.5407442966029662
-0.43494523782198696
-0.39121523245404705
-0.34999715629273437
-0.5669247735534698
-0.31964719309106154
-0.5077987653424574
-0.40671360248361127
-0.5245349068465515
-0.4792256521374943
-0.8346045821387111
-0.3681074069152912
-0.5063460470830968
-0.3662539795233481
-0.6803534362804488
-0.34035680070644747
-0.5377352783973354
-0.6580459675614583
-0.8303962554320359
-0.5338665244717496
-0.5265610217835117
-0.7644163984271474
-0.2920215261368784
-0.549608838473333
-0.7521852148285353
-0.5967661607578575
-0.23955665712788465
-0.87588781781299
-0.5452493912389913
-0.5686416766562995
-0.8887872082301813
-0.3552823784801901
-0.5653938014471602
-0.7225592447056407
-0.5446594604225726
-0.8667811986445318
-0.7736013982252024
-0.6363750401618373
-0.6311917054964831
0.007109903450991532
-0.7124152478662653
-0.8762078383958617
-0.6630431322178155
-0.4849076243026969
-0.4675291156788202
-0.6843816298129989
-0.04705655737528347
-0.7809738898403094
-0.8850162477251624
-0.7137439741041834
-0.47852553615890475
-0.5441446107958433
-0.5497447525918874
-0.2564780545930451
-0.3312682043216783
-0.681541808057438
-0.8943243645484437
-0.485885705414518
-0.7496142935444462
-0.3463271958451957
-0.7443102875476191
-0.39882239455694485
-0.3051629331954983
-0.717799392677331
-0.10288637648246553
-0.8873558424495966
-0.8553450184617182
-0.9917460892509498
-0.7549691495443295
-0.2043238828710506
0.009804522457466325
-0.0940023441752836
0.03021103992525087
-0.5074547856624488
-0.5840066892721232
-0.5935922003853168
-0.2658337431048868
-0.32475586643353044
-0.3565755166251956
-0.5131463252933479
-0.3150795396875194
-0.220512935764811
-0.4814362267480759
-0.4497930583196801
-0.0666255919662635
-0.07390591503763155
-0.6388749075033349
0.051531498225219886
-0.27641174186309736
-0.6191905616020287
-0.36976443474279813
-0.6338395433680207
-0.40872641884687594
-0.15406094190672825
-0.4644579364837477
-0.31802469071508727
-0.18642479910191256
-0.4111332481376284
-0.6961260383939575
-0.3698593263787744
-0.8006792793235779
-0.5399858399768208
-0.2640278470784118
-0.6154896948659447
-0.43267940872170524
-1.0088392409879068
-0.6070856573019394
-0.7113170828410981
-0.8080804875592852
-0.843557830273272
-0.9585517161840963
-0.5623858613211195
-0.8596998944472416
-0.6837919673774939
-0.7497421699932385
-0.740179134494387
-0.6509798112419458
-0.5989122908944126
-0.6241748271814063
-0.45171930038424696
-0.70236419990746
-0.7492966646984174
-0.4716143464113239
-0.8683084335814586
-0.6485358219084517
-0.16536174446092797
-0.2978056660977045
-0.27107648934688205
-0.7718608578087984
-0.9002394589207414
-0.5222087784134624
-0.3723093295914958
-0.9192120268834323
-0.29243667373968374
-0.24700338457766105
-0.6903545717929459
-0.5394298173959158
-0.36474578878816416
-0.5578548035700733
-0.6231795837742221
-0.615833757522735
-0.5749502542210952
-0.9809714498382514
-0.8576869777906255
-0.19176123638312062
-0.47542289196421605
-0.8461756995445411
-0.27273133612829076
-0.4884517222855603
-0.8530148178621827
-0.9821560870157642
-0.7231413432218762
-0.4730984923306456
-0.8292101891366706
-0.7240357371584665
-0.7219499988447383
-0.581054255804274
-0.5453467021003214
-0.648966990215733
-0.7455423653360915
-0.7980156395161068
-0.4175794159247617
-0.5962773849682664
-0.6702740766124503
-0.7057971189708651
-0.4161752148859264
-0.9721601764191113
-0.8060316606511521
-0.5823558722393806
-0.7642564700958889
-0.7601291450760849
-0.884701698327301
-0.43130682047971863
-0.6322133410941132
-0.4162512922215052
-0.30061183206378456
-0.5440906489853162
-0.692816069049095
-0.6118342377390197
-0.0055102871831660405
-0.22065313968190048
-0.3659026075664913
-0.5319282526386366
-0.7048399249556118
-0.9133642706445215
-0.7071788636801507
-0.7509318555079482
-0.741335335485591
-0.8019171287722416
-0.8573551320797824
-0.9578454481259376
-0.5971015353427188
-0.7316755741013458
-0.8330334315171258
-0.688151301618022
-0.5308822228416659
-0.7401206278586455
-1.0453575681712577
-0.7374939507835382
-0.7771703957296433
-0.9741641535004556
-0.8198160760619423
-0.7649586998337797
-0.6930544882724984
-0.984142991618899
-0.8444468807165061
-0.3706537711335938
-0.7372200987438638
-0.7897192816646745
-0.6424215673009289
-0.4518432871534422
-0.44392853745339916
-0.9847744217717906
-0.7259542503054467
-0.6456050614440471
-0.603638877557764
-0.7204425299691678
-0.6129690141129387
-0.4583306091240489
-0.5373326007804343
-0.6007173658554186
0.11971487294353896
-1.0186980720302736
-0.9186794499162287
-0.33508250163924075
-0.568622280473562
-0.6390930051724044
-0.4456895638824918
-0.36217901169882905
-0.6174793527640466
-0.3103715640179466
0.14734778739264334
-0.42009327095663845
-0.3074510841111222
-0.0033454131480433378
-0.23638863690578935
-0.591085412866341
0.03014258962476135
-0.9709125558918027
-0.6489853038081634
-0.14770358894952204
-0.6810528946365052
-1.0235072997911523
-0.7444629018796963
-0.47123793714323886
-0.6499828076035065
-0.8325693475476719
-0.7136836072818719
-0.32479912703554
-0.8561211765802881
-0.9553259756414402
-0.30094106255213454
-0.901680253861441
-0.748069271889733
-0.6629737644342274
-0.73903832055094
-0.6895594610508192
-0.8162033059494099
-0.5801265766705618
-0.3602180261840014
-0.5240277138666498
-0.4260466445209538
-0.5270635716733929
-0.7426008118249928
-0.7188789389800583
-0.7285352134712954
-0.5826262758903985
-0.428384186025847
-0.7015850906069359
-0.6615723434151406
-0.4062302785905754
-0.5041304321784333
-0.5756961416013543
-0.30275794312318366
-0.6023086333699081
-0.3066019661550112
-0.8484237088012344
-0.7946289457530537
-0.7173813774110886
-0.596978466668635
-0.3136093329501175
-0.8464601534815858
-0.5291527071215418
-0.721135646847246
0.7140886072461212
-0.42149609703159413
-0.5977427059489885
0.19056293168582697
-0.6023850413449826
-0.679080095505066
-0.3519439696105277
-0.9749940180134118
-0.5239206024392303
-0.5014080505774371
-0.8375645730133113
-0.6956876696455954
-0.8234825051493054
-0.6367527239199957
-0.9988908032415752
-0.7563462290692753
-0.7894027588183926
-0.6456619435863391
-0.5961367861145085
-0.7917041352037201
-0.9028953584654973
-0.21318671537270414
-0.6826882927222316
-0.7146453414603894
-0.6493867687316156
-0.5343146357264746
-0.996948822480373
-0.815545398999347
-0.4790208020189813
-0.61333695624385
-0.8996526219165727
-0.5212271315244078
-0.8893358027873172
-0.7866354470315194
-0.6309112781313361
-0.672356099017767
-0.31351410936697105
-0.6822364659323567
-0.41535438657206963
-1.0784003173895444
-0.8608966369796548
-0.40934594898648213
-0.8557939099257906
-0.4720638566054846
-0.5316439688245047
-0.9502422567815886
-0.623674931481679
-0.8976395730120889
-0.9440477930146983
-0.653883722627078
-0.7502785703063258
-0.9352035225280751
-0.6790301518437362
-1.1626299835875136
-0.5512914796385485
-0.8397196856590684
-0.15264893950515282
-0.09740727699295666
-0.8338984716347175
-0.4114236629371517
-0.4942374679641289
-0.9021476264479803
-0.6881454893121118
-0.9497483440652555
-0.561769911162062
-1.039474014860459
-0.5314931365065064
-0.6949445428105893
-0.7707201053533762
-0.8264497177690148
-0.5693811809260619
-0.9426627273607107
-1.030481995610064
-0.21643446414260517
-0.6075956861780024
-0.6950206631326349
-0.5544296182096208
-0.6131285636723856
-0.6058945949927852
-1.0058788698261052
-0.32672190528099015
-0.663742147376937
-0.43202770859597633
-0.177591896194032
-0.3679787602674062
-0.3769401207992329
-0.18532176670035225
-0.2876297684364589
0.09343555501172696
-0.28658162252739056
-0.4334239302165726
-0.39624317083073746
-0.4953472328784088
-0.17368417521773538
-0.4368919915646075
-0.7743854711825131
-0.20117574795064042
-0.29477970207404547
-0.5320943573351713
-0.45003730806952835
-0.5472007123571169
-0.7237490091150874
-0.7708227801821943
-0.6610890442279546
-0.6681836941806735
-0.845888353006397
-0.6862484999915415
-0.6659788693457995
-0.07263619696778985
-0.7488039614358802
-0.5244456175147383
-0.42298708792622636
-0.6805054663831823
-0.2581151735798757
-0.7028236418753355
-0.7889240280464351
-0.6710332883042156
-0.9095771351096674
-1.0884157801817143
-0.8100777739558028
-0.7988707736645452
-0.8417347930345104
-0.4772029916338946
-0.31380015168049263
-0.6883298556468027
-0.9638576027537663
-0.7031584863780204
-0.873009475237585
-0.8948800520417342
-0.5612444952423398
-0.5789394629487671
-0.35116025542963203
-0.9955446371816272
-0.5318714689678729
-0.9172231131872767
-0.374813910359681
-0.8313248317132356
-0.6293208756458056
-0.5029010067087353
-0.840337107519011
-0.839129425792212
-0.8750667109116606
-0.08387886902908052
-0.761078053968852
-0.364551501940571
-0.17520050353949648
-0.5586543320206457
-0.20144228677978426
0.0590872910868232
-0.4845711741355603
-0.14987544236837555
-0.6564465563008318
-0.7981887441883074
-0.6724049367237542
-0.9614166213308305
-0.702210834024506
-0.5649153426305499
-0.7634905663317454
-0.6384370493395729
-1.0790806537387867
-0.43765589575232133
-0.5320045448831141
-0.42666261795350685
-0.5418502708540273
-0.772232013519794
-0.41416084657378566
-0.6284564255871163
-0.37113709994980143
-0.6854198530770897
-0.773941072929078
-0.6049630595146154
-0.20274817124702701
-0.497460369564716
-0.5259340035108171
-0.6632640147708473
-0.6217277977372639
-0.6386597673421798
-0.2685374168819019
-0.767489678824624
-0.6418755780047946
-0.14124012647628592
-0.8008384843681716
-0.52295785908254
-0.9369437620842757
-0.8229928507714229
-0.5173776289861441
-0.8036799380515381
-0.7819714053963297
-0.5370810648494577
0.035804697036641686
-0.7298645244905059
-0.5476267318063776
-0.7531476970364208
-0.6728494198834957
-0.783741861402528
-0.5619362800535848
-0.7942576060414993
-0.5792891833433033
-0.5150418068368966
-0.3918875694410493
-0.7699359439319761
-0.8226129822647872
-0.6108004029196398
-0.5790203191503692
-0.45590985495098635
-0.39457992955430465
-0.435535999869404
-0.5840402937789666
-0.5582968352446217
-0.6807681325864037
-0.9727335756465406
-0.4065029496265549
-0.9108518670857345
-0.6849693352953423
-0.7764957736164672
-0.5284482375214935
-0.3171675522597223
-0.768725498319017
-0.6487043427104588
-0.6766020166252043
-0.6030107677274711
-0.6912193629288943
-0.40390548928030073
-0.3676584894528625
-0.6050124975324235
-0.5525557200163578
-0.5006656952621917
-0.6935643871509845
-0.716584542972544
-0.742398439275474
-0.8410061964834302
-0.6080244327814739
-0.8174207334185658
-0.7187117703798073
-0.31008371688745123
-0.5179116594393275
-0.5046166292375586
-0.685524175607012
-0.7025900228327631
-0.8196669094022129
-0.37496139319128347
-0.4475539060673166
-0.5871235160771698
-0.6298455641115656
-0.7746467371261456
-0.8938628783140882
-0.7079302737351659
-0.8171218646622233
-0.7189150473420991
-1.067395348875161
-0.5699304789385503
-0.6762737378546589
-0.1801786156621159
-0.6982740611912192
-0.8261927877319731
-0.9821790234434978
-0.8730068587032761
-0.7656619988744554
-0.7323805270307915
-0.9350617714429781
-0.7966325798780053
-0.8270926979018434
-0.8183029591478771
-0.7917626946376961
-0.9751163800347952
-0.8598788983934641
-0.9265592605068935
-0.8101200274310054
-0.5544751815642914
-0.94932649202753
-0.6772907030126998
-0.8421784596553339
-0.5954752825625282
-0.8311392982206508
-0.8029634607739536
-0.5358574130679681
-1.00147562122988
-0.7782757402948816
-0.5871516361144881
-0.7653132276689032
-0.7118184216915647
-0.8421461643336773
-0.9442541340502979
-0.9491549004721686
-0.8904979391652829
-0.8126252889824966
-0.43596773371245284
-0.920897044266986
-0.9332839787228145
-0.3404069389663667
-0.8689531366956768
-0.7568324841596882
-0.7039105191782387
-0.80080680306726
-0.6782234070099603
-0.6593814157767116
-0.7558090226528599
-0.12937395025672202
-0.05959308753132109
-0.9054107202618669
-0.44307631908077644
-0.6513278724282581
-0.3090605785896679
-0.7887464127109247
-0.5747862754838805
-0.6253864409625761
-0.90161914661312
-0.8250660691462564
-0.753505234908244
-0.933272958172458
-0.7721261888788892
-0.45687023617720307
-0.6945452949384178
-0.196479864442199
-0.44210358230423635
-0.7835567108344922
-0.8256601725250903
-0.6588767094110314
-0.4819829199544723
-0.4769538847453721
-0.13068048996775436
-0.2004538446148806
-0.4651155994746212
-0.96688095603542
-0.49070770544409936
-0.5861299168687235
-0.17402613532917285
-0.6830078465656383
-0.8343165226902123
-0.8687479993690911
-0.609740520194722
-0.5874124332488201
-0.6123332420092865
0.021440145405951478
-0.5916535693600216
-0.8069774973134862
-0.5423880366957816
-0.7753634790267206
-0.6275335028377694
-0.9218061323083034
-0.861341808387572
-1.011034287606923
-0.8464548860095293
-0.7425990685381407
-0.9785355992370667
-0.5340516692866285
-0.6895139296183427
-0.7115102316169791
-0.5324461506046517
-0.6204623145061973
-0.28520968753383796
-0.6483659101417948
-0.6613993100351389
-0.5609386571747181
-0.8912940026835994
-0.7704139686487818
-0.7354096151262951
-0.6913614328915525
-0.40971137235269306
-0.5843658533302062
-0.2007600996384448
-0.32253114373284847
-0.603041661999128
-0.5966395805765013
-0.3838718898252058
-0.3689801742251959
-0.5988824032569642
-0.22001463209331104
-0.4764957847024476
-0.21629501051646952
-0.9039116391073595
-0.30528183940392634
-0.8157585355469461
-0.4373742646945302
-0.949128163755336
-0.5690428878666858
-0.47312434473449144
-0.7318303560125576
-0.504563957302093
-0.5314546831819019
-0.7701474241761149
-0.9836153926427604
-1.0718341164177592
-0.8497318379434308
-0.5687212413650627
-0.6397721670148279
-0.1636297434008609
-0.6245788838717564
-0.4617954702729464
-0.44570242054283943
-0.4323853035547725
-0.8946769468750805
-0.7277901612792362
-0.07883005723719383
-0.5273735705598412
-0.6752467367315397
-0.9194142416315204
-0.823335683917203
-0.8526186597357892
-0.7981235068282017
-0.3924798355854691
0.07694936249622653
-0.08754552883143589
-0.6722148539941294
0.1620059220557348
-0.39287122324562945
-0.8253716814074235
-0.06083239229759818
-0.49493996622620445
-0.583975203275554
-0.4585811637096247
-0.10977401304901391
-0.5030237214573158
-0.8554045065530813
-0.511952273616205
-0.9070633270592525
-0.9661249191577825
-0.7740438396823892
-0.506114818879487
-0.7015499790622117
-0.7928703915267242
-0.544580246839551
-0.6366834511602236
-0.4533659860639329
-0.7069309728039365
-0.5032554381480997
-1.0759395338249755
-0.6654079309432389
-0.8574911693401482
-0.6113139822866487
-0.6668338885848554
-0.37527534078416136
0.005684807577639524
-0.47834682301314513
-0.9364922811705213
-0.5527130644993956
-0.7214752141393079
-0.24643178632193638
-0.25761465638912634
-0.8348338641076918
-0.7300830501493772
-0.09685696517331777
0.09486015398380432
-0.5332697025881609
-0.47921738718462764
-0.6395729869238236
-0.77673296367619
-0.7347527651733129
-1.0265893151515098
-0.8209724976958036
-0.9973859132711288
-1.2196079395883774
-0.793851136647989
-0.9189646836764792
-0.803621714649327
-0.8259606217306924
-0.9623534173335099
-1.1525210348242674
-0.38323933444684805
-0.4162291047352549
-0.8065126675099851
-0.7317063930346256
-0.7459420869448788
-0.6665179516933698
-0.974300588434644
-0.6225288146534635
-0.8417711424277584
-0.5452728749152651
-0.7997058227546875
-0.7864928909216848
-0.8808684151590785
-0.39138331720593267
-0.8672619850595655
-0.8069932479826537
-1.1389756256428563
-0.487876951490183
-0.6109293080568438
-0.8175469592363728
-0.760215301746341
-0.8692314778725582
-0.9799470899459211
-0.8566555419155183
-0.6636946820158868
-0.5661784601056404
-0.740444622774357
-0.9136648491687073
-0.8800681958455403
-0.8045202562644492
-0.22705156566325516
-0.8930595750320082
-0.9593120513279519
-0.3805058837993729
-0.9180112240154029
-0.7891938424070171
-0.7058694874303694
-0.7560987013138037
-0.6767562839904485
-0.8472093106423125
-0.6451818520425155
-0.31482520099417416
-0.26173109692729174
-0.4042675069838133
-0.5610418452857223
-0.5256625245683659
-0.7976133701941516
-0.6520401848295708
-0.6327648022439926
-0.4533106288088671
-0.3528704800737938
-0.010507460112860542
-0.5258667109529969
-0.6695716013669543
-0.6133606674040012
-0.7119900101827508
-0.8677345920870282
-0.9361227801780405
-0.8566720322909062
-0.3595265617752554
-0.7091682383734111
-0.57496228324605
-1.103857712364931
-0.42975378294884536
-0.7995372656051627
-0.6031142893966857
-0.6434547658508546
-0.8075525255143248
-0.38042425521915796
-0.639797667026296
-0.3489758770330123
-0.17369015976623658
-0.3411739978985345
-0.5711671544047434
-0.8320436606224332
-0.28708702431769395
-0.32892925949136625
-1.022749692281491
-0.7512790935086585
-0.4665774674258128
-0.7297021970947029
-0.4082398202411024
-0.30465500366422593
-0.544641393501122
-0.8419167471852868
-0.5716074583569594
-0.28205619332181836
-0.46147664642569225
-0.9066661834872809
-0.601183592460203
-0.5222701654809841
-0.6986715039464766
-0.8918000414700572
-0.7561218745893408
-0.8471326418200057
-0.7231368240002775
-0.8280611546332741
-0.6386039967993203
-0.44750643017318653
-0.7479329120554681
-0.6969486679713407
-0.8957070217406585
-0.6521201456504458
-0.6657402203594879
-0.5176104317043232
-0.1393391534961749
-0.9653898743366703
-0.8636521265839704
-0.647729692786344
-0.5496743004046457
-0.07543531992073012
-0.7718007701003217
-0.9832678198087702
-0.45826000066653944
-0.8859716799541563
-0.45226878193610065
-0.4838587592222321
-0.7500623292505292
-0.7195571038811007
-0.826963699975483
-0.5357168953756913
-0.7652526647583185
-0.9063637419070059
-0.9507096218445173
-0.6182673342547614
-1.2832849632215855
-0.8921116665245359
-0.8978400643005587
-0.5487164637459908
-0.9152433953003293
-0.7329993579015687
-0.6099296854183737
-1.0417537633323668
-0.9833682910797718
-0.6047917667664982
-0.8306806763136679
-0.7843833471024556
-0.8103016378491595
-0.5989404252025982
-0.21855006273617575
-0.4727157728699742
-0.2555025508559034
-0.7501472196860103
-0.5775415377016386
-0.6036214067402096
-0.7577761461607251
-0.7978769995644063
-0.5992281223663521
-0.4371603219481642
-1.1462033322287413
-1.078960930033336
-0.633805097187084
-1.055605433668579
-1.1565677782942512
-0.6427281756219878
-0.26479898684400305
-0.5286463681730295
-0.5042688838475845
-0.4860175391343699
-0.481632466328675
-0.6500766390097658
-0.812614666619084
0.184331013430463
-0.8349875625223202
-0.6400344090007238
-0.7452440340720384
-0.7429770083471384
-0.25822528241254034
-0.42631900354715707
-0.08232700005057753
0.049336107833367615
-0.28518612212909483
0.006651743132351913
0.10358655260772094
-0.8479624738359547
-1.0091326075941585
-0.6046512392378409
-0.6059649298017794
-0.6813679551800803
-0.606868388865431
-0.4328555321462067
-0.37489921315311475
-0.9001285732305387
-0.8486116585121947
-0.7601582721392021
-0.9660174925347013
-0.7614660020427232
-0.7160763812172327
-0.4027405498879379
-0.6838061601390611
-0.7649521603602375
-0.4509784782151986
-0.6572689238656982
-0.32441466553671083
-0.19382890739969802
0.4017144899443524
-0.819151473537746
-0.924042073784746
-0.7757805191015047
-0.7227159034050258
-0.5903044770980637
-0.6867081710635757
-0.41244968750795413
-0.8444117155598695
-0.8396556677271304
-0.58969936735588
-0.864860708526467
-0.7657741258035831
-0.9502746109065733
-0.9300665171597347
-0.9281715189503883
-0.7998274283877702
-0.6503706126637369
-0.8418400275619708
-0.7687897117552535
-0.7887185341362297
-0.8343880208184045
-0.49151527430211517
-0.96757435003872
-0.8557337290628197
-0.9384558156582301
-0.8749688799823119
-0.379827815200474
-0.9649207068421113
-0.9175542179224457
-0.947386743612937
-0.4308576484267009
-0.5979874143796985
-0.9142193578808785
-0.8527325370923468
-0.8316905899449711
-0.4646845484699958
-0.9530496817456955
-1.017805245961971
-0.9476582672982188
-0.7091442369313766
-0.5943702843459985
-0.7899367285076669
-0.6025437080312049
-0.5784341977838927
-0.7681758315047764
-0.6731130806629052
-0.6383749312101276
-0.6064197734335869
-0.643069427209708
-0.4520648241326739
-0.681730256781972
-0.7980529161417556
-0.6168694216661759
-0.9250213135677313
-0.8538390519739328
-1.0515393090086886
-0.6467369630239885
-0.7804240699211519
-0.6911009593495671
-0.21292145593010262
-0.3065719543389362
-0.6252248895116453
-0.6714114781505787
-0.7734787694831408
-0.31235573744780454
-0.21759133226201852
-0.5275832909027757
-0.3042276619676763
-0.4839391416008596
-0.6557523818675007
-0.8267009166896798
-0.6057302734075035
-0.23660217786555657
-0.8806235419857961
-0.9234664070725689
-0.6970198775988754
-0.07861704008404898
-0.722857696452199
-0.2550713898054424
-0.956642306370379
-0.9320889146214864
-0.7233220307005158
-0.5562034297168904
0.19893502800639515
0.13635927366650477
-0.7490453821622877
-0.7441521867484685
-0.7837642999639284
-0.8397445321975493
-0.7852543292562926
-0.8600033912463548
-0.8064319357452288
-0.7841111706960205
-0.8604906359277106
-0.8991457181268899
-0.3570861675810351
-0.6631047113123928
-0.9291656423566748
-0.9763163781437836
-0.9540266162172081
-0.7844498709759101
-0.7990321543936562
-0.785220352920493
-0.4128283207989172
-0.31179242574325444
-0.3998218144082648
-0.6280586521863739
-0.6407892464099174
-0.26753146578676107
-0.977305807043777
-0.11533332686857271
-0.4307910231939791
-0.8488051189299739
-0.4290444835261267
-0.2436825531597929
-0.12379443573990663
-0.32713858775810195
-0.22028746186457693
-0.24238382042806594
-0.32194245830879437
-0.46621899472396655
0.010567217294585651
-0.4011821874855533
0.1954967520650829
-0.10111007774818155
-0.19811490874735274
-0.3453601410539491
-0.15257464725466177
-0.7226025103708716
-0.4006846900326029
-0.6236735648735686
-0.6030871040617422
-0.4781820345999938
