-0.44204160839577966
-0.3958809251857158
0.0786475800480273
-0.5648038994456981
-0.38226631474317774
-0.2092377880467593
-0.1811742599240953
-0.15451166273417316
-0.11824623511809618
-0.045305220911537214
-0.34505426616598567
-0.1159781517184382
0.1370326209282431
-0.12847582124742152
-0.6137445804526898
-0.345447292182145
-0.32611845096828485
-0.33098166965786446
-0.3710445803872717
-0.40816072010985716
-0.33424397874805045
-0.36067792958014566
-0.44958290122813604
-0.2082573890419972
-0.4592095572972177
-0.5011632887170601
-0.4082713021638904
-0.38182886105786196
-0.2604804933193796
-0.20096282174620184
-0.3512793180345206
-0.41833184933849554
-0.17817622901858088
-0.21809310309718555
-0.23384205915737777
-0.357099385650818
-0.12154039413529705
-0.37798264529858283
-0.6127946456785789
-0.08244558617803288
0.05982389295122692
0.45670144554605674
0.3687184952127527
0.3433240429869495
0.26015850372982574
0.3621289622386654
-0.3051034648903095
-0.5382083406687124
-0.3169122383171983
-0.3847934325395721
-0.39375071391385585
-0.35409480182788133
-0.3388608511114377
-0.21597409968365056
-0.3911009152761187
-0.38106999041879264
-0.23342034574811743
-0.41136906135119267
-0.24313575822466493
-0.3911427409024153
1.062358584977521
0.24365216920799582
0.586914281763983
0.4568141042275251
0.5988418436536016
-0.2370013872908041
0.22133066768414797
0.8094034982873726
-0.1747413658234942
-0.7068309858335329
-0.2919610344013783
-0.002399726281684611
-0.2651448159126111
-0.2911376208105865
-0.2247639380516795
-0.0613797379984975
-0.26657368387394853
-0.3105495218189238
-0.445986731232223
-0.09589245384596334
-0.16353608315518198
-0.18436161371882132
-0.545281828013374
-0.34114585910682305
-0.225102741339261
-0.029122020124256576
0.5669128832362591
-0.7451960078811243
0.48448709530472134
0.7141007876778602
0.3665878752294043
0.5674482914313204
0.7202592989071082
0.7343667087282777
0.023849194856542466
-0.027740166428407154
-0.28795171361054517
-0.06789777726068746
-0.33010272764918924
-0.27270431060223044
0.7128706732285415
0.49827206743834584
0.8160525631196209
0.5270121732821114
0.9205205191194763
0.018833803491118628
0.3058975376396016
-0.19893498673138413
-0.02846799633727537
-0.32237374844765676
-0.23116792498113425
-0.4073912651763032
-0.29515572778305654
-0.16523457421861631
-0.5036023573367705
-0.42034089190146284
-0.4971309611523924
-0.45865069399996683
-0.3605788765758031
-0.5858883818185652
0.16387090624308032
-0.06046769154574161
-0.45911176471775206
-0.5494456309064133
-0.38478691753623795
-0.4228158602182144
-0.17646438128882938
0.04835602636437031
-0.18714140884233466
-0.36972366015574454
-0.34220764475186627
-0.1962099160959685
-0.24327031320388603
-0.45005308833344215
-0.46292598717469424
-0.733331319363006
-0.08921637531174698
-0.18781237469509304
-0.1354061198673293
-0.14548580147516987
-0.3202750176412772
-0.3335432732005903
-0.4936489529837442
-0.4014797803283525
-0.07152297956641895
-0.3494357032807993
-0.5990092529475077
-0.5264523459344101
-0.3211595955618378
-0.4276060367344956
-0.4180632138611493
0.12997511219419433
-0.4223273450220666
-0.261638349034208
-0.5268380119155063
-0.6512633390655573
-0.6683671437178537
-0.6111296955938819
-0.474262504714579
-0.652787561475977
-0.37972825881880934
-0.17969272445405826
-0.42971631743669536
-0.5458845236578935
-0.7281078635124445
-0.5151992839893946
-0.46011430137763254
-0.20169832292689582
0.2559809097595407
-0.5760344389540055
-0.24633648570886724
-0.350042827342413
-0.21630071673810836
-0.10770080207005828
-0.3499194477783738
-0.5275971516929951
-0.42816710011836046
0.8948103861148264
-0.48118718689684004
-0.35803715252885704
0.8833151060783826
-0.4217254792320906
-0.3013040164798797
-0.012495053549183455
-0.2747938212362262
-0.45600698014925123
-0.5871078034511819
-0.5876885423140865
-0.5640547369044935
-0.6272650593420817
-0.5970405888341581
-0.19849710663169784
-0.3839999496883235
-0.4389566967951084
-0.4222311515002275
-0.31607976307748564
-0.5326631851445618
1.1225183653086221
0.2382721299286421
-0.00843310588165802
-0.24852951288421843
-0.3306295234955643
-0.5477107114744393
0.3173982578758481
0.0819829183858489
0.5287501189555188
0.17924914155914992
-0.41800031806572147
-0.43453995278078983
0.11198215450461912
-0.3970047162410162
-0.41567424482362125
-0.039211186842071255
-0.28150312573116754
0.13378463573333743
0.21258427259177504
0.6006107217025685
0.2600897043915271
0.09788083658088609
0.0916879695247046
0.10856947895119307
-0.5731894532575583
-0.032278786162910134
0.8885471090103385
-0.3598944627576379
-0.36063778165930294
-0.20324536197792353
-0.2881189877521302
-0.29597765652004115
-0.5103723911871847
-0.5181403558820414
-0.43865860034905624
-0.8146880212121866
-0.5438290785052444
-0.27806279957978774
-0.41615234561069636
-0.3847489795059287
-0.13523133118396236
-0.09370906939841284
-0.3883621431548916
-0.2548602252397212
0.0689709363144233
-0.374764525875517
-0.23748305440048934
-0.1562332843919163
-0.32241947355148026
-0.4107941040872476
-0.2743130536475167
-0.13313147935010106
-0.353373970470213
-0.38090457513276665
-0.27178851144476357
-0.5846153387292015
-0.1894719015104318
-0.5436339404067727
-0.5842104810976898
-0.5307981869412921
-0.49588025468324703
-0.2502161585630236
-0.3770907706147857
-0.12948026527322254
-0.32841561873101477
-0.15789187514081293
-0.4928711085458297
-0.21916920172134446
-0.16374860793330148
-0.1449304944813341
-0.14226563337977294
-0.16384310825740744
-0.22028854604732362
-0.25528382742354117
-0.25032832208854017
0.014877144000140063
-0.1784040250587433
-0.49419131003738936
-0.5884434413793915
-0.4049526568416939
-0.20959709083060818
-0.38749801466844636
-0.4468891263144785
-0.23955952456541119
-0.11312750212897393
-0.38554997678433
-0.33183664403426816
-0.2887186495989018
-0.30258609042337814
-0.39897371454520014
-0.21340160959038945
-0.6414330908718833
-0.6050154116042115
-0.46586220285924673
-0.4280919780891965
-0.2475657979209238
-0.07252036997759603
-0.4897594161740013
-0.39948472973875737
-0.37539479270692167
-0.4439940895953558
-0.3199512438472789
-0.532128107350839
-0.3289333915966828
-0.008485471097728903
0.11205411489033046
-0.3419657261724076
-0.24863936589854263
-0.14449849268738424
-0.46965230262035296
-0.4354031693885936
-0.3091395071872094
-0.46533120658811855
-0.5391499363145129
-0.17119148034955067
-0.01584736644637566
-0.33622601057266976
-0.39855144684755217
-0.2766797697478054
-0.4955377445098428
-0.15835929203428867
-0.41795665100851
-0.23616319680369813
-0.3101575305218791
-0.10584838390467377
-0.36898150242018257
-0.3505195346896086
-0.5738769078952042
-0.5427625980359323
-0.3148695048999728
-0.44660690828545424
-0.3772211876785765
-0.49290282155957876
-0.6370257278375875
-0.6680615421479688
-0.24847647777444526
-0.45164376210811263
-0.6625152882182788
-0.21920187691070359
-0.3248075330407212
-0.4374216053064346
-0.1267832250304004
-0.4064513507833152
-0.022679292762093156
-0.2508933516613918
-0.24932599094565266
-0.46186473611487333
0.09901619133453174
-0.18156954300834927
-0.278769860899742
-0.23968235219455702
-0.4742668089212245
-0.4611746982389675
-0.1842136370503249
-0.17481805033261555
-0.43773324816793835
-0.28311070651158476
-0.48141895362699083
-0.3913921189621643
-0.6213494948280207
-0.31627785376032014
-0.5901811135069683
-0.059677839328212245
-0.2790432374443945
0.10296321925144136
-0.264994759230464
-0.32068814682071056
-0.08661827032482838
-0.1822502764377658
0.17130687728031857
-0.13724513148605633
-0.2976941056981095
-0.40735965477260017
-0.5575993711901555
-0.08684152138367107
-0.4203395432373114
-0.35199161592213946
-0.3360452164776426
-0.38471908787811526
-0.13998352893714075
0.10078838432032877
-0.3725861444907279
-0.31682842349233775
-0.37854556444993714
-0.19733923590403157
-0.4077272322492922
-0.18165861296082642
-0.3317721058625829
-0.41420575223837863
-0.2914793108527627
0.6295552862835341
-0.486960578060303
-0.2999956680815292
-0.2095463350164588
-0.4970387647696861
-0.5039837951075501
-0.10876567685851546
-0.5431301037132459
0.4945165308713122
-0.5192697472485113
-0.41753182814803247
-0.49033302589756667
-0.5430844914389696
-0.32992182228780575
-0.17681510500596476
-0.5864768109207616
-0.13217302933803676
-0.258791464895229
-0.7193748015472736
-0.3054532277823112
-0.5103656156243179
0.04100823310510382
-0.19298430414167878
0.2679474048116788
0.017336249209604082
-0.34806434844902534
-0.460913031747078
-0.2662361533194755
-0.38212685272796776
-0.3158930801327755
-0.49050562891767946
-0.4206387590736558
0.15526365807972975
0.2125485960734965
-0.3609643390167583
-0.20710695868829276
0.5964556086026218
-0.1239701259976107
-0.29539279882342573
-0.20052645232123578
-0.3516577998334627
-0.5587267297690945
-0.5224494708537395
-0.5458932459497086
-0.27139878500062564
-0.340084972665073
0.27042453139324163
-0.012722506868328765
-0.2604523824571927
-0.07640239975480248
-0.14034291928762202
-0.01814740383103075
0.11362789084746083
-0.10056585322653991
-0.39468899833021265
-0.12245697616494725
-0.3622806091368298
-0.23332177950663446
-0.19878404120573956
-0.6878317772600848
-0.4635032277983604
-0.45145226775482716
-0.38379568075643644
-0.4433666563449643
-0.10546777514530348
-0.20703096710607727
-0.25739373630927576
-0.39997981012773187
-0.15099254448544944
-0.3306032145094422
-0.32870409650085897
-0.040605737296545596
0.03180006579483452
-0.25156126968644266
-0.11914133639829341
-0.29810255694512344
-0.3389955713994566
-0.087350998776488
-0.6569328256378921
-0.5325493431893531
-0.16242038806888437
-0.678787497844975
-0.17254368865709482
-0.0876563085221238
-0.37791797741101374
-0.14736662102092524
0.060761670412161406
-0.348650341632323
-0.20976722406655268
-0.16765620803198678
-0.39159591511672676
-0.31225687145323033
-0.6327884450014754
0.5334028421236785
-0.5124745709896685
-0.5784275819971225
-0.36052999499537064
-0.523826167143369
-0.5599350504299136
-0.24019516019672651
-0.4069438857552501
-0.385680545666629
-0.4435138170713686
-0.5695752863763768
-0.7874911863360051
-0.5122254071914651
-0.4659843627934084
-0.37023813633382874
-0.0806449994889391
-0.35657792887733386
-0.17507210775814364
-0.5001709061197295
0.1348353945277534
-0.5844842073333427
-0.07408415439816274
-0.349808399722521
-0.16717087320969284
-0.1002431547471212
-0.46121237794671965
-0.07289156376142136
0.09488247508571579
-0.0952789248383552
-0.3067585929838865
-0.3991536774299209
-0.06020583982597527
-0.18854263705842755
-0.6586829331502204
-0.42412332439385114
-0.455497742077446
-0.26751206206851563
-0.5719797633790671
-0.3329651594030829
-0.12799452220967278
-0.14727635995742094
-0.28238575300155366
-0.2953945937197322
-0.35666413475369785
-0.1511277536506861
-0.2443034119615053
-0.4704681002310511
-0.14329929824126086
-0.33998019317175676
-0.2540152425221136
-0.4951035573866849
-0.28839822102759904
-0.4360142975936856
-0.2498188132941983
-0.08228072874104297
-0.1720664250865951
-0.23544942644416023
0.13484574568547658
0.31290385728255776
0.22564265605869482
0.1650035065275708
0.39019401035686063
0.04703675459347956
0.2792647425819452
0.30486245777956045
0.20606698791038935
0.3794604360978677
-0.21637889554410106
-0.16113445833204842
-0.22879202531333687
-0.021042182830669054
-0.18310055990825647
-0.06921331122910934
-0.23561166778697973
-0.3789099396152953
-0.36004684758125594
-0.45235228314798204
-0.4738392565244687
-0.2289530054835096
-0.8086843204553743
-0.20024388294479523
-0.4674369245046466
-0.11482745019691842
-0.23457390911626197
-0.25604358101355706
-0.4614900020506414
-0.21930592390294268
-0.10967060004870222
-0.16210490859585303
-0.2582949683592146
-0.3692162450128096
-0.46607905569490304
-0.16503435900413765
-0.013974216171462439
-0.08090272439898083
-0.19892330232085453
0.04206140359100008
0.13134026988490533
0.05234684030450465
-0.1918660155248193
-0.21316636022841529
0.2718704543460877
-0.060683683970553126
-0.32254594991693186
-0.14311983494309735
-0.06521127740590038
-0.008225686630686457
-0.4066328512376751
-0.23061370280944418
-0.31322438921381734
-0.2960801088540894
-0.19030671174833746
-0.10892052581624068
-0.06747913099895997
-0.0603917197646715
-0.2050347368997596
-0.31354829497194214
-0.24363201562917225
-0.3445388822711055
-0.5485626946585125
-0.39185979111902247
-0.26371328772137126
-0.31630136168236134
-0.1941033944560533
-0.5036961571302594
-0.539205359712579
-0.3105092109013987
-0.7102560085784644
-0.46579048568181336
-0.3986993053373733
-0.5177889026136739
-0.5592885510459136
-0.326464354708657
-0.5479454806272881
-0.1511095969866767
-0.2515230690758925
-0.43921968280824486
-0.451855714912641
-0.29654953244198223
-0.35096889545464593
-0.3660599889101859
-0.3377422295080066
-0.34735498681846133
-0.2072936930050011
-0.39805326688525255
0.0002563337960601597
-0.7305562071968223
-0.16355870140551865
-0.27856765625402713
-0.15943085597593076
-0.11962534213777398
-0.16151628278834498
-0.313294740156032
-0.12654884810141123
-0.2785912211408814
-0.15370323084595472
-0.27435658895960024
-0.2014148395497788
-0.44304248082123787
-0.11670292075344224
-0.23912968448670346
-0.09655221545399417
-0.3706553508399262
-0.09105907158644921
-0.25010140927442315
-0.3278812694233273
-0.4726963937355424
-0.2317507343564844
-0.2532042451968268
-0.420346768449426
-0.07964188272661832
-0.28424134517926514
-0.40419559290253826
-0.2854873228914854
-0.03543585854934572
-0.46912946631505514
-0.25542104511560537
-0.27224869270756624
-0.5304963982092137
-0.1317614104092848
-0.2775404709435809
-0.40793642869117663
-0.28168701906328875
-0.5152756875812556
-0.45053382987057566
-0.3535161080760931
-0.33707663901662244
0.17311825227300082
-0.4142932248687452
-0.5683178372635533
-0.3797119968686067
-0.206423563751311
-0.19780941076152203
-0.3442974446906397
0.10628763126962215
-0.43709493663370935
-0.5351314963354974
-0.3764006564312212
-0.2630626528759268
-0.246389636560701
-0.3046369527643866
-0.021230382455017294
-0.08970101473820158
-0.3229562820867493
-0.5527902518382541
-0.19905758786058092
-0.40555783743211626
-0.08122588878761516
-0.4513330814413521
-0.10773149835740115
-0.0824329454777104
-0.4020360666527125
0.07661960856853689
-0.5534249444672197
-0.5086362924346957
-0.6466980010672387
-0.46541864958042534
-0.056038340907762746
0.15081196907666006
0.0942692395293574
0.19303359180126156
-0.26481136878868616
-0.28548056294534585
-0.32489698795264177
-0.09128025475301119
-0.09911656903739652
-0.1608292885721381
-0.24413227703285334
-0.1390190421043436
-0.05429633014582949
-0.23247052520911193
-0.16557016903365174
0.1155292822371996
0.0833791746983703
-0.30842969701502576
0.17875129110504995
-0.07856032850228933
-0.29894784601583013
-0.1720890283887995
-0.3546422795885493
-0.11397664977632749
0.0363030227590706
-0.18947385620652057
-0.059771648220097395
0.023271481985923437
-0.16649534653429954
-0.42509881706914454
-0.15345365977938674
-0.48997631662458896
-0.2926910053405565
-0.05393977990255272
-0.28492859905873535
-0.16662329744961002
-0.6118708271265538
-0.280400329612688
-0.365659895320813
-0.4506711616358048
-0.45018480527190663
-0.544876121805828
-0.26281645722272096
-0.49560472006362066
-0.35305475218341575
-0.4181710536081331
-0.43567613593089427
-0.31533934970341804
-0.29231700457737975
-0.30333031947816913
-0.22218284359249066
-0.41200188228974
-0.45716542024929696
-0.1937029122056666
-0.5340795613494649
-0.3777823189760281
0.036821919738315945
-0.060069418325205515
-0.024544097867644332
-0.45313064551856197
-0.5433025680526573
-0.25936696301902695
-0.1423919600105621
-0.5434539952636399
-0.11921908909998516
-0.07127105715032347
-0.32527615998282844
-0.21360206600273912
-0.10892975912177372
-0.2792901339622502
-0.2957946508227287
-0.35599586902730995
-0.2728716764600989
-0.6413156995849814
-0.5039913769244406
-0.03814996747396052
-0.1990921807956012
-0.4982282016387769
-0.019600132424742123
-0.19702622728075925
-0.4879181196801099
-0.5643892609031351
-0.36936705451724783
-0.16572137075153437
-0.4426403049923322
-0.375737885451098
-0.3865010378714351
-0.2906755984315541
-0.2689342848704226
-0.3540717427871205
-0.4171604674871048
-0.44991025373917837
-0.17282977762779295
-0.3423991587517434
-0.3462082766632062
-0.333512993928784
-0.18525033591661866
-0.6038122705936932
-0.4362827318210769
-0.322531464205706
-0.42044878155955945
-0.415951538542374
-0.5020544664037825
-0.16279039637580883
-0.3653617959098945
-0.17465735305403118
-0.0466792046809561
-0.23988455203993597
-0.36618329197389343
-0.3037215540524367
0.18223446682254352
-0.024773155439373085
-0.17242715635401898
-0.2180123925571955
-0.41275933440829915
-0.5706353102874264
-0.38004481194669504
-0.4194114919616678
-0.44313351971001436
-0.45566442528541384
-0.5202156165469198
-0.5885736360418552
-0.28864094566255694
-0.3528211229629066
-0.48720398283370114
-0.37820544438167314
-0.2706919217971424
-0.4373172428157446
-0.662595730167229
-0.4284821045104743
-0.44042745742642486
-0.5878681616364927
-0.4368516415736152
-0.4357807570391934
-0.4168086650084324
-0.5881203441728817
-0.5275043437103986
-0.08825373618943422
-0.3933159631842613
-0.4538933828160818
-0.3510193443519871
-0.17060329523584628
-0.16426573411336443
-0.6352015680822771
-0.45065915474861895
-0.3208247897456169
-0.31700474670361345
-0.4007888925987
-0.3045497375184527
-0.17682046956305242
-0.23638859354007824
-0.3331444078946635
0.21100576192819176
-0.6600199370001547
-0.5060754687306719
-0.11415964012824875
-0.3136526532315105
-0.32048594773285677
-0.19725012122306973
-0.13200789493277765
-0.2954849008669034
-0.05385925053014784
0.2296385701674377
-0.1428649547247871
-0.07463289120970118
0.16426674682855258
-0.030990597654480423
-0.2733811462378921
0.16805488226162812
-0.603782483972344
-0.33402368554705086
0.02468456766074545
-0.3922912326068968
-0.6485515337578327
-0.4265871941930801
-0.177515127656793
-0.3419166249164154
-0.4352251447717046
-0.3915896903278877
-0.08347366937444223
-0.5377769112003401
-0.5388842496874797
-0.09490916500604651
-0.5082311097078227
-0.379681466228156
-0.3257456992589558
-0.4084338835607033
-0.3269945181523275
-0.4815543631037247
-0.30671546909206415
-0.08400659203113348
-0.22084645997330865
-0.13006015297558626
-0.2211377246957491
-0.41546411632818825
-0.3759536365406768
-0.44219418847245895
-0.26675910662965574
-0.1409821064209682
-0.35179779596387606
-0.354679694803683
-0.1878864238034015
-0.1954997068390032
-0.24733415833174344
-0.07358833339827942
-0.25839901034428503
-0.12142360327967719
-0.4642698578793294
-0.47935520622747996
-0.36532597848490944
-0.33943595805895965
-0.06102686929931456
-0.5036361620494954
-0.2075357253005059
-0.4230179265255718
0.6525719928766631
-0.15628224448427375
-0.3386341633064709
0.302562984907464
-0.3010510848793022
-0.37780554451645765
-0.1713750014908806
-0.5907232221003389
-0.2523351923885422
-0.22301980629464824
-0.4558129351939868
-0.34646999413346946
-0.5176472712860167
-0.38029562635986447
-0.6226723876718601
-0.44285511740085637
-0.4112773365539466
-0.327883215058977
-0.289876518666941
-0.4473955234062783
-0.5651196543528256
-0.011042324449045848
-0.3729860696628233
-0.3725173783975475
-0.3420821465208763
-0.23838281976366016
-0.6191036780528698
-0.46373048982646936
-0.18625891094353086
-0.333482721871563
-0.5455584252702768
-0.24956166453721718
-0.5109720055566405
-0.47254984777244413
-0.31548780171983837
-0.3615959528595918
-0.11076233479343567
-0.3913067026999133
-0.09243830722592539
-0.6795918454010137
-0.5322363541532587
-0.11793021352766675
-0.4634929093274345
-0.245003897029392
-0.25755134438577
-0.5746207188815509
-0.28608940485691114
-0.5281417155884947
-0.6110963354005776
-0.3270627874621237
-0.43758392758553644
-0.5380086644708302
-0.3337057395308034
-0.7652569664367537
-0.24177198877265882
-0.4674663580704834
0.0526826405250338
0.08044786259362358
-0.4447761346678565
-0.12560416738671099
-0.23345226904933858
-0.5610859163192168
-0.333524511204742
-0.6147217540634322
-0.29248661899943196
-0.666902004811371
-0.23036546435457983
-0.42033221530440934
-0.4094222389992934
-0.47568323812590485
-0.2676898356211528
-0.5072668143644123
-0.5997534783294565
0.03451224417405241
-0.3291408432031082
-0.32752586360236724
-0.23027055675224584
-0.2920593507583584
-0.33647532956787884
-0.5683720131184082
-0.0764248518338162
-0.32256659480564953
-0.1877254879184853
0.03837191767900916
-0.08679828829470781
-0.11339844566744706
0.03917597001099682
-0.054108504654555745
0.25086844761497096
-0.06543978905335113
-0.19836523465700884
-0.1677722194988447
-0.20329716011346655
0.04443042414677745
-0.11292153233111812
-0.40068657668879193
0.025118365685394606
-0.06031008631473078
-0.2630946842534747
-0.17943131659694922
-0.29036661444011114
-0.3612989534157951
-0.4225818142818072
-0.3738496822402395
-0.3477891192588398
-0.4643044600880295
-0.34361867928324963
-0.37732206443689087
0.08952352949250031
-0.3874567275890428
-0.23025140077967765
-0.16936682000481196
-0.3476734238464636
-0.10054481447069044
-0.3939577524431177
-0.46756331946973706
-0.35129099552092957
-0.5115325392994874
-0.7098206045763429
-0.43452795114694887
-0.5013475897027639
-0.523626140602071
-0.21654112491063748
-0.07341083562705042
-0.39016796613063187
-0.5399412929309089
-0.4080498882253796
-0.49718668608351746
-0.4963098959522594
-0.2634030628275539
-0.28680255248855624
-0.12364229862930287
-0.5816022735496933
-0.2654026714430535
-0.5144968218757835
-0.1416847748902963
-0.48324034459267673
-0.3314584556341529
-0.21959857830397622
-0.4711512005441807
-0.49265246376905303
-0.5210470866935959
0.08073209659709457
-0.4392470076150592
-0.1524422586011671
0.03278315554859179
-0.29371563880876517
-0.021522496562666138
0.22977908886034903
-0.2300327803227895
-0.014259783306347834
-0.3633720099157318
-0.4203281639119645
-0.345964744854401
-0.571936355774572
-0.41622746221694507
-0.30325754898452706
-0.4616971352821273
-0.31922781366779396
-0.700642622075158
-0.24630500631436283
-0.23263650245587164
-0.2063306725130121
-0.29280035759437384
-0.37851258828722
-0.18854734772752504
-0.34833065499610427
-0.15264861567072496
-0.39749829323931696
-0.43871087358691385
-0.32716883710210864
0.003612692216264257
-0.20037985718974616
-0.22264821889356656
-0.33981451292756426
-0.32803279113175154
-0.3072367648345513
-0.08201344344570652
-0.44859086186169916
-0.34745067357353965
0.05423161396028475
-0.4775790055493041
-0.2746991669381982
-0.5755281118752698
-0.4802688223070404
-0.2560693271007155
-0.46919158021967067
-0.4479827187494778
-0.22374985597209762
0.1644013332310621
-0.3725455584745423
-0.3063618826019925
-0.36928368502054854
-0.3699654526381564
-0.45976553636873296
-0.2508245026111633
-0.42463435534949157
-0.27854983138508094
-0.22206296998717434
-0.14815352070977528
-0.4283679351442031
-0.4886112386413888
-0.2996683313637569
-0.27064664307061137
-0.16751330610607296
-0.1542839196672594
-0.19012048607048815
-0.2780177273139435
-0.2445707563185624
-0.3451092349437599
-0.6301903668508193
-0.1746524481388001
-0.5466051211276632
-0.4066294454204129
-0.4731915555757602
-0.23324245140249844
-0.08014588907802933
-0.4719071700257196
-0.3461879663022023
-0.38825509849146456
-0.293719990666248
-0.36721915154751406
-0.1357588369476468
-0.13223306856918238
-0.28903290796421466
-0.2541770451955645
-0.22757353427346327
-0.34410004575617936
-0.41889242382546255
-0.3633371899907436
-0.4645322206876119
-0.29088615312949084
-0.5034100965146209
-0.4206712711563052
-0.06646723318862269
-0.24442802849658296
-0.26871900251578595
-0.3397862270097991
-0.36535898416403967
-0.48577055039682904
-0.11717277119352865
-0.2029601000200092
-0.3167740914835644
-0.32904330438237483
-0.48320299254493526
-0.47735150510133173
-0.3367124413488847
-0.4629790158547542
-0.40519133204375657
-0.6756022825008539
-0.24485562758871415
-0.4003741951086579
0.01153085976544399
-0.367524208421657
-0.48550948004936556
-0.5895823249108629
-0.537354218169692
-0.41269349394280774
-0.38178187456438706
-0.5651640227841039
-0.416588240350668
-0.4259181383291608
-0.42801859086649463
-0.4676589849570245
-0.6220558785734098
-0.5251036475588575
-0.5503949857546699
-0.43535001689852937
-0.2929194571191085
-0.5862066303982085
-0.3330614221142536
-0.4648702305158674
-0.2823939826132087
-0.4718240971307932
-0.4507611908825766
-0.26250688583563275
-0.5701354609904798
-0.4346146758143161
-0.2763219310999092
-0.43074342566704704
-0.3436617819896297
-0.5198526194505384
-0.5292011200660827
-0.5958266413309461
-0.525618147297999
-0.47475507387474547
-0.16095002993349516
-0.5237422169611761
-0.549941876214846
-0.06589416895001321
-0.5362814374097622
-0.44082258994266676
-0.3958668264627778
-0.5014347668602583
-0.38513620907734447
-0.3171675507071172
-0.4133936524736861
0.08723565913461528
0.13732717720597543
-0.5341912805385374
-0.18045453612280937
-0.33384886783733836
-0.060965811148174565
-0.42105004244219435
-0.2547569902135749
-0.29863222698124114
-0.5078080749297673
-0.4585377343964392
-0.4284650137581394
-0.5451362133182405
-0.4236552445765125
-0.18136289874955125
-0.3555075469340938
0.0134746694213983
-0.1516256758388892
-0.4204407482075323
-0.4382083281475091
-0.3688753151965778
-0.2501859090800451
-0.25422070224063464
0.06554123024798253
-0.0073568822691021385
-0.19678233288750846
-0.6097598717402808
-0.1824635306344724
-0.2735480508860315
0.013214030112263853
-0.3663424105500115
-0.4612292436709615
-0.4673229030947834
-0.32211595331264387
-0.29867468204516223
-0.31900055067539146
0.17718111129115433
-0.2690111420158352
-0.4832601452820453
-0.2959809249493175
-0.45075782808578624
-0.375131230648559
-0.5595472026791135
-0.5435139900200929
-0.6333550337275118
-0.5430870636799625
-0.4075025083727415
-0.559987142120612
-0.2406017744971074
-0.36362199077251267
-0.38492910930577406
-0.24833427348067572
-0.33994964538661243
-0.07673868945865969
-0.3255426982484404
-0.3510191992312768
-0.28416098282389357
-0.5591023125455703
-0.43413381795104167
-0.40972891807925627
-0.3773608158447874
-0.1522292005696666
-0.2550544197483271
-0.02431653330069916
-0.08694032520802764
-0.29693807761782787
-0.31764861306915404
-0.1264407924412425
-0.09896015683249848
-0.2707542560636511
-0.003615422875817398
-0.2247157547361014
-0.0022097013161184176
-0.5467464859060316
-0.09178717109138046
-0.47244893495892826
-0.16016143894380241
-0.5346218774183944
-0.2521123210689553
-0.1940161810063732
-0.3949991206622967
-0.22102658889709415
-0.25873950534543133
-0.39030519869715197
-0.6217084058221993
-0.6970766792988228
-0.47763971800522276
-0.25553955591961297
-0.36224467877868327
0.02542056820898364
-0.3114830065894896
-0.1722196908707918
-0.2006608258225282
-0.16001653060269616
-0.5542725096920675
-0.3654882219420097
0.07353851724816884
-0.20978021798937396
-0.35027050445413144
-0.5730218702446124
-0.4921276759124906
-0.5071648880136657
-0.47166460724524617
-0.15854748596141444
0.18765029658782062
0.12266792859264353
-0.35744893753977824
0.23856386813785743
-0.13335153994526472
-0.46076046257728676
0.13041264331471658
-0.22864736907481098
-0.283360048195165
-0.1777461203740749
0.07309996117504047
-0.18448883283694006
-0.48746657690301776
-0.25502015026820657
-0.5473576782731351
-0.607251167529915
-0.43783158635628827
-0.2608949052345835
-0.39077099961595274
-0.48165694769094203
-0.27717967158651313
-0.31276470722053396
-0.16448669172626884
-0.43193546197285326
-0.20529633631113642
-0.7012049643914622
-0.39498597791960677
-0.5476876784012383
-0.33451115275909404
-0.3112354111993818
-0.1613779432314577
0.1861300517992841
-0.2368744772649054
-0.5747144206295982
-0.29938953688464176
-0.3934432494606772
-0.061761174196186985
-0.04066641834408036
-0.4414163920808769
-0.4285299423109685
0.04732949434486722
0.23477883593342175
-0.29168638005842973
-0.22645726258531562
-0.34243401048938327
-0.43669732247420323
-0.41857913053441687
-0.5910993701287204
-0.5001926372429613
-0.5732501461593622
-0.7657831952652866
-0.4436568103197298
-0.5722730966694376
-0.42380730623491814
-0.48915992908215156
-0.583949634971622
-0.733028252980408
-0.12533020519864935
-0.18507255576470172
-0.4657796889632779
-0.3572558785534281
-0.44976889695038236
-0.3865584276145142
-0.6250833948215346
-0.2896099822854383
-0.47005219180605406
-0.2749275843524239
-0.4718779578283303
-0.4436863898865493
-0.5363359017956848
-0.14301663471114878
-0.5449599941241055
-0.4215979397140739
-0.7261389469887141
-0.23544986514234467
-0.33671001999823935
-0.5095598581429117
-0.3931884580581788
-0.4983465274122172
-0.5546900343828671
-0.5181113788966825
-0.3282246136862632
-0.24421654165105178
-0.4296843995425146
-0.5227470884506933
-0.5002168662403246
-0.47005111292196
-0.008412167345793087
-0.5401198617105964
-0.6002192492750975
-0.14854061750423098
-0.5593380303180717
-0.44910252771863646
-0.3759249277421701
-0.41707812160454383
-0.3380404013942553
-0.5078977985897732
-0.3627004467259054
-0.06266882791789774
-0.06305807859048729
-0.18833593070534052
-0.28053645335940725
-0.26656949115163053
-0.49943716478300004
-0.3123261076622803
-0.34124175224872566
-0.21042676789845283
-0.1639824577663536
0.09145963597099113
-0.2521591968356267
-0.33463823089933187
-0.2975809523886572
-0.3697925796841679
-0.4730331302385702
-0.5277406899207497
-0.4812364901301147
-0.09373873871568783
-0.33966937673174225
-0.23956708936830573
-0.6952524133801443
-0.18348586609215167
-0.4834125540353764
-0.2788314777802414
-0.3205655086398842
-0.46302730465472397
-0.14230687284517707
-0.32213372167319876
-0.10370819633276662
0.022391482801795926
-0.1273687971403712
-0.26923012869642426
-0.4736045866322276
-0.05557050012817122
-0.07143925253833028
-0.6539575594868576
-0.40041958643371856
-0.16995741654235763
-0.37716210668535877
-0.15752345468973128
-0.04014388352649112
-0.2544514920351113
-0.5058973920077681
-0.23754423742148845
-0.07202480405564038
-0.1662216098461775
-0.5535648837081777
-0.3215905388305931
-0.28319648780350737
-0.362609302423589
-0.49084429314764044
-0.4265678996085247
-0.5216943660273392
-0.3728389473272484
-0.505687893149436
-0.3522133927823543
-0.1732645344840711
-0.44903035433410254
-0.37714457053973005
-0.532330712995986
-0.359534692908964
-0.36345433001732186
-0.211253313541665
0.028732313195527937
-0.5953165578843489
-0.5450141842215133
-0.36306359315245307
-0.24795072337905721
0.11801948786613559
-0.45395988427495637
-0.595324490666036
-0.16163443451610315
-0.5295178426320997
-0.17345955899235133
-0.19861221910239202
-0.41936526407831676
-0.42573328466078
-0.4659682678666297
-0.25179067355704743
-0.43698436614906355
-0.571292040128371
-0.5966262656880548
-0.33667541836938986
-0.8731136792938387
-0.5555313992282958
-0.520372156903333
-0.27416818625395445
-0.5723132048080539
-0.4094085612984464
-0.3472993626850427
-0.6879300557426564
-0.5417145081583508
-0.2875360451937814
-0.5008964999729535
-0.4307101857583535
-0.44477295906912895
-0.30594803990047503
-0.03334916203701077
-0.1825871494741298
-0.05601631186043843
-0.3835676669153063
-0.2888517566331861
-0.27194863224019517
-0.4020593219024702
-0.491558302035481
-0.31291385259843363
-0.1477022224868929
-0.7547466479044325
-0.682485892619936
-0.3533617229085082
-0.619617338410545
-0.7242260655112936
-0.3742814569502484
-0.04828121558885856
-0.2758409985378638
-0.2993337350676848
-0.26347269401043016
-0.27014663932161365
-0.3714928494370917
-0.44444345477602676
0.28774659125712887
-0.5036723905766909
-0.3047196295514958
-0.4324450464500671
-0.4498361935065649
-0.10402475049529983
-0.1798837805404787
0.040334352260551015
0.20792976034062782
-0.0903573301682079
0.17418835965267276
0.24483440029403059
-0.47621725284170036
-0.6383714230140558
-0.2800440178104593
-0.26169469543504964
-0.39068387884641953
-0.31228827366470724
-0.17716173109633515
-0.16001338016439884
-0.5009312122770768
-0.48436779216014614
-0.43925097807695646
-0.5563368747592154
-0.4584888232633322
-0.39573585461549854
-0.17404310328059447
-0.3814799314873101
-0.47013051963826347
-0.18550552119890895
-0.3307901455042306
-0.06623359501683135
-0.017026587530814208
0.47030860555597065
-0.46245406995387306
-0.5736580315206454
-0.42894683031233294
-0.4079454313209958
-0.3238232698309378
-0.38170864720038344
-0.1385133302000061
-0.4533784180087932
-0.5086620026498916
-0.31906858566460716
-0.508418279062508
-0.4348730346325351
-0.5910297500328305
-0.5539389223784708
-0.5785110688636239
-0.492141680423678
-0.3760744336177948
-0.4759912974656204
-0.4334382484990844
-0.4808648199486265
-0.5105658562744935
-0.26509687399003035
-0.6070770488722446
-0.464149390696728
-0.5745260372885364
-0.5547301791257757
-0.11169056881718098
-0.6011002825956329
-0.5402225153037268
-0.5774129999695226
-0.1607549727658335
-0.31666784190089503
-0.5551004230268668
-0.5117824547307062
-0.4596703754079088
-0.22440858596791013
-0.5805472549385176
-0.6556701918068895
-0.551197434696646
-0.3129007724657309
-0.22571383019857416
-0.42497978467119957
-0.2256557960785468
-0.2557797731138607
-0.4121958200645366
-0.3738240461669411
-0.36065152756510965
-0.3282595659634284
-0.33146710479792585
-0.19713676136026304
-0.3577057547272313
-0.4214661282345977
-0.37135376980450907
-0.5615847609310334
-0.4979806107930722
-0.6309152959118807
-0.31122762526332104
-0.4303565360146133
-0.3488659399724896
-0.0018198352143388163
-0.09320054458247129
-0.3148539079937569
-0.3416237275189582
-0.39581403133247917
-0.09315447416184575
0.0265111883250162
-0.2330486118738968
-0.0632164470792882
-0.2681573829606365
-0.33640232662183345
-0.4574112719392267
-0.31045654426959324
0.02782968184588941
-0.516440835054758
-0.584370503251503
-0.3877672199467084
0.09403085907696429
-0.36411087755155
-0.0646244542610368
-0.5149868946774261
-0.556288814937367
-0.3710050200589059
-0.26973923810266753
0.28700523703542813
0.2611559678703317
-0.42017301289983777
-0.4441679996844361
-0.4398566442589056
-0.4909859424711245
-0.47425977074097747
-0.5228418932525247
-0.4848141592137669
-0.47683339006534076
-0.4978005668545842
-0.5338665017274451
-0.07693038097580462
-0.3022466248468889
-0.5460977374196216
-0.5752737622728987
-0.5701107009009845
-0.4613425182054447
-0.4820147950900635
-0.4547074524906831
-0.13189192039306197
-0.10435972464371357
-0.18247367840471454
-0.2770158025913978
-0.2987412536868421
-0.07615824151789807
-0.6291575228585493
0.06549893680876351
-0.13064564304955195
-0.4638458233244469
-0.14511320161446895
-0.019306226971399276
0.034171138634425224
-0.08740697652084206
-0.018917647495698464
-0.025263004303100578
-0.10383033485672155
-0.15982979490596416
0.14247161415123633
-0.13836202941984577
0.3005878521767915
0.09440585913488753
-0.0024568784036438363
-0.11757906821843167
0.012293897426693512
-0.4126349247588448
-0.18553355559386378
-0.2986369354264897
-0.34293017984518515
-0.24028220429658356
