0.1641628160842002
-0.14780033443671975
-0.8709575597129204
0.1961317806612317
-0.03696769843471309
-0.47740149421528394
-0.5075692172426696
-0.9876868088891289
-1.1565835242627347
-0.9022799665840979
-0.8434369377819413
-1.0465906170955936
-0.8814458822629343
-0.8970661150986163
-1.221066701700712
-0.9127092150189908
-1.048648339321008
-0.7942241220805519
0.1968611741216449
0.14679644623078497
-0.9480438467174739
-1.1314763509660934
-1.2222062536476053
-0.9938364673684339
0.4043542998762528
0.2641181263347308
0.41779386009688446
-0.1328737448615011
-0.562758515744324
-0.59036819776054
-0.5550544668191744
-0.6162368253432071
-0.4973780094621218
-0.7418293685378099
-1.129596451671824
-0.8503735175256539
-1.2729880427275082
-1.2835318785625456
-0.9689409919057892
-0.7299240389780366
-0.8554194328161284
-0.9090270111472518
-0.9966915683093982
-1.0160814618969674
-0.8335827733946399
-0.9455754908907601
-0.11975266659912726
-0.3345377167435765
0.10601439406989527
-0.021216451254393476
0.10943507329039553
-1.214585241324605
-1.2448412412299878
-1.2091835986019397
-1.1282921035755076
-1.1913993035971988
-1.2543949865561543
-1.2132858428042808
-0.978833215141641
-1.2706460087293394
-0.8344995909242472
-0.9093516373004695
-1.1326155561434528
-1.048267655613213
-1.0267533519121483
-0.7479366499240461
-1.2145808021106903
-0.7529657663523721
-1.0526560495632913
-1.280152396118113
-1.1076001605238044
-1.01260189152094
-1.0582100443533247
-0.9590052042694539
-0.8523079632574724
-0.9622967655933301
-1.2479075131133415
-0.5233358811332252
-0.46433402515929395
-0.5187185699975367
-0.7619883846578197
-0.4114096731638545
0.29230111340656495
-0.9582110258893433
-0.9611251952117066
-1.0164743783500636
-0.9265737522259749
-1.083233402842952
-1.1261468170784286
-1.1109222886110277
-0.8150990141435248
-0.8522645603858117
-0.8717190386516191
-0.7518185584655435
-1.1839633306748938
-0.9161116602205814
-0.8706931316191608
-1.1785315020584386
-0.7713531970096137
-0.3404764550569747
-0.8448914015108782
-1.0426108602923427
-1.135874802487715
-1.079718183871498
-1.0605364488106754
-1.0319966374102776
-0.5725795540795036
-0.19134206678443205
-0.6982261435065469
-1.1433506980481842
-0.9991499757452906
-1.1086696436370411
0.4202950691572183
0.24829866099226816
0.3443584731523279
0.16689250057980748
0.24848303837202362
0.24335018889142296
-0.9155289934139408
-0.7170237737693139
-0.7726764930647627
-0.4457448320231003
-0.9176314775531498
-1.0252524014374746
-0.5090737837385115
-0.9906846186951779
0.427210702990346
-0.3511539170785391
0.3074363432410903
-0.005597998709891694
0.2733471933130694
0.21462298576221867
-1.0946989359228436
-1.1601908439776822
-1.2257450876246632
-1.0854924212231258
0.26540911676466533
0.28836092160146426
0.30685505865893203
0.2118208409459666
0.31487634795296443
0.02418089759146197
-0.981643940441707
-1.2799086868644303
-0.8842453682397846
-1.183908533102003
-1.0861912443768282
-0.9309814305740118
0.2723759573494968
0.29288775824293944
-0.8413868348112661
-1.044284986495388
-0.9493444764928183
-0.7454321903551075
-1.2058144345155337
-1.0995204006275225
-1.022854147181848
-1.0030383188911094
-1.056540056309964
-1.0751131991812872
-0.9727665755958499
-1.1046513418518995
-1.0026037746985053
-1.0844013078129928
-1.058516093734062
-1.0503002406656654
-1.1577076641901132
-1.1771449993831353
-1.1954916789008492
0.318971961382071
-0.7906531732116455
-1.1332352005289354
-0.9343248609073005
-0.6005505125298691
-0.7129314978697721
-0.8902282808888968
-0.6260719655459381
-0.9662523728747272
-0.9564915129485068
-1.0425904092082872
-1.030913998377993
-0.8911286983779358
-0.5901931469002337
-0.9673740366738042
-1.1929419349208426
-0.9646424545005272
-1.1129810613119797
-1.0436606900664633
-1.3145925185625675
-1.2395062816880367
-1.2129712613178165
-1.2536254855929168
-1.0946492453294832
-1.2274558968115257
-1.0498727795992042
-1.1015085906333584
-1.2526653033998303
-1.0024753536568147
-1.0859833876464242
-1.1991824587310445
-1.0800788496279197
-1.1139696087606439
-0.9643505697783097
-1.2702443977017561
-0.8693996777888582
-1.1869939348310912
-1.1218937032822331
-1.0592089057970984
-1.0783641764365524
-0.8514979519610899
-1.2361911258636107
-1.0808256891337076
-1.0425382334284994
-1.0299342385784025
-1.188398323359831
-1.2333025330656506
-0.8605840133337599
-1.063172677230883
-0.9739725726581805
-1.1929896934695885
-0.8719795861702753
-0.9256002802454362
-1.1234749428133137
-0.768464526128289
0.2572404649315172
0.25147778190784487
0.227782195203319
0.013292302494414987
-0.8618567716359202
-1.1104986539508308
-1.1844122578650322
-1.2762092439066073
-1.167205430083324
-1.061583876100549
-1.1633590681731307
-1.334790372566953
-1.2492903079095055
-1.1621537733970844
-0.7956736055020655
-1.0363606381677666
-1.1811089602460842
-0.864006771330909
-1.0056925502418939
-0.716476071006326
-1.0537091067166926
-0.9766022140993116
-1.0058772785457377
-1.1693081603054665
-1.1982877929834677
-1.171515346343196
-1.1748430598545034
-1.166364579370805
-1.1471548152355264
-0.881413966847276
-0.995896698513832
-1.0084859009240088
-0.8624513200934676
-1.0752271880433442
-1.064488921308241
-0.5171827014879418
-1.041594154817582
-1.1646876258107188
-1.1303797335151315
-1.2717875071850655
-1.201646883224891
-1.0782209932822033
-0.9643987656784214
-0.7683310103689938
-0.8387925614322052
-0.8707778650453231
-1.0314757782333939
-0.9216731837837135
-0.9368567980377589
-0.8719320671858599
-1.171762531735063
-1.1166465754818191
-1.099970244606472
-1.0076500808825417
-0.9437502984953403
-0.8437227986385001
-1.0446006498849523
-0.9224897296894936
-1.0167515805701564
-1.0249175105691852
-0.9634039640131749
-1.1850211918196376
-1.2242751669091592
-0.9801572398787595
-1.286631857055555
-0.9760799591825922
-1.1151060221390046
-1.284576357345337
-1.1343714768628004
-0.8580433117716992
-1.0305810713020513
-0.8366400726872223
-1.1548697056080763
-1.0543902349856331
-0.9569875902992202
-1.026003750833956
-1.0729682998559669
-1.2086553669725444
-1.2852151374071032
-1.1867291274368312
-1.1318568816774197
-1.1712487443821706
-0.593266525396259
-0.952263140706916
-0.9135291138038888
-0.8878131177163604
-0.9153169764355245
-1.2927228677098677
-0.8847975236405701
-1.2619915639597943
-1.286908320947996
-1.3421040415127201
-1.2143469362804893
-1.0536197036386519
-1.1618476986854038
-1.2677373120590059
-1.3335822978431031
-0.9600023146426702
-0.31360969825687784
-1.3936500357240253
-1.2171823901470782
-1.1705493913934155
-1.2043952679622885
-0.7221875379459501
-0.5261581985535215
-0.6997232391451915
-1.164803493646258
-1.2498534046690948
-1.087046114545531
-1.159161256116634
-1.1750889186227076
-1.0934584104594196
-1.1341990828552897
-0.9858227739956542
-1.1141223381800323
-1.1849153145595268
-0.7975026586214364
-1.1199895537614022
-1.0910080031597718
-1.1969125137302246
-1.0898679072414084
-1.2890472569045224
-1.2402758791530342
-1.2271005715412782
-1.321214240445973
-1.195702498778579
-0.7613384918216555
-1.1693010775869264
-0.6300612396228178
-1.2111939172764032
-1.2567065384105043
-1.1234487870932852
-1.1967122922801126
-0.19713902592745008
-0.4613602261920275
-0.3405586435722327
-1.1763990444317696
-0.6345043323047681
-1.1061612244362438
-1.2123430116846652
-1.1627872090279612
-1.2129976437669054
-0.9802544286034058
-1.1732873852106886
-0.4241601989190668
-1.1561233897622916
-1.2397526540986707
-1.2851840013951012
-0.14704098132464088
-0.11146840191960611
-0.11154410353716909
-1.2065348900198118
-1.2624019595896707
-1.1749228210188776
-1.0767301732547463
-0.9597368698907369
-1.1362836023124003
-1.2643163208268609
-1.2112992682527566
-1.153767740973221
-1.1656633163292163
-1.1725012329020925
-1.1613005411199355
-1.1254280999910315
-1.225498077730659
-1.317378702038744
-1.0707151257944523
-0.843601091843672
-1.2883692029519203
-1.171394205773739
-1.1742130245369486
-1.0282374418982723
-1.3420692788813773
-1.306479178488795
-0.7363741261627308
-1.008923560229251
-1.1145098550328358
-1.3187004945739134
-0.803570436846029
-1.0030059804964855
-0.8000049246452956
-1.1118034206180465
-0.8515723231369587
-0.8518859965263361
-0.6950898254755777
-0.8707133063328116
-1.0443584955190082
-1.1175328108261622
-1.214790078908597
-1.1170499972115218
-1.1480668759886743
-1.1789868633720608
-1.2349773037458365
-0.6746834561598971
-0.8388632824642761
-1.1534843812450426
-1.1473974199443229
-1.2029652579271086
-0.9642415531013226
-1.0292575876823704
-0.46264626323722274
-0.6375608321738186
-0.449470470085129
-0.6057031445396535
-1.191119500760008
-1.25355692413023
-0.5477091335566893
-1.2866304801553137
-1.17858775250242
-0.7510616704436666
-0.5458012277261142
-0.8252417518403321
-0.9030007012524879
-0.47556993681220366
-0.5378680577851591
-0.7162519005840282
-0.826723560105975
-0.8924358647208195
-0.8704113990591458
-0.7213552989480669
-0.5075253856467887
-0.6223482966576899
-1.3581622432546256
-1.165613574257365
-1.010573626454945
-1.2998942723038616
-0.4839135290611997
-0.686307957643862
-1.2893184922205927
-0.5819702494749126
-0.9571689066200315
-0.7576649600102521
-0.6092098806379382
-0.9924686395321978
-1.0783382253435236
-0.9138399281054681
-1.0124803937545293
-0.7915963007079754
-0.60261162622541
-0.2682834713177102
-1.1257672826288598
-0.9264611466852581
-0.6917977744762658
-0.49465610640839425
-0.9237342701586921
-0.6080017279065821
-0.5887817096166368
-0.6234516157129593
-0.5383524235885309
-0.3727394025715995
-0.33740586169132997
-0.3375683588346063
-0.620051190634898
-0.9757731975842783
-0.4027421584840935
-1.1052781580538504
-1.0107146876537458
-0.8870469776772831
-0.904634939015615
-0.9613432208841151
-1.0402628307369215
-0.8616386329658152
-1.0534114359743991
-0.9402498534510622
-1.0583718477013109
-0.915935787023537
-1.1768611848150756
-0.9804140694795727
-1.3394125769923544
-1.4074575812012962
-1.1840433606169405
-1.0107722966664967
-0.9065557890707028
-0.6336134899860209
-0.7981408389642517
-0.45787110140429216
-0.9418724324937926
-0.5276847504544289
-0.7620591499294551
-1.1595895768077262
-0.6156472748394186
-0.7035662624814327
-0.963646177663972
-0.8191644969827807
-0.9671457940107506
-0.5377309540870894
-0.81049289478983
-0.32118074450192163
-0.7967007192549389
-1.1340288474505986
-1.083536826250566
-1.1639962130473929
-1.2572185289298667
-1.1584973158034721
-1.1396015034591096
-1.1692544076277451
-1.2116893435089253
-1.2296609544882353
-0.9626152332614388
-1.0881666697319845
-0.8915843327260033
-1.1224616906263296
-1.025636840488396
-1.0169661857669954
-0.9653887718685097
-1.043484583507216
-0.9801506423307991
-0.5243317817228641
-0.940275376760275
-0.48061701474766866
-0.6200572574476662
-1.0824154267505384
-0.8720836951988946
-1.1832596249865632
-1.0324539159583408
-0.9863008164470533
-0.995227680963698
-1.0369692276366618
-0.9092616265716129
-0.8005225919557735
-0.7775701602088583
-1.012452827056643
-0.9076721851574476
-0.9999717579446921
-0.8815859126600036
-1.1430086949703073
-0.7226372336009812
-0.9463363300510552
-1.0541069149344986
-1.0884295580962047
-1.00039919962748
-0.954628323432593
-1.1666546749375255
-1.2264565309041109
-1.1144044874674408
-0.9621517410645077
-0.6819800006743957
-1.0007145998776938
-1.2124911410956096
-1.0762019724809575
-1.006806696074688
-0.9150950620965281
-0.9457306246808239
-0.9391298904676371
-0.9941669483767865
-0.8275832685675446
-1.2156693346749037
-0.8916910259623381
-0.8960145188615585
-0.8793576484408081
-1.0685116625638897
-0.8061127683766462
-0.8769310293336503
-0.8763635053514955
-1.257255370748761
-1.2237531832526451
-0.9883865424670157
-1.09769870144125
-1.2097597183488948
-0.6037405840983852
-1.0355149673284225
-1.2153254709534285
-1.2821648668889527
-1.106152954377827
-0.870157879043312
-0.9823460390108136
-1.0143804827288816
-0.7780596370327808
-1.1054301365135262
-1.0347156083398248
-0.5637797197058967
-1.1278872729758727
-1.1757028675008219
-1.0027338341388872
-1.1056826757455036
-1.0273903818029362
-1.1419565428165444
-1.037250644512217
-1.093903706318191
-1.1290548726436331
-1.0939000889158883
-1.033368762172483
-1.0479672678547243
-1.1231790898009286
-1.1078446139217244
-0.7999126340020168
-1.017745028134372
-1.1731012434161479
-1.116490634621319
-1.0887533766962758
-1.1410853148918385
-1.2267740711260833
-0.9288555191105214
-0.1505875058195431
-0.6732563375205676
-0.8158679490195049
-1.0613032825626172
-1.221056938812812
-0.9277133797764534
-0.697433730254051
-0.8157300886075907
-0.8360190029391521
-1.1141841306875147
-1.1098742271651527
-0.9073663666667031
-0.8082610038744076
-0.914018460825105
-1.1564921054194686
-0.8860008154820453
-1.0194439395190844
-0.739510319817686
-0.9453176428439842
-1.07496139347083
-0.9900766890966308
-1.1430821230220063
-1.143642013051324
-1.1731764159659692
-1.0117232707634065
-1.0359719811138721
-1.0845285294667766
-1.1455331875628276
-1.1674467862348374
-1.1655963255889759
-0.7524985112264952
-1.146114517253651
-1.3075996029574013
-0.8220675600656595
-1.0850101846895857
-0.9835016918355362
-0.5289593083368171
-0.8978650835068638
-0.8151467426902499
-0.8736758349981251
-0.9466652140786562
-0.8805362832279113
-1.0214233377604678
-0.6706470315027879
-0.9550710510704314
-1.3159355854678882
-0.9984561901659428
-1.1671008305098354
-1.06380912218528
-0.11595422734232369
-1.125421681974368
-0.9020276249620613
-1.0705998330364397
-1.0000028518939013
-1.222296420727104
-1.277366817975141
-1.0943640712936336
-0.9001551548040008
-1.2200661016494962
-1.3169111038082957
-1.2551021277146994
-0.9868773537311168
-0.901902913448487
-0.6634940344492442
-0.9007933248412672
-0.5952241787421106
-0.975227834795865
-0.7808293673448661
-0.8555277837459918
-0.6515947626267395
-0.5134969686370894
-0.965304004281373
-0.8604015193076517
-0.7968746460969653
-1.1810122830761418
-0.5618359873931837
-1.0519793378820925
-1.1894726123387807
-1.2339670266919451
-0.7980260965653942
-1.0987220633409487
-0.6328317657471374
-0.930701448303558
-1.0615847053692293
-1.2061034539122037
-0.9067334615691418
-1.0559754757995787
-0.934566360638404
-0.9108588335497421
-0.9424805767055064
-0.9163921809806996
-1.1745733780955538
-1.1162285830058492
-1.0325934168715742
-0.7936744089035475
-1.121787847499759
-0.9087127228646124
-1.1114374645183516
-0.8900903984061437
-1.1428469024813654
-0.9587867007510147
-1.076418425060383
-1.027686018514404
-0.9246650993797998
-1.0819861414845595
-1.0274918976843612
-0.8810811252928332
-0.8824829188343182
-1.047924809286904
-1.0680838392916618
-1.1804596700090781
-1.148608126467592
-0.9222846393719439
-0.7106820669540863
-0.7441704220742149
-0.6973633977958176
-0.9429348454904602
-1.0832521873702141
-1.2710680076854157
-1.1807894568212698
-1.115659388619599
-1.079406823978952
-1.3182782196803788
-1.2522123182558793
-1.0549795042344534
-1.2392188373796567
-0.21223289587747524
0.1124198807955275
-0.01785177878807137
-0.11567485610657363
-0.04841369186465866
0.08146750056906843
-0.05581378256368791
0.17036709949710144
0.30462576631808
0.11551603815593864
-0.7719424887730864
-0.07755370133373701
-1.030241315355558
-1.2090579534363426
-1.0783605259636124
-0.7013438618826984
-0.8825943049346876
-1.1642273959013971
-0.8201253814056291
-0.9340723271937106
-1.1089833876126682
-1.1672522408493504
-0.630257815351565
-1.0429191308847432
-0.9535258779361244
-1.0824248756483137
-0.7540551137107812
-1.0259357935362063
-1.1295624833340228
-1.3495049086263078
-1.045440540816078
-1.1173418430603108
-1.231830993950109
-1.240406048868557
-1.1429994819555673
-0.9644184729059468
-1.132865469912163
-1.0063734339633175
-0.9800274077349471
-0.7390620484198107
-0.8849421525394223
-0.6748989695312939
-1.2783060568440112
-1.1721970549675105
-1.2540736896878821
-1.1056081717436113
-1.1017452874041644
-1.239828592644544
-1.0750076439022982
-0.908441116752569
-1.137432513967804
-0.9765359747216082
-1.1570390124522876
-1.1012658994911748
-1.0355460973191553
-1.161978419951743
-1.0621512194180263
-1.0676733572407076
-1.0627319743443804
-0.5922823176229406
-1.0518731971657196
-1.2121680971855529
-0.867646155674904
-0.773253900956685
-1.149726771406949
-0.8403720312835856
-1.0326566833257635
-1.1456215468360875
-1.2400725226689853
-0.9757520427341373
-0.8850635640679221
-0.8942301890941617
-1.1888248480184143
-0.9361921904140631
-1.1898996556141144
-1.161478422982835
-0.45595662159190925
-1.0585832002331206
-0.7281600779510862
-1.0456970726418129
-1.1042594019745182
-1.2340823088090327
-1.0760902268509385
-1.0646463843946765
-1.1391463376394049
-0.9630531645279852
-0.9993489759031491
-1.3103068894890668
-1.0376458743307675
-1.1758625448912443
-1.058537501010514
-1.143922583854731
-0.9620082510707346
-1.2445581318304864
-1.1199786856465954
-1.0464416430904742
-1.054921750545127
-0.3382323950517884
0.2756307418093927
0.03334144749520879
0.14047847102704553
0.118002842427329
-0.908230906896877
-0.871928623215185
-0.8708504351771851
-0.9021014173259989
-1.037007192467571
-1.218253411678017
-1.141521162616059
-1.2155485253014617
-1.0637784954371254
-1.210573950415385
-1.0470781366397592
-1.1140319810852108
-0.9831588947214758
-0.7847346392295009
-1.0856735590158244
-0.7633551646277217
-1.1919121710397997
-1.2225041463600699
-0.8617091554310734
-0.8129763265125589
-0.9281882016938747
-1.3904723006022082
-0.05536509438587761
-0.909697263275681
-1.3012248571049823
-1.1014201532451453
-0.43586188388438457
-0.9064886562845171
-1.0414725105169318
-0.9545252940072386
-0.817784762018144
-0.9039296731347666
-1.1314718139099964
-0.8003312766730908
-1.1306704934171965
-1.0649429159957522
-1.2274101277093898
-1.1229733728928288
-1.2113346509545349
-1.1141046764295706
-1.2233835203759404
-1.247922715241936
-0.8752678607261799
-1.0142253811804245
-1.0254682658914984
-0.9697733545263596
-1.0268459721175651
-1.1125007546945225
-1.2080506094058154
-1.089082457563159
-1.0345109866724107
-1.2117073399905312
-1.2013722986544646
-1.1878654047842752
-1.0521778970824125
-1.1578988822667557
-1.0695219132196916
-0.9824603145561934
-1.3012036470964017
-0.880695301847578
-1.055783573467936
-1.2421165762338553
-1.390895098134609
-0.9644545299715734
-1.0196825677076664
-1.1692273190207
-0.9979788201842361
-1.2897872151221395
-1.07392179411676
-0.6598029256810591
-0.9789726831609371
-1.083761812624774
-0.9907728286414581
-1.0054097019552144
-0.7634740771966226
-0.9741410160868804
-1.3652642800532522
-0.99594535413929
-1.040222289790709
-0.9455064350013791
-0.8820314155899383
-0.8489687140121591
-1.3700743824557067
-0.8241080622660462
-0.8263132285763175
-1.022921518237773
-0.8476191356665768
-1.3073367081779528
-0.9541966797769941
-1.2093237330504747
-1.0789299188666253
-1.2127202878391843
-1.1105286431748806
-1.1504385730328928
-1.1859821581986647
-1.139220632047676
-1.3192663124138744
-1.2572893431665488
-1.0643593323054523
-1.3024151213091748
-1.3012208286086506
-1.288869664572981
-1.07938622138198
-1.1793407513942065
-1.1157388733350244
-0.9087053254953272
-1.069845538806012
-1.1432779777235778
-0.991981626322801
-1.069495260252087
-0.3599383116757712
-0.8594297842851086
-1.1424351465617455
-1.0995557706474497
-0.32243707031611163
0.041514135364777494
-0.7297051288878553
-0.8288964389379128
-0.8309561894882258
-0.9744817980162999
-1.0961566453164033
-0.8859023626522331
-0.9344916097440807
-0.6539254365354468
-0.8199194780020898
-1.0641064542192031
-0.9340213554363823
-1.0856545724959858
-1.0591396902630315
-0.9677119005565744
-1.110622403448905
-1.1240713053851572
-1.1002974591076582
-1.0583653321586854
-0.7193120362477539
-0.9010554299396241
-1.1393366432073642
-0.8700189739853939
-1.1501694404207952
-1.1420993427147705
-1.0294499240302348
-1.0021112099419482
-0.9977900654764691
-1.0141273423921284
-0.7626765335804817
-0.6181630369689952
-0.7539240536561425
-0.6943127102870232
-0.9496335754025902
-0.8583752911516831
-0.6813649173556617
-1.0294452691849065
-0.6399298153556205
-0.9303077079311801
-0.8333212117907818
-0.7625040724473491
-0.7216838633496832
-0.9485352906636397
-0.7903584456343651
-0.8571601805760369
-0.9482111882988364
-0.8491132533374597
-0.802653623443329
-0.8794468105421192
-0.8591002294320174
-0.5371588660290236
-1.1301461200344198
-1.210892337365441
-1.0286437197148206
-1.1479588735027237
-1.0110142406171716
-1.0983900239417295
-1.2201757608397916
-1.2054088078077625
-1.2199031102007838
-1.1027067507313009
-1.1607689277908053
-1.1803092169296374
-1.1639367503553284
-1.1552627871996048
-1.1929800328278894
-1.2513180957617742
-0.8200124714736157
-1.0562961007022158
-1.1479017499274546
-1.179500348923871
-1.121078664545774
-1.2069469829382775
-1.2595769520924283
-1.1298808530321416
-1.117875604114287
-1.2035889931143673
-1.1349189345092932
-1.1473983895588382
-1.0650125505701682
-1.2090944424476373
-1.227078786823552
-1.1930372759980516
-1.1827203222323732
-0.9950041084087646
-1.2245998876894986
-1.1411984257571122
-0.9537459293491659
-0.8005812952450013
-1.1510359020720664
-1.033426285907862
-1.0336532674019534
-1.1618543076625747
-0.9902382805034045
-0.8688397527920755
-1.0903587534976638
-0.8793093517840356
-1.0768913154054698
-1.0380917625072057
-1.235059884791373
-0.80718285429911
-1.2012563100034106
-1.195353695300556
-0.9397677297596563
-0.9715463584939201
-0.8729296099006605
-0.9920829017842239
-1.1500591598254888
-1.013631974844836
-1.046395746220807
-0.8844386172629661
-1.2005618646581186
-0.9961613374382814
-0.9178854944411603
-1.0447986367960171
-1.1034042714251588
-0.8950502803058866
-0.9618919684022822
-0.8504918604236049
-0.7972265865530812
-1.199856501370779
-1.2307026084333412
-0.8933212309035359
-0.8837889434074466
-0.8592035410769554
-0.9397595705730957
-1.092718917615991
-0.9594853430745103
-1.223120431267011
-0.9902606635031928
-1.2191364109238798
-1.1714227232371923
-1.2200023356960819
-1.149433509585817
-1.200598973051507
-1.3233946179381342
-1.225582222125545
-1.3301019678517296
-1.2714496913811046
-0.9328180611478973
-0.7463643727303084
-1.0947394467199192
-0.9824293776759727
-1.0215747062694625
-0.6117398314701556
-0.9505239827867393
-0.8350942606794718
-0.8775305558868365
-0.8678918901141579
-0.8938539544529138
-1.1927908194977952
-0.8311800056401821
-0.8709602887138839
-1.0510663665929976
-0.8297645174632373
-0.8531925017348965
-1.3508948219555281
-1.100123948906271
-0.6748471138937557
-1.1221745895761919
-0.7971119066639221
-1.2156817002407696
-1.213303693989016
-0.8960218406551432
-1.078375770252846
-1.0032068640110319
-0.9546015729955386
-0.9517001849197013
-0.931404422261237
-0.565135438727751
-0.6678193896588345
-0.9158211887391425
-1.2108624356883573
-1.2668664729256498
-0.7473162670162699
-0.6215513457255619
-0.8081868798609133
-0.9470503054668995
-1.01070823765608
-1.0471975112163838
-0.9722948800426965
-0.98973698721347
-0.8748176356429973
-1.06003921599487
-1.0443793327438826
-0.9663746436986178
-1.172166472468365
-1.0548943743539334
-1.1913511831284158
-0.7211094985736703
-1.0512644094467023
-1.1397843122983626
-1.1879729041952125
-1.128615976004989
-1.169989273222715
-0.9974195066816367
-1.2968861489036871
-1.1596401564244474
-1.1070589277431029
-1.2219610647148047
-0.9964122550189554
-0.9560022246408606
-1.2053635517695753
-1.2111874939702256
-1.0830535591020862
-1.195978237854267
-1.0590289780266284
-1.1173140646623956
-1.060664527014427
-1.0612189410501347
-1.1186670415530722
-1.306249253558639
-1.1148717506892651
-1.1087938037744627
-1.028649076257177
-1.0317866702154508
-1.051315311527271
-1.1578157632540742
-1.0837922459636833
-0.9811224490836101
-1.0963329178687096
-1.054130204653504
-1.0579376228021122
-1.051861080167977
-1.0233314948991568
-1.1223743569702795
-1.1198099433555686
-1.2085851175669287
-1.118500620431525
-1.1310440003420899
-1.064493811097165
-1.183954816791603
-1.0372829942435116
-0.9450870354429746
-0.9721635263594275
-1.1147198230596673
-1.142874817166607
-1.2884193814259965
-0.6752411416448119
-0.958607510469131
-1.033297489133617
-1.0355497271947967
-0.923911177430069
-1.0015152852158449
-1.193179557168268
-1.3554235716655632
-1.0375767258007327
-1.0716680504025426
-1.109054862992662
-0.7842710167939642
-0.59147159653437
-1.0226904629747577
-1.0480955147665536
-0.7257406687941008
-0.7283649821045672
-1.2056107564563925
-1.1893403578283521
-1.1200526147485117
-1.25691612432395
-1.0323198986462974
-1.1738734128139499
-1.0802055881946149
-1.008608330919347
-1.1808164249244395
-1.1894285776884137
-1.112345609525393
-0.9238996060709856
-1.0770848794140202
-1.1865535529690618
-1.2516101936899118
-0.9997965381333886
-0.9435661776964783
-0.8375625681385712
-1.2902955607565867
-1.0007439929834485
-1.079589459664892
-1.0947679305337819
-0.6722198071443717
-1.317733636152947
-0.8050656443111548
-0.5944431193846935
-1.02755063281992
-0.6476305722752922
-1.0870347170621735
-1.0731120785861739
-0.5184112339506652
-0.6933793397709425
-1.2438551528488688
-0.3998563631173801
-0.8258177082877773
-1.2210877636002884
-0.8816563645419084
-0.8220984268670077
-0.994433487794083
-1.0749904630831149
-1.003632687595753
-0.8784992202980162
-0.9635989177418456
-1.0440540634488296
-0.8488440856381916
-1.0542022650521863
-1.0215717099023072
-0.9839672301488844
-0.879047758947981
-1.134572012105404
-1.0621259737355
-1.376805802484326
-1.0495439172171517
-1.1606488825088215
-0.5849493043258025
-1.262283383029293
-1.0814128865564914
-1.2457406389647667
-1.105799261949852
-1.1666185859591798
-1.0724699760905068
-1.0482902779106789
-0.9189691345980882
-1.0915813824835812
-1.087690244952767
-1.19604394398591
-1.1000289896539475
-1.1764702385025656
-1.0960538693169457
-1.2217040726796389
-1.158314779306248
-1.0770580079289183
-1.1256469945104126
-1.1575521109862204
-1.1887871379523534
-1.1483327427647982
-1.2199146494326005
-1.0474810166837358
-1.1296690214298615
-1.1806509523455178
-1.1231386523729883
-1.1891020714924718
-0.9433733679926981
-1.2661011050074669
-0.9286085345299748
-1.022682339402419
-0.977313189314206
-0.8522299909799058
-1.1473117259787455
-1.0885071949535108
-1.0520449386932327
-0.9930803890793942
-0.9934704655604027
-0.7718265239247815
-0.7446944722506974
-0.7251588832378368
-0.7823648460817221
-0.8183144875816122
-0.9585343901951748
-0.8681269219177834
-0.843490401388485
-0.7114438275734438
-0.8328804133628822
-0.8020119949686564
-0.8694587847858071
-1.149296291913853
-1.2146701498665544
-1.228075771111558
-1.1298949234620081
-1.0548335106623175
-0.8044207174274665
-0.9892146126625583
-0.8052792430834461
-0.5993721130532876
-1.066617147227279
-0.719214752011309
-0.7757548403932695
-0.7241221953154311
-1.109888623661104
-1.2192135829570991
-0.8886635983029467
-1.2010610443933498
-1.2193663554802228
-1.2356248474092382
-1.2537710472788055
0.3095495245200007
-0.27947671730285845
-1.039168098100834
-1.0574086902524755
-0.9850720202199532
-1.0982454830556054
-1.290664534962805
-0.7641545785239161
-0.9076971021688529
-0.8741378877828339
-0.8591329679779516
-1.0757268955717316
-1.0908242126089556
-1.134036510353589
-0.9284301934359
-0.8029019778011464
-0.6889905627649637
-0.7144392480536215
-1.0558452706495116
-1.1401921932395693
-0.9778540920994783
-1.0043665905729917
-1.0233917820698106
-0.9988952937855016
-1.0167118216296671
-0.7832534915067673
-1.0403668134322899
-0.8743508145112397
-1.0582664608576995
-0.6016867997956037
-0.5015355128873351
-1.0287040609539677
-1.1180684811634254
-1.1028568810361727
-1.0629467266051786
-0.8407982161542666
-1.136780555795147
-0.8616650503961247
-1.053152386721629
-1.165422363599711
-1.2770036293814997
-1.154585248068493
-0.9788023643692856
-0.8696934272258694
-1.003430422714793
-0.7738148173562849
-1.0816757838709654
-0.845597117709642
-1.0839962454273928
-1.1477170740567055
-1.0435536268509986
-1.0223963650044812
-0.9737857661355103
-1.225820296822181
-1.1228382104282082
-1.089205350256058
-1.067120861102625
-1.0071266468647446
-1.0043345730536826
-1.056387263077054
-1.1198728402954055
-0.9780703606353967
-0.9349631713761768
-0.9321391951779481
-1.0479255816745534
-0.7716559401458996
-0.8138274860395802
-0.9060032843486281
-0.8860163082197026
-0.7756609114037454
-0.8397258202035289
-0.7784264636451061
-0.9528041532192153
-0.5218057100116626
-0.8340049114520476
-0.7712736055743228
-1.2875779679138815
-0.6943917728243789
-0.7334758457128976
-0.7252803695785539
-1.0077585814839745
-1.0193628334923426
-0.9153354209874187
-1.0721082614187674
-0.8861290256120153
-0.653748126110602
-0.9507826147455212
-1.1001284944590053
-1.0845672221147786
-0.9857657884502673
-0.8517295651013634
-0.8078678066050744
-1.1237107295553808
-1.0400229388951143
-1.1359653289424945
-0.9527782925984132
-0.7431117115702162
-0.9111982367489533
-0.9065120277792678
-1.0503770776632295
-1.105846879422648
-0.9814819476457288
-0.8452233724598102
-0.9603012321202804
-0.8950107548607893
-0.6979046898321213
-1.102320609533426
-1.065529073584192
-1.0499197662931843
-1.1431186082215568
-1.0885256274631885
-0.9876745327431198
-1.1215240543411016
-1.1680463949854396
-1.0072033009972878
-0.9571651563533174
-1.2755277522265749
-1.0725471221024805
-1.2474140250914358
-1.2198109224168852
-1.17813855663374
-1.1606188097094907
-1.212358147427253
-1.1486367657574867
-0.9458645070973459
-1.0410864018047314
-0.9375525144719272
-1.0780873547783167
-0.9909097710702162
-0.8015945893372936
-1.0671654818959604
-1.0536970036725772
-1.1062196225604375
-0.7958097090605281
-1.031165101864563
-1.10051945152052
-1.0859189850479514
-1.1238305503240318
-0.9644048803692387
-1.0394166980705946
-0.9802871115101077
-1.0153769422991694
-1.0572433646624992
-0.8441268994625364
-1.1237575562901367
-0.8461229177519225
-1.1811728195121975
-1.0712234156937612
-1.195817203780355
-1.1198858144803034
-0.8390641874046099
-0.899794784257623
-1.2520845962694545
-1.1561064899893652
-1.0161019628688417
-1.2078660816572724
-1.3248069308616797
-0.9071411900948199
-1.2377450197825077
-1.3493214288045496
-1.3145068103024584
-1.1989684368805633
-1.1311145559960207
-1.064700708748261
-1.2155165781804864
-1.2237957973084346
-1.2198017761520321
-1.112355111519573
-1.0358756806747127
-0.9344833085915416
-0.9701734459298816
-0.965649533433879
-0.9391223673796503
-0.9105525027172579
-0.807765455249901
-1.0670233584697966
-1.103050489574527
-1.3115035462536773
-0.6584845102208374
-1.1591707057829768
-0.9909317680753735
-1.2640786339451864
-1.048320830613357
-1.093317623264442
-0.726948445577764
-1.060786191726365
-0.7802152435397056
-1.1067486373534756
-1.0778194952561069
-1.2182598966563207
-1.177367088985798
-1.0899619637613067
-1.0374759386308885
-1.0087877420609852
-1.1385481736709793
-1.2191615798505502
-0.7395668016283958
-0.9488921506563506
-0.9849055780813802
-1.015026679991433
-0.9842490310171848
-0.9886552587166302
-0.8180210456880268
-1.1686900155025828
-1.1326088433459318
-1.203462114861374
-1.1835003087389084
-1.0034826168016078
-1.1471176345200231
-1.2693826100927013
-1.1817273992867603
-1.0136534885756954
-1.157713236499834
-1.059268242300632
-1.0612221938900468
-1.2647166284558826
-1.1757051378977221
-0.8757314802551182
-1.25763495003331
-1.2383392492029495
-1.0913749162878703
-1.189746799870299
-0.9185687667580711
-1.116096462395243
-0.8564908631389849
-0.7784340724314063
-1.0914897779416048
-1.1174142324336167
-1.0138061336753144
-1.0235063242049172
-0.904515919007671
-0.7537707150349833
-0.8332535984505911
-0.6841605858989801
-0.7452689785558191
-0.42294459060243356
-1.0720666345875565
-1.1432239343505335
-1.1718377932839081
-1.0977677438869906
-1.1778168911690325
-0.8753653338189513
-1.1967845605972578
-1.2850107979661127
-1.0004984341823426
-1.2274641323139772
-1.1370026603941998
-1.2086284481752447
-1.1403577010602055
-1.2725022732692823
-1.0664292541714484
-1.1464831118318244
-0.7820832450501174
-1.01333767760671
-1.0545232058123009
-0.7865160004847562
-0.9321821315211436
-0.5999738184059866
-0.994348017203764
-0.7522338135435007
-0.694901367423322
-0.5853932698071829
-1.1108460926480206
-1.107433318642914
-1.1820878161839687
-1.145211754622678
-1.1245123414031253
-1.0985114272447427
-1.1928751143610523
-1.105073005340395
-1.1591790826996131
-0.9024617480101196
-0.9720609861528551
-0.8271757754002909
-0.7279948174748683
-1.1213317297576866
-0.7546673644989734
-0.5896844841816813
-1.1603892645165022
-1.146393032142228
-1.2023750460856728
-0.9075915788694451
-0.949992096364771
-1.0654217612127261
-0.8574214705676055
-1.0751374117700065
-0.9612155870454784
-1.0747302258335243
-1.073068498868759
-1.068692873984819
-1.0057244144561206
-0.7716732257024199
-0.9572033630024503
-0.7547480487034328
-1.1236346968573254
-1.00454891981684
-1.0487509484314403
-0.7046018342969294
-1.1374938980221396
-1.1626712293178778
-1.0972740743646028
-1.1006839159511446
-0.6233573805900414
-1.1297995048685159
-0.7715913440487359
-0.9979629035272344
-1.0410216931679417
-0.9022103966460906
-1.1012974955711876
-0.7791271926802124
-0.7065619672944912
-0.8106700569831984
-0.519241885925765
-0.9104343829191757
-0.8737044574461812
-0.7368740066304349
-0.8702325486011604
-0.8575046490943057
-0.8762627132991041
-1.0968646487818716
-0.7627025830495404
-0.8775266022173571
-0.7797252869429874
-0.7603677301578708
-0.7424889745694931
-0.8138098461752408
-0.8787159667033928
-0.8035127464258942
-0.7196026932943222
-0.715529987770456
-0.44984391196361234
-0.41270788611004255
-0.8986106663928715
-0.9860946295978994
-1.054351797818714
-1.2183479126412344
-0.9828123693010162
-0.974210954151179
-1.1509244585365914
-0.41783839976901155
-0.9931728483654065
-0.8942570526538012
-1.2298429294271835
-0.8774611444238112
-1.096179810165234
-0.829513688796413
-0.8977074498818427
-1.016753172213525
-0.8277632240791897
-1.0146985444140924
-0.9106778890058
-0.9574311865563085
-0.7488092801664512
-1.1109604046730028
-1.2351863776908847
-0.274999967246867
-0.353895141283645
-0.38014060185228365
-0.47545758440067026
