0.6700403466724045
0.32158940540887726
-1.1073222053059413
1.0113804854894288
0.5768749411534324
-0.11696977369272887
-0.21317657010373225
-1.3489261963749597
-1.7805575423774862
-0.9602420189966134
-0.9525113468522017
-1.3517574826271341
-1.159194543720025
-1.1122775617256269
-1.7440910623477663
-1.1846280789855543
-1.4774471705544328
-0.9352819734278006
0.9318877939113326
0.8868614621523239
-1.2877189397316269
-1.3908490106057612
-1.6657046767097914
-1.39724551599487
1.3043488133817547
0.9703709381245254
1.130408425132934
0.2164736832571943
-0.1851514953760598
-0.5768386664644185
-0.3820155991783347
-0.6494474391541181
-0.2856055679658358
-0.9147030156597131
-1.5342065903070872
-0.927209568629989
-1.9305517177098548
-1.815137107568564
-1.163557434083564
-0.8525002493570961
-1.1376637653410564
-1.2131272517515514
-1.3324824446061687
-1.276473102363153
-1.1027097636787169
-1.0523287847582223
0.462321565781022
0.15849310313438347
0.843501564034218
0.7813561548034194
0.968628575043988
-1.7451688258707831
-1.8919506273207845
-1.7691409765481663
-1.5085314477107208
-1.6037745637464849
-1.7488238153703055
-1.683001427444099
-1.343646105958497
-1.7909161413568528
-0.9998518316771057
-1.1565804692028945
-1.4364312082099595
-1.4144734950002509
-1.433743046088581
-0.8915314688636278
-1.7002694743895106
-0.8370173549157649
-1.5111290169577984
-1.7847620192002307
-1.5930835819703584
-1.2630485334875508
-1.2845606946386605
-1.3272156863205515
-1.0393160341244727
-1.2582800905951788
-1.6359458476608693
-0.345975610392218
-0.1592627221806533
-0.768891805257079
-0.9623309361022072
-0.46867884850625896
1.057496972145486
-1.2637515231443806
-1.2892790658679838
-1.4126233661549128
-1.0541000992958864
-1.5819091804711711
-1.4842021637125404
-1.3085322874473528
-0.8983907913255182
-0.9509724968268671
-0.9906047814413379
-0.8420942644850442
-1.4499364076818237
-1.2455224618710468
-1.0929213873235002
-1.6753562372205189
-0.9917187802729803
0.06488030526417243
-0.9800239083681046
-1.272110281334973
-1.4361550012461601
-1.544310738408255
-1.5070604347888612
-1.1073987379074997
-0.5219491421693683
0.11580927099345728
-0.7498770892641391
-1.6463833236249343
-1.3151355540584506
-1.6251699302411693
0.999991531214697
1.0003112861653445
1.0124741469145462
0.8375701809667466
0.7913863243282921
0.9054033506305588
-1.1115359954387618
-0.7490966792368658
-0.8771727876249857
-0.2930813424091936
-1.1901902513280087
-1.4513212949883514
-0.33648396455203433
-1.3954617876858502
1.3114433030695631
-0.05953073743604276
1.0000919051155426
0.47263686906928615
0.8999445963238
0.8319638251969275
-1.6125664578744943
-1.7619415733137063
-1.6567523306952954
-1.751603121832818
0.9051827816276858
1.0000485120361533
0.9997677042297315
0.8815448683659663
0.9998675167143369
0.4803310412768498
-1.3626925387697402
-1.7469027300008853
-1.1605141792194023
-1.7854852795894909
-1.5607300794592167
-1.5184862240969432
0.9995663415257352
1.0326575868454355
-1.057749323651165
-1.313796910537244
-1.209272396215087
-0.7294208991885986
-1.6521612007492792
-1.4500636546052246
-1.3761513983745683
-1.3939840746104928
-1.5695412773153452
-1.4603800189426706
-1.2680294129560246
-1.5854317155131368
-1.4423987575275936
-1.527049224270762
-1.5215700857826884
-1.50351784525029
-1.736566625226294
-1.6693365556376965
-1.52652149004837
0.8075989211861099
-1.0469998128940328
-1.6003480332489908
-1.0639900573854055
-0.6149428263345336
-0.6530503109148642
-1.2568662188737811
-0.5046052677248689
-1.289504797857152
-1.25403976756264
-1.3461439034229976
-1.1924297898501097
-1.2406537438344467
-0.39617906729540064
-1.1481062074989448
-1.5393212857512506
-1.2573735279496285
-1.5155760616855345
-1.4271909021285138
-1.7970303122224751
-1.8111537966514304
-1.6611018200851648
-1.6981072842063958
-1.4420666437507965
-1.8127448960159926
-1.5256639933135212
-1.5569576746600016
-1.7764919962484653
-1.367137560901382
-1.5701762516816145
-1.5029472256094574
-1.3307766072501732
-1.4164089553851495
-1.1885279977025232
-1.5589110624556757
-0.905978929343686
-1.4129275319432308
-1.451879153416986
-1.4949134347180852
-1.5087317867527548
-1.1129618161805335
-1.7785396702109655
-1.4398210121132575
-1.529912856001536
-1.3837370821012487
-1.8403897971492456
-1.5528611503077239
-1.0593775562025647
-1.2921157531366865
-1.199287183353951
-1.5424064497140002
-1.0025640666164224
-1.2587678881603293
-1.4148437848251583
-0.9120015289244805
1.0574994652413696
1.0023992802779487
1.0001769667633977
0.6127255284212294
-1.1807331866166495
-1.4401952309591002
-1.6431125801766575
-1.7955307091098478
-1.538156244008394
-1.3834503888173695
-1.428922457141374
-1.7817467362823198
-1.900093044817573
-1.7258009448706633
-1.0160486039828618
-1.57725023764061
-1.9285387675395633
-1.1282902579792478
-1.25323548388975
-0.8497037131472835
-1.5140305401194623
-1.36789776210778
-1.3237080398147
-1.504076789482369
-1.5133708088651627
-1.746406717058684
-1.6411790943490285
-1.640441470460112
-1.8238974765063685
-0.9632486391308197
-1.332878301021306
-1.3513284540797852
-1.1020581724514582
-1.3404583732719308
-1.2847569122963327
-0.32509445831518957
-1.3292729118527575
-1.670064945485333
-1.7375155981177548
-1.6892673293200844
-1.7686160318126138
-1.4475140103254962
-1.3091378781914378
-0.8555613559629756
-1.0049248013594847
-1.1160397070994688
-1.4237632545241887
-1.1236143354504862
-1.1455099933726427
-1.0540908624149437
-1.6345428626366945
-1.4987688587937715
-1.489671108278815
-1.4089448333975911
-1.2052418061278642
-0.9410170636514119
-1.4981441025994784
-1.2592719917804491
-1.3326095663680928
-1.2999201738246715
-1.2518894163380543
-1.8081325262274313
-1.8120056899951502
-1.2579358355197618
-2.005167948181561
-1.2458794043176582
-1.4109900007708245
-1.7164627816812212
-1.5974576260284465
-1.1152908274376545
-1.3470867092380259
-1.1456610491528212
-1.6718309662034818
-1.490177504520384
-1.322716917700616
-1.5727648556939482
-1.5127523696259468
-1.770480571592229
-1.7824319806347717
-1.5007159476059393
-1.5220423659409772
-1.5653270188861088
-0.517136802371873
-1.3444671043206784
-1.1961078424903262
-1.174053105184804
-1.2353326228645989
-1.7355475586734832
-1.259660983110604
-1.9237978232736224
-1.6777525739528498
-1.7601796601698576
-1.7160071528934397
-1.2518408488416937
-1.6393312723859073
-1.7870530815977965
-1.7333706643931583
-1.142787036037887
-0.017146827932833952
-1.8507784913245067
-1.6315193575300413
-1.735007251747817
-1.5881961360591446
-0.6740689030869531
-0.41020910343092987
-0.8506437073846975
-1.6215745196511062
-1.7182954117142437
-1.5389017688912674
-1.5644886043945834
-1.5438172556052117
-1.6346839717364239
-1.4736936935446316
-1.5696771872155566
-1.6276640720431959
-1.5911141757939673
-0.956285903368592
-1.6254201191989257
-1.5665301942119039
-1.4923272741990445
-1.4239351345633937
-1.8610083517169287
-1.7119511058136505
-1.6128656405431239
-1.7960523668050288
-1.6015989243003237
-0.9551808209654447
-1.6520781066264771
-0.5991621679708283
-1.5961213834888996
-1.6629676296055067
-1.4661923988823757
-1.7833204789720638
0.2143763205719711
-0.24400272072079177
0.1701624204518859
-1.7550974678555982
-0.4427727500908729
-1.497435707879147
-1.6845004369231635
-1.6860829369409276
-1.592164590332468
-1.1608816007251657
-1.6318704100548962
-0.0709407580550121
-1.5758087870512416
-1.5904173908013528
-1.7359803819462372
0.5284820332815447
0.5790018098998615
0.6212481178896583
-1.6301690397108974
-1.7248991024567408
-1.7503446170813775
-1.3484314120747334
-1.164436338232756
-1.6229113559978299
-1.6754145238080682
-1.7854223564385807
-1.708511708360968
-1.5975457517236251
-1.7037523304906774
-1.6592883615785612
-1.4265091622187518
-1.8297977497554536
-1.815134012713542
-1.374482438190323
-1.2267745428618426
-1.7326718727565684
-1.716190239956646
-1.6984026270428567
-1.487702063870896
-1.8229621188035614
-1.7542927270730015
-0.705587763511452
-1.3202305122755995
-1.5918411067006162
-1.7594096074710885
-0.80047448539119
-1.1855607738707292
-0.9756606174102924
-1.7570114593665667
-1.2107249144878944
-0.9475160741888573
-0.5559236688183609
-1.1147698591960566
-1.3563450219251403
-1.622975987168496
-1.7928047719088964
-1.5950316638223605
-1.7058765875849125
-1.6267533445456295
-1.6706427733819338
-0.5370890524705836
-0.899430263801156
-1.4089057710306216
-1.6428159052513351
-1.5775303930264821
-1.346486152252653
-1.438730568814732
-0.2510598202965959
-0.5159950420817971
-0.14298134578245247
-0.3497655736253906
-1.669253755030691
-1.747467712804743
-0.4110564219358255
-1.7929849922205598
-1.661314142205301
-0.7296853113844481
-0.2935170036781731
-0.8731579626742898
-1.3096066957721757
-0.34955165203054883
-0.46177441885810944
-0.7227535382182337
-0.8302627820697845
-0.9340810273003799
-1.030159884153558
-0.8211578239313797
-0.26354351043467283
-0.5944669168264156
-1.9408028582198276
-1.8389028330995691
-1.3931915738970926
-1.7088927405166754
-0.33865347781961064
-0.7123048854017784
-1.7700665089936678
-0.5243180575255153
-1.3062765788666069
-0.7429620464206208
-0.49260040527682336
-1.2663229581509985
-1.5552472411334162
-1.0888056241937447
-1.4329657462550458
-0.8538528182419614
-0.5436682112632998
0.15300039262144138
-1.381249817950595
-1.2899567730678243
-0.65680397453896
-0.29454728887388026
-1.2169620219962278
-0.6657575092720711
-0.5067045492139652
-0.5566179933795781
-0.3507209166918053
-0.10994856761266925
0.1190631021948041
0.07743454788073545
-0.4032055208337735
-1.3091856298179156
-0.05064751348791341
-1.5022120424576022
-1.3203953599071376
-1.1760802891192637
-1.2139140399844772
-1.3559234293609637
-1.4090434892726569
-1.2780396378246837
-1.339220339948109
-1.1158629657571704
-1.41377363680458
-1.3384702415752676
-1.648203181924803
-1.48725160018818
-1.8304858295903392
-1.8409587476141678
-1.6729887390524125
-1.2423639729630251
-1.0080011645756948
-0.6098229314349439
-0.9881381117653121
-0.2718368527832775
-1.0833017998146135
-0.3156905312535534
-0.947599373232203
-1.6493604809483504
-0.39602384395590406
-0.8135593915194843
-1.357983249787255
-1.0482359193991917
-0.9221177218530825
-0.5200226980949048
-0.7615109456800015
-0.03875778279747366
-0.7706580690044158
-1.5520645350035516
-1.528169585768696
-1.7448691575924011
-1.7552656818884993
-1.5086187081514384
-1.6623957086934047
-1.4619263721991163
-1.607235602088971
-1.6119947318081584
-1.2393228182274199
-1.462315052985223
-1.18107390772295
-1.334565202486685
-1.444142954082838
-1.433358692153852
-1.1559799319384123
-1.399812946556681
-1.3512946875905885
-0.27117876438295707
-1.0246418680867981
-0.23550044102873913
-0.5236004041183986
-1.2575964082066309
-0.9480119499278363
-1.76979449246584
-1.3049750746152384
-1.3919030480487529
-1.1548003894464884
-1.206854222653041
-1.1424375956578754
-0.9985712915408078
-0.8663525332798756
-1.2654307659326955
-1.2007588297703544
-1.2641572447748424
-1.0306860805111413
-1.3882401138068963
-0.7997956368176065
-1.1317092209114412
-1.5002018225200164
-1.5185021742255442
-1.3535925553433572
-1.3808716931066887
-1.5460318185185529
-1.7758683974723104
-1.402607816800929
-1.263267739085885
-0.8645088765689322
-1.1548504647658657
-1.6374350935767874
-1.2895597637756666
-1.1206416863342687
-1.1558983620070464
-1.368505438738046
-1.11767606668111
-1.0989524810165332
-0.7855639207258804
-1.5223270802031375
-0.9972477822312265
-1.1727778814638692
-1.0534463005471768
-1.4193002095821028
-0.9167824234994681
-0.884423035512863
-1.137003512935035
-1.6068482846312195
-1.5037231679633758
-1.350513504935915
-1.5599181341185606
-1.8145903194475264
-0.6895298996442751
-1.332379475528888
-1.8216205735155742
-1.6959876628385964
-1.3892472248532954
-1.0153454104654662
-1.201969469014171
-1.1544352594722753
-0.8327306284942122
-1.4784736099055495
-1.434652865526948
-0.37714126803482473
-1.5895246508663556
-1.5588354094458812
-1.4777945260544405
-1.5530517543917297
-1.4707699589989105
-1.566732659152079
-1.2954239111343526
-1.3990888237471941
-1.5105051364956588
-1.5678545157958592
-1.27861456607595
-1.190317596604512
-1.5521348887584268
-1.534666516955996
-0.9830891304525935
-1.323663643034693
-1.5883894422375857
-1.5213931145712352
-1.3904234155202764
-1.657907564903277
-1.6734271085739112
-1.286125706382274
0.4139184920180312
-0.46174167318212533
-0.9417633618471444
-1.5252265178638222
-1.7618204941013949
-1.160650040950211
-0.8388023408080392
-1.3472224547530092
-0.8142439482767039
-1.496947377497212
-1.6492281069376011
-0.9460232379055322
-1.0269162023792673
-1.2366770043816537
-1.5868381768888782
-1.1817077091033064
-1.412572001270408
-0.9529353079562999
-1.346440416512211
-1.3981134187857382
-1.2248723500548853
-1.6359856018756977
-1.5730304120310399
-1.6514584735741444
-1.4385533958624726
-1.4516999379966349
-1.2368604815760558
-1.5390776174481282
-1.7774083595004433
-1.646230782839009
-0.8492873031385824
-1.379700614332503
-1.700407764724804
-0.8353613024733939
-1.3807952388397278
-1.2889344020527356
-0.42563027481230464
-1.1014710524011273
-0.9992198634998195
-0.9993144020174978
-1.1672200773690744
-1.2113968508954207
-1.3198636219820126
-0.7911747285394919
-1.1544897539086458
-1.7607271973815186
-1.1921059005179375
-1.553790371056386
-1.7318989699044274
0.326022782815256
-1.3363852863741637
-1.1027553543540292
-1.5466872485305452
-1.476128801520977
-1.648855939584981
-1.7783333611893648
-1.495178219498704
-1.0461103374809213
-1.7036339985336533
-1.9114956348796668
-1.857693457006275
-1.350381454829621
-1.1272487923115897
-0.5772862327209733
-1.1887295044011206
-0.5201547804658759
-1.3737788744995811
-0.9660234981726055
-1.1028684806030065
-0.635176729063404
-0.4420420044983866
-1.4572079513787692
-1.1140552515761029
-0.981698991888136
-1.6526555282767996
-0.3992085657263369
-1.5851537478302122
-1.7700479816546182
-1.7452942114366643
-0.8247296648697342
-1.4173766787687587
-0.4080759371490077
-1.3207245840117683
-1.4433781150792504
-1.5604025153567564
-1.1525915632046158
-1.4694616229109674
-1.154080078774409
-1.1527603469559058
-1.236495306252695
-1.1709902326295192
-1.592209318654912
-1.4100495788926077
-1.3614402500301603
-1.03782530204414
-1.7505263013759917
-1.1822077758643978
-1.6980942159073298
-0.9981740874359366
-1.3911697008114434
-1.3308017564546548
-1.4951582905148115
-1.336948959247689
-1.2891877113580252
-1.45686992025893
-1.4098624944064782
-1.1543367136756182
-1.1640939594078736
-1.3794103476168147
-1.5629199012260024
-1.6247050313336173
-1.6196603482601166
-1.2849712255522
-0.8684881572602781
-0.9300526511800735
-0.5894699986996843
-1.2008421956720243
-1.5361178870600034
-1.7052175194497627
-1.6547937808575155
-1.6699152567391027
-1.5866003418949701
-1.8509795039489616
-1.6910869458277553
-1.6059536105484427
-1.729195140296673
0.2130067495798469
0.8432347078908371
0.5679300867965151
0.3764722378367267
0.6841190684248726
0.7964340103650043
0.5773676622620376
0.9687143871805535
1.2278035187708911
0.837651243256271
-0.980995458069857
0.38370431340018896
-1.261877153570323
-1.6081151312030262
-1.5693149519999212
-0.844838035177687
-1.185020566121062
-1.436111180119638
-1.037669061465379
-1.054403642186782
-1.6181570568910486
-1.73369967131932
-0.6584591204430101
-1.1907253722330549
-1.3257270437955013
-1.4853243092046384
-0.8711175010928207
-1.50922217999233
-1.416507283831309
-1.7955605159867576
-1.5238155000165758
-1.33728335117615
-1.6287361565463236
-1.577618175458966
-1.6566469225531473
-1.311271871230604
-1.6881666191357134
-1.4143696135487993
-1.3387672425059505
-0.872739533054171
-0.9903819207705837
-0.8342492124122229
-1.6281738678510014
-1.5509822193855947
-1.5679013843078782
-1.4158592462899604
-1.3118737998974324
-1.6336678983790958
-1.4509650445594133
-1.2142177717770732
-1.480758212856393
-1.2667732403117766
-1.707574027142032
-1.472824303706559
-1.3260554307615948
-1.7212984315013824
-1.5934079761370843
-1.3974617605253183
-1.444807924902966
-0.3586753188332159
-1.4504880339670783
-1.8506078641404777
-1.0579129716643945
-0.9914583637353209
-1.6931972925335474
-0.8206036831723218
-1.286185384616765
-1.5836543520023316
-1.6967672997502172
-1.208995039437408
-1.0413945118708174
-1.0287368046387952
-1.6048722846090702
-1.074479724020976
-1.6240453784615563
-1.554716980302522
-0.1404031917892088
-1.526707017878777
-1.207185428577611
-1.1836592033658733
-1.2639057139303411
-1.6944982683354406
-1.4589400275241655
-1.27145500615916
-1.6266362720806529
-1.3349085882425549
-1.2241062970417105
-1.6866993934510959
-1.3293679907661062
-1.7033085474413732
-1.3555719133813915
-1.6868774894672038
-1.429452805987473
-1.6218110453191452
-1.4067772960893088
-1.1998294742616775
-1.2240349834618256
-0.16650250403295197
0.941596159362015
0.7218148305275027
0.797556874464642
0.9266194924685578
-1.0145865112288972
-0.9870335013006726
-1.169772151755674
-1.1967744035606345
-1.1378528637984149
-1.7430143817420796
-1.636183457790873
-1.6270445857775064
-1.4292431311113651
-1.5419513251187322
-1.4756165671711907
-1.4304891318350388
-1.3630094540620592
-0.9147821632568534
-1.3756017566038612
-0.8330422961925301
-1.556130988267155
-1.7695272617386018
-1.0621056552924533
-1.018853360863621
-1.143746134257148
-1.8652843867663054
0.6132449086601814
-1.1356515260315965
-1.8835012604698564
-1.561056331578903
-0.2520202608801656
-1.124110580782362
-1.4143722170683566
-1.2908639452686403
-1.036148440848191
-1.151616538315982
-1.6864971392496397
-1.0049824687383737
-1.6082704497777887
-1.4169706310826478
-1.8262137410638284
-1.6906129284175926
-1.6142396468048814
-1.7007223875181092
-1.8598664034779262
-1.5887765104581029
-1.2201200217161452
-1.4906996949646178
-1.417431956242677
-1.345469230383457
-1.527574310102943
-1.6944665633494715
-1.5978468158069437
-1.5170213132541515
-1.514403332598213
-1.771293926573936
-1.735266825998455
-1.5900795350261243
-1.4305270001239496
-1.6858256316448952
-1.429006754593494
-1.3650163536657403
-1.9153445677060728
-1.1788430813986006
-1.4121248964945423
-1.9238874078414157
-1.9032941512758825
-1.345158309975494
-1.338665311880945
-1.7224918193777239
-1.0962483044280262
-1.7522396652310432
-1.5997537960365495
-0.748602293617677
-1.2882046569456762
-1.6114560136360512
-1.0817532939088832
-1.3254902639822481
-0.8632834771099953
-1.2865351980987516
-1.8208715218763498
-1.2161920119535863
-1.3701572913475408
-1.424301175083092
-0.9369045104433289
-1.3095738093930003
-1.9606534403750537
-1.0398477951233718
-1.247285345129151
-1.421579894081954
-1.1144036915595719
-1.8342944944616575
-1.16124253510451
-1.694638472336875
-1.7174915585210615
-1.6066046560102436
-1.6712368233465063
-1.6065116887869977
-1.6758891647130707
-1.7298205058244307
-1.7770303667859324
-1.8370423291165363
-1.5073688537719196
-1.8092193688143825
-1.800114473465536
-1.8045062221336752
-1.3712128775515746
-1.6036190633847094
-1.5971721596358492
-1.1655467906002717
-1.5750558197592863
-1.604337499525106
-1.3507058623769626
-1.5246124981982148
-0.1578025634000071
-1.1078585000131087
-1.4960741921259981
-1.5712468903531882
0.04306450839438969
0.5401014626282137
-0.9548311584639662
-1.026953109930654
-0.9118983210658265
-1.3939744646646874
-1.5147709186175027
-1.1489667282387732
-1.3503392081098122
-0.7359435762414723
-1.0298187735404725
-1.5299278004167898
-1.2726639243611537
-1.480629684613411
-1.4278397080928242
-1.4427232973319122
-1.5978377275158906
-1.564998739760797
-1.5865234558599843
-1.509239831761015
-1.025434195362241
-1.2782110709071859
-1.5586800900708557
-1.0859583304875102
-1.6648049581253999
-1.551218964681546
-1.480990634205772
-1.170401538072109
-1.3326772722626476
-1.4511504345525206
-0.8419520182276463
-0.4641747650001229
-0.9440679638036011
-0.8932633509821397
-1.2314999809457545
-1.0904249219454532
-0.8596630570288346
-1.4498986491538963
-0.663091759848766
-1.2351333959237467
-1.055742393061471
-0.8740943506166083
-0.7856882568814518
-1.236861782814157
-1.06978176269773
-1.0216895892773439
-1.2833292606528872
-1.0659543772600728
-0.9698305318678451
-1.0932024392714086
-0.9575015904369428
-0.48435772911940345
-1.481029167141908
-1.6653434827209808
-1.4679405376129024
-1.5270391618828063
-1.3696943172219227
-1.3584411924026976
-1.6684929864836537
-1.570189024059242
-1.6751383280703884
-1.4708157452365562
-1.7075710449112675
-1.541934799746109
-1.6888434519147435
-1.5226225855840412
-1.6927084303401714
-1.536018248751769
-0.9940388775917788
-1.3569176362330408
-1.7023461214784155
-1.624058077586252
-1.5968331476735298
-1.5600176199791662
-1.7543283097428948
-1.4220242386536637
-1.6192170169908524
-1.5314600928591002
-1.6857775752617317
-1.5668044103792698
-1.5967421397481518
-1.797646009606446
-1.5765359577051445
-1.8557532154578882
-1.478997366655767
-1.3673866818220957
-1.59829104327289
-1.6623245077053117
-1.0584077610059197
-0.8057717969089613
-1.5254735461608349
-1.3239188993270938
-1.1761451278347785
-1.5334271860066722
-1.2158892439384037
-1.000631285330779
-1.374686458683754
-0.9930578157078698
-1.4406565700511929
-1.3825095676567527
-1.6589967650203346
-0.952059042890377
-1.694407180026132
-1.643389186863334
-1.2566622677203034
-1.3243723501989237
-1.0853007389520803
-1.221714112634688
-1.5617890901815985
-1.3133137403383206
-1.4422366252372447
-1.128756076068654
-1.7419484063561559
-1.3190040209957454
-1.350470817968991
-1.308434061951566
-1.3327661913465596
-1.167155745544765
-1.2669312304490188
-1.0552372261298786
-0.9674021990555526
-1.6519902512562095
-1.8194308335655223
-1.1464316309110647
-0.8160702670004218
-1.104766228745062
-1.2752501167103392
-1.3465520265772863
-1.273493110440674
-1.5860961791400305
-1.555051023847706
-1.5878117239090417
-1.5402042071385706
-1.6815457899217894
-1.4998766953368812
-1.5834968982924862
-1.841046601252874
-1.6294227188949695
-1.7943973151659833
-1.728447924472824
-1.213728011803733
-0.8769160729802457
-1.3692572806937158
-1.3561848677455102
-1.526976108867575
-0.5668197015369414
-0.9813662701837462
-0.9858907681261828
-1.0569453750861106
-1.0785420830733072
-1.1892170489835456
-1.6984383643174656
-0.9630049923731809
-0.8302929070035872
-1.438168081401175
-1.1285213231574105
-0.9274687840218976
-1.766210067387264
-1.4106187867851185
-0.6446500566234905
-1.5056844186009466
-0.8873111758462378
-1.7707097529293299
-1.812783063339568
-0.9545333750512868
-1.348914197477263
-1.333665616959592
-1.2534373983072167
-1.3038719662500349
-1.0756616702956923
-0.5609230790623203
-0.7819533888641079
-1.129303231444719
-1.679249112370986
-1.7126396192566367
-0.821007477683777
-0.5014357493267456
-1.0976224405408408
-1.3499907663302777
-1.3817921840297258
-1.4457307758371576
-1.3923586434829966
-1.3723978290643528
-1.1048745857741953
-1.5570482530591614
-1.8259761004546287
-1.2057523535058243
-1.8068550208574925
-1.3392036494830075
-1.5594037185012397
-0.7940644576947078
-1.4472278822549136
-1.298777168382115
-1.7815519568047027
-1.3776410839542008
-1.4890937782569191
-1.4472343681579896
-1.71024374604413
-1.7096748999861744
-1.612521125999524
-1.6368188964061512
-1.3067364432329687
-1.2363475357869531
-1.5425097431103671
-1.6639136306345546
-1.506409886757104
-1.5508482429418244
-1.3866867176576474
-1.528049100401992
-1.3444228209469922
-1.543428185209213
-1.583705020625881
-1.7757575747586583
-1.6323394846870614
-1.6203338628388508
-1.407871659753629
-1.236928331974003
-1.2893653202436701
-1.5896723628520946
-1.4660995916461037
-1.3537433792270097
-1.5013864019429335
-1.3341673326021832
-1.3691330834268325
-1.384003568717809
-1.443317182765622
-1.6125239200246997
-1.5784286117959685
-1.5459510780758123
-1.5871387694788084
-1.5182485179996201
-1.511197728247174
-1.6939235552347374
-1.4019826535029554
-1.3140494490273424
-1.400891330796741
-1.4920021198546591
-1.4923844257086574
-1.7807788390011272
-0.6395646950841309
-1.4310426087590333
-1.2973364029736196
-1.4749615619829088
-1.1745063683518462
-1.2382331959609394
-1.5713880035934944
-1.8843298360382097
-1.551821205844795
-1.5827113416201455
-1.5551041846901559
-0.9481420928089437
-0.6123556515605657
-1.4170299452893655
-1.3254147533365181
-0.6852543066548133
-0.8651669646648943
-1.7634017185046373
-1.7131887895910458
-1.6990162335969086
-1.7400250681376612
-1.5971522277714263
-1.8717156075749133
-1.4121034602356677
-1.76451121497417
-1.6782003657509101
-1.8567754625062005
-1.612541330311988
-1.1905059475688156
-1.4932579078341137
-1.7213057121088433
-1.7549055359904033
-1.2683759121248654
-1.2246879018325674
-0.961393237737979
-1.865690989983204
-1.392849236492489
-1.5669245272775971
-1.5108685510660866
-0.8480786400883453
-1.762864379565371
-1.067590199064979
-0.4896008008150894
-1.432560941803547
-0.5787192899177642
-1.3487213567595717
-1.3138644572362257
-0.46189388518444585
-0.8488975374585872
-1.7540605550714503
-0.02708690545895487
-0.8928513388019612
-1.8050619005696353
-1.07135726587799
-1.0189427722083197
-1.316571056848819
-1.5550146739175947
-1.3546158554389438
-1.2878604282142965
-1.2877456959261269
-1.2792482512578298
-0.8876345705029032
-1.3097602181040637
-1.347614836801273
-1.1560996619440609
-1.1800267204844108
-1.4876353324474076
-1.482064333459291
-1.979251754750598
-1.3314018101380125
-1.4939119263190197
-0.6462023388450879
-1.7181646331042135
-1.5299848770421047
-1.6812626872531056
-1.527534820789062
-1.6646335665040948
-1.5230713131344527
-1.4064471745365064
-1.2062631952456633
-1.5427881185449703
-1.3263894345422413
-1.5322942808936573
-1.2561689972788497
-1.6473529010986765
-1.46418412541635
-1.8267924813554581
-1.6674918029054198
-1.52136703956273
-1.6568461827029977
-1.635218194358327
-1.6826325529547692
-1.6033831682150173
-1.740538377072552
-1.4964102937476096
-1.708278360118616
-1.6736486683357763
-1.5027855193662225
-1.6634561947413797
-1.2609593783647999
-1.642258280336397
-1.1734170091437026
-1.4657646599620933
-1.2038900958436713
-1.0831734430749667
-1.6033277148905871
-1.5157057105720633
-1.3860158932891642
-1.3055421336928863
-1.2443212268201835
-0.9877719514198866
-0.9814139189997946
-0.931627183668166
-0.9983444202131466
-1.0068837506944022
-1.1014312617890278
-1.1197579615373725
-0.9974872866640194
-0.8110563250567575
-0.9349347490766162
-0.9938713425112138
-1.165869935247111
-1.6489626486843465
-1.778484650144444
-1.5532281866890012
-1.6278606903900326
-1.5028614628892172
-0.9410762351288702
-1.191190604086006
-1.0753060836515014
-0.7385304871567888
-1.5384942103877182
-1.04716420906912
-0.8853780297831195
-0.6209470665832655
-1.6739619294943957
-1.576678972119166
-1.1185544957595168
-1.6241824064451882
-1.7758972256389873
-1.724012194708018
-1.666199510822061
0.9929103502294907
0.08170340850072821
-1.4187232801381573
-1.4516945246104245
-1.2187851333204238
-1.3647999037113723
-1.69507648801842
-1.0272709867186987
-0.9226531358955647
-1.0255370945594386
-0.8857851840958599
-1.3182108393002079
-1.3347312284343131
-1.3894187832836657
-0.887370207880503
-0.983226785798393
-0.721274967000537
-0.7749585960053713
-1.3412752411043691
-1.53378053925833
-1.3376253591526173
-1.4691952287516579
-1.3378782857879357
-1.2638128785978193
-1.4942794759062414
-0.9764526473876727
-1.3983265073875135
-1.0974227499803038
-1.4052349635089645
-0.7223606962728522
-0.3652268662798195
-1.3340612114550245
-1.3363300193448302
-1.5971304978681158
-1.3679905696239214
-0.8424709814154057
-1.4679952652907142
-1.165473303980532
-1.5883814377290026
-1.537406627590552
-1.6439842021435649
-1.535837226539192
-1.4369493873843624
-1.2195923154970265
-1.2907578732401748
-0.8614655527580972
-1.4261031404774676
-0.9368551258681992
-1.571228466431528
-1.6452386612369365
-1.526750296001236
-1.3936772635829622
-1.389604351880606
-1.7734630271022251
-1.5897025530960651
-1.524510299389447
-1.38642441610115
-1.5046890553013725
-1.437106635643498
-1.3733184911713157
-1.3363122753019738
-1.244502167585628
-1.2407632993643303
-1.3161233309822304
-1.3934155343101404
-0.8355497265221719
-0.9498341145594769
-1.048958260076769
-0.9844806477557022
-0.9728176471194863
-1.1263664944551215
-0.9710954310582844
-1.0195125770227211
-0.2896180992616204
-1.0667001308999515
-0.967328225643983
-1.8430777517684744
-0.8447668495781697
-1.013333737701401
-0.6440333636259574
-1.2220400173738792
-1.2824859245591116
-1.2254372580189303
-1.4558574361850234
-1.1485052441325412
-0.8189002228570212
-1.2808160380843054
-1.5653568783784266
-1.5612431559050164
-1.3334875613737307
-1.0917489168349575
-1.0007899594500194
-1.690641882491078
-1.3108623534436437
-1.364007766210505
-1.3116798249453165
-0.8988226746344774
-1.1611568495301132
-1.1896145489176135
-1.6021129023114782
-1.586288175161845
-1.254536461989605
-0.9658364535826032
-1.1758121411585656
-1.21026121190282
-0.670532851151169
-1.725808441349032
-1.592059405902272
-1.4402188569417567
-1.6573850094368112
-1.6144105900405468
-1.391928612803664
-1.6425617474539964
-1.6935684942461393
-1.4118002811498223
-1.3133490413448865
-1.7617442832312167
-1.4679204509540533
-1.7989693391791628
-1.694163575333705
-1.7234106987914501
-1.7845281054917648
-1.773764388872402
-1.63211697581919
-1.1584763117790005
-1.5710756112827877
-1.5441156445428244
-1.4243219456552734
-1.4944147060000408
-1.1614130123454045
-1.4956948656663986
-1.6622772532471972
-1.6595775211633372
-1.0103846342470935
-1.4004665469972502
-1.4577836249639093
-1.6573814582963478
-1.3587878990804374
-1.1601759238636584
-1.4381576072453568
-1.2960564175203813
-1.3184948741420899
-1.6056200089487904
-1.1288005234983836
-1.4504300050030736
-1.1902680727607786
-1.617762588868983
-1.4578022414321803
-1.6152976118047937
-1.588991573931992
-1.0053650950777409
-1.1357981898155904
-1.7411933703629734
-1.6138715348895734
-1.3143838034790873
-1.6665808869426517
-1.8229491866622738
-1.060936263873231
-1.5006301914398377
-2.017627205996101
-1.7378986055217382
-1.8147036703428576
-1.6537545348854927
-1.5284908833884343
-1.8576755743618183
-1.7235737081410172
-1.5692569750633825
-1.6380512684289859
-1.3004823621113577
-0.9844561375380032
-1.3713127403528074
-1.2885295494974962
-1.3203600214734135
-1.152626166348304
-0.9950764087953001
-1.5945944334994444
-1.5252493488042236
-1.932312530289533
-0.6822308145258511
-1.5339712955656284
-1.3841263754140931
-1.659907546032047
-1.3203113231688486
-1.5898757009503746
-1.153867294794739
-1.5010936443215146
-1.0408064062122808
-1.604106712438343
-1.4738306879484517
-1.705073056207617
-1.586104911389617
-1.6198866149387936
-1.4798831062030005
-1.3544233883870522
-1.4032559824620645
-1.684695107461912
-0.8808124248733888
-1.2761633785647242
-1.1978438826515936
-1.2887529896809415
-1.3381953174411942
-1.3618493368679643
-0.9958934785381148
-1.6451434381501155
-1.6851893092637555
-1.6116239051467158
-1.7137878816487648
-1.3917133206275134
-1.5199841703758123
-1.7374931675043233
-1.6899623363071348
-1.4235457326026568
-1.697808542895314
-1.66880830948515
-1.5759494240059866
-1.845978034717673
-1.7307883038333147
-1.2438184548287536
-1.6640895533101363
-1.6652202120043385
-1.5293763690581763
-1.780194055743887
-1.3012416548558658
-1.668154049190876
-0.8471109719177987
-0.8332711395637038
-1.6542486910299872
-1.4833112292892585
-1.7077575904084477
-1.1574219476436343
-0.9564894186332398
-0.904397397438274
-1.0856460693770968
-0.7088617500296828
-0.8750326807387723
-0.16703499522521725
-1.4911087431250627
-1.5226803280743912
-1.6954015096027162
-1.562850450770352
-1.7684110785174723
-1.1536114647130307
-1.7389524440236974
-1.9014245845690694
-1.478414598708308
-1.7348726912514139
-1.6598384024951403
-1.6554740455577017
-1.7397151896392373
-1.9105379945881993
-1.6163725580743151
-1.5983676649697316
-0.9826623710334774
-1.5370919547477258
-1.4385091146894358
-0.9308701639955761
-1.4408087542695658
-0.5178406956124137
-1.2503483907634065
-0.8499425620777068
-0.7897305184468257
-0.8616456133995423
-1.4474578158399025
-1.5124322133281771
-1.6355906551533128
-1.65519728285405
-1.61470887425969
-1.5889432903998444
-1.73698044391388
-1.5473878101903875
-1.5034273238258395
-1.1713595103688956
-1.0985135159885149
-0.7391910964944384
-0.6824607074016431
-1.506193462525488
-0.7629276165036203
-0.5358252171670623
-1.7903788405457812
-1.4871814825162997
-1.488151362177484
-1.1672651353056784
-1.3960507733340413
-1.2970869756853667
-1.0098460056745655
-1.325749274960142
-1.0705445079683555
-1.3889143590629607
-1.3800978146968463
-1.4116707532114614
-1.2750954964151984
-0.9306665961637546
-1.0898306629206138
-0.8927125655839545
-1.5145288787057762
-1.2578004327874661
-1.4812795018012006
-0.844518099145602
-1.678649722681419
-1.522800048369467
-1.4098108205451034
-1.5980452164870285
-0.6241807489450395
-1.6295148316804717
-1.1339203672658684
-1.3508740138754602
-1.3214586329392655
-1.21528822775026
-1.3598967755551723
-0.7417155164208735
-0.5813313836007181
-0.9452633665033601
-0.7706469496915596
-0.9821423915015883
-1.077218441594691
-0.7750425520337825
-1.2021941345663782
-1.1359978251361948
-1.1187533553371136
-1.525433701240175
-0.7501088676079244
-1.1401487888931794
-0.9537324030034438
-0.6902199048993529
-0.7499570550996728
-0.8905194174373376
-1.0754310995327983
-0.9410539269890237
-0.795800637805127
-0.775984197278474
-0.2240075263458332
0.044757717441871625
-1.1921805396255813
-1.2877037784764689
-1.368268951159757
-1.6092966275637102
-1.7104391739370401
-1.3385242578965528
-1.7330775411028443
-0.16029068651812328
-1.3327012322821805
-1.1023758069727176
-1.6042369905426848
-1.0754523036524921
-1.426225799109947
-0.908616349455744
-1.074679648663513
-1.2545364491251105
-0.7578980263060677
-1.123786185073912
-1.2321712382713825
-1.229783904894343
-0.7962404715679761
-1.361745895770054
-1.7121936651524134
-0.2992777383380061
-0.05225681205206478
0.04255840576815717
-0.2546076488254887
