0.33278865961360166
0.008662912178479254
-0.9497457749105941
0.46788134893729744
0.1676465147613354
-0.3572575873744322
-0.4094383348630238
-1.1080999380510725
-1.3645748636343187
-0.9216006507216031
-0.8797950741386948
-1.1483129056061072
-0.9740287694152979
-0.9688032639742866
-1.3954081552497302
-1.0033488363411787
-1.191581283065483
-0.8412434058629682
0.4418700473848742
0.39348478487129795
-1.0612688777221917
-1.217933904179316
-1.3700390613350006
-1.1283061502439127
0.7043524710447535
0.49953573026466236
0.6553320484422344
-0.016424602155269308
-0.4368895089549026
-0.5858583539951662
-0.49737484427222783
-0.6273070299468441
-0.42678719563002643
-0.7994539175784444
-1.2644664978835785
-0.8759855345604324
-1.4921759343882905
-1.4607336215645519
-1.033813139298381
-0.7707827757710565
-0.9495008769911045
-1.0103937580153517
-1.1086218604083218
-1.102878675385696
-0.923291770155999
-0.9811599221799142
0.07427207752758917
-0.17019411011758986
0.35184345072466955
0.24630775076487746
0.39583290720825975
-1.3914464361733312
-1.46054436992692
-1.3958360579173485
-1.2550385516205786
-1.328857723646961
-1.4192045961608715
-1.3698577043508868
-1.1004375120805931
-1.444069386271844
-0.8896170045085334
-0.9917612479346113
-1.2338874401656217
-1.1703362687422256
-1.1624165833042925
-0.7958015895705733
-1.3764770262036305
-0.7809829625401697
-1.205480372028127
-1.4483556038121523
-1.2694279676726559
-1.0960841055098103
-1.1336602611151034
-1.0817420316198199
-0.9146439868798059
-1.0609578739272798
-1.3772536246291842
-0.4642157908862228
-0.36264359083308034
-0.6021096484173841
-0.8287692351392822
-0.4304993982779893
0.547366399652872
-1.0600578583076892
-1.0705098187637991
-1.1485240409516801
-0.9690825345826122
-1.2494586620523584
-1.2454985992897993
-1.176792288223136
-0.842862939870856
-0.8851672058661636
-0.9113476195815254
-0.7819104604720438
-1.2726210230105373
-1.0259152607707367
-0.9447692168539407
-1.3441397471124654
-0.8448083914307359
-0.20535753494992567
-0.8899355704632871
-1.119110667306553
-1.2359682020738634
-1.2345823687170838
-1.2093777774700707
-1.0571306709093518
-0.5557027501094585
-0.08895828752513561
-0.7154431254257444
-1.311028239907101
-1.1044785018496774
-1.2808364058384172
0.6135272231763779
0.49896953604996025
0.567063697739734
0.3904517273754539
0.4294508003574465
0.4640345761378016
-0.9808646607555479
-0.727714742258498
-0.8075085912515038
-0.39485700215179803
-1.0084844021447694
-1.1672753659544337
-0.4515438440096858
-1.1256103416920686
0.7219549030167517
-0.25394619053104034
0.5383215305325745
0.15381362388316758
0.48221299431664627
0.4204032655737883
-1.2673214432400606
-1.3607744204230237
-1.3694141686482073
-1.3075293214263566
0.4786670050523389
0.5255901184130273
0.5378259405158652
0.43506218341929986
0.5432067375400886
0.17623094548659124
-1.1086601398843847
-1.4355733679099154
-0.9763349718996572
-1.384434115264499
-1.2443708560709579
-1.1268163617483224
0.5147727520749096
0.5394777011104381
-0.9135076644245658
-1.13412229450934
-1.0359871164002412
-0.7400950932996047
-1.3545966899267823
-1.2163681519534233
-1.1406198975794215
-1.1333535707975706
-1.227540463311758
-1.2035354724350817
-1.0711875213825748
-1.2649114664056453
-1.1492021023082015
-1.231950613298916
-1.2128674244169375
-1.201372775527207
-1.3506606512021735
-1.3412088514679892
-1.305834949283356
0.481847614650084
-0.8761020531057747
-1.2889394781022874
-0.9775465930666689
-0.6053479504647573
-0.6929711022181362
-1.0124409268838583
-0.5855830662722484
-1.0740031812022022
-1.0556742644865513
-1.1437749072798573
-1.0847525955353652
-1.0076370468634395
-0.5255217870319561
-1.0276180936155177
-1.3084017185309786
-1.062219478983561
-1.2471793947698313
-1.1715040940871468
-1.4754051164492035
-1.4300554533425014
-1.362348114240266
-1.401786085130743
-1.2104550448032543
-1.4225522298796813
-1.20846985083731
-1.253324951975573
-1.427274201016042
-1.1240294227383372
-1.2473810089914876
-1.3004373810238488
-1.1636447688353375
-1.2147827243021458
-1.0390763790863808
-1.3664666192863961
-0.8815927616404675
-1.2623051338684712
-1.2318888533271508
-1.2044437487707607
-1.2218200465419533
-0.9386525733675711
-1.4169739739793956
-1.2004907967935576
-1.204996440952845
-1.1478685197526846
-1.4057288146229692
-1.3398220721463419
-0.9268485276233616
-1.1394870358661509
-1.049077442890104
-1.3094619455510592
-0.915507746318991
-1.0366561495504005
-1.2205978901505954
-0.8163101937270195
0.5239934650348014
0.5017849480312128
0.48524711905667856
0.21310337780335312
-0.9681489099628301
-1.2203975129535873
-1.3373123653022407
-1.4493163989743543
-1.2908557013916806
-1.1688727136728225
-1.2518801978292118
-1.483775827138742
-1.466224553545528
-1.3500361638882774
-0.8691319383289976
-1.216657171325381
-1.4302522293439106
-0.9521012668803553
-1.088206861457846
-0.760885285053312
-1.207149584517616
-1.1070340634354678
-1.1118208656353918
-1.280897703364434
-1.3033154649440328
-1.3631458032483588
-1.330288404686012
-1.3243902097339075
-1.372735702325807
-0.9086921909417907
-1.1082238993496567
-1.1227667519759343
-0.9423202708794646
-1.1636375831195398
-1.1379115849709383
-0.45315328709702435
-1.1374870738293072
-1.3331467323689237
-1.3327583550493394
-1.4109474478967385
-1.3906365994207988
-1.2013186656299677
-1.0793118031827602
-0.7974077922336544
-0.8941699747412984
-0.952531812396705
-1.1622382703303256
-0.9889869010059712
-1.006407863149387
-0.9326516655955546
-1.326022642035607
-1.2440206699191367
-1.2298705324972532
-1.1414149983875583
-1.0309141343728483
-0.8761542203094708
-1.1957818007897945
-1.0347504837198123
-1.1220375758361352
-1.1165850649876807
-1.0595657814548014
-1.3927249699555688
-1.4201853412711563
-1.072750105092427
-1.5261438874308901
-1.0660131075609476
-1.2137340150162779
-1.4285384987906318
-1.2887335265846824
-0.9437924836603511
-1.1360829506140429
-0.939647064842422
-1.3271901258065448
-1.1996526581638836
-1.0788973660996855
-1.2082574524539533
-1.2195629897792937
-1.395930435179106
-1.4509540851496594
-1.291391400826534
-1.2619187097652722
-1.3026081692168168
-0.567889951054797
-1.0829977952448369
-1.0077220233660347
-0.9832264468725084
-1.0219888585785493
-1.4403310980310728
-1.0097520101305815
-1.482593650397737
-1.4171897386162806
-1.4814625810650994
-1.3815670084848062
-1.1196934187063325
-1.321008889918905
-1.4408425685719362
-1.4668450866931215
-1.0209305551077426
-0.21478874148219654
-1.5460261875908525
-1.3552947126080659
-1.3587020115115493
-1.3323288906612405
-0.7061479929929512
-0.4875085001793243
-0.7500300618916936
-1.3170605023145407
-1.4060007403508112
-1.23766466599411
-1.2942703722092839
-1.2979983642835424
-1.2738669308850878
-1.2473639530850704
-1.1804409117356218
-1.2853029161344203
-1.320314934971007
-0.8504304068704883
-1.2884664089072435
-1.2495154001771491
-1.2953841005531646
-1.2012236496820703
-1.4797009551753246
-1.397500954706573
-1.3556889278752269
-1.4794936158989918
-1.3310013072858273
-0.8259526015362519
-1.3302267539334434
-0.6197615490721546
-1.3395030726805688
-1.3921269021421718
-1.2376966576896489
-1.3922483545107631
-0.05996724376097636
-0.3889077243682822
-0.1703182888975265
-1.369298518906379
-0.5705938049001363
-1.236586052250545
-1.369728820097498
-1.3372191183322835
-1.3393866259554263
-1.0404634859773259
-1.3261483934920912
-0.30642038529771526
-1.2960185221919416
-1.3566408996662316
-1.4354494615788134
0.078133356877421
0.11868833535354976
0.13271997027177337
-1.3477462732501737
-1.416567673878694
-1.3667300863730443
-1.1672972528614087
-1.0279700260047433
-1.2984928535408768
-1.40134905515393
-1.4026736309813648
-1.3386823967691368
-1.3096241281273526
-1.3495849320982876
-1.3272964812728107
-1.2257884540669384
-1.426931301738924
-1.4832971389303433
-1.171970896593076
-0.9713255755163956
-1.436470092886803
-1.352992883834708
-1.3489428920389182
-1.1813923158891468
-1.502366892188772
-1.4557503613501972
-0.7261120052789712
-1.1126925442447007
-1.2736202722554293
-1.4656035322063052
-0.8025384530277494
-1.0638575782879
-0.858556822233628
-1.3268727668675533
-0.9712898535872707
-0.8837626890805099
-0.6487011065898388
-0.95206549062056
-1.1483540043210523
-1.28601386960694
-1.4074616432420302
-1.2763772194151348
-1.3340034465207538
-1.3282423570965838
-1.380199126957869
-0.6288186549301259
-0.8590522762432361
-1.2386248445069024
-1.3125369150466604
-1.3278203029602331
-1.0916564194850995
-1.1657485813931576
-0.39211744892368045
-0.5970389021431448
-0.34730742865090347
-0.5203906209015658
-1.3504975855169024
-1.4181938536884011
-0.502158229683068
-1.4554153175103959
-1.339496549070047
-0.7439362174239271
-0.4617064863768005
-0.8412138221183181
-1.0385360327590505
-0.43356384188498537
-0.5125035114761426
-0.7184191131287635
-0.8279033007605783
-0.906317585580673
-0.9236608940906166
-0.754622807275838
-0.42619809390941676
-0.6130545033805984
-1.5523757815763597
-1.3900433272047665
-1.1381129422689942
-1.4362270950414662
-0.43549351198067
-0.6949736002298342
-1.4495678311449511
-0.5627528521584468
-1.0735381307022234
-0.7527639888137084
-0.5703400555175666
-1.0837534124051313
-1.2373078972734879
-0.9721618268015604
-1.1526421779213682
-0.8123484732193041
-0.5829638212380399
-0.12785551667132633
-1.210928127736105
-1.047626355479447
-0.6801331744971639
-0.42795316723022286
-1.0214768541045374
-0.6272536550284118
-0.5614226561490796
-0.6011737416018322
-0.475808587956289
-0.2851424575852894
-0.18524954039595196
-0.19923405659615903
-0.5477693007011898
-1.0869106749954909
-0.2853772768187001
-1.237589452855101
-1.1139415784048765
-0.98339141482461
-1.0077279726719024
-1.0928699570430647
-1.1631897169155
-1.0004389679187715
-1.1486810706323025
-0.9987875575530983
-1.1768391107357339
-1.0567806052074473
-1.3339751838516516
-1.1493599130491086
-1.5031036611916828
-1.5519579700055868
-1.3470251534287645
-1.087969522098673
-0.9403709142390335
-0.6256833038023285
-0.8614732632312719
-0.39585968519728726
-0.9890155549340663
-0.4570200107208037
-0.8239058910303712
-1.322846544854601
-0.5424394645449138
-0.74023063882745
-1.095091868371733
-0.8955216377882511
-0.9521364366248614
-0.5318282020896945
-0.7941655784198872
-0.22703975726710565
-0.788019835838098
-1.2733740766349164
-1.2317477460899429
-1.357620527895729
-1.4232342465827443
-1.2752044465861276
-1.313866238537208
-1.2668117291515355
-1.3435380963689407
-1.3571055469282098
-1.054851094916766
-1.212882797483064
-0.9880808577249857
-1.1931628612464482
-1.1651388783532102
-1.1557636878959476
-1.0289191585584774
-1.1622607045237043
-1.1038653240840623
-0.43994744260956176
-0.9683975405357828
-0.39891149017469213
-0.587904973004577
-1.1408090872359027
-0.8973931134418752
-1.3787712474796556
-1.1232943021773067
-1.1215015603142866
-1.048418583791295
-1.0935975593087883
-0.9869869496003671
-0.866538825150785
-0.8071642845658641
-1.096778806681994
-1.00536773336175
-1.0880335868880755
-0.9312859686103829
-1.2247525012491705
-0.7483567013398563
-1.008127293671184
-1.2028052174630046
-1.2317870968059845
-1.118130318199439
-1.0967094466572915
-1.293113722797868
-1.4095938197601774
-1.210472263911937
-1.062523740404967
-0.7428229593059079
-1.0520932215070846
-1.3541391252560022
-1.1473212362458607
-1.0447516928278817
-0.9953628287333677
-1.086655562699898
-0.9986452825387948
-1.029095459256702
-0.81357681928699
-1.317888583184315
-0.926876611385301
-0.9882689730623287
-0.9373871991429311
-1.1854411782366274
-0.843002653417587
-0.8794283647267213
-0.9632435078793421
-1.373786342042914
-1.3170765114895555
-1.109095529956649
-1.2517718456670204
-1.4113699187151054
-0.6323370226136819
-1.1344698033952445
-1.4174238384741438
-1.4201057988721673
-1.2005177112029832
-0.9185537228506968
-1.0555538490119327
-1.0610654083100128
-0.796283300853258
-1.2297779609775341
-1.1680280274021992
-0.501566902482206
-1.281766398939367
-1.3034137148158418
-1.1610873981107384
-1.2548057019609125
-1.1751835742015944
-1.283548581595056
-1.123308400052929
-1.1956320787945254
-1.2562049605943084
-1.2518848978758788
-1.1151173634736387
-1.095417377437987
-1.2661643561200948
-1.250118581599815
-0.8609714661522091
-1.1197178997678126
-1.3115306430232938
-1.2514581279379577
-1.189310056304276
-1.3133593982289848
-1.375658416942026
-1.047945581534439
0.037581160126314996
-0.6027514494077535
-0.8578330866287182
-1.2159443609963523
-1.4013114572423397
-1.0053589335010393
-0.7445566004387137
-0.9928942106560635
-0.8287606513850028
-1.2417718796240804
-1.289658853755969
-0.9202519904129796
-0.8811460700426942
-1.021571308677288
-1.299940795909272
-0.9845697800224658
-1.1504866267695257
-0.8106519825305574
-1.0790252340667266
-1.1826787352424661
-1.0683419094160491
-1.3073832826399034
-1.2867714793778962
-1.3326037685020278
-1.153999979129762
-1.1745479667414598
-1.1353058468365365
-1.2767146641912612
-1.3707673106567062
-1.325807811338987
-0.7847614418638577
-1.2239765496132684
-1.4385356568798688
-0.8264988075349043
-1.183605202739633
-1.0853125952412694
-0.49451629716197965
-0.9657337398049517
-0.8765044496267732
-0.915555357337916
-1.020183501842129
-0.9908231391170812
-1.1209034325009828
-0.7108229305150227
-1.021543952016503
-1.4641994561057652
-1.0630060936166077
-1.2959973440253523
-1.2865057380916625
0.03137144271020287
-1.1957428834409667
-0.9689368680927174
-1.2292956382011415
-1.1587115017695933
-1.3644829270130632
-1.4443556657132157
-1.2279687873619904
-0.9488068823629744
-1.381255400610882
-1.5151059474987527
-1.4559659041452246
-1.1080453874306182
-0.9770182064028546
-0.6347581005398205
-0.9967720513612184
-0.5702010459833657
-1.1080781813637703
-0.842560744287446
-0.9379746826983301
-0.6461220847722944
-0.4896786472575218
-1.1292719866471719
-0.9449527633971355
-0.858482761360689
-1.3382266981430277
-0.5076268468375681
-1.2297041411981324
-1.38299773544406
-1.4044094216068517
-0.8069272860001743
-1.2049402684835522
-0.5579131562144275
-1.0607091602062948
-1.1888491752725698
-1.324203141060388
-0.9886861621142998
-1.193804191503375
-1.0077376000170724
-0.9914926713517968
-1.0404854865545694
-1.0012581981969728
-1.3137853582820067
-1.214168914968102
-1.1422090279244363
-0.8750580399504116
-1.33136733212517
-0.9998777405312076
-1.3069897149813443
-0.9261182947494081
-1.2256211685913916
-1.0827917193188947
-1.2159983802118592
-1.1307736654254992
-1.046172636705875
-1.2069474010760164
-1.1549487632584003
-0.9721663214204282
-0.9763532656921701
-1.1584199887302076
-1.2330291932697754
-1.328541457117258
-1.305625533731767
-1.043180168098696
-0.7632840970561503
-0.8061311651095012
-0.6613989314304398
-1.0289039622176483
-1.2342074206001439
-1.4157845116068648
-1.3387908981666852
-1.3004113446594336
-1.2484713299509582
-1.495845314436573
-1.3985038607798381
-1.2386375396724498
-1.402544271685329
-0.07048634739170119
0.3560248231606307
0.17740884307345747
0.048374175207859804
0.19576389489851842
0.31978967050104706
0.15524669904488728
0.43648286205825215
0.6123516838023504
0.3562277731893828
-0.8416268118720099
0.07619897024423831
-1.1074532614271464
-1.342077012691904
-1.2420120013090488
-0.7491752529810279
-0.9834030586634791
-1.2548553239741442
-0.8926399414255458
-0.9741827655247345
-1.2787079440387952
-1.356068051006007
-0.6396582503820467
-1.0921878780008472
-1.0775929332225835
-1.2167246868337553
-0.7930759095047945
-1.1870312556882476
-1.2252107501664515
-1.498190111079791
-1.2048988605495774
-1.190655679098924
-1.364132714815514
-1.3528100910653602
-1.3142152954880941
-1.0800362723474992
-1.3179658529866798
-1.1423721604918116
-1.099607352658615
-0.7836212099645975
-0.9200887419498095
-0.7280157171582703
-1.394928660513008
-1.2984587764402054
-1.3586829212278808
-1.2090251965923944
-1.1717881249019204
-1.371108361222728
-1.20032677745467
-1.0103666684274037
-1.2518744135973339
-1.073281729918331
-1.340550684015536
-1.225118700896303
-1.1323825417999684
-1.3484184238016228
-1.2392368049910456
-1.1776028250022446
-1.1900906245305756
-0.5144133180263657
-1.1847448094328392
-1.4249813528371946
-0.9310684276714009
-0.8459887218828971
-1.3308836117824818
-0.8337825819131645
-1.1171662504227642
-1.2916324818915024
-1.392304115029396
-1.0534997083018942
-0.9371738800022206
-0.9390657276090396
-1.3275073268819664
-0.9822880349497009
-1.3346148965632618
-1.2925579420893973
-0.35077214499100906
-1.2146244727816728
-0.8878351948265945
-1.091684449549833
-1.157474839293126
-1.3875542953178355
-1.2037068270753475
-1.1335825916495044
-1.3016429824531544
-1.0870049724328419
-1.0742680829493363
-1.43577105747641
-1.1348865798092138
-1.3516778790746207
-1.1575489718008065
-1.324907552392222
-1.1178231027096475
-1.3703091029933727
-1.2155782224608334
-1.097570920147542
-1.1112928281840266
-0.2809890980455096
0.4976192143269335
0.2628325751726401
0.35950460550624436
0.3875417257744053
-0.9436827750075505
-0.9102969159103477
-0.9704910073700148
-1.0003257460708774
-1.070622416244519
-1.3931737350327047
-1.306408594340997
-1.3527138787934767
-1.185600040661872
-1.3210330753165007
-1.1899242801502365
-1.2195176980018203
-1.1097757478350037
-0.8280838139052852
-1.1823162915451702
-0.7865842084826579
-1.3133184434489182
-1.4048451848195807
-0.9285079887182001
-0.8816020046295797
-1.0000408458816326
-1.5487429959902406
0.1675049066294754
-0.9850153508609862
-1.4953169915599405
-1.2546322126897314
-0.37458134288297823
-0.9790292977837988
-1.16577241270074
-1.0666381777610392
-0.8905726549614931
-0.9864919615285052
-1.3164802556898776
-0.8685483406948519
-1.2898704788707274
-1.1822854876913842
-1.4270113321608695
-1.31218655806775
-1.3456363162379839
-1.3096439134590836
-1.4355444814099358
-1.3615406469806584
-0.9902185810561684
-1.1730501524418224
-1.1561228293418913
-1.095005313145392
-1.1937554181126913
-1.3064893575795056
-1.3379826782061917
-1.23172874279349
-1.1944751019810116
-1.3982362021849994
-1.3793371411024615
-1.3219367815315584
-1.1782942647629249
-1.3338744653928023
-1.1893501936776258
-1.1099789942593759
-1.5059172872996254
-0.9800778950312523
-1.1745640144768048
-1.4693735201030422
-1.5616947825150336
-1.0913557899728803
-1.1260101490987593
-1.353648819139708
-1.0307353149321663
-1.4439380318251074
-1.2491991280900232
-0.6894027149932652
-1.0820500077558501
-1.259659879628533
-1.0210996503972665
-1.1121032226308925
-0.796743877167747
-1.0782724100908376
-1.5171333606609514
-1.0693609067440555
-1.1502006236429863
-1.1051046816952834
-0.9003224472077352
-1.0025037458057728
-1.5669340684288224
-0.8960213065518214
-0.9666372674272621
-1.1558076435191669
-0.9365473209642419
-1.4829893036058543
-1.0232119648861662
-1.3710953128126082
-1.2917837987514373
-1.3440150772295374
-1.2974313698987558
-1.3024629449509277
-1.3492844937034667
-1.3360872566399278
-1.4718543305378937
-1.4505403384832114
-1.212029172794275
-1.4713498704775774
-1.4675187102276126
-1.4607485170932124
-1.1766617734385116
-1.3207668553910408
-1.2762166354352995
-0.9943191471969755
-1.2382489657904368
-1.296964484990754
-1.1115563716741883
-1.2212010062341296
-0.2925597289171832
-0.9422393561944421
-1.2603148284164964
-1.256786143882696
-0.20060321074594453
0.2077099111192562
-0.804747138746559
-0.8949153292688266
-0.8579369000140927
-1.1143126868990958
-1.2356947364167699
-0.9735904845144132
-1.0731074758659913
-0.6812648164374554
-0.8898859098482174
-1.2193802362850654
-1.0469022117446396
-1.2173129432017944
-1.1820396962062958
-1.1260490328150203
-1.2730275114712335
-1.2710471168437039
-1.2623727913584337
-1.2086568320261286
-0.821352755952583
-1.0267739769288113
-1.2791177921618615
-0.9419987594860993
-1.3217146129889967
-1.278472550037029
-1.1799634940887473
-1.0582079859853353
-1.1094191344051954
-1.1598017064455926
-0.7891016951295367
-0.5668336129793711
-0.8173053570386287
-0.7606295905187288
-1.0435890439169784
-0.9357251680829398
-0.7407976305800528
-1.1695963958412365
-0.6476504635200023
-1.031916270595369
-0.9074616055476783
-0.7997008318371023
-0.7430186611936062
-1.044644121380479
-0.8834995513221534
-0.912003316809806
-1.0599172124168534
-0.9213936279783308
-0.8583792595848344
-0.9506986867852157
-0.8919006831003259
-0.5195584870591502
-1.247107135736916
-1.3623760524839543
-1.1750759923475147
-1.274318969629418
-1.1305742661520888
-1.1850737467620522
-1.3696148360544125
-1.3270022132249224
-1.3716481828239855
-1.2254097488997193
-1.3430363001642929
-1.3008510778684614
-1.3389056508751336
-1.2777160533277503
-1.3595561653319834
-1.3462181467584393
-0.8780212735130034
-1.156503279212491
-1.3327165404444417
-1.327686258477998
-1.279663492255026
-1.3246371952852405
-1.4244940713092504
-1.227261981572649
-1.2849894084064755
-1.312879359695945
-1.3185384814267727
-1.2872003964989822
-1.2422557469628295
-1.4052782981672403
-1.3435645104507496
-1.4139425891513306
-1.2814793370401711
-1.119131632879875
-1.3491636062172958
-1.3149071197398454
-0.988633206568084
-0.8023114624663213
-1.275848450101656
-1.130257157047606
-1.0811505542128952
-1.285711933777274
-1.0654552683150709
-0.91277026363831
-1.1851346552263606
-0.9172255064253138
-1.1981464002873776
-1.1528976975570548
-1.376372178201027
-0.8554749171628657
-1.3656399333443179
-1.3446988591548152
-1.0453992424132055
-1.0891550223955881
-0.9437199862511338
-1.0686266387343786
-1.2873024699441922
-1.1135258966759976
-1.178342705892953
-0.9658777701981954
-1.3810240452241311
-1.1037755652907695
-1.0620806022837705
-1.132677111847867
-1.1798582447322925
-0.9857521020521794
-1.0635717224178611
-0.9187403156590296
-0.8539517907205717
-1.350567751332589
-1.4269453501440683
-0.9776913642393789
-0.8612160512717718
-0.9410577702996576
-1.0515897526188436
-1.1773299539364228
-1.0641545988632315
-1.3441123472246843
-1.1785241169513638
-1.342028181918934
-1.2943498845376518
-1.3738501537713177
-1.266247904836172
-1.3282316147985
-1.4959452790430474
-1.3601957210486866
-1.4848670836231477
-1.423782435745011
-1.0264547113665092
-0.7898816061469542
-1.1862453913778515
-1.1070145410324852
-1.1900418404688333
-0.5967664548257509
-0.9608047452524083
-0.8853597631617088
-0.9373354956199279
-0.938108621100541
-0.9923083192964578
-1.3613400011043522
-0.8751216678845152
-0.8574044948104517
-1.1801002715290567
-0.9293501193612951
-0.8779512624972302
-1.48933323709944
-1.2036222281992204
-0.6647814281370007
-1.2500111992511103
-0.8271783297246941
-1.4006910511369564
-1.4131301504392002
-0.9155256854538578
-1.1685552459943185
-1.113359781660552
-1.054213514766098
-1.0690907786964792
-0.9794901716060554
-0.5637313188392741
-0.7058640560605923
-0.9869818696410014
-1.3669913279159003
-1.4154575217026455
-0.771880003905439
-0.5815128135926232
-0.9046654000875559
-1.081363792421359
-1.1344028864472955
-1.1800419327566418
-1.1123161345227965
-1.1172906011637644
-0.95150328568673
-1.2257088950163004
-1.3049115886474647
-1.0461672136343534
-1.3837293219314075
-1.1496641327302914
-1.3140353615860239
-0.7454278182806829
-1.1832522337161062
-1.1927819309929468
-1.385832588398376
-1.211624345321393
-1.27635744156745
-1.1473577938404211
-1.434672014617168
-1.342985070945023
-1.27554632716191
-1.3602470086119203
-1.0998536510902932
-1.0494506616895583
-1.3177456155498393
-1.3620962061916686
-1.2241723349870923
-1.3142682395501195
-1.1682482245703014
-1.2542257432422612
-1.1552506249919487
-1.2219553557698275
-1.2736797012440084
-1.4627520272919787
-1.2873609953551972
-1.2793071567959255
-1.1550566040893278
-1.1001672241349683
-1.1306653144327374
-1.3017679631200811
-1.2112280278578236
-1.1053294257980768
-1.231350745893451
-1.1474759139697304
-1.1616694430103525
-1.162575243017921
-1.1633267241879786
-1.2857575446550864
-1.272682832835702
-1.3210404377365565
-1.2747133367806196
-1.2601121728946
-1.2133951168138346
-1.3539443962726478
-1.158849547329993
-1.068074506637764
-1.1150727945051988
-1.240480588657998
-1.2593780200139573
-1.452539200617707
-0.6633489927912516
-1.116085876565765
-1.121310460413618
-1.1820203387908341
-1.0074429077373281
-1.0804212554642099
-1.3192490393100103
-1.5317256597897788
-1.208991552482087
-1.2420158141417437
-1.25773797022516
-0.8388947087989574
-0.5984329482097686
-1.1541369570796272
-1.1405352609565418
-0.7122452147476718
-0.7739656429580096
-1.3915410771391408
-1.36395650174925
-1.3130404876979773
-1.4179524389285205
-1.2205973416880072
-1.406487477734271
-1.1908382122082992
-1.2605759589376213
-1.3466110718665965
-1.4118775392943428
-1.279077516454258
-1.0127683865702624
-1.2158092222207182
-1.3648042726823224
-1.4193753077900757
-1.0893229961305477
-1.0372734190751747
-0.8788394580050406
-1.4820940371654592
-1.1314457408197953
-1.2420344822024605
-1.2334681373778835
-0.7308394181256963
-1.466110550623755
-0.8925738292290962
-0.5594956798614922
-1.1625540691477958
-0.6246601448227829
-1.1742635969613062
-1.1533628714695245
-0.4995721176952588
-0.7452187390001574
-1.413923620256396
-0.27559987723123835
-0.8481622517925054
-1.4157458092567374
-0.9448899983206024
-0.8877132086474452
-1.1018126774789951
-1.234998533361275
-1.1206270768768167
-1.0149529562701096
-1.0716478438032728
-1.1224521260518296
-0.8617742472597621
-1.1393882494028122
-1.1302527522019625
-1.0413447074139432
-0.9793740794601243
-1.2522597855527386
-1.2021054269767637
-1.5776211199064167
-1.143496548190772
-1.2717365637788876
-0.6053669824988976
-1.4142437997209332
-1.2309368833850292
-1.3909146550608797
-1.246377781562922
-1.3326235794741514
-1.222670421771822
-1.1676759101192882
-1.0147338214806132
-1.2419836278373777
-1.1672566414825918
-1.308127389621826
-1.1520756588622483
-1.3334311260346026
-1.218763954683414
-1.423400208904912
-1.3280404538393054
-1.2251610184735222
-1.3027133905746078
-1.3167741387769227
-1.3534022762864921
-1.3000162179148713
-1.393455891979251
-1.1971241090383604
-1.3225388009927797
-1.3449835243422708
-1.2496876080373998
-1.3472201125754413
-1.0492353714500655
-1.3914868301171104
-1.0102113594012174
-1.1703764462556439
-1.052838824824028
-0.9292111416782595
-1.299317055616026
-1.230906700159695
-1.16336859022521
-1.0972343039505583
-1.0770873859803298
-0.8438083330898166
-0.8236009545003965
-0.7939816500479466
-0.8543580374588636
-0.8811709086192089
-1.0061666807264593
-0.9520039351243131
-0.8948226964803299
-0.7446479934012151
-0.8668985252674603
-0.8659651108161756
-0.9682625016062417
-1.3158517441706843
-1.402608316625851
-1.3364599096373724
-1.2958835124380164
-1.2041761614046174
-0.8499725566612678
-1.056539943137041
-0.8952881899394646
-0.6457582377544547
-1.2239095016140922
-0.8285312376972461
-0.8122959035232196
-0.6897304857380426
-1.297913058938868
-1.3383687126777881
-0.9652938974551368
-1.3421014984106294
-1.4048766455331443
-1.3984206298421649
-1.391247201793224
0.537336466423164
-0.15908334203499622
-1.1656864921132752
-1.1888373017051252
-1.0629763912534436
-1.1870969566075278
-1.4254685193146768
-0.8518600479221771
-0.9126824467444236
-0.9246042900417022
-0.8680170400172544
-1.156554876814557
-1.1721265512174082
-1.2191639346636147
-0.9147435315841012
-0.863010247133562
-0.6997520308434882
-0.7346123640375382
-1.1509885941344642
-1.2713883085791562
-1.097777847783858
-1.1593094699658806
-1.128220616642519
-1.0872011553896075
-1.1759010397218586
-0.8476532101337358
-1.1596867114173646
-0.9487081263342612
-1.1739226284081212
-0.6419114319546865
-0.45609929735149657
-1.1304897777876535
-1.1908223272238938
-1.2676147533134872
-1.1646280076114264
-0.8413558045746464
-1.2471854589603362
-0.9629344682575939
-1.2315620703907537
-1.2894171182633247
-1.3993304869688548
-1.2816692408920594
-1.1315180387076447
-0.9863263899829219
-1.099206239556587
-0.803031729156889
-1.1964849027397995
-0.8760164537624945
-1.2464069857621045
-1.3135576031167826
-1.204619183234411
-1.1461566645306416
-1.1123919613838755
-1.4083678735821958
-1.2784596579841605
-1.2343069999671876
-1.1735553794354667
-1.1729807830102874
-1.1485919272502878
-1.1620310057751413
-1.1920193186309282
-1.0668809629521405
-1.036896547372228
-1.060133907112709
-1.1630888992197492
-0.7929538689379904
-0.8591630288795459
-0.9536549429246751
-0.9188377547317025
-0.8413798233089924
-0.9352727116207266
-0.8426494527828323
-0.9750402944870507
-0.44440983976164855
-0.911569984601349
-0.836625145597543
-1.4727445625320792
-0.7445167984089759
-0.8267618097090654
-0.6981980342610218
-1.0791857267806095
-1.107070530514599
-1.0187026999979227
-1.2000246530075194
-0.9735877651188574
-0.7087988250260752
-1.0607937558584493
-1.2552046224321458
-1.2434592000448579
-1.101673046091422
-0.9317360156792281
-0.8721751908867228
-1.3126877805339465
-1.1303027437446242
-1.211979474698498
-1.0724121367140478
-0.79501536592497
-0.9945177743426733
-1.0008795348253832
-1.2342890192126459
-1.2659939780023803
-1.0725001190936876
-0.8854277328340746
-1.032138201799709
-1.0000942405414663
-0.6887807436051373
-1.3101498868052948
-1.2410391843568853
-1.180019463176042
-1.314540741959975
-1.2638206149889746
-1.1224258927633013
-1.2952032853787332
-1.3432204280723397
-1.1420689610481327
-1.0758931180171738
-1.4375999292281223
-1.2043382317196716
-1.4312657964540116
-1.3779284733891586
-1.3598959373529766
-1.3685885749702489
-1.3994935612423027
-1.3097968357780545
-1.0167351086578975
-1.2177494716307502
-1.1397402244955597
-1.1934988850706356
-1.1587447493801577
-0.9215340636733306
-1.2100086098194398
-1.2565570868641174
-1.2906722554280707
-0.8673346841227166
-1.1542655835754587
-1.2196075093349832
-1.2764064761307503
-1.202149666576167
-1.0296618948673786
-1.172330334462182
-1.0855435468468657
-1.1164162529134762
-1.2400355794245963
-0.9390181074744856
-1.2326483725277824
-0.9608379694215413
-1.3267027426311262
-1.2000830242732343
-1.335644006455168
-1.2762544009641996
-0.8944978232956536
-0.9784625861102789
-1.4151208543006275
-1.3086948382894346
-1.115529243072257
-1.360771016752399
-1.4908543494618778
-0.9584062146876237
-1.325373410334951
-1.5720900212017337
-1.455637408708885
-1.4042135147013282
-1.3053278822925114
-1.2192974336283189
-1.4295695769075971
-1.390388434252629
-1.3362868424558156
-1.2875871638227105
-1.1240779078202612
-0.9511409182403622
-1.103886544070857
-1.0732762054550848
-1.0662015854109048
-0.9912437239276066
-0.8702024397650341
-1.2428803834796793
-1.2437834426510925
-1.5184398742656293
-0.6663999449891753
-1.2841042357105275
-1.1219966371882801
-1.3960216046408067
-1.1389843281318541
-1.2588369824930863
-0.869254728650089
-1.207555342591415
-0.8670789644305641
-1.2725346623817648
-1.2098232261535553
-1.3805309498400862
-1.313613029787071
-1.2666035141538023
-1.1849449944882593
-1.1239996241696744
-1.2267841099346743
-1.3743394223876708
-0.7866486760433936
-1.057982559959142
-1.055885012938118
-1.1062687832212692
-1.1022311264918547
-1.1130532847670749
-0.8773118566380562
-1.3275078230517605
-1.3168023319852065
-1.339516044956488
-1.360262833042194
-1.132892851410243
-1.2714064798052862
-1.425419462563242
-1.3511390449602185
-1.1502842365846826
-1.3377450052983273
-1.2624482646954716
-1.2327979372620268
-1.4584704305431462
-1.3607328598762531
-0.99842713844633
-1.3931198177922521
-1.3806329034700793
-1.2373754005446391
-1.3865625518281617
-1.0461263961240028
-1.3001156579937874
-0.853364232731923
-0.7967130948088389
-1.279076082304399
-1.239379898052164
-1.2451232859196921
-1.0681448653511563
-0.9218404188828607
-0.8039796091694136
-0.9173844220927597
-0.692394307275881
-0.7885235459501369
-0.3376413921433614
-1.211747337433392
-1.2697093989251529
-1.3463590320568442
-1.252795312848111
-1.3746816202851793
-0.9681140441169779
-1.377507188406071
-1.4904820601670983
-1.1598038223576645
-1.3966003186264562
-1.3112812410945134
-1.3575769806360638
-1.3401435305865494
-1.4851808470422547
-1.2497436888057374
-1.2971112962111269
-0.8489429537112375
-1.1879224366537153
-1.182518508771346
-0.834634054988363
-1.101724339103951
-0.572596110808129
-1.0796814750569783
-0.7848033963882362
-0.7265110844311566
-0.6774773843379694
-1.223050000378648
-1.2424329502046685
-1.3332554291737502
-1.3152069306998022
-1.287911185688647
-1.26198871496311
-1.3742435575453282
-1.2525112736237258
-1.2739284964083553
-0.992094335463045
-1.0142118294314084
-0.7978475490983401
-0.7128167807837933
-1.2496189740136205
-0.7574207818338557
-0.5717313951768083
-1.3703857898595952
-1.2599891822669187
-1.2976338181162765
-0.9941494310148563
-1.0986783220211944
-1.142643499370273
-0.9082296489365923
-1.1586746995000519
-0.9976585606864375
-1.1794582702433365
-1.1754116041447882
-1.183018833727033
-1.0955147751091465
-0.8246710158561982
-1.0014124629751715
-0.8007362209969401
-1.2539327574734758
-1.0889660908070489
-1.192927132888027
-0.751240589246487
-1.3178791729085662
-1.282714169001741
-1.201452989758103
-1.2664710161297725
-0.6236318367083741
-1.2963712804725012
-0.8923676851211134
-1.1155999403099763
-1.1345006730917164
-1.0065696736808138
-1.1874972555658492
-0.7666566339270995
-0.6648184393965668
-0.8555344934899191
-0.6030435738476966
-0.9343370524466467
-0.9415424521623512
-0.7495968550982175
-0.9808864105895664
-0.9503357077749355
-0.957092927311774
-1.239720999601306
-0.7585046779023351
-0.965067331109298
-0.8377276589631396
-0.736985121738365
-0.7449783347462198
-0.8393797032626065
-0.944287677646528
-0.8493598066136041
-0.7450020081312573
-0.7356813909397953
-0.37456511675768595
-0.26021935159273785
-0.9964672908037748
-1.0866310125574226
-1.158990848932395
-1.3486641509487265
-1.2253546375130242
-1.0956487220663036
-1.3449754860586758
-0.3319891620187155
-1.1063489763376646
-0.9636299707601067
-1.3546409497990173
-0.9434581975000382
-1.2061951398134718
-0.8558812423495233
-0.9566981828090663
-1.096014264517387
-0.8044748248214825
-1.051061091300699
-1.0178423387609943
-1.0482154260023202
-0.7646196773002929
-1.19455556837202
-1.3941888068447277
-0.28309255761058
-0.25334903153978494
-0.23924093264547006
-0.40184093920894304
