-1.6782889073588378
-1.8228479336374537
-1.262874362855636
-1.8361363112982019
-1.859473651337687
-1.9251911970852829
-1.8028604665742713
0.39273015759300045
-1.4341289452734214
-0.9570858770188939
-1.552482495436682
-1.2196834221422284
-1.5730405638139906
-1.109056075677796
-1.16618783690265
-1.6060008707363707
-0.5015562063938435
-1.2906268519024617
-1.689715186820165
-1.8030825028280926
-0.05127016780147042
-0.7963331289059445
-0.3637284059634778
-0.5328040394781259
-1.962370969529945
-1.4950941621271008
-1.5462816086605373
-1.6617531199848947
-1.5129072959026677
-1.9438397573137676
-2.1317749483561865
-1.2067929999736229
-1.496955179646697
-1.0931266659372516
-1.0190774467728543
-1.639751808523268
-0.8327606064940329
-1.346745985841047
-0.5496643278348727
-1.847832425817211
-1.3923913187177523
-1.1210742060639178
-0.9821083294326198
-1.3794846829009015
-0.9160226366512176
-1.6605045524678423
-1.6892623007305934
-1.2136691295267343
-1.766979125276262
-1.6971618358146185
-1.7384336634613502
-0.11710846104051309
-1.6759382082307865
-0.9327347756966835
-1.2537794466187433
-1.0954310668514065
-0.6956902008071777
-1.0658259483065409
-1.0888850357929554
-1.2277892110027648
-1.6193945104094387
-1.3931112614430796
-1.7851265515578907
-1.2712201497388758
-1.2944596280523608
-1.0231800205853732
-1.445050354101064
-1.514875257343183
-1.0556022205379179
-0.4867401333316874
-0.7813005725291979
-1.4051466214906323
-1.3442592246001979
-1.6237998789900618
-1.477249321536618
-1.5807101882148789
-0.6316029533558944
-1.8876381474387498
-1.5995586723417172
-1.8070340326966077
-1.257730916377526
-1.643410962127083
-1.5168204369422724
-0.44148970883245453
0.20220550224426748
-0.29086391660495514
-1.5403355938265706
-0.6810936917333656
-1.7179737976860003
-1.0448338167032174
-1.4308236319493124
-1.511230562536271
-1.5408824335779723
-1.580359065005912
-0.9323878284140539
-1.6237553127094058
-1.6913923440968828
-1.841424166602623
-1.718203486840167
-1.6318065412863116
-1.7540787673041727
-1.781968764717046
-1.6227993387529194
-1.4622262777800576
-1.711333132136853
-0.9898474816823482
-1.8853559951065317
-1.9410709130031731
-1.4325910676225477
-0.8340571132744212
-1.691414889880989
0.29463583706387575
-1.7245845373468771
-1.707563092705146
-1.7217631229131942
-1.9975639044101345
-2.0519793004999913
-2.023310293730626
-1.915230237519079
-1.5871278691644244
-1.5594886489531559
-1.6940224883003612
-1.3927904644559417
-1.3962278256563116
-1.6860052575006381
-1.7750096981299845
-1.7011541509942611
-1.6937126690694162
-1.7624056546672857
-1.6494145232559558
-1.7730210252109087
-1.7439189070136203
-1.0424544480896178
-0.36180530496052055
-1.336423229541939
-0.4473329431964801
-1.7744351417418371
-1.8080139922560716
-1.7983995374202777
-1.7901779603547758
-1.855534309511438
-1.8448395415221224
-1.7530538756774934
-1.3718827254383725
-1.9787155548684872
-1.2113366607373848
-1.6160108855517448
-0.6444544642954424
-1.7014961581991883
-1.6475147328506778
-1.3939881372678584
-1.4429929803117696
-1.5639604320546467
-1.574809611630904
-1.0330354132602568
-1.1247818521660944
-1.1009900961959385
-1.5269982004684788
-1.334794341472034
-1.1765175452483072
-1.300667810114424
-1.2763506221345622
-1.1395506113439182
-1.1332965180607697
-1.6226667067083926
-1.4334387666100177
-1.2504333262531107
0.6945266119869971
-0.932291732016832
-1.61866980960725
-1.5738348098838075
-1.4876307923910408
-0.9277794116498892
-1.867882390947864
-1.7449071580380344
-1.7000918930234528
-1.7972747058536098
-1.0133184249801264
-1.5525659338410402
-1.4171958052295988
-1.4990224647110855
-0.8707993712195525
-1.7023320290792048
-0.9770081989911537
-0.9840095909582434
-1.5399398023554862
-0.9257181579965088
-0.2844531163972699
-1.0989942096178378
0.2072891015539231
-1.1579134607537653
0.7216173127200933
0.6564459400363851
-0.16400149369909545
-1.3530141387134795
-1.0320456873314618
0.32053130051347245
-1.6796649113898547
-1.6753513602727528
-1.023150837880176
-1.2334779659481654
-1.489036415246544
-1.8647505802241404
-1.2045271838702039
-1.186712762094224
-0.9483231971762558
-1.6106763521679797
-0.8398122558310253
-1.5262015744415407
-1.2479237561164085
-0.5075363781218536
-1.6805095899154592
-1.4313591789137383
-1.3323985147236275
-0.9219265502689369
-1.0096357328682461
-1.5275653818984203
-1.7707099029716644
-1.2446769472649428
-0.5378879067047164
-1.865813836263565
-1.581753260794114
-1.5595805535633989
-1.387936851553526
-1.8296203807927334
-1.73618711027696
-1.642031411312013
-1.7777617989105339
-1.6409955798913856
-0.3612510064633796
-0.9129642981068378
-1.2992147543428831
-0.9340629832679717
-0.033397139280445076
1.0001319662976667
1.1584468587004777
-0.60258642537776
-1.1022319237479345
-1.3324017168420335
-1.3698065518151512
-0.4097207446706925
-1.1690352279709149
-1.7447730766888891
-1.955916351383573
-1.3012324193906701
-0.5667630247838391
-0.6911266465671548
-1.4971918403929665
-0.05067952051392699
-0.13828628533952902
-0.3582708171772595
-0.4589495602950253
0.20557623970960903
-0.8291306505638587
-1.0391408647200089
-1.7457945396193926
-1.5733829703383184
-1.3259268629274137
-1.3339690153737427
-1.668508968365037
-1.2857409109124214
0.49247197738198545
0.8164624998627119
0.5440479440263959
-0.27381156240226967
-1.2926920035489073
-1.109243023485792
-1.674096936381576
-1.2722062688315396
-0.39202464276086046
-1.628669152509344
-1.5925154933852903
-1.3054295838912162
-1.5754942076657066
-0.6078772098190262
-0.4590642083121488
-1.656698710756635
-0.9552687084644178
-1.41937070044157
-1.5112659451876833
-1.4669854668603939
-1.0803431417016849
-0.9408520738077113
-1.4545300454882193
-0.018495405479567628
0.38454544813053215
0.6709234116638598
-1.276165236075945
0.5971484838011987
-0.538569426447516
-0.4801063081846981
0.07543635423261263
0.8731577176527028
-1.3056844891942976
-0.8285005196095392
-1.0071893216055992
0.4401418965477528
1.0412478274046888
-0.7200995182277106
-1.2278207406564012
-0.9510827715241044
-1.0774832480966505
-1.1560898005534461
-1.2277485360691667
-1.0636907400311502
-1.3055233862963787
-1.6490518673903345
-1.0499047785730695
-1.5389875039596903
-1.4593537180487004
-1.357060685949129
1.0821217174272755
-1.2048648746957162
-0.5565676759750617
1.1218263226073388
1.1272949260018266
0.7333204547343779
-1.3970964599116618
-0.5360096163902195
0.874436923933662
-0.5087997111045073
-1.4260506131455928
-1.2391298730518903
1.0482769653846369
-0.0643371936662207
0.18217468588283592
0.7684577221620115
-1.1784967031099496
-1.3340662307018805
-1.4302445867792526
0.12940926247450357
0.339652570295377
0.7654081538532276
-0.20495852148378169
-1.07487848763132
1.0748722549140284
-1.1672899804100607
-1.427643208439904
-0.6952971775060834
-1.0790712614913927
-1.5559421189199918
0.41735332161156546
0.5821193994236504
1.0831878615660677
-1.0317093944104039
0.775713048533982
0.8937075236361907
0.9965112269181395
1.30728935689168
0.04915602228932614
-1.8537400533230703
-1.7894190213858516
-2.16270893078738
-0.1700675550221129
0.24173065922570536
-0.7006851073513649
1.1579376855058976
-1.7859985849112021
-1.8345640677433888
-1.8978191313277841
-0.06901961750681562
-1.1741613795328811
-0.7624596844685241
-1.4896309934664023
-0.8377441035476758
-1.1365943783419146
-1.2094596001669833
-1.20596018241108
-1.5889031398030198
0.9996953269553199
0.6937162799461583
0.5651093542664036
-1.5611706901553848
-1.6046605073485656
-1.7821921697477296
0.7184661674346862
-0.31166977398988993
-0.7278622523404923
0.43645674015300284
-0.35847708094440445
0.6618564852896067
0.4720100945922161
-0.013012006410360266
1.061385936263891
0.8310814471443975
0.6129787404462841
0.0654666076865873
-1.7177648336094637
-0.13660546645270322
1.112658188176728
0.028111262349712396
-1.5730063198743236
0.60531668406881
-0.9077467980367737
0.07449140835508339
-1.2238154920523872
0.45146814599981355
0.8937713179939519
-1.4186964564916973
-1.8279010718380195
-1.4471745094326607
-0.6501962124035747
-1.912853911169497
-1.6327036567743878
-1.547754941426011
-0.6486364505973572
-0.9531410602709804
-2.0824360700985336
-1.5563314351399515
-1.5048432717617366
-1.5347974931679615
-1.3384023942753076
-1.1042653550862835
-0.6323973080593424
-0.09889174590266259
-1.552729932006067
-0.35245843877201
-1.5340712601680158
-1.3715895571011554
-1.4946062057254348
-1.2625023350004285
-0.23026549726712253
-1.067546405099186
-1.2999715200329367
-1.6572346513778722
-1.7291531209977709
-1.717965279993299
-1.9761849551918595
-0.11850535335140111
0.472165213086315
-2.0071188948382597
0.011783296694040102
0.13032511356270615
-1.361790333900651
-1.5998363632232449
-1.6833659488526667
-1.5547197475315018
-1.6222426367792016
-2.121402811360415
-1.1289636708771462
-1.7328457648834286
-1.750156729757603
-1.8164913363713031
-1.8558305164133075
-1.447274400160256
-1.5276728454469921
0.9998024799390757
0.477723984833027
-1.6894926563062105
0.11716010116554165
-1.794302055563011
-1.5968043379955776
0.3013357124508975
-1.6072992457488053
-1.3225941806966472
-1.4320745246379463
-1.4301516967410872
-1.7317892360391862
-1.7426834825106654
-1.7239158279787963
-1.3895565160786612
-1.4074058916834227
-1.8037551785615002
-2.030330825471169
-0.9123148774492742
-1.7787755954784508
-1.8844031245425341
-1.7514585916371928
-1.5883434905976015
-1.8021119279114213
-1.5825462213970913
-1.7166528863275834
-1.7278803602709807
-1.328325340584431
-1.5002809031541575
-1.543782374027751
-1.718890956256535
-1.2087198023664898
-1.748891231001889
-1.1531739422700242
-1.1847163691377378
-1.7087507241350506
-1.5673567205657128
-1.45333390161569
-1.5155659526991136
-1.6570486892056333
-1.6809434854119532
-1.4859081149989792
-1.4553373027023901
-1.8917764160923018
-1.3736681711572476
-1.719067012228712
1.2696425103329132
0.676529183705046
-0.3187461414563877
-0.9445756535179706
-1.6477502898245866
-1.7491458722323479
-1.6650720310748948
-1.874355971783184
-1.8179316427570347
-1.5537108697988387
-1.6200514668482169
-1.103654594673707
-1.664106891255203
-1.8939929484064908
-1.0437188705379172
-1.6417503737904189
-0.7789717718100364
-1.7476045883980234
-1.9103717424476547
-1.7341265686890546
-1.8626543195754521
-0.1367253762048135
0.1335383253877096
0.7841584520320499
-0.6671157139062502
-1.355031913911535
-0.7593080155276126
-1.046179447379396
-0.4075974861472893
-0.13426111649842087
-1.093420224038718
-1.2754855379350019
-1.38218923071481
-0.702957428048619
0.053031795194500075
-1.279124491518269
-1.2637227906512336
-0.4687788717344421
-0.8372611657344116
-1.3839182912434713
-1.611046119664852
-1.5125537236691675
-1.7379565033422837
-0.7602237097331972
-1.1405650477747276
-1.2758968099566015
-1.3505865449187409
-1.30946762414859
-1.4474382238452488
-1.4866723123080747
-1.2677046098978886
-1.201709879360761
-1.4830189321023795
-1.1356709959546964
-1.4057216391925367
-0.825695784729146
-1.5092907747472697
-1.0523815913221168
-1.2582458895178543
-1.076446673424053
-0.6911683280624741
-0.5151710733666677
-1.5614286202388834
-0.5270797674543723
-0.8494293640484798
-0.01820787479708197
-1.004446458780939
-1.2462484396211042
-1.483091965385644
-1.1897800682921476
-0.503776181426743
-1.2307811449644823
-1.1491972406618574
-0.8695062984024904
-0.9681828039102063
-1.3231659760130705
-1.0833310174777473
-1.3058356046308848
-1.3775180066596249
-1.3084277756866827
-1.3715159691450116
-1.5446052286324405
-1.1815042460007692
-1.1031573560113654
-1.6463574291887342
-1.4830413143518084
-0.9367133760924007
-0.9273313701071311
-1.3975270562965505
-1.4434548878692979
-1.3712858726213575
-1.3913996032440916
-1.0297919683923291
-1.1187832815582153
-0.9373334134282645
-0.9940229715443996
-1.2557900669687532
-1.4440089676542402
-1.4259033893547721
-1.4862689231478228
-1.7455395348541003
-1.3133181960893274
-1.5649697187671394
-1.0447611153544523
-1.2498236236000382
-1.5727443573831106
-0.8898231174917701
-1.3395785280850168
-0.9010196789347511
-0.7722493563452184
-0.903888530284396
-0.4008290329800277
-0.4449762059823785
-1.110617945345618
-0.7818943295271559
-1.083643309458824
-0.8036068299527723
-1.7431313774434372
-0.8227526148086668
-0.6953780680374935
-0.6507603428176265
-0.6836285125918884
-0.7309944647866231
-0.6766831042403962
-1.7339458737801425
-1.6869841944447328
-1.7010919672755065
-1.4483597696280748
-1.8546499210875236
-0.9557281688559438
-0.8144116887032193
-1.2110365821530704
-1.148272549215476
-1.4723782643703103
-1.27324582984144
-0.10249826793715378
-1.2318081474231677
-1.1369153541416661
-1.6269397770397604
-1.124035543385428
-1.6773181452689678
-1.7919746285347962
-1.7580454417128848
-1.8470054336489106
-1.0110076290534316
-1.1037844311699503
-0.7789181262732228
-1.4391243713723039
-0.6388400892198429
-1.2606115735610304
-0.48176589996001495
-0.9571806085543935
-0.650360897990441
-0.9410528175270281
-1.2324792359947974
-1.2077209588258861
-0.9529110968526646
-1.0056326382672063
-1.5133970505123668
-1.2481200183276682
-1.652766039300359
-1.471431308912457
-1.5163399347144544
-1.4334460653694518
-1.852778247124493
-1.5820694226060892
-1.7242597115349525
-1.206439879290239
-1.6982363175474997
-1.4164658929100244
-1.182822070557943
-0.24823115803825568
-0.8573964585853278
-1.0080950028087539
-1.9821330134001227
-1.148089698230775
-1.3845542800932475
-1.564695034053188
-1.2875129870493642
-0.9020283784243597
-0.7300008066258703
-0.7650042322360597
-1.1730547495708306
-1.3424258547187484
-0.28753129182858106
-0.497635945992035
-1.6975885837522433
-1.589007231042009
-1.1302366684644214
-1.4883212835541657
-1.831611668834446
-1.6789490552941293
-1.8192616183586325
-1.2397860370001987
-1.4784939023346604
-1.6376693328830212
-1.646264346888272
-1.7188099072523106
-1.411543901173795
-0.9541509312749958
-1.1772939140226775
-0.04939303113814453
0.4530619026849789
0.06445541331704985
-1.2775329587859712
-1.278103382603369
-1.7614979913348925
-1.417092069926216
-1.008707699105179
-0.8248080229205843
-1.3938914641203126
-1.4835235109284983
-1.5307644799204148
-1.367342978016225
-1.1580732467768529
-0.8071099630038867
-1.1792316594080698
-1.0136551330636434
-0.5866498390950488
-1.495278033416027
-0.7886217795585793
-1.7254570326093484
-1.396635370191026
-1.8156545700689903
-1.1221667564443834
-2.1380749122118576
-1.6213919292010217
-1.196189971697695
-1.6637640134600715
-1.5979567614764079
-1.4341676187204573
-1.3962143308679884
-1.1651470412403533
-1.3009701915087557
-1.40297741219344
-0.9375886514253835
-1.8028094153361864
-1.914935998852157
-1.6406395391566109
-1.168444531943255
-1.1464610939462954
-1.5955499949697092
-0.394881006564032
0.5311003415375983
0.22332793407911633
0.24757443686184843
0.17044679348037906
0.8872447845405043
0.0207669378459292
0.19683980702368875
-0.16803373242186503
-1.8666868928570481
-1.875790446234723
-1.8113348511994933
-1.679401427701335
-1.73355898826209
-1.681704396360537
-1.7116928170276038
-1.7221471067156473
-1.7976276190252694
-1.94278648303894
-0.9822467677209372
-1.8309024688214695
-1.2824783970968416
-1.4135224818636531
-1.506734417336255
-1.724003538131983
-1.6498192499620055
-1.3694054270297096
-1.7227678558055863
-1.0921690236372539
-1.0625759094411416
-0.9401978946175704
-1.758778242228226
-0.8163528159717737
-1.0547521061878429
-1.7131262441173811
-1.717619356626553
-1.388043383396752
-0.8327740247394748
0.6974110933047462
-0.9823212461180597
-0.7966119549165926
-1.1414129944037883
-1.0701258830332445
-0.9595372076297071
-1.2905696203426966
-0.958042083484625
-0.33169365881283075
-1.6113656149151898
-1.526358838356481
-1.5500075132759663
-1.318100472989835
-0.749873373257502
-0.9647536547723028
-0.4896069785000188
-0.952586790122006
-1.0124502897772538
-0.2693930528360118
-1.066363543507182
-1.40350420787575
-1.2740886767716153
-1.6979348517254464
-0.9134722897392338
-0.8929580360359297
-1.4119114886564634
-0.7190112839888363
-0.9729023957396354
-0.8977134660108896
-0.9040073594205535
-1.7440777540006793
-0.997835128431064
-0.9605258509093904
-1.780077566579515
-1.598193506202758
-1.137576355213273
-1.3947315537608416
-0.7608647463860476
-1.5514900614569942
-0.038723487762426734
-1.011900175984439
-1.6904083373863183
-2.063677593008056
-0.29634354771182037
-1.7506082657013324
-0.6009803081958045
-0.10721982409794806
-1.3679026753942194
-0.16697903566162098
-1.3393670603788184
-1.5563847346719004
-1.0431680206545628
0.2042338803695063
-1.7555684974182026
-1.0655525125558076
-1.1753632353679027
-1.6007048394257353
-0.7646732693547491
-1.3249536577442427
-0.964571677350176
-1.2383252090942383
-1.4868557742573125
-1.2273576964766562
-1.3918877280438913
-0.17162047581180828
-0.3098909141687167
-1.6765092284609133
-1.5834521588059987
-2.0093681983779
-1.9244898475947554
-2.051958053000492
-1.7530655318248145
-1.621991906273548
-1.3887275608992018
-1.5124509676131266
-1.4444163149944635
-1.5637095484247234
-1.3241400586239196
-0.5396691818570394
-0.9304422912419457
-1.1132871112891223
-1.1175921007506735
-1.2332898267415524
-0.8947559730415173
-1.3452161856603346
0.543431983504673
-0.6454751609109912
-1.30868276581468
-1.3084854456130361
-0.9955638431431593
-0.8848938385889056
-1.343788998802849
-0.7576111736826385
-1.4342769522075025
0.9053100675953696
-1.8027951384267638
-1.4579606854639218
-0.12854540829697947
-0.30620466075821073
-1.6887293683434323
-1.5299327376661578
-1.698956096454262
-1.6492164111342287
-0.904767406800248
-1.9996673932289963
-0.22400837140518237
-1.681005070934203
-0.8078359929290013
-0.7909844454604193
-0.06574566993349173
-0.5314496157364095
0.8360542648392102
0.3819734887880222
0.8906153837308073
-0.2681462315392735
-0.8552298594329828
-0.8494605006829239
-1.4601684134254664
-1.7550994708486047
-1.287430815616404
0.4554085093657838
-0.8016381384382283
-0.4527411158080221
-0.7242054082258782
0.21075095569312619
0.7306177559464262
-0.15350531323555638
-1.3883368883174947
-0.20647416875865932
-0.7444216408359734
0.34054384561628104
0.3725195231184213
-1.3457262178440652
-0.37377858718582035
0.8626842468986424
0.5747151923082041
-1.5991961905747265
-1.6625385013047154
-1.3683553264202597
-1.5223188382467912
-1.060213325047809
-1.563595715978616
-1.7928452259170438
-1.2263069525080776
-0.11815203154569498
-1.7270268540205123
-1.5914643996345041
-1.7373577013944919
-1.5285413198727047
0.4069518177958955
-1.2004495151639423
-0.8565920564288321
-0.5263397863851773
-0.9748884773485027
-1.455199713222617
-0.529281439557314
-1.7483710472092768
-1.1846919022682785
-1.7329380119821989
-1.6074302331534545
0.07389556712228074
-1.1066412762594087
-0.6099073370985282
-0.02252876787691238
0.037248937347116096
-0.6701299593781502
-0.6083729985709121
0.489558151321442
0.37952004531167716
0.2838693527817788
0.6860340532839906
0.47944857668264995
0.4817017087721338
1.0647260849706168
1.0038426801524942
0.011428935254585548
-0.8614380962063926
-0.10424994759824657
-0.46133176029882583
-0.6848121135784704
-0.8209891518960395
-1.0969506808421607
-0.7765156851717083
-1.8811602175556936
-1.9245198665061298
-1.2177501889040403
-1.148666429186753
-1.9932624307682907
-1.8246867413358572
-0.8988201526924608
-1.910470904558357
-1.797210746248983
-1.4279207919691765
-0.6719152393092116
-1.588241481497646
-1.5424407933864177
-1.5439623461668297
-1.5554424113653658
-1.3648973619848144
-1.7070809990164413
-1.0145289487530247
-1.4351766521097182
0.01021004727652186
-0.5373595794102306
-1.643524096091889
-0.7318726311820092
-0.8466882455899449
-1.910032089255585
-1.1835418012096015
-1.5401371147410037
-1.915628951037508
-0.745224234658427
-0.4027152443657249
-1.5554696711414804
-1.1881831871947994
-1.6782244584426553
-0.8547409166717046
-1.712402302360516
-1.9214394201683198
-1.7820527716359489
-2.0239983687359686
-1.3877879639438422
-1.6459049022217183
-1.1643460360323459
-1.2565432610481986
-1.557275035605756
-1.137712862233857
-1.4075976316255383
-1.4991134833896786
-1.313804851125245
-1.118748155547794
-1.275249653580176
-1.5279283021057688
-1.297654600836405
-1.3725503025300012
-0.9908012799868728
-1.6271735908716847
-1.6109971915076648
-1.5841025487627023
-0.9087716117039919
-1.1393088036926453
-1.019820482169777
-1.0750963344657467
-0.8608074874414446
-1.017674844427282
-0.8427004360818209
-0.6304408690852743
-0.26888256892164253
-1.2171729886772134
-0.14724106028260464
0.04098774688229567
-0.821100795595904
0.5240693985279299
-0.7556262809778269
0.6264042261298519
-1.541805024535275
-1.058845870205001
-1.316523693388995
-1.0803456291282731
-1.6161601653668904
-0.6063668885547899
-1.0752658000293012
-1.5198051581883127
-1.627645103940148
-1.3739349552173035
-0.7761587365577005
-1.0947402166866274
-0.6670065478618532
-0.5290887262697679
-0.941918652498863
-1.2116086103033028
-0.739977119155421
-0.981839508725441
-1.4958481233926058
-1.5952606226882382
-1.0893866556253158
-1.645298488555803
-0.41869581418060453
-1.2571309733637646
-0.8875021684125739
-0.757831795984284
-0.7785791379851508
-1.3129077359613432
-1.6811858270972901
-1.7344187374795765
-1.4309734993432046
-1.498854066826549
-1.370647364008488
-1.5646220925881644
-0.6499366384630194
-1.3749611476873491
-1.376803205151569
-1.5987785762107094
-2.0651448989247587
-2.001772858009099
-1.2937030750560703
-1.0082535125444483
-1.6897732973423831
-1.3267166005533528
-0.1809979705344762
-1.411112409789492
-0.9851231818120814
-1.5197560541031192
-1.05408450643878
-1.2895885813267165
-1.0752718553005323
-0.8054621416628993
-1.2377416501799645
-1.2344926491992287
-0.1473859883018498
-1.5076845934895722
-1.4893229912737487
-1.9814462165488809
-1.4537111825133173
-1.4246849926306309
-1.3805579205451408
-1.2681843117954814
-0.5037633302385973
-0.2542405165950361
-0.7610262292128052
-1.8326813930438834
-0.6922936287466881
-1.0136256000791686
-0.9409434836639823
-0.8214235345412988
-0.1885964642522151
-0.25609706492146134
-1.249755255857116
-1.5417036313423906
-1.2893747653945675
-1.2709541354670673
-1.2826525808871965
-1.7651971368095711
-1.8235376023386596
-1.7833177041027442
-1.7434546465525826
-1.4467080026668933
-1.6981919931226679
-0.7523839074777647
-1.1772485392652212
-1.4873760560081137
-0.32832857119739356
-1.5696478654697834
-1.6512162741495338
-0.3665955611649594
-0.7858290906893062
-1.3557603014538777
-0.6637589508305275
-1.4177696518585223
-0.5290066328612129
-0.5530594243393752
-1.9111965884487032
-1.7443796021103342
-1.4916093028787063
-1.974680185185959
-1.6867696161155175
-1.6739219665947986
-2.027972658954986
-1.3616588413055293
-1.6836291700306096
-1.4412045427026967
-0.1660003278301161
-1.821901087398875
-1.8323757035753523
-1.226300374229769
-1.2382210846165902
-1.6615025339615108
-1.3628439891298523
-1.2472196916478804
-1.7933205992536425
-1.1985868638482573
-1.590088324911611
-0.6452283112679138
-1.3704158909178143
-1.4318099943443412
-1.2732529239265682
-1.6977452029240412
-1.643485472050746
-1.3490430795047919
-1.1170744831909916
-0.7556298485588246
-0.7462452896362588
-0.20687573683610982
-1.1664527716582158
-0.76527604406969
-0.7790535686989448
-1.158198173439242
-0.991441833584706
-1.3787687838203089
-1.2425408513717178
-1.1144239595980572
-0.7596024954926006
-1.2048211704509535
-0.6899294489961336
-0.8694491746931428
-0.6195790753244326
-0.3816374646609899
-0.7509717450174997
-0.769054243653019
-0.4614649146329357
-0.4737280654363014
-0.6001823762455512
-1.3472928903874546
-1.1931884130492374
-1.0093349230425044
-0.1636312478761488
-1.3872147475272303
-1.0568721371343572
0.40549063271299723
-1.476557127962218
-1.2959509861665726
-1.3202136455257818
-0.6561776851884094
-0.8003934304589693
-1.2419271696831389
-1.5269368535391308
-0.7560074320424401
-0.4961417073009675
-1.3499574223063486
-0.6828764794994873
-1.3952532348074385
-0.8100958615038774
-0.9205536124483211
-0.7187208528819042
-0.6043860877863139
0.5837296512546921
-1.9574705364766574
-1.6063172403665849
-1.0434035929445258
-1.2793126734062807
-1.2896682316421548
-1.6995579164561458
-0.772183807508134
-1.0978936285286733
-1.4645091881340127
-0.2766345584158125
0.0213956559849946
-1.626671802774929
-1.8273177499101096
-0.7667744716765268
-1.9457018342429302
-1.9779369249346448
-1.6536210681201167
0.4495469286168088
0.05304987575771958
0.24934135903392085
0.287276762396371
0.46807349056921965
0.8602909281726492
-0.9155462453339422
-0.5693455711358275
-0.6951253825427182
0.8590625330222055
0.6855556944431378
0.23913288453051362
0.23655505524578735
-0.03274681494439702
-1.538362915928294
-1.1753039533265681
-1.2787032257649302
-1.257685532357664
-1.36493194806492
-1.3610463908500223
-1.2047761608925904
-1.4963684526712224
-1.7556850054902655
-0.9558751661167999
-1.4114790239231698
-1.8314304163524724
-1.73666678996756
-1.8503239136429437
-1.419923740565565
-0.9674290813643223
-1.91086585776764
-1.4470107395723024
-0.5198890382856047
-1.730348080220258
-1.438719679052906
-1.2843921168239187
-1.6593513289239643
-1.6508850486845075
-1.706490237809193
-0.5243726769166395
-0.5417429619303238
-1.6012243391607217
-1.1052041818960257
-1.004194318198367
-1.0274809121928745
-1.0264273387881857
-0.5563225845695914
-1.3154683430013747
-0.5814763707818533
-1.2851304727496833
-0.5362166310328778
-0.6328372255868293
-1.3972922003794606
-1.5376713483880893
-1.5829727936641331
-0.6256795984089532
-0.7296889325151772
-1.4854049348991916
-1.085879416316162
-0.3705215344289525
-1.3756416220449592
-1.4540893968577453
-1.5913835181213576
-1.0548548111885638
-1.6418711930838839
-1.3713305641883948
-0.6174636429836065
-0.4178054585250066
-1.0049968348460954
-1.1922877538311816
-1.1645102728768844
-1.4697377847099238
-0.7030799499224514
-1.2626739066751902
-1.4931475250171056
-0.5688707609887647
-0.6560451181565472
-0.3558076111847732
-1.0636105478057665
-0.9685414821147862
-0.6375451518215154
-0.680192032797456
-1.6743779777416001
-0.7035013245406254
-0.9504024656941457
-0.3973707088425422
-1.4239206233303967
-0.9292421366439452
-1.0172978365094865
-0.7621053125903441
-1.1184974974353306
-1.8125691474386645
-1.3042122402279304
-1.6056076053064217
-1.6227275428572996
-1.6395348449939255
-1.4564715556669066
-1.5850404488098355
-1.4436591822834763
-1.4660397303532882
-1.447418176320175
-1.339665186575364
-1.7958036392654415
-1.8298557322674263
-1.3890192289668144
-0.2618765204163631
-0.9290403987722102
-1.0944012207139042
-0.6339618712193504
-1.4890145844061153
-1.028604884294707
-1.1793292011026437
-1.6846852067413998
-1.8747128527875645
-1.6997071711084526
-1.624568835228479
-1.4157691589966743
-1.7086438689771162
-0.7330448946141341
-0.8577556668959925
-0.9282177407031964
-0.424853443130212
-0.6824072439786641
-0.18586574662857624
0.11070337690735133
-1.873636667252592
-1.801699533286955
-1.835922667805298
-1.3806089074123198
-1.2246666799044676
-0.5018153190390178
0.04417088114832457
-1.6337235386647098
-1.6968545710385576
-1.2823249781714343
-0.9825819686575075
-0.9724738477099872
-1.1150623676178986
-1.0761237922444884
-1.1671338519330818
-1.4061840965548151
-1.6064840592287097
-1.3816529507678845
-1.1730221104777
-1.5802976385272645
-1.5320395019739619
-1.3068763116622788
-1.4000311371133216
-1.3965066603735925
-1.4457775687066714
-1.8384730791034316
-1.8703144184781963
-1.5568461101168196
-1.3271206296439526
-1.5470478700165795
-1.8547030088347884
-1.32562534354928
-0.6375616651032046
-1.3736505909553498
-1.1136635080905941
-1.2898967267473427
-1.1784689229065213
-0.23517436923581747
-0.8984632331677058
-0.026402306483207516
-0.43291869969735397
-0.773022439461293
-1.4760317464385524
-1.3735683913558725
-1.590584022101465
-1.3052916789838116
-1.4096651971234608
-1.3986204853581226
-1.5091579767889323
-0.35394828214444085
-0.3678802426986223
-0.6463604691589413
-0.5133658193223101
0.9363375994359966
-0.5303199295679029
-1.3552392674900486
-1.4332882680643129
-0.5055395546651134
-1.520193816527178
-1.4158749244622315
-1.156233432685691
-1.3035837258956373
-1.401745389615353
-1.3763545219683546
-1.5860739753198139
-1.5377545316640082
-1.5558796902322551
-1.554260155424499
-1.5666556623587053
-1.5394281876315528
-1.2748192199550183
-2.033348607733757
-1.5627201803954323
-1.7679660226653933
-1.7473376238622442
-1.9885060422264214
-1.5350090694700416
-1.4458008998703054
-1.1027636110230954
-1.5923880960985615
-1.137127524657531
-0.8422599917474247
-1.9308547332672068
-1.2752930244299836
-1.4193006434649937
-1.3996060765900642
-1.47384487777815
-1.2750453705808196
-1.1425978240934949
-1.1285832790327361
-1.1233339655888732
-1.2624551522847216
-1.6726067606959008
-1.2760973586019941
-1.1931116686436558
-1.4290206544586928
-1.4441645477345195
-1.4617779731474385
-1.0908280733771007
-1.4157911831118388
-1.2536781471613379
-1.7868129073287589
-1.5491828795925764
-1.6120779832294596
-1.4768556647516167
-1.6726859775109044
-1.1569915208440544
-0.8021900878934873
-1.6231615862593889
-0.08579630887045586
-0.8082022058183369
-1.0961787055832894
-0.28716257760626385
-0.9030750758461197
-0.7291873758747169
-1.417468567659254
-0.7897850247820164
-1.0821827173752527
-1.124743602660329
-0.08013868533210844
-1.374553332858749
-1.0746315635645292
-0.6796059363855835
-1.2166654558974608
-1.4009252116250648
-1.1912674096301712
-0.6400254664400087
-0.9615731981682651
-0.2620613025941745
-1.6964479620546002
-0.10256905994334198
-0.77539367211369
0.09322583365749826
-1.5100425570886153
-0.9626730135789001
-0.7631269103437088
-0.10118001946748811
-0.4401324050900317
-1.0364400731316612
-1.62724922989927
-1.4270709009948648
-0.8206616040979797
-0.29881939778899524
-1.3200527198746508
-0.6989283725764499
-1.4003989879720258
-0.9796864011911841
-0.5567467157152775
-1.2416231217120826
-0.7343568751117882
-1.484952136015491
-1.4933191850133214
-0.13454754642630307
-1.4462990319161564
-0.4085297239005279
-0.43918282798718544
-0.4640408727513641
-1.5568990906176292
-0.06417172041523211
-0.026687197540743446
0.2272907439980265
-0.23888075145093235
-0.3956196345447738
-0.3252209061702558
-0.6057822187548936
-0.4534923019106236
-0.4994132665183917
-0.915759296465392
-1.2360904773212293
-1.3828343221712085
-0.9973660824426467
-1.210018316561637
-1.000861497174977
-1.432497034456565
-1.5956927962011382
-1.3575223147460054
-0.7183459524419911
-0.2966058867387298
-1.2759512642336641
-1.1466170156112667
-1.729672394777644
-0.9831864432462039
-1.918328788776609
-1.548975140506159
-1.6148817382892238
-1.5377662394920042
-1.2131263845631135
-0.9260111126805002
-0.8000743037958935
-1.15497018275341
-1.0258395540649186
-0.38303852760722035
-1.1632311793238477
-1.1876501974552356
-0.7381585477836767
-0.9843180626886212
-1.6089955658719066
-1.5512908935272571
-1.0017046108036205
-1.8289874887569997
-1.2891404162428317
-1.8518657156659895
-0.8344668749126833
-1.4975569733089917
-0.6133570379827045
-1.3079352695389461
-1.1347089393018066
-1.3078957841454002
-0.9539467976978038
-0.35473817470878166
-0.8527369378660363
-1.0115423429489805
-1.1767529302790594
-1.0570015032920252
-1.0562118913805028
-1.2271201514263275
-1.041047456309453
-1.4979533256323012
-1.2375887437382385
-0.7214494869093524
-1.0050347167570244
-1.2352774776041302
-1.1769343858171941
-1.4044951912121817
-1.5106209001561453
-2.0320468058615475
-0.03559180376608251
-1.3865272871433578
-0.3730237388043076
-1.6191678610603046
-1.6266304673800682
-1.4307819470986434
-1.0767363993142174
-1.1936263967479463
-1.2451319115332333
-1.8772585271892657
-1.3654842594704257
-0.9700410296741546
0.014531676092853774
-0.7416625147307705
-0.7112268854125909
-1.929720003631228
-1.391885619532357
-0.4259915120052338
-0.19599589900813785
0.08488197425538968
-0.6342721765603694
-0.5362388156069262
-1.2030219255419092
-0.3564485251529941
-0.9000019800747505
-0.412481392511973
-0.9356964295884429
-0.6791940107982304
-1.0381602535264072
-2.0440755154372523
-1.1369266122749229
-1.5514565736215855
-1.1552039193134662
-1.6407410891799346
-1.988236221310238
-1.6641936548762881
-0.1708699676598855
-0.7342405173655331
-1.0316634597061956
-0.5271000655945792
-0.8869118438387769
-0.8527819478076679
-0.9992127697396469
-1.4278995230432254
-0.9020051724159808
-0.919771887905559
-1.6049725259698036
-1.5497164876743594
-1.8209479975044427
-2.027426699450234
-1.9994407236496616
-1.7467684057713473
0.20246715222302414
-1.336712876211412
-1.0241953366448475
-1.5300660646391406
-1.182567694362335
-0.3907121940283702
-1.575217602690542
-0.6535424982143085
-0.8505293830139953
-0.5112001783446865
-0.6443304635115232
-1.1715307531414456
-1.5115900229421368
-1.5990464500545307
-0.9798850460391548
-1.3391229397608544
-1.002043340761502
-0.64044275041818
-0.906325301295783
-1.760524748910434
-0.9276412707837502
-0.7465872366695698
-1.165105585325646
-1.0637481942416709
-1.6039348645983054
-1.3513160494959109
-1.7084523380710521
-1.730368916485898
-1.63189087857884
-1.4635182573775969
-1.771441846257703
-1.7350597912686527
-1.6600560339765262
-1.7644549199089796
-1.375019999060625
-1.8074340668390032
-1.8310783779846742
-1.5788868627637285
-1.6501510799968127
-1.6683408732215204
-1.684372915571332
0.51148442541694
-1.5603201631282209
-1.1036075653753759
-1.1192610421286477
-1.9676264777119126
-1.698263977840172
-1.70209751017033
-1.6559700969466966
-1.6718396961245634
-1.6948325812060288
-1.7840851192252882
-1.7935009695592894
-1.793604957363511
-1.202690306041556
-1.4843938797814393
-0.6814469560079306
-1.1666117766736244
-1.0896996466264104
-1.5435525868737299
-0.5697362430390516
-1.492607509383731
-1.3261724469029728
-1.0970975589145124
-0.7363054454281197
-1.3481271555985292
-0.9567471504800309
-1.3745917206023985
-1.3755671435640877
-1.2006233086871194
-1.3694270712691174
-1.4456497121776815
-1.5210660462350984
-1.432210564944176
-1.0145252756422527
-1.1558263504157338
-0.6500527025769036
-1.935454698265995
-1.9373912912227131
-2.025234111713675
-2.0213955198302127
