-0.9425942407531526
-0.9770663343640887
-0.674985257799175
-1.0234825332599093
-1.0372541595465583
-1.060890604556894
-0.9836353497491791
0.48096422872810307
-0.7756006292078975
-0.3767891084429981
-0.826944082968958
-0.6382108312611374
-0.8859784310123278
-0.507877563375409
-0.6237156501253173
-0.9129894593341584
-0.1599932612095615
-0.6337139646386881
-0.951017612679396
-1.0057935315160131
0.12710715768712263
-0.2799727167969317
-0.04943654641932619
-0.16953979580217834
-1.0740654107684693
-0.7817318024565267
-0.8341830465153389
-0.9222803962082246
-0.7336876021751418
-1.0741651222796074
-1.2232485785271388
-0.6077446825476829
-0.8141486842089861
-0.5515337233126971
-0.5075892265349015
-0.9146150180373546
-0.4191449556630706
-0.7337785160492393
-0.15395053881395757
-1.0397260245450897
-0.7564746871243134
-0.5523633426153188
-0.47113776785765177
-0.7010968872085902
-0.42987550812510694
-0.8891806338214941
-0.9402922694973771
-0.5713447584421364
-0.9387582565328912
-0.8969651405617635
-0.9183332839394559
0.10015145429068413
-0.9247023546748553
-0.4716588115918612
-0.6392421848434646
-0.49066994510952183
-0.27605897363179205
-0.515503741144821
-0.5817958954130807
-0.6364402352734614
-0.8931843847731598
-0.7689820687229177
-0.9450402052404723
-0.6739958962357809
-0.6988642596675341
-0.5048455987052772
-0.750809078479539
-0.8180456132379055
-0.5360340457755314
-0.1315052429077367
-0.35769131698048545
-0.6812610291385578
-0.6797992323429444
-0.8689662248767428
-0.8253073556476013
-0.8991049045115469
-0.19002254309660635
-1.0916699210053322
-0.8289107509971947
-1.0551794797786977
-0.6912925451442605
-0.9451003957455336
-0.7925566447335978
-0.0965742900965354
0.32632818691531607
0.0029605739810917666
-0.8200125402691922
-0.24944435402999546
-0.9373240454832056
-0.4026192420863603
-0.7543827346144324
-0.8245120703985874
-0.8555966477873284
-0.8959552422454173
-0.39253109568839384
-0.9257626756000716
-0.9789305716278411
-1.080517926304201
-0.9438729013297632
-0.9280200357841629
-0.9953693317262348
-0.9632247213807661
-0.8590637241065696
-0.8295366215445096
-0.9961013467661513
-0.40812854994879744
-1.1122539128476838
-1.0786426097382573
-0.8138221379107197
-0.3811951377346434
-0.9603729953982029
0.3754273781171349
-1.005178464370134
-0.9532977444016151
-0.9750730403117697
-1.1368614213691461
-1.2069190580147502
-1.154785015286646
-1.075394049271427
-0.882254943994884
-0.8620031675320489
-0.9346351802789469
-0.6791141123277855
-0.7102174889040495
-0.9216534906780126
-1.0152355026431634
-0.9287291740979825
-0.9140790515560934
-0.9875702495566431
-0.9217091993342876
-1.0022561969098112
-0.9877321046512382
-0.49841541079272783
-0.06342519660987711
-0.6803066830855125
-0.11836846984169151
-1.0091359476217339
-1.0254274028954875
-1.019781593513918
-1.0033323924848132
-1.0552347474346186
-1.0602101805447262
-1.0200756053066968
-0.6898262574545159
-1.1676614299033694
-0.6671516713118614
-0.936719927087891
-0.28830737448722227
-0.9460749221428607
-0.9579041519369573
-0.7619515060579465
-0.7550902364631744
-0.8264510431929848
-0.7991261769898242
-0.5039018155050711
-0.5503161103224049
-0.5710276547999517
-0.8566554435406699
-0.7227236214665839
-0.5719332419027288
-0.7054664490577549
-0.649733387135404
-0.5989670432784652
-0.5949641540145818
-0.9240872835843756
-0.7828512473974154
-0.6493243286289616
0.6333724142128118
-0.37231420833952805
-0.9389043504641057
-0.8814786364180639
-0.8382404184971733
-0.3846815794619411
-1.0963985816249069
-0.9004083839328549
-0.9734302351773133
-1.014724375237714
-0.5105603905787689
-0.8386100358904777
-0.7233220904575571
-0.726640947489488
-0.43162068231345585
-0.9475770000097231
-0.46099388359805443
-0.35305172081127184
-0.8457910311122561
-0.4169654592518437
0.06248846025597173
-0.4902904256766561
0.3047341854759693
-0.5859945140423408
0.7628700217253384
0.6036403543923833
0.08104164371573404
-0.75185086447722
-0.5079403054639993
0.40062077917313393
-0.9707502080298939
-0.9727712450676483
-0.4340799389285061
-0.5673952792098901
-0.7855732100719116
-1.001408215789963
-0.4864197370919918
-0.5706416204165488
-0.3415078513799084
-0.8081339285510909
-0.40177697005312624
-0.8680122956893518
-0.671897465630626
-0.14526993462357565
-0.9072463435594607
-0.8077798029753606
-0.7246442602891893
-0.4841250016243419
-0.4068848491215698
-0.8283025051473075
-0.9699076892979569
-0.6191084871624292
-0.1375670760619064
-1.1033646846567455
-0.8181919180453502
-0.8424883117446683
-0.7799994114889092
-1.0194412010805483
-0.9413118683844148
-0.8743190218727289
-1.005666165940456
-0.9202935172835369
0.013578849484908432
-0.4008419991182843
-0.6554852967661822
-0.44021416052021994
0.16174906838913006
0.9589314385521993
1.0574928818107165
-0.26341906838257184
-0.5868480585150216
-0.7417742785811278
-0.7561012491452989
-0.14523859631148056
-0.629548420907325
-0.9503570106072221
-1.101227070456417
-0.6912386414892117
-0.24251776639967462
-0.20239535417098353
-0.8041349163278216
0.20984416766723682
0.04612558943051361
-0.04360790170221033
-0.14617766276982969
0.29780445202969436
-0.36126917948864795
-0.5440365898112545
-0.9809694268539036
-0.8670157975380572
-0.6265883042970863
-0.6183760442157672
-0.9390967852926128
-0.6347608093981626
0.4874168578948457
0.7313925602938038
0.6308415454825004
-0.03269078349151069
-0.682082243277312
-0.593814769063021
-0.9550057316221752
-0.6506943281814522
-0.07859062267348589
-0.9274045497017394
-0.8779100523504079
-0.6859255199273196
-0.8817283747524755
-0.1578039151350501
-0.1297909492632491
-0.877394784139212
-0.5003365418431007
-0.7601978542040525
-0.7587787053076432
-0.8131115360494757
-0.5998839144371019
-0.4082637310650949
-0.781553604811258
0.16542842822497206
0.4436964938156303
0.6080934396394871
-0.6710448204097341
0.5935900402295229
-0.18705294617760626
-0.07232241497075968
0.3122093430619613
0.7733587128489031
-0.72988343725706
-0.3729281582136148
-0.5026640938214342
0.5189389455626648
0.9018426288692766
-0.3323973787154478
-0.6763992843872731
-0.4315596932486954
-0.5837195813090951
-0.5738978027897722
-0.6065310708083745
-0.4890960559733379
-0.651689940028168
-0.9380678611571952
-0.5437888663755716
-0.8372028859290431
-0.7925916733956303
-0.7809748633164194
0.9273268866297064
-0.6306375800778566
-0.22291510395360503
1.012378774977436
1.026642495243773
0.7131660672680576
-0.6727394453348078
-0.1707228165686244
0.7715006259717002
-0.06896847730784968
-0.7567847830142777
-0.6479076145770274
0.9920834816304028
0.19956066364437564
0.28710784756797963
0.7934830145029084
-0.5798810050033218
-0.7268838049271391
-0.8176933450792049
0.27164222543089306
0.41818369718329396
0.7114328557118803
0.100972421122223
-0.5129867820284458
0.8708083467977469
-0.5929538487082754
-0.7780252690160662
-0.2984781590202114
-0.5089939173505972
-0.827080553179495
0.42305887330092423
0.5350684960316341
1.0153753874219051
-0.4442504864527091
0.7152980967803014
0.7771186612723625
0.8885900440093183
1.1678189371932801
0.25592723310609755
-1.0763086313747243
-0.964992649744819
-1.2750234806580434
0.1336972842692105
0.39386253342930416
-0.2189661675843734
0.9845338439038779
-1.009533163331963
-1.0659843306532617
-1.0188932755776603
0.09140802475466779
-0.543227670342001
-0.281614798924346
-0.7718996672117161
-0.34840071287341606
-0.5080868734490581
-0.590768529270796
-0.6375294130911169
-0.8897091136089248
0.9698906294342585
0.7285014588135184
0.6597016310636732
-0.7987939338662416
-0.8641268888685927
-0.958452773711343
0.6968968523822904
-0.008986233582964761
-0.3443548129496374
0.5469453657209783
-0.013555805748160768
0.6198595429638003
0.5655848201999206
0.16769282369519556
0.8493992687060695
0.7416694919945579
0.6147320060741656
0.21727447233564404
-0.9017575096453845
0.10021257352921897
0.9783796196738974
0.21042391675792968
-0.8884365915935767
0.6182944406006132
-0.4215241786290187
0.23452371612705858
-0.662442749325712
0.5691020706777975
0.8691143039794159
-0.7225012741344902
-1.0238184375544346
-0.804891026779773
-0.1712393222809606
-1.0559117795265947
-0.8983072836377218
-0.863312432445427
-0.25898716778700437
-0.4855639654295516
-1.2053534871696658
-0.822995064852031
-0.8290626274606018
-0.8358114230814518
-0.720363011426179
-0.5216517944642022
-0.25461411236790227
0.13514673182724354
-0.8158919297406593
0.016462935356967117
-0.8004616455754624
-0.6673813943007559
-0.699913445096148
-0.6445884127419964
0.13328679911474337
-0.5476396734857435
-0.7026497689659937
-0.9145295216684947
-0.9406115198009379
-0.9658878071434192
-1.1388949042716048
0.10813040938027367
0.5297684038707448
-1.1603354843408205
0.23882613072437064
0.25797977649261683
-0.714855152895231
-0.8803798850311443
-0.8861255495315028
-0.8325176024218873
-0.8626824156804164
-1.2597712629532394
-0.5646417035027539
-0.9163602833024965
-0.9663470631862584
-0.9503720827906873
-1.0199335308251778
-0.7630693505256799
-0.8845105076874141
0.9160097604827463
0.4840647541493715
-0.9680835360043298
0.3173544803705481
-0.9942607174825365
-0.8943531717264875
0.45727082150702797
-0.8877895844245657
-0.7437925389820915
-0.7148184591688281
-0.752144330315604
-0.9862031158932663
-0.992962941605613
-0.9919868333210013
-0.782174425935635
-0.7205465893395813
-1.027930397901476
-1.1602311445441191
-0.3207602428990915
-1.0297827519802036
-1.027670259167446
-0.99754784696492
-0.9073124874519927
-1.0150329262581497
-0.8813310973739791
-0.9940447354758447
-0.9928906596331002
-0.6707179211025442
-0.7936019138850483
-0.7732009182641285
-0.9188425008201359
-0.6147334788761866
-0.9881320349826798
-0.5520695823831321
-0.5545442174825749
-0.9867937903927627
-0.92081091774701
-0.7950578555606436
-0.855837455748358
-0.9331819605475126
-0.8827213864825012
-0.7678633929985338
-0.7865015989866523
-1.0430681894145672
-0.7471567657149718
-0.9572919440983944
1.1407575956340796
0.7390708016755724
-0.042046395515047186
-0.4352187652177166
-0.8814367826217225
-0.9849813316830321
-0.9395231265501426
-1.079456878347225
-0.987935931760307
-0.8363417723809263
-0.9237791392464191
-0.559197667148607
-0.8814784519200028
-1.0862798882303775
-0.5379924601583854
-0.9469928373642883
-0.2169324849834772
-0.9594912627011137
-1.0274801676717658
-0.9615243766038754
-1.0196427537032313
0.14790443350060797
0.29888280743393686
0.6835699550791942
-0.2509311583172847
-0.7072249616101525
-0.35568125619263413
-0.45173221204062836
-0.0355485028973932
0.1240513069765814
-0.5685713461872857
-0.6743580228525122
-0.7772753889926648
-0.17001138216865042
0.17176429419579967
-0.7142751984564463
-0.6383179960200872
-0.14696676026739172
-0.405037036116449
-0.7285017955973446
-0.8641975515527394
-0.8572317619153775
-0.9595226267444442
-0.22723321313046493
-0.527521572895137
-0.7074956111271593
-0.7077409253805357
-0.6435912502039518
-0.7128026686598773
-0.7426111977432021
-0.6557539183687633
-0.6749793726556875
-0.8177614612545812
-0.5471826235816987
-0.7913531060425818
-0.3561197794561463
-0.8476265022657131
-0.4666352430429457
-0.6580769856196943
-0.5077012495291865
-0.32300805817649025
-0.16090713265623738
-0.8965661739586483
-0.18058477604405287
-0.3025422575959426
0.14041985474482438
-0.43579128457923805
-0.648410242883225
-0.8270671963558028
-0.4995141734358453
-0.12586352241603302
-0.6002386629541022
-0.5261437306555588
-0.36731319457819
-0.4356106043661965
-0.6525155763104525
-0.4849194895274478
-0.6045783615980685
-0.6797411725852918
-0.6708922625937328
-0.7641474867673678
-0.8240346839822399
-0.5444958445217994
-0.5078803082862413
-0.8325778504826667
-0.8427861605348518
-0.33956025951649144
-0.3815826070412727
-0.7818815051255447
-0.8075968657080917
-0.7711119191491035
-0.7299336240913924
-0.422853854807409
-0.6048795106047102
-0.3924761127241647
-0.4175126881183593
-0.6485888488952846
-0.7559840689613916
-0.6768427892397112
-0.7912673583077252
-0.9791423398985138
-0.703915007645001
-0.8787057181511161
-0.5112200894747511
-0.6208211692621689
-0.8354565588589405
-0.4023762348545057
-0.7144321087365748
-0.3823690969368006
-0.26143284778228854
-0.39446120187171263
-0.06659788856812147
-0.14767967994895217
-0.5023472011184386
-0.2326741118557237
-0.5224917545966284
-0.34108122010826175
-1.013801738789683
-0.3245016685727642
-0.25756952205994305
-0.20276130587987518
-0.25670757000871486
-0.2881215894474884
-0.18985387680788932
-0.9860322939382687
-0.8991515564029623
-0.8755494797631833
-0.7827694907610839
-1.010555501745783
-0.4445993881914154
-0.3603025116960383
-0.659551189399129
-0.6148316855209389
-0.7414971961352235
-0.6346390206534928
0.10335743640885069
-0.5241102170061102
-0.5758903380075341
-0.8873150256462372
-0.5466711009039197
-0.9386290570411223
-0.996687282979865
-1.0011368941687981
-1.0803538153796834
-0.4221342847418574
-0.5520990061624357
-0.35380767472845237
-0.7541728202836895
-0.26061068302215734
-0.6951300489021343
-0.13621764711392884
-0.39612881392687255
-0.22523288898149318
-0.46354822026012443
-0.6121435845984384
-0.6080043200343564
-0.3801058949490162
-0.39586670389807427
-0.7611963394018458
-0.5797457383634138
-0.9365125928177456
-0.8182737409730162
-0.8020501977060205
-0.8058671549716449
-1.0460271353231454
-0.8263112192345486
-0.9572152265029423
-0.6045999689031476
-0.9531820704480936
-0.6866373353447445
-0.5485342958591752
0.07132236095999815
-0.37397901526368044
-0.525843951317787
-1.1366120525935832
-0.4916830038466892
-0.7242687165940292
-0.7987896698219631
-0.6375767138479669
-0.3927424042251197
-0.248997304573877
-0.3192254969819912
-0.5540587633982025
-0.678590014735771
0.047774181495215805
-0.158795825954369
-0.9380338327001917
-0.8683753376374028
-0.5187417416612974
-0.803851649051912
-1.0094302326444458
-0.9735542726082587
-1.0107429789533786
-0.6481267100942673
-0.823921843128559
-0.9563711120511499
-0.8978776130241272
-0.9985592377528475
-0.7812075415020573
-0.464436584564015
-0.5764503103618808
0.14762165567194466
0.47284973961018584
0.2635376938761888
-0.5914663606012914
-0.6012551927627551
-0.962249005307623
-0.7952583725824395
-0.4645527378021059
-0.2727242480518601
-0.7643382113614097
-0.7663647121851834
-0.8133096276371052
-0.6982630940317485
-0.5330915238488061
-0.3719825224698414
-0.5498022102786909
-0.4653867701494392
-0.1399219213889593
-0.8549113689202059
-0.37768470151823297
-0.9604563584723103
-0.7648648643164545
-0.9718605737192038
-0.4722667209121323
-1.3022944246543064
-0.8503186128096244
-0.55056042487214
-0.9604171478282663
-0.8775186466927245
-0.7889104844399748
-0.7667683583648124
-0.5919216743588577
-0.7019769645167523
-0.7595050439499191
-0.4302370160825142
-0.9784726854473957
-1.0662995415981682
-0.9290802441374207
-0.5848009483739439
-0.5750849302029908
-0.9015600654987906
-0.07350133367396568
0.5916510718910902
0.3021238814607709
0.31307876227472015
0.22388883136599028
0.8357272955916061
0.19116285422822363
0.29376777688369776
0.04868679863680551
-1.0561370168165949
-1.0809374685818074
-1.0281728167151336
-0.9676058211503014
-0.920003169138352
-0.8906103492822499
-0.879177103586359
-0.9886142546120835
-1.0016969867564105
-1.068908932854823
-0.46227887776216403
-1.0543991754671973
-0.6378788940418645
-0.7221201087393672
-0.8150918179278334
-0.967509703217695
-0.9572664406077216
-0.661788246653302
-0.9281490892713619
-0.504036384992088
-0.5724618185525092
-0.48941705316982387
-1.044582247612751
-0.30149839957047964
-0.5612714015925693
-0.9393034973780207
-0.983031376638159
-0.7429342567840882
-0.3054452382300265
0.767908298966324
-0.45852396443011306
-0.2708754883539457
-0.5164927608956662
-0.47803164622836286
-0.44382913820311204
-0.7063850939027073
-0.45650259977873575
-0.08624036021444127
-0.917751298147464
-0.8505282245199272
-0.844814809458982
-0.7155254155370177
-0.21516475838462404
-0.3703864829794272
-0.0299777231346053
-0.3675315102709243
-0.40459038879339365
0.09272729187220397
-0.5285736016330109
-0.800130976583123
-0.5973635365182216
-0.9434516257062908
-0.4590675707887825
-0.3806127951243901
-0.7514282575474628
-0.32120434457771796
-0.509072170715881
-0.4263060759298511
-0.3646835070281575
-0.9713749744014022
-0.49832273510515707
-0.523593354372801
-0.9883868267521171
-0.9057051655909101
-0.6185343097142025
-0.6994773400180092
-0.2733367624063909
-0.8247098373987202
0.2142199184661381
-0.45091606789187116
-0.9166052874382288
-1.1537305002570362
0.06835318831558139
-0.9622627323379405
-0.19760795416478882
0.15447489302283515
-0.750087199982134
0.01929661067770629
-0.7365781100074361
-0.7329224830673976
-0.38787755250953837
0.36771008544508416
-0.9181202598870488
-0.4552083869548152
-0.557015345922178
-0.9051921711012394
-0.2940081781725101
-0.6120032828188998
-0.43667963001418025
-0.661237972840204
-0.8031876505198582
-0.6743983352450199
-0.774568122919351
0.1699720620162358
0.0418252908291162
-0.8399146000714506
-0.7817012325877727
-1.1332793637126513
-1.0925137260900206
-1.1977174278094573
-0.9456485874510934
-0.8507099777211939
-0.7463439233739875
-0.7783674606987377
-0.7915412201471664
-0.8324948446599031
-0.6100860912209088
-0.16686713610235912
-0.4164217277464756
-0.5483853216909976
-0.5164122260814396
-0.5669645350869781
-0.4113810470388736
-0.6993238091536954
0.5386295419359775
-0.2645113791456533
-0.6666295484621655
-0.6817638592726872
-0.39567510784463517
-0.41531950258944517
-0.7041253528025688
-0.33479027432915714
-0.7487838805147389
0.887727565824734
-0.9901537296395938
-0.7667710313665381
0.1225814416252804
-0.03714159715509946
-0.9304254078169342
-0.8525673187588506
-0.9812401041116393
-0.9304570286682692
-0.44198320274936537
-1.1574118545841845
0.05215177805301304
-0.9700000484726612
-0.3776899773430666
-0.33281553434044286
0.09661838359769043
-0.1893602269944592
0.819212556601728
0.38990618626857637
0.743439761022857
0.11443663635363044
-0.43020766033745894
-0.43467682101382504
-0.8108717892322126
-1.034019725730931
-0.6974013377622651
0.45917162373862613
-0.3349262143532466
-0.1533058646081982
-0.30999151745892034
0.3198002529869716
0.6672944569773982
0.13514648947995242
-0.7303612954112401
0.05575706064487288
-0.31363492101439544
0.3637207240528007
0.428101798786317
-0.777750004791165
-0.07653126985026278
0.7619996913869264
0.6811416828721321
-0.9068767882139598
-0.9302203140021827
-0.7405149725859402
-0.7106762083376639
-0.4565848273375202
-0.895083499384727
-0.9675172759018675
-0.6595099245531879
0.07092866888003396
-0.9150483753385092
-0.8515020650962853
-0.9699683340776998
-0.8554109920621459
0.5834109135961355
-0.5910204928826347
-0.3765421998567228
-0.16800620927954157
-0.3627440538311879
-0.7709128099781278
-0.10972074722936524
-1.0163007624742113
-0.6097976299347041
-1.0025976674414068
-0.9170610194833874
0.3020219077179141
-0.5656355503851318
-0.17332520392616022
0.12965185701569829
0.27562336377856594
-0.29087922213608636
-0.24132174395789682
0.4719633056196806
0.3923483319943895
0.4499500571869283
0.6185720609951735
0.4756894760938049
0.5580199413862693
0.9714749280090889
0.8718047796633833
0.22870540263149874
-0.29622997215388575
0.09182358523805816
-0.16066540086431294
-0.263979486957651
-0.3037422955727813
-0.5502674218379783
-0.3680214864376359
-1.0384706374339239
-1.1060430587387124
-0.6086967846467174
-0.6202059519319646
-1.1385633365832417
-1.030445458794208
-0.4312824884321222
-1.1065535883563822
-1.0350738135598785
-0.7578913959402008
-0.24276718176839288
-0.9063444307350927
-0.8693682062246747
-0.8695736058741014
-0.8756400816441602
-0.7538419833610875
-0.9651411691470143
-0.5079239509011263
-0.7751592659879929
0.15692894699935575
-0.16390771839236687
-0.917163436602125
-0.3213348741241027
-0.3878757181141426
-1.0966147702774347
-0.6223218064739766
-0.8343298692972384
-1.1021099460985722
-0.3275790465576049
-0.0783292132648797
-0.8597258975218193
-0.5295506328144409
-0.9817733811697918
-0.40794613451763345
-0.9914465353295476
-1.101745331552068
-1.0197719178234053
-1.192378417311538
-0.7721477393329922
-0.9338719259164913
-0.6151284666449902
-0.6975036869619107
-0.8824585112835228
-0.6121460272186733
-0.7641826497703077
-0.8558919576297189
-0.6866951409056158
-0.566342733061516
-0.6509238001265099
-0.8676623917333505
-0.7284816104425648
-0.7747219042011023
-0.5250255048946652
-0.9388482058932244
-0.8327107049008408
-0.8471961511076497
-0.4401229585691366
-0.5343041565877071
-0.5323088739258355
-0.533969050415061
-0.386331970037395
-0.42213036630352935
-0.3806741272384437
-0.1788405146915867
0.03455975274870086
-0.6510001317821849
0.06250279749379918
0.2574713166300527
-0.39856698603004576
0.5864792600294747
-0.2735332289407944
0.7153673842513865
-0.8432312616898319
-0.48915717377176154
-0.7221424795360297
-0.522500767778351
-0.9202638543986005
-0.16422296942379386
-0.49752921461698646
-0.7647651651641478
-0.9458871466511495
-0.6664058267109759
-0.3758936129551978
-0.5337331499597721
-0.2911291689611644
-0.1859797117368868
-0.4006805233175617
-0.6531911727730743
-0.19884215557633986
-0.43403267729893674
-0.7218530428746872
-0.9045782384859514
-0.4836675104515393
-0.9047054669668242
-0.05760362809923728
-0.642532235020897
-0.328710084425016
-0.23710444204276807
-0.26441947885589817
-0.7063335179827988
-0.8817135987977259
-0.9335447806716749
-0.7856641477090349
-0.828075406083812
-0.7026491867650021
-0.8761429407002549
-0.1919192791015003
-0.6648761074668704
-0.7115352901189205
-0.8979714065756997
-1.2204455077324232
-1.1080352205661013
-0.6601742597048672
-0.43379331170885327
-0.9252957018257941
-0.7258921388420907
0.07349258172067426
-0.7138153815300029
-0.5230391042338066
-0.7488819592253962
-0.4202828605598454
-0.7117975711728132
-0.5162035767554631
-0.30630128046353966
-0.6213280278012351
-0.6342124851323231
0.09210148869472297
-0.8429341073062483
-0.7446834550867955
-1.1752848879732278
-0.822236859445686
-0.6981067416159892
-0.749018140342744
-0.6062636557139364
-0.1535607372524883
0.09482368192111212
-0.27068235660682755
-1.0524312423533448
-0.2598632830697602
-0.43814320850856575
-0.39378092634194384
-0.3545797043431271
0.1377876347514099
0.058595426560307994
-0.6364340860653784
-0.8681155262701976
-0.6393468462858405
-0.655618850900135
-0.6751695737047948
-1.0192804463831158
-0.9441185346709157
-0.9842934845670385
-0.9699127176307526
-0.7825430657210596
-0.9516574215922834
-0.33830138427273293
-0.583287667419789
-0.7503915018271284
0.02666643300339344
-0.8712913300542233
-0.8674750317979507
-0.01841021895353223
-0.324035021582786
-0.7046349597525726
-0.26104985452002505
-0.7867543335508339
-0.1837293838842291
-0.17296693671482818
-1.04665756630905
-0.9329424821602874
-0.7912488591777418
-1.0957553804073485
-0.9599419176482931
-0.9214574924594364
-1.1325373337483626
-0.7315720472295008
-0.9251915002790453
-0.7637307770434149
0.09712993922831233
-1.0558369489623043
-1.0396895031215936
-0.6573357043544669
-0.6707075415214744
-0.9182325907253409
-0.7531832645217366
-0.6572242056134222
-1.0527628092759163
-0.6614052696174764
-0.8984826233452999
-0.26550050743618664
-0.7506311033227773
-0.790434519149929
-0.6506439708707276
-0.873313695270423
-0.9383601652894292
-0.7459110045207199
-0.4646115623791698
-0.3441121132694485
-0.2468269668368619
0.10407372016824223
-0.5859068248394765
-0.22671360367136514
-0.3811413908091716
-0.62934050069831
-0.4554497189972105
-0.7490622386208786
-0.6111201044656257
-0.4918704108921699
-0.3032052548030941
-0.6141731807098479
-0.23416429449485934
-0.3968649679777733
-0.2412944723924789
0.015607499705087161
-0.3396655973629689
-0.32690044932572
-0.10658134020854478
-0.17482463181042354
-0.2641166624709419
-0.7529882566228995
-0.579464672472674
-0.4570980584596269
0.07501126932809495
-0.7409670929160829
-0.5406718488404029
0.4721971792873003
-0.7657635222334672
-0.6583498512394284
-0.6902620069453341
-0.2541517726127822
-0.357126653636058
-0.6495165092744785
-0.7883951967654278
-0.29028763099277755
-0.06782710538738838
-0.7036424696456871
-0.27448255650794545
-0.7577323291102106
-0.33232820041154815
-0.4722944345611715
-0.3042188755251765
-0.16822610741222976
0.6636578073529005
-1.145931081929982
-0.9097700529262328
-0.5088649449783839
-0.7120186734112153
-0.6374044545323797
-0.9414112943794205
-0.3297819191854034
-0.5024502286157774
-0.8042023597958966
-0.03345799514468645
0.18083583312783294
-0.9023966962474764
-1.0808295407908861
-0.3439811137647593
-1.1040746621376252
-1.1185317953972513
-0.9312274030311688
0.49182319231091803
0.19824134824060194
0.34767809699993646
0.41415203863904354
0.44641045533502965
0.7413430172961446
-0.41274898589076714
-0.23751793329180967
-0.30037985796071626
0.768645036773775
0.6238523719836785
0.3454084375056468
0.32508351931120233
0.12372427843614607
-0.8091576747217891
-0.6142364697303851
-0.659278118106967
-0.631714922890174
-0.7011105022777094
-0.7473399178453013
-0.6344963349821499
-0.8137363763728646
-1.007909117189417
-0.37842464118899827
-0.7903817638567512
-1.0396888441912973
-0.9838071372143254
-1.0216603309839536
-0.7353721499755013
-0.418304220212352
-1.1113410885025743
-0.7979029410426136
-0.15373517436704787
-0.893484993732689
-0.7205872668791518
-0.6241368774267928
-0.9394674130575357
-0.941090912231077
-0.9590369899448167
-0.0975422248314517
-0.1407507976915212
-0.9077206410345801
-0.5688958257437531
-0.45578374090371726
-0.4917758667094159
-0.5026993829505241
-0.16032032729149534
-0.625356486454913
-0.18404430617890552
-0.6600166398922233
-0.1524816308951685
-0.2089309477053299
-0.7335399504297984
-0.8144793100823288
-0.8615841029714945
-0.21891385085757556
-0.30355944446869026
-0.7708318455650979
-0.5671697286172332
-0.09706307006886906
-0.707436375937751
-0.7978769838212513
-0.9091180706416573
-0.5243347844477909
-0.8597647497525914
-0.7114636263254166
-0.10692312836010302
-0.030439330871060283
-0.4250491578166138
-0.6234365889692283
-0.5503609865894442
-0.7973696229376553
-0.3045756292433968
-0.6753461229528069
-0.8461996413934797
-0.19230103973479987
-0.21571247061322332
-0.09335351149572352
-0.5568209677523867
-0.42441289012180666
-0.21670668375402577
-0.25962307353393493
-0.9636493885650861
-0.26104845187038506
-0.4202564354938981
-0.10442207502613549
-0.7270408161160473
-0.41375778903696586
-0.4861045172838629
-0.3071812558295833
-0.5269317997133369
-1.0680003790340866
-0.6666112511476012
-0.9092442043018467
-0.9259421200275973
-0.9306785905429011
-0.8102244044284017
-0.8553228187556003
-0.7602276695887156
-0.8321294796734297
-0.8153604553910947
-0.6597799032699166
-1.0404281903433477
-1.0624517137864329
-0.7865844209999576
0.01092228035536702
-0.43546724750494925
-0.5079358254269992
-0.24364641624928698
-0.8449059233761625
-0.5092646132512227
-0.5413009519825475
-0.9621084080389716
-1.0710644711727222
-0.9738195572494943
-0.9201847351598023
-0.7813492560146426
-0.889245668259315
-0.3080028411918663
-0.36002917914122673
-0.4236326625426019
0.007772296386111839
-0.2893700415603115
0.07182000064557885
0.3529424000482138
-1.0432181264578109
-0.9939590780938078
-1.0611384107025783
-0.7420703353042217
-0.6174430043927445
-0.11336786536168186
0.253324803401966
-0.8965270729357098
-0.931879042267948
-0.6479177213284407
-0.4479739103256292
-0.41251062879342987
-0.46011520495394653
-0.45933178861257695
-0.4751641295925278
-0.7463608548840925
-0.8711743117352929
-0.7312459074275832
-0.5690335754270909
-0.7867999031169655
-0.8951500161204841
-0.6837380236034356
-0.751052861788291
-0.7079640661962335
-0.8222505629281827
-1.0653053433334134
-1.073697724084245
-0.8182213804854502
-0.6731894464900346
-0.8849356018513642
-1.0734136422498979
-0.6867109468029401
-0.15959743237471083
-0.7706496725258646
-0.5094887078612749
-0.6141846613024621
-0.5511319098803062
-0.0018672066619319454
-0.45305152082034766
0.24209395892795485
-0.010368082429055958
-0.23995783328792894
-0.8107792434334119
-0.7820683767186202
-0.8409139167248512
-0.7052273424616532
-0.7628035118459401
-0.6820961088893581
-0.7907220123280103
-0.04319692158753704
-0.06271377543652235
-0.2870622278767041
-0.16912091200472168
0.8901653267789627
-0.20529619744954805
-0.7366018616299627
-0.7824457885163006
-0.19560463131825526
-0.8116775118617653
-0.7765509732939453
-0.5507960218435358
-0.6910742260800135
-0.7622307202745505
-0.7303953236171615
-0.8542029735695298
-0.8559821093187384
-0.8271591676785827
-0.7636338422434047
-0.7862112623086714
-0.8448348259107737
-0.6524132988210746
-1.193934947499917
-0.8103001919111446
-0.9704844801847324
-0.9964225492489964
-1.1386904376628832
-0.800303512976248
-0.8092469239914918
-0.56784923095309
-0.8381434056855769
-0.5542513475544789
-0.26318703758423917
-1.120668014309541
-0.6542066726470669
-0.7889928747953343
-0.73339690865423
-0.8389813562998976
-0.6879727405830144
-0.6133048401693723
-0.5883473723226247
-0.6073472838662716
-0.6984388958119977
-0.9699612926454219
-0.6162965450741622
-0.4859950284987597
-0.8011902038740807
-0.7792557764277349
-0.7984807186196038
-0.560248754270632
-0.794385823269686
-0.68957337337736
-1.007566839296774
-0.8210250644728347
-0.9087031740740716
-0.8151667622381721
-0.9431976933853973
-0.6244175255748508
-0.36455304494917695
-0.892572216962573
0.1104519642590401
-0.3857168301311942
-0.5662450983638008
-0.049667732850198744
-0.43053556223286865
-0.3374356217944319
-0.8005589278488138
-0.2730555984524989
-0.5551460620761862
-0.5987957720616353
0.15632841135379208
-0.6600386032438286
-0.556761832432043
-0.3090991301305123
-0.6492816985002868
-0.7098550153375646
-0.6228471668852544
-0.26843085980994846
-0.361937508888887
-0.01032451276650496
-0.9486578895708023
0.1429136784805313
-0.34461363073353185
0.26711693220555205
-0.813430433456387
-0.49040350009263256
-0.3008528551726146
0.12500811333035342
-0.002710481684875754
-0.49806581312487963
-0.90910406607126
-0.7516027943030666
-0.30626008753897777
-0.020325302105830945
-0.6754884119973452
-0.20772537975772454
-0.7617099265686281
-0.418870373709072
-0.16740400537103603
-0.580126360303593
-0.30469302992734487
-0.8205992577125194
-0.786012458234118
0.13247908024240052
-0.7697888356395582
0.00955221487430502
-0.02176623184368265
-0.019005958023203446
-0.8298450617464512
0.256458353653287
0.20041848956041375
0.4274396601795449
0.040240576447619324
-0.009822896029595407
-0.07853474900216308
-0.2545390849378386
-0.09479343521240143
-0.06773109908259249
-0.4371312710141671
-0.5896922660113934
-0.7087483058058132
-0.509395696147895
-0.6438329879153841
-0.5183561003071305
-0.7883190779163973
-0.9084848718397307
-0.7362848652833126
-0.32259924093332315
-0.014744512637535326
-0.6891334607150913
-0.5325238321249347
-0.9902301315784833
-0.3928628316073773
-1.095000340121304
-0.8356245511739608
-0.8907834977393092
-0.8652597296634953
-0.6394862020668107
-0.37800795372006707
-0.2950243230836173
-0.5543598332692948
-0.47757820104277743
-0.10385746508651955
-0.5872493095139989
-0.6102746445199122
-0.24668535930490307
-0.47378969876506
-0.8747056354161161
-0.8500062418228088
-0.44365589471350125
-1.0211484570985911
-0.6897502157121057
-1.0669431723107212
-0.3833479579681223
-0.8180111494321439
-0.2520944771796217
-0.6497958006089576
-0.589658424334942
-0.7316695476082321
-0.4569483558815292
0.011545673174799301
-0.38966775003404214
-0.5164501043489363
-0.6203035925846374
-0.5387503287591434
-0.5208349752383474
-0.6439146558127563
-0.482329279574461
-0.8447479750184334
-0.5772491459905329
-0.21336617212985684
-0.44764878050809015
-0.6636224013859583
-0.6442574503478361
-0.7624804622016633
-0.8011296296311906
-1.1558667389192394
0.1358927246217816
-0.7192371857102596
-0.11253818234023526
-0.8410605962857552
-0.812144230384163
-0.7785543056818393
-0.547829122121687
-0.6171971997830961
-0.6795386053086249
-1.0910872875865276
-0.7158276099588532
-0.4511597175148308
0.20057897726606413
-0.3091645625544884
-0.2812652562611006
-1.0768677109208318
-0.7462985184656654
-0.09615669289165714
0.02658669463544004
0.243656178575426
-0.23648529443372227
-0.16542820872594452
-0.552860453357488
-0.05929584310543393
-0.4519743315336464
-0.0754415824649104
-0.45130540146965853
-0.2743533270874265
-0.5253376181005168
-1.1806912016406308
-0.6013891269081324
-0.8494529164590171
-0.5144206823666858
-0.8762129886328601
-1.1626370228430998
-0.9506187836979713
0.0692471617794117
-0.2763566724045546
-0.48031223014930097
-0.204474546138571
-0.44558180873568437
-0.38643846617269745
-0.5170065184672861
-0.7767075665124136
-0.3631330827882509
-0.4176956461361041
-0.8257177638962009
-0.7589815890963987
-0.9566305729671546
-1.1110527413625901
-1.1357829287404815
-1.0060168371136855
0.3421054132902461
-0.6655424585329689
-0.39315493827030923
-0.8724872932521652
-0.6409737486856877
-0.013945121383701187
-0.848250080818754
-0.2154012346780668
-0.3146011039834407
-0.12273569473048644
-0.23350715632217103
-0.5622226590445966
-0.8034281853389412
-0.923675925310914
-0.4405215145279016
-0.7118316589347321
-0.44272112180425266
-0.23284934550959643
-0.4581698921824151
-0.9959836854345608
-0.4714027088749289
-0.32409240522278054
-0.5521137903357641
-0.5580829587760167
-0.8750888468849795
-0.7429644382645183
-0.970338408195358
-0.985141066973075
-0.9286348690523095
-0.8497829907689608
-0.9884082159650127
-0.923256931740258
-0.843929714160546
-0.9997474571890971
-0.7494719788417653
-0.9864481837138183
-1.0403931443870018
-0.8665509388734792
-0.9162541596185155
-0.9130540156196529
-0.9162125832490323
0.49553918887171516
-0.8552838044453784
-0.5923458999777084
-0.604750967048476
-1.1128629330357018
-0.9478868703372395
-0.9543522537210753
-0.9285074628921107
-0.9311263180545882
-0.8902939386656709
-1.017752940864539
-1.002406567711124
-0.9785911256158739
-0.6631632394595897
-0.8285163615399217
-0.1913282549142142
-0.5769567102887921
-0.5817630988182846
-0.88598299814082
-0.21837606922821653
-0.8272850341897314
-0.7205978194166974
-0.5138807485681348
-0.27305601955779185
-0.7182326159259474
-0.3816584591989096
-0.6744442223474643
-0.7486512422227646
-0.5676041860181634
-0.6402359463591311
-0.7098554968089328
-0.85295345122807
-0.8094468129706165
-0.45937608078436437
-0.5425753740637612
-0.17905937730625734
-1.124191507830119
-1.1026965130556816
-1.0994014711195226
-1.127508938543701
