-0.5747469074503098
-0.5541755347274062
-0.38104070527094436
-0.6171556442407629
-0.6261444136509939
-0.6287403082926994
-0.5740227913366329
0.5250812642956544
-0.4463364711751354
-0.0866407241550502
-0.46417487673509594
-0.34747453582059196
-0.5424473646114962
-0.20728830722421554
-0.352479556736651
-0.5664837536330523
0.01078821138257946
-0.30525752100680137
-0.5816688256090115
-0.6071490458599733
0.21629582043141915
-0.021792510742425275
0.1077093833527496
0.012092326035795464
-0.6299126313877315
-0.4250506226212396
-0.47813376544273956
-0.5525440343198893
-0.34407775531137874
-0.639327804762527
-0.7689853936126148
-0.3082205238347129
-0.47274543649013046
-0.2807372520004199
-0.251845116415925
-0.5520466227943976
-0.2123371302475894
-0.4272947811533352
0.04390635569650003
-0.635672823909029
-0.4385163713275939
-0.2680079108910194
-0.2156524870701677
-0.36190298936243437
-0.18680194386205162
-0.50351867449832
-0.5658072538807688
-0.2501825728998375
-0.5246478221612056
-0.49686679293533587
-0.5082830941785086
0.20878141195628275
-0.5490844278968896
-0.24112082953945005
-0.3319735539558253
-0.18828938423857955
-0.06624336004409925
-0.24034263756396101
-0.3282513252231434
-0.3407657474088097
-0.5300793219550202
-0.45691747236283664
-0.524997032081763
-0.37538376948423346
-0.4010665754751206
-0.24567838776522932
-0.4036884406687764
-0.4696307911852666
-0.2762499583943381
0.046112202304238625
-0.14588668920612924
-0.3193182329625204
-0.34756923621431746
-0.4915493978200831
-0.49933637270309283
-0.5583022626598808
0.030767662033037713
-0.6936858077886234
-0.4435867903249333
-0.6792522033197428
-0.4080733595276276
-0.5959451125547588
-0.4304247486292603
0.07588341927142417
0.38838952925084036
0.14987281927411522
-0.45985101349050295
-0.03361968517831038
-0.5469991693818081
-0.08151195477793172
-0.4161622859469922
-0.4811528243297456
-0.5129537548920062
-0.5537533308651699
-0.12260272932556382
-0.5767663570454047
-0.6226996853933202
-0.7000648061549901
-0.5567076085745613
-0.5761267830330885
-0.6160146139372658
-0.5538526997126261
-0.47719591678339457
-0.5131917934267354
-0.6384854540808003
-0.11726908408202208
-0.7257028717182599
-0.6474284581057992
-0.5044376730548055
-0.15476414996475452
-0.5948520481568096
0.41582314864376446
-0.6454754278817623
-0.5761650702498495
-0.6017279990110573
-0.7065101798486517
-0.7843889367721295
-0.7205223760646557
-0.6554759551476006
-0.5298184814101137
-0.5132604268214953
-0.5549415262682396
-0.3222759362637073
-0.3672123205279183
-0.5394776072666998
-0.6353484048997529
-0.5425166856498431
-0.5242622427994319
-0.6001525470013216
-0.5578565373734534
-0.6168737827592623
-0.609638703470047
-0.2263958921442828
0.08576485756544461
-0.3522484098572991
0.046113766835702785
-0.6264863505616822
-0.6341341082151954
-0.6304726215607381
-0.6099096085498319
-0.6550849663962088
-0.6678955000560278
-0.6535864701212986
-0.34879802346258737
-0.7621343674208103
-0.3950591765990996
-0.597074447855964
-0.11023382958311226
-0.5683643041146968
-0.613098861480097
-0.4459331904529904
-0.4111388645388767
-0.4576963487621537
-0.4112844596692842
-0.23933501662747814
-0.2630832394005602
-0.3060464341019582
-0.5214840650767654
-0.41668826146385873
-0.26964109022993954
-0.40786576852942025
-0.3364247696358249
-0.3286752592457387
-0.32579797199148786
-0.574797572022367
-0.45755748779111416
-0.3487698298168871
0.6027953153257191
-0.09232544650087604
-0.5990216208925334
-0.5353005496851919
-0.5135452315502396
-0.11313266336796701
-0.7106566769634282
-0.4781589968802651
-0.6100994062542435
-0.6234492099297659
-0.2591813733780901
-0.4816320869151962
-0.37638523307153626
-0.3404501888786893
-0.21203133786040754
-0.5701994854749821
-0.2029867259015048
-0.03757278573778611
-0.4987166454906409
-0.16258910987951114
0.23595924858259254
-0.18593853370606528
0.3534567274369924
-0.30003504068662856
0.7834963762279608
0.5772375615703824
0.2035632124231488
-0.45126922735909014
-0.24588761453026797
0.44066551850296465
-0.6162928563499133
-0.6214811874650961
-0.13954448945267117
-0.23435393584075248
-0.4338416074845952
-0.5697370335728742
-0.1273660137028858
-0.26260604957771116
-0.03810017848173475
-0.4068627167426464
-0.18275932716417678
-0.5389176563132572
-0.3838843203877347
0.0358632871255633
-0.5206147203814613
-0.49599011500617163
-0.4207671330719702
-0.2652242273020444
-0.10550940724823166
-0.4786710667717511
-0.569506582461103
-0.3063242571111724
0.06259333925949861
-0.7221401088533357
-0.4364112466709682
-0.483942190835303
-0.4760306914566006
-0.6143516112244556
-0.5438742474381422
-0.49046282715308687
-0.619618349455417
-0.5599424859796125
0.20099377745905245
-0.1447808496240075
-0.3336205679778317
-0.19328974914634411
0.2593221722239176
0.9383311746794656
1.0070158933658357
-0.09383538988497778
-0.32915612589856513
-0.44646055945067475
-0.44924859781037263
-0.012997522131874578
-0.35980501737553006
-0.5531489775663885
-0.673882429992839
-0.38624175253848225
-0.08039513720759242
0.04197029202710212
-0.45760645429524915
0.34010601175781874
0.13833152681553493
0.11372355603531425
0.010208285992768129
0.34391855818973704
-0.12733844395104255
-0.29648445235687726
-0.598556870471159
-0.5138322111379265
-0.27691902498192267
-0.2605795586367794
-0.5743906937564005
-0.30927075864103326
0.4848892981512758
0.6888575905093499
0.6742383462105526
0.08786960596386881
-0.37677736314151433
-0.33610064185163546
-0.5954601292424746
-0.3399383578564086
0.07812638737020139
-0.5767722482979369
-0.5206073318329665
-0.3761734879453713
-0.5348454582958597
0.06723273220693793
0.03484568026120072
-0.48774282083050036
-0.2728704585324422
-0.43061143108529376
-0.38253508536762304
-0.4861745706440166
-0.3596543008048103
-0.14196955969378666
-0.4450653844727772
0.2573903450772419
0.4732720166581794
0.5766784536273009
-0.36848461257662857
0.591810818443685
-0.01129470604265137
0.13156953163620955
0.43059583747663566
0.7234592104470035
-0.44198291128844125
-0.1451419775156526
-0.2504014799293517
0.5583374700701209
0.8321400296015706
-0.13854630895931644
-0.40068855625270894
-0.17179815411099097
-0.3368377479153173
-0.2828018039079352
-0.29592233817797853
-0.20179871394443172
-0.3247732168940627
-0.5825758580406257
-0.2907309102768225
-0.4863105769137195
-0.4592106510690952
-0.49293195200006457
0.849929471230922
-0.3435239327689268
-0.056088817942876706
0.9576550011624847
0.976316279864746
0.7030888735348975
-0.31056093804638074
0.011920583342173163
0.7200324769907194
0.15094713959047912
-0.42215186794862003
-0.352296485339596
0.963986739753286
0.3315095922996738
0.3395744284105515
0.8059956606733567
-0.280573155950008
-0.4232925920397683
-0.5114177242291809
0.34275870690908783
0.45744926062725244
0.6844452066412068
0.25393789242522535
-0.2320409292270087
0.7687763927396061
-0.30578578285738267
-0.4532162993041471
-0.10006864977727536
-0.2239552452801994
-0.4626497703092465
0.42591164914560364
0.5115430443356259
0.9814691503498238
-0.15052103247386173
0.6850906209034613
0.7188242300904484
0.8346294525549078
1.0980837273440802
0.35931283851448326
-0.6875929204005513
-0.5527794639243027
-0.8311807555933752
0.2855797039148722
0.46992847053110354
0.02189330229912234
0.897831923102868
-0.6213004525423433
-0.6816944621081982
-0.5794303477025982
0.1716218458854095
-0.22776081574656093
-0.041192356152256915
-0.41303400408437296
-0.10372901753628616
-0.19383312100262984
-0.2814229938227024
-0.35331402843113535
-0.5401121005118772
0.954988280673728
0.7458940482471983
0.706997769462308
-0.41760555572167
-0.4938600796286061
-0.5465830756931496
0.6861121948560924
0.14235553662049782
-0.15260109325420992
0.6021896785049661
0.15890483184996107
0.5988610718008971
0.6123721830037729
0.25804523874797347
0.7434059349271589
0.696963514419638
0.6156086388881064
0.2931784046601724
-0.49375384766334474
0.21862159352018007
0.9112403354224821
0.3015802439620383
-0.5461517274532031
0.6247833188665148
-0.1784128689251412
0.3145398700130462
-0.3817563779623745
0.6279190330167894
0.856785796972148
-0.37440368295588655
-0.6217771204126419
-0.48374928545332896
0.0682391227803465
-0.6274407137051434
-0.5311090970693888
-0.5210911779551348
-0.06416252638182796
-0.2517754180088372
-0.7668121957052318
-0.4563268797080706
-0.4911723053100343
-0.48631838803819694
-0.41134332000161455
-0.23034501415316155
-0.06572251452218225
0.2521659706921966
-0.4474729286079553
0.20092362242145567
-0.43365683827918566
-0.3152773129005564
-0.3025670647815044
-0.3356314516127803
0.3150629473056763
-0.28768630767902215
-0.4039888934325222
-0.5431769568138058
-0.5463407192025214
-0.5898490707184791
-0.7202498788114773
0.22144829074611105
0.5585699992629596
-0.7369437790921007
0.3523475477395359
0.32180710795757217
-0.3913875623925209
-0.5206516459350938
-0.48750534987092076
-0.47141652986708005
-0.4829023051310237
-0.8289554887496515
-0.28248071981555767
-0.5081175425120303
-0.574442229900586
-0.5173124560003792
-0.6019850380311129
-0.42096682570839183
-0.5629293388076251
0.8741134007545814
0.48723513880754377
-0.6073789758533894
0.4174516699730513
-0.5942400484422992
-0.5431275885919424
0.5352383760350932
-0.5280347537624457
-0.4543917181248136
-0.356190426434269
-0.41314064710286225
-0.6134100558203062
-0.6181026711530868
-0.6260223359921038
-0.4784833808641218
-0.37711693816766045
-0.6400180075714639
-0.7251813040805941
-0.024982925624000174
-0.6552863302310801
-0.5993038264799018
-0.6205924746287836
-0.5667969858791881
-0.6214934254315136
-0.5307235353624229
-0.6327406600499752
-0.6253958093141598
-0.3419142113616007
-0.4402624192504936
-0.3879101903823172
-0.5188182731019362
-0.3177403171310349
-0.6077524369730751
-0.251517402439686
-0.23945814165499346
-0.6258153235216186
-0.5975380163376585
-0.4659198325331202
-0.5259732072729801
-0.5712485962184521
-0.4836103370177751
-0.4088410319983109
-0.4520837471287833
-0.6187140760756997
-0.4339010629938338
-0.5764044100332355
1.0763151382846627
0.7703416106608356
0.09630347745562307
-0.18054032106758955
-0.49828002902029045
-0.6028990614083742
-0.5767486742877663
-0.6820073316292454
-0.5729380762619432
-0.47765722367197005
-0.5756429754455201
-0.2869692033860569
-0.4901642322524027
-0.6824233581423207
-0.2851292549686195
-0.5996140691512228
0.0640871584298024
-0.5654345998526589
-0.586034380283821
-0.5752232805612856
-0.5981369707671207
0.2902193383533187
0.38155504845705046
0.6332757066027661
-0.042838880522801936
-0.3833214854594611
-0.15386787652514491
-0.15450859437124453
0.15047598872755485
0.25320751871408254
-0.30614690726156946
-0.3737942653112676
-0.47481846813159234
0.0964616407713339
0.23113054369644945
-0.4318505519255351
-0.32561559870451395
0.013939295466133483
-0.1889249713074677
-0.4007935477742812
-0.49077326749668293
-0.5295707810384824
-0.5703056884455244
0.03926203517090121
-0.22099983545534174
-0.4232950117124381
-0.38631811561143303
-0.31065306323163266
-0.3454848910671915
-0.37058064046076566
-0.34977857260420064
-0.4116141193031506
-0.4851327258306819
-0.2529384373951997
-0.48416883946760425
-0.12133177681964646
-0.5167943660249348
-0.1737620689033601
-0.35799253367061423
-0.2233285375817533
-0.13892792323349837
0.016224837698977757
-0.5641349508185307
-0.007337280338893137
-0.02909870436967399
0.21973371951577755
-0.15146369747838762
-0.3494911445142854
-0.4990548118408822
-0.15438122600769422
0.06309280708932197
-0.2849674219489122
-0.21461697565240945
-0.11621664266603982
-0.16932450459419157
-0.3171903764591435
-0.18571372555229804
-0.2539497400816604
-0.3308527555481251
-0.35212450604725776
-0.4604632455785458
-0.46374941165713945
-0.22599164378231462
-0.21024178442367925
-0.425688061129633
-0.5226585836263733
-0.040983701228536784
-0.10870822550834358
-0.4740587295400418
-0.48966785462748863
-0.47102494241297643
-0.39920063451504273
-0.11938479801494895
-0.3479276251279577
-0.12004746237211483
-0.12925754640533915
-0.3449882398585502
-0.4119716196149672
-0.3023124891821807
-0.4437665758876763
-0.5959437424207206
-0.3992134134228378
-0.5355737178431044
-0.2444495765349004
-0.3063199420932343
-0.46681265959685536
-0.15865279353587347
-0.4018588990623537
-0.12304380593782538
-0.006024593500823627
-0.13974753766537096
0.10051768363783165
0.0009685830677610141
-0.1982118290048489
0.041935996979992396
-0.2419159771655306
-0.10981841518600644
-0.6491369194628058
-0.07537619545481289
-0.03866524907116786
0.021238212589000494
-0.04324709871712806
-0.066685151777921
0.05356073690836416
-0.6120755040173318
-0.505235237382077
-0.4627782360070216
-0.44997435132758845
-0.5885082920749127
-0.18903499785915123
-0.13324792319244771
-0.38380849302215836
-0.34811125367367035
-0.37605666201767995
-0.3153356160595191
0.2062852885818529
-0.17026125179758145
-0.29537782994046813
-0.5175026499494755
-0.2579888796631655
-0.5692845129271995
-0.5990436102023993
-0.6226826203967546
-0.6970280062450698
-0.12769761258607026
-0.2762562936586783
-0.14125244895606714
-0.4116970447393822
-0.07149597992331458
-0.41238928657268614
0.03655647930911421
-0.11560291661311206
-0.012668884477019304
-0.2247959216266726
-0.30197575890025896
-0.30814600063859166
-0.09370329399719202
-0.09098373671350823
-0.3850959838465853
-0.24555859838128669
-0.5783858695764388
-0.4916949570032956
-0.4449053292018035
-0.4920776997727412
-0.6426515794224716
-0.4484321175487782
-0.5736929839869371
-0.30368001370960185
-0.5806549468983904
-0.3217230565621043
-0.2313904085097913
0.23109912045912506
-0.1322702936028568
-0.28471842557230365
-0.7138515721903134
-0.16347965665464637
-0.39412593484441993
-0.4158369877063506
-0.3126085772472682
-0.13809941712549967
-0.008495553547880341
-0.09633612935495695
-0.2445607703118884
-0.34667209474428207
0.21542691815711423
0.010624234064464
-0.5582564571741657
-0.5080593909350997
-0.21299427825973538
-0.46161683180078494
-0.5983395145494457
-0.6208568812653232
-0.6064836592507516
-0.35229704664130157
-0.49663581352550823
-0.6157220016352141
-0.5236842460920546
-0.6384339030031159
-0.4660393616661884
-0.21957941120852453
-0.2760285085314824
0.24612899907698926
0.4827436580727893
0.36307883415575826
-0.2484330615089516
-0.2628310978424482
-0.5626245122939881
-0.4843415239105511
-0.19247525715056923
0.003317639382502069
-0.4495615849819581
-0.4077853128135258
-0.45458220149545037
-0.3637231520395101
-0.2206006623847827
-0.15441880220281878
-0.2350874857140015
-0.19125258869233708
0.0834420374640854
-0.5347280366722953
-0.17221616249805985
-0.5779560214037911
-0.44897961137916864
-0.5499635755443104
-0.14731670314600676
-0.884404180875531
-0.4647819546139256
-0.22774565145936254
-0.6087437150123636
-0.5172995893008827
-0.46628191729973345
-0.45204537211322426
-0.3053089909181099
-0.4024803510207504
-0.43776885982815883
-0.17656119841107953
-0.5663043205030003
-0.6419813129711738
-0.5733005966278255
-0.2929791565892883
-0.2893968483313385
-0.5545651007633312
0.08718850277106749
0.6219264370678361
0.34152185515159816
0.345830924981156
0.2506098503087959
0.809968551117157
0.2763608124193708
0.3422317618137023
0.15704706416614078
-0.6508620787963681
-0.6835109797553494
-0.6365917994729537
-0.6117080178747845
-0.5132252595764828
-0.4950633257431063
-0.4629192468657366
-0.6218478285603015
-0.6037316706219809
-0.6319701577627641
-0.20229493278277744
-0.6661475287900611
-0.3155791425143759
-0.37641892217722406
-0.46927051822362253
-0.589262785760551
-0.6109900359305795
-0.3079796564650983
-0.5308397060042496
-0.20997006566950516
-0.32740477310819305
-0.2640266324459506
-0.6874842503050136
-0.04407119136983262
-0.3145310492949325
-0.5523921240083403
-0.6157373866439619
-0.42037969347775617
-0.04178084497530232
0.8031569017971127
-0.1966253235861397
-0.008007255072622232
-0.20403264414160516
-0.181984527825922
-0.1859751034898145
-0.4142928306827125
-0.2057328579257911
0.03648628908475346
-0.570944139763601
-0.5126129176016501
-0.49221845755048976
-0.4142378868106089
0.05218954905181494
-0.07320289708298944
0.19983690454810143
-0.07500387034538347
-0.10066043830146354
0.27378746422631184
-0.25967863069592534
-0.49844436093680966
-0.2590009663915247
-0.5662100126967129
-0.2318652113135569
-0.12444017466862034
-0.4211866419929624
-0.12230087487215882
-0.2771570582040037
-0.1906023808893318
-0.09502158083195944
-0.5850235846017635
-0.24856653844220356
-0.3051271061045062
-0.592541456838418
-0.559460995284986
-0.3590132869646674
-0.3518502331465929
-0.029572770416562477
-0.4613197253695831
0.34069162158042055
-0.17042401384558725
-0.5297037624641838
-0.6987569538815261
0.25070155632928226
-0.5680899656562444
0.0040782228507190155
0.28532225158322677
-0.44117946227609117
0.11243443384736992
-0.4351836348217448
-0.32119135726514614
-0.060232318437026144
0.4494481879828731
-0.4993961411214718
-0.150036324154319
-0.24784140119931575
-0.5574358369389913
-0.058675632581390635
-0.25552809535622845
-0.1727336063461824
-0.3726943547131869
-0.46135358865113085
-0.39791865462920173
-0.46590832035708063
0.3407683309302578
0.21768339332803266
-0.4216172858767191
-0.38082576947865965
-0.6952349463800269
-0.6765256653376532
-0.7705971152139401
-0.5419401152642327
-0.46506901344501683
-0.4251521046113802
-0.41132570724154327
-0.4651036727235178
-0.46688749277749286
-0.2530591075194035
0.019533886774981024
-0.15941144599874058
-0.26593442689193525
-0.21582228874682263
-0.23380188925969092
-0.16969358403755175
-0.37637762090037574
0.5362283211516297
-0.07402948826298439
-0.34560293978590817
-0.3684030661025126
-0.09573074019537309
-0.18053233458971496
-0.3842935298024286
-0.12337982465241648
-0.40603734466835695
0.8789363149394163
-0.5838330252460087
-0.4211762043178462
0.24814486658641033
0.09738993464645618
-0.551273427553685
-0.513884609305197
-0.6223821079403278
-0.5710773374352893
-0.2105911007239241
-0.7362840852617785
0.19023185278211074
-0.6144975372418902
-0.1626169695500992
-0.10373107878045462
0.1778004103632815
-0.018315532623484065
0.8107917024829867
0.39387253500885344
0.669851949668882
0.3057280703000824
-0.21769656078969704
-0.22728498117927567
-0.48622347713558556
-0.6734798531720938
-0.4023865988351958
0.4610531809250473
-0.10157025231075578
-0.003588239008286226
-0.10288457207544144
0.3743249016338943
0.6356328074928843
0.2794723908377068
-0.4013734989581126
0.18687267534663898
-0.09824156110360649
0.37530916327106056
0.45589293662026487
-0.49376189826471495
0.072092388817516
0.7116574136310685
0.734354928154096
-0.5607170870335763
-0.5640612203509163
-0.42659479566878034
-0.3048548933831001
-0.15477057848237585
-0.5608273910877823
-0.5548533008942793
-0.37611141057574304
0.16546901909289843
-0.5090591359975076
-0.4815208978271759
-0.5862736504193036
-0.5188458281568664
0.6716404614962554
-0.28630598174198085
-0.13651727157066817
0.011160579273276294
-0.05667184207253051
-0.42876935835588315
0.10005959893460914
-0.6502656201066785
-0.3223504937679169
-0.6374274951710106
-0.5718764126483538
0.4160850780157308
-0.29513268744799337
0.04496586266002378
0.2057421694620036
0.3948105769942909
-0.10125385351505448
-0.05779611665138917
0.4631658827687999
0.3987624753357457
0.532990409389503
0.5848410648507649
0.4738099257993824
0.596179057693337
0.9248493495283248
0.805785829418828
0.33734363631995534
-0.013625910127632368
0.1898603516562105
-0.01033222114705648
-0.05356317364724128
-0.04511886741115223
-0.276925792335887
-0.1637743870705997
-0.617125847373039
-0.6968046548550038
-0.304170082518056
-0.35597571330457045
-0.7112137894907171
-0.6333248175233832
-0.19751365630195286
-0.7045949302553947
-0.654005347215326
-0.4228766979257128
-0.028193152997983528
-0.565395905353816
-0.532831912643803
-0.532379235727737
-0.5357389167835573
-0.44831429404922396
-0.5941712542123008
-0.25462145197517705
-0.4451505729271301
0.2302883968607727
0.022818212116564984
-0.5539831068572427
-0.11606599559514952
-0.1584694543762415
-0.6899061107883595
-0.34171180910616417
-0.4814262465753556
-0.695350443629104
-0.1187564525071938
0.08386380228554291
-0.5118540107119887
-0.20023435562426162
-0.63354784253336
-0.1845487434405979
-0.6309686518140634
-0.6918982872439421
-0.6386314909171333
-0.7765684415993226
-0.46432762702756714
-0.5778554377638776
-0.3405196819513123
-0.4179838999187666
-0.5450502491224061
-0.34936260971108135
-0.4424751588426923
-0.534281194749739
-0.37314028579580105
-0.29014002181837695
-0.33876087339967675
-0.5375294365471412
-0.4438951152456445
-0.4758077050366527
-0.29213761734856125
-0.5946855134039941
-0.44356746159742855
-0.4787429522801232
-0.2057986320017089
-0.23180183303523805
-0.28855306980386475
-0.26340540838971815
-0.14909421133537015
-0.12435812724165296
-0.14966097281675506
0.04695966250525707
0.18628091358387255
-0.36791370333467066
0.1673747263820011
0.3657131015039312
-0.18730008124711664
0.617684190780247
-0.03248670292227818
0.7598489633121537
-0.4939443802671102
-0.20431282555514185
-0.4249518726095469
-0.24357833710338994
-0.5723156989144553
0.05684899014170419
-0.20866092191082908
-0.38724516865206526
-0.6050081680066501
-0.3126412624578121
-0.1757610511539465
-0.25322961659634435
-0.10319047951082008
-0.014425204470446262
-0.1300614587269111
-0.37398245400795993
0.07172532621320071
-0.16012926158568463
-0.33485550261572783
-0.559237046384808
-0.180807937864651
-0.5344089561723346
0.12294246494144634
-0.3352328658494632
-0.04931404243123705
0.02325923492798987
-0.007339649291271844
-0.4030464089935264
-0.48197748464794365
-0.533107802267724
-0.46300947189194996
-0.4926860757124434
-0.368650098143259
-0.5319033647563001
0.037089400579259246
-0.30983358735663113
-0.37890133260259606
-0.5475678217581947
-0.7980958121362556
-0.6611664018446022
-0.34340985202926566
-0.14656321129105576
-0.5430569040674995
-0.4254799079864595
0.2007378578482495
-0.36516686740025817
-0.2919970654446693
-0.3634449117865346
-0.10338203762037801
-0.42290206609586156
-0.23666943748292857
-0.056720849863859835
-0.3131212166118704
-0.3340724030988702
0.21184522719300936
-0.5105588642145862
-0.3723636869933187
-0.7722042236854012
-0.5064996979118703
-0.3348176161086682
-0.43324825024154556
-0.2753033276731638
0.021540559240566193
0.26935578117918624
-0.025510420303838766
-0.6623061670080754
-0.04364811023129622
-0.15040201272326437
-0.12019964768092462
-0.12115778924404119
0.3009796842532224
0.21594167230119266
-0.32977350116950954
-0.531321473734101
-0.31433288673147697
-0.34795120861666895
-0.3714280701135939
-0.6463221011698881
-0.5044090008370437
-0.5847813747991855
-0.5831417531698375
-0.4504605972481426
-0.5783901358270911
-0.13126012267021703
-0.28630723149707293
-0.38189922473663573
0.20416393510378694
-0.5221130623464434
-0.4756044106221591
0.15568245215218135
-0.09313798702952591
-0.37907228890192
-0.059695306364773826
-0.47124667439698964
-0.011090759395737226
0.017079307097445318
-0.6143880552392234
-0.5272239221852639
-0.4410686373272594
-0.6562929780180431
-0.5965280684146808
-0.5452252553917551
-0.6848196711450512
-0.41652865019148666
-0.5459726654032631
-0.42499389421377387
0.22869507275752654
-0.6728048797440187
-0.6433464028947142
-0.3728533694168159
-0.3869507699739163
-0.5465976191072559
-0.44835290221767865
-0.36222646259619307
-0.6824839142870531
-0.3928144725020859
-0.5526797725621444
-0.07563660552032303
-0.4407387095252586
-0.469746781552723
-0.3393394943428072
-0.4610979414436138
-0.5857975119087708
-0.44434496702868387
-0.1383801019732589
-0.1383532456247605
0.0028821945628365597
0.25954844867041826
-0.2956338514301069
0.04256761652779728
-0.18218530186428497
-0.36491166432784405
-0.18745366170346278
-0.43420896602116343
-0.2954097310125796
-0.18059363653922622
-0.07500663445834088
-0.3188491858392952
-0.006281717244222218
-0.16057286462008857
-0.05215217092650204
0.2142299818881257
-0.13401252353570348
-0.10582355216207051
0.07086044700365068
-0.025372914997484647
-0.0960838055836373
-0.45583593974062175
-0.27260280218439226
-0.1809796261681882
0.19433252793021683
-0.4178432656105091
-0.28257170469342574
0.5055504525744519
-0.41036671936909164
-0.33954928377585625
-0.3752861876551101
-0.05313881632496864
-0.13549326522460237
-0.3533111790701482
-0.41912436837857614
-0.05742773046794625
0.1463301955694012
-0.38048499331535623
-0.07028559501217457
-0.4389718762615966
-0.09344436986538351
-0.2481648456175967
-0.09696788684681268
0.049853882774812286
0.7036218854020047
-0.7401613546566441
-0.5614964592060567
-0.24159562099531295
-0.42837167341368265
-0.3112725659774922
-0.5623379833410578
-0.10858097502403807
-0.20472852865932945
-0.4740489456268384
0.08813028649087659
0.2605559216992521
-0.54025914298375
-0.7075854362312741
-0.1325844348088756
-0.6832610760849724
-0.6888292306285546
-0.5700305704866948
0.5129613241579727
0.27083708448204313
0.39684646598294426
0.4775896767603798
0.43557893771793466
0.6818690618578924
-0.1613503561691796
-0.07160411436980077
-0.10300709566971533
0.72343628864956
0.5930007107539488
0.39854621399321344
0.36934775134390985
0.2019598251264176
-0.4445550541185366
-0.3337027279322937
-0.34956556427798535
-0.318729618156429
-0.3691997793841042
-0.44048668134294067
-0.3493564220269296
-0.47242033822368557
-0.6340211730389926
-0.08969937872509748
-0.47983313382354176
-0.6438180581107096
-0.6073773108377081
-0.6073285396544583
-0.39309635468046933
-0.14374178963636686
-0.7115787038700412
-0.47334904177776926
0.029341757592230566
-0.47505345048890435
-0.36152106079227453
-0.29400925772822983
-0.5795254551243212
-0.5861938440043617
-0.5853103660126284
0.11587300121114219
0.059745284427880074
-0.5609687919715092
-0.3007416476676168
-0.18157845225639235
-0.22392334396768665
-0.2408354050316932
0.037680801347552695
-0.2803005581816822
0.014671726122568396
-0.3474597234634933
0.03938586917368614
0.003022191235419802
-0.40166382545496715
-0.45288329092944846
-0.500889757625175
-0.015530977081886777
-0.09049470044544683
-0.41354530089805097
-0.30781488476776886
0.03966616211117266
-0.3733337528841467
-0.4697707773030042
-0.567985346901807
-0.2590747710774044
-0.46871152808694516
-0.38153015739392737
0.1483471289516487
0.16324373295591288
-0.135075319301873
-0.33901100653825167
-0.2432863434457242
-0.46118554205152096
-0.10532346890386957
-0.38168223109161525
-0.5227256995816667
-0.004016179107817486
0.004453853158438603
0.03787353834880133
-0.3034261777256968
-0.15234859412531687
-0.0062874497202809465
-0.04933859390217443
-0.608285093976829
-0.039822015535264876
-0.1551834203937743
0.04205224188206788
-0.3786009125088725
-0.15601561523347618
-0.22050785767105108
-0.0797192274492029
-0.2311489508523401
-0.6957159948317977
-0.34781075660743666
-0.5610625037995591
-0.5775494086127462
-0.5762504633173888
-0.4871008288091492
-0.49046400372848264
-0.4185119132413351
-0.5151743543335003
-0.49933159492655466
-0.31983726161719295
-0.6627404658823006
-0.6787497045459361
-0.4853670170165292
0.14732168074123209
-0.18868067187131876
-0.21470312778354672
-0.04848868876425527
-0.5228515928611861
-0.2495944777294805
-0.2222868274224994
-0.6008200086877573
-0.669240280365301
-0.6108757503200151
-0.5679926851254637
-0.4641393045236266
-0.4795465679004143
-0.09548181448073234
-0.11116593526384388
-0.17134012346230465
0.22408516614427376
-0.09285144035113513
0.2006628742826564
0.4740619116186451
-0.6280088560604202
-0.5900888504972341
-0.6737462821512183
-0.4228010492501726
-0.31383116663688293
0.08085586147698609
0.35790176452878675
-0.5279288400712097
-0.5493912778826431
-0.33071409290694387
-0.18066988115969007
-0.13252901933515115
-0.13264162362197052
-0.15093578679662123
-0.1291792684222508
-0.41644923404873113
-0.5035194379885843
-0.40604238575743246
-0.2670393079017863
-0.39005103541181585
-0.576705273193745
-0.3721688795740139
-0.4265637241257758
-0.3636927691075542
-0.5104870600389382
-0.6787214754484041
-0.675389376887269
-0.4489090156697655
-0.3462238549130756
-0.5538794677687564
-0.6827689589574524
-0.36725374842977
0.07938468398953602
-0.4691492133111219
-0.20740130774661525
-0.2763286285800217
-0.23746340336719873
0.11478637462501082
-0.23034566464666864
0.37634209163353605
0.20090722620509305
0.02657446979875311
-0.4781529919308416
-0.48631836939999395
-0.4660788640365441
-0.40519517420057416
-0.43937266920717954
-0.32383392065497585
-0.43150403009754923
0.11217875869091487
0.08986945819452763
-0.10741310723558553
0.003001541654072515
0.8670791904504456
-0.04278433139037066
-0.4272831586999195
-0.45702454874229437
-0.04063716964482625
-0.45741935952905877
-0.45688899770980207
-0.24807731642245834
-0.38481947617220147
-0.44247338560414917
-0.4074157244415648
-0.48826747269438764
-0.5150958981461033
-0.46279890640174637
-0.36832068565285736
-0.3959890622836544
-0.4975381450503842
-0.34121033825410274
-0.774228117382997
-0.4340901976690006
-0.571743708944402
-0.6209650119423724
-0.7137826353811141
-0.4329507347293511
-0.49096993605208494
-0.30039204091808736
-0.46102106047908453
-0.2628132590029528
0.026349439497353577
-0.715574654830708
-0.3436634967556085
-0.4738389904605045
-0.4002923246863128
-0.5215495955607712
-0.39443642558411174
-0.3486583482073109
-0.31822941896756896
-0.3493539430049708
-0.4164307675756356
-0.6186385586201824
-0.28639613831024624
-0.1324367084263116
-0.4872749785817745
-0.44680139077434244
-0.46683209135568626
-0.2949590947173977
-0.4836831433486095
-0.4075209864853713
-0.6179438052807815
-0.4569461569129638
-0.5570157694963775
-0.4843223109814496
-0.5784535513226436
-0.3581305279402489
-0.14573452347702176
-0.527277532314165
0.20857610082378808
-0.17447414228762284
-0.30127829475405643
0.0690796895278338
-0.19426580542624317
-0.14155974475428937
-0.4921041079435935
-0.014690885287740096
-0.2916277344266529
-0.3358218567622884
0.27456195969674235
-0.3027812384363684
-0.2978269668658
-0.12384572700297672
-0.3655898198016998
-0.3643199171938143
-0.33863704551279605
-0.08263355649491833
-0.0621196642491979
0.1155438821473298
-0.5747628533289033
0.26565504769246795
-0.12922361004345273
0.35406248147957897
-0.46512437164027265
-0.2542687433494988
-0.06971582758706751
0.23810217972927417
0.21600048001770222
-0.22887868312148885
-0.5500314841572549
-0.4138687409571675
-0.04905932925947676
0.1189217457357512
-0.3532062580586923
0.03787611665163815
-0.44236539586692913
-0.13846235996801592
0.027267349801084695
-0.24937797959934827
-0.0898611073351232
-0.48842281856103353
-0.4323590948445162
0.2659923935767523
-0.4315337375012591
0.21859318426172147
0.18694206622806875
0.20351149934087687
-0.4663180473108621
0.4167733906875466
0.31397133311099235
0.527514118270304
0.17980124039689516
0.18307547322799378
0.04480832958188327
-0.07891751802931116
0.08455599813670966
0.1481099846353071
-0.19781725828855468
-0.2664931603564753
-0.37170529762311544
-0.26541050300051916
-0.3607403235922577
-0.27710340187320726
-0.46623009964631335
-0.5648809096590268
-0.42566614055196617
-0.12472588517898922
0.1261861744130619
-0.3957245589558047
-0.22547724038176864
-0.6205089999789031
-0.09770102578796402
-0.6833361157936513
-0.4789492565078619
-0.5287343774643518
-0.5290064747492407
-0.3526661108186593
-0.10400637423985049
-0.04249933272747919
-0.2540546585272372
-0.2034475245317069
0.035733066173830846
-0.29925837460907445
-0.32158686805225045
-0.0009487650655162216
-0.21852551680327936
-0.5075606701882207
-0.4993639159705845
-0.16463153666844166
-0.6172289412693868
-0.39005511544674265
-0.6744819006330869
-0.15778849949584184
-0.47823823749371996
-0.07146319677808036
-0.32072606614396326
-0.3171331668515096
-0.4435564293396479
-0.2084491349733919
0.19468759711658978
-0.15813315611804502
-0.26890398504891433
-0.34207892373742643
-0.27962474149270244
-0.25314651716726977
-0.3523119080059707
-0.20297019120696502
-0.5181452997114993
-0.24707934711668011
0.04067548525989095
-0.168955812383623
-0.3777948632768724
-0.37791898261315704
-0.4414730976964041
-0.4463839943687131
-0.7177767054480855
0.22163498881571364
-0.38559213499371037
0.01770459589180093
-0.4520069638984805
-0.40490111188621025
-0.45244048497343714
-0.28337548352542186
-0.3289826013006709
-0.39674195219632047
-0.6980016677851584
-0.3909992852030668
-0.19171906143516892
0.29360262785266933
-0.09291558646634734
-0.06628444168535541
-0.6504415645656336
-0.4235049679323195
0.06876071666513117
0.13787799145722898
0.3230432807354442
-0.03759185337039872
0.01997709471454634
-0.22777971726527735
0.08928049791834614
-0.2279605072630944
0.09307832255862092
-0.20910988741026637
-0.07193298523202452
-0.2689263003875717
-0.74899904474232
-0.33362038422473717
-0.49845108787773285
-0.19402906389329555
-0.49394893835932274
-0.7498374236095304
-0.5938313481088127
0.1893057264990603
-0.04741474992406536
-0.20463661537085365
-0.04316178641056692
-0.22491679118413813
-0.15326672535521224
-0.27590339283110565
-0.4511115882470076
-0.093697037974386
-0.16665752525137667
-0.4360903828593994
-0.3636141398074182
-0.5244718606985104
-0.6528657623187684
-0.7039540312858912
-0.6356410527848544
0.411924543823857
-0.3299572496937473
-0.07763473908304008
-0.5436979075586776
-0.37017677584736397
0.17443841493863332
-0.4847663198828598
0.003669397090054094
-0.046636964468163455
0.07149654707661357
-0.028095502727494948
-0.257568611996172
-0.44934726653734325
-0.5859906629391056
-0.17083974877227504
-0.3981860185216708
-0.16306001232562806
-0.02905264305530464
-0.23409218762573117
-0.613713153696624
-0.2432834279205183
-0.11284498949938593
-0.24561789284082325
-0.3052503410431895
-0.5106658380283164
-0.43878863264882195
-0.6012814432575109
-0.6125271422166634
-0.5770068642890442
-0.5429153574646428
-0.5968914008186674
-0.5173555019760605
-0.4358665542525557
-0.6173937258291557
-0.4366979687323356
-0.5759552421512257
-0.6450505275881655
-0.5103829769283545
-0.5493056994293668
-0.5354105868187191
-0.5321324170878823
0.4875665705991028
-0.5027656251039572
-0.33671506727887457
-0.34749592950839014
-0.6854811606975963
-0.5726983165857731
-0.5804796254964479
-0.5647761458648177
-0.5607696290196005
-0.4880246173954921
-0.6345868516841642
-0.6068593667870412
-0.5710842097420552
-0.39339970616860653
-0.5005776024191628
0.053731095632644
-0.2821291770963761
-0.32779482491422174
-0.557198203774365
-0.04269598232279903
-0.4946237965927316
-0.4178105056735597
-0.22227234339494606
-0.04143130662262795
-0.4032853460896564
-0.09411411355834898
-0.324370473219997
-0.43519329155210285
-0.2510946246836854
-0.2756403839041379
-0.34195838912455834
-0.5188971537245557
-0.4980649369838366
-0.18180148335542023
-0.23594988588777488
0.05643728532906578
-0.7185599126121809
-0.6853491239721659
-0.6364851508224465
-0.6805656479004449
